SLF4J: Class path contains multiple SLF4J bindings.
SLF4J: Found binding in [jar:file:/home/ubuntu/.m2/repository/ch/qos/logback/logback-classic/1.1.3/logback-classic-1.1.3.jar!/org/slf4j/impl/StaticLoggerBinder.class]
SLF4J: Found binding in [jar:file:/home/ubuntu/.m2/repository/org/evosuite/evosuite-master/1.0.4-SNAPSHOT/evosuite-master-1.0.4-SNAPSHOT.jar!/org/slf4j/impl/StaticLoggerBinder.class]
SLF4J: See http://www.slf4j.org/codes.html#multiple_bindings for an explanation.
SLF4J: Actual binding is of type [ch.qos.logback.classic.util.ContextSelectorStaticBinder]
SLF4J: Class path contains multiple SLF4J bindings.
[MASTER] 18:32:18.778 [Thread-3] ERROR ExternalProcessHandler - SLF4J: Class path contains multiple SLF4J bindings.

SLF4J: Found binding in [jar:file:/home/ubuntu/.m2/repository/ch/qos/logback/logback-classic/1.1.3/logback-classic-1.1.3.jar!/org/slf4j/impl/StaticLoggerBinder.class]
[MASTER] 18:32:18.779 [Thread-3] ERROR ExternalProcessHandler - SLF4J: Found binding in [jar:file:/home/ubuntu/.m2/repository/ch/qos/logback/logback-classic/1.1.3/logback-classic-1.1.3.jar!/org/slf4j/impl/StaticLoggerBinder.class]

SLF4J: Found binding in [jar:file:/home/ubuntu/.m2/repository/org/evosuite/evosuite-master/1.0.4-SNAPSHOT/evosuite-master-1.0.4-SNAPSHOT.jar!/org/slf4j/impl/StaticLoggerBinder.class]
[MASTER] 18:32:18.784 [Thread-3] ERROR ExternalProcessHandler - SLF4J: Found binding in [jar:file:/home/ubuntu/.m2/repository/org/evosuite/evosuite-master/1.0.4-SNAPSHOT/evosuite-master-1.0.4-SNAPSHOT.jar!/org/slf4j/impl/StaticLoggerBinder.class]

SLF4J: See http://www.slf4j.org/codes.html#multiple_bindings for an explanation.
[MASTER] 18:32:18.784 [Thread-3] ERROR ExternalProcessHandler - SLF4J: See http://www.slf4j.org/codes.html#multiple_bindings for an explanation.

SLF4J: Actual binding is of type [ch.qos.logback.classic.util.ContextSelectorStaticBinder]
[MASTER] 18:32:28.995 [Thread-3] ERROR ExternalProcessHandler - SLF4J: Actual binding is of type [ch.qos.logback.classic.util.ContextSelectorStaticBinder]

Fri Feb 28 18:33:13 GMT 2020 WARN: Establishing SSL connection without server's identity verification is not recommended. According to MySQL 5.5.45+, 5.6.26+ and 5.7.6+ requirements SSL connection must be established by default if explicit option isn't set. For compliance with existing applications not using SSL the verifyServerCertificate property is set to 'false'. You need either to explicitly disable SSL by setting useSSL=false, or set useSSL=true and provide truststore for server certificate verification.
[MASTER] 18:33:13.697 [Thread-3] ERROR ExternalProcessHandler - Fri Feb 28 18:33:13 GMT 2020 WARN: Establishing SSL connection without server's identity verification is not recommended. According to MySQL 5.5.45+, 5.6.26+ and 5.7.6+ requirements SSL connection must be established by default if explicit option isn't set. For compliance with existing applications not using SSL the verifyServerCertificate property is set to 'false'. You need either to explicitly disable SSL by setting useSSL=false, or set useSSL=true and provide truststore for server certificate verification.

Feb 28, 2020 6:33:17 PM org.openqa.selenium.remote.ProtocolHandshake createSession
[MASTER] 18:33:17.843 [Thread-3] ERROR ExternalProcessHandler - Feb 28, 2020 6:33:17 PM org.openqa.selenium.remote.ProtocolHandshake createSession

INFO: Detected dialect: OSS
[MASTER] 18:33:17.843 [Thread-3] ERROR ExternalProcessHandler - INFO: Detected dialect: OSS

Fri Feb 28 18:40:03 GMT 2020 WARN: Establishing SSL connection without server's identity verification is not recommended. According to MySQL 5.5.45+, 5.6.26+ and 5.7.6+ requirements SSL connection must be established by default if explicit option isn't set. For compliance with existing applications not using SSL the verifyServerCertificate property is set to 'false'. You need either to explicitly disable SSL by setting useSSL=false, or set useSSL=true and provide truststore for server certificate verification.
[MASTER] 18:40:03.464 [Thread-3] ERROR ExternalProcessHandler - Fri Feb 28 18:40:03 GMT 2020 WARN: Establishing SSL connection without server's identity verification is not recommended. According to MySQL 5.5.45+, 5.6.26+ and 5.7.6+ requirements SSL connection must be established by default if explicit option isn't set. For compliance with existing applications not using SSL the verifyServerCertificate property is set to 'false'. You need either to explicitly disable SSL by setting useSSL=false, or set useSSL=true and provide truststore for server certificate verification.

Exception in thread "Thread-3" java.lang.ClassCastException: org.evosuite.testcase.TestChromosome cannot be cast to org.evosuite.testsuite.TestSuiteChromosome
[MASTER] 18:40:06.015 [Thread-3] ERROR ExternalProcessHandler - Exception in thread "Thread-3" java.lang.ClassCastException: org.evosuite.testcase.TestChromosome cannot be cast to org.evosuite.testsuite.TestSuiteChromosome

	at org.evosuite.statistics.SearchStatistics.currentIndividual(SearchStatistics.java:181)
[MASTER] 18:40:06.016 [Thread-3] ERROR ExternalProcessHandler - 	at org.evosuite.statistics.SearchStatistics.currentIndividual(SearchStatistics.java:181)

	at org.evosuite.rmi.service.MasterNodeImpl.evosuite_collectStatistics(MasterNodeImpl.java:166)
[MASTER] 18:40:06.016 [Thread-3] ERROR ExternalProcessHandler - 	at org.evosuite.rmi.service.MasterNodeImpl.evosuite_collectStatistics(MasterNodeImpl.java:166)

	at sun.reflect.NativeMethodAccessorImpl.invoke0(Native Method)
[MASTER] 18:40:06.016 [Thread-3] ERROR ExternalProcessHandler - 	at sun.reflect.NativeMethodAccessorImpl.invoke0(Native Method)

	at sun.reflect.NativeMethodAccessorImpl.invoke(NativeMethodAccessorImpl.java:62)
[MASTER] 18:40:06.016 [Thread-3] ERROR ExternalProcessHandler - 	at sun.reflect.NativeMethodAccessorImpl.invoke(NativeMethodAccessorImpl.java:62)

	at sun.reflect.DelegatingMethodAccessorImpl.invoke(DelegatingMethodAccessorImpl.java:43)
[MASTER] 18:40:06.016 [Thread-3] ERROR ExternalProcessHandler - 	at sun.reflect.DelegatingMethodAccessorImpl.invoke(DelegatingMethodAccessorImpl.java:43)

	at java.lang.reflect.Method.invoke(Method.java:498)
[MASTER] 18:40:06.017 [Thread-3] ERROR ExternalProcessHandler - 	at java.lang.reflect.Method.invoke(Method.java:498)

	at sun.rmi.server.UnicastServerRef.dispatch(UnicastServerRef.java:357)
[MASTER] 18:40:06.017 [Thread-3] ERROR ExternalProcessHandler - 	at sun.rmi.server.UnicastServerRef.dispatch(UnicastServerRef.java:357)

	at sun.rmi.transport.Transport$1.run(Transport.java:200)
[MASTER] 18:40:06.017 [Thread-3] ERROR ExternalProcessHandler - 	at sun.rmi.transport.Transport$1.run(Transport.java:200)

	at sun.rmi.transport.Transport$1.run(Transport.java:197)
[MASTER] 18:40:06.017 [Thread-3] ERROR ExternalProcessHandler - 	at sun.rmi.transport.Transport$1.run(Transport.java:197)

	at java.security.AccessController.doPrivileged(Native Method)
[MASTER] 18:40:06.017 [Thread-3] ERROR ExternalProcessHandler - 	at java.security.AccessController.doPrivileged(Native Method)

	at sun.rmi.transport.Transport.serviceCall(Transport.java:196)
[MASTER] 18:40:06.017 [Thread-3] ERROR ExternalProcessHandler - 	at sun.rmi.transport.Transport.serviceCall(Transport.java:196)

	at sun.rmi.transport.tcp.TCPTransport.handleMessages(TCPTransport.java:573)
[MASTER] 18:40:06.017 [Thread-3] ERROR ExternalProcessHandler - 	at sun.rmi.transport.tcp.TCPTransport.handleMessages(TCPTransport.java:573)

	at sun.rmi.transport.tcp.TCPTransport$ConnectionHandler.run0(TCPTransport.java:834)
[MASTER] 18:40:06.018 [Thread-3] ERROR ExternalProcessHandler - 	at sun.rmi.transport.tcp.TCPTransport$ConnectionHandler.run0(TCPTransport.java:834)

	at sun.rmi.transport.tcp.TCPTransport$ConnectionHandler.lambda$run$0(TCPTransport.java:688)
[MASTER] 18:40:06.018 [Thread-3] ERROR ExternalProcessHandler - 	at sun.rmi.transport.tcp.TCPTransport$ConnectionHandler.lambda$run$0(TCPTransport.java:688)

	at java.security.AccessController.doPrivileged(Native Method)
[MASTER] 18:40:06.018 [Thread-3] ERROR ExternalProcessHandler - 	at java.security.AccessController.doPrivileged(Native Method)

	at sun.rmi.transport.tcp.TCPTransport$ConnectionHandler.run(TCPTransport.java:687)
[MASTER] 18:40:06.018 [Thread-3] ERROR ExternalProcessHandler - 	at sun.rmi.transport.tcp.TCPTransport$ConnectionHandler.run(TCPTransport.java:687)

	at java.util.concurrent.ThreadPoolExecutor.runWorker(ThreadPoolExecutor.java:1149)
[MASTER] 18:40:06.018 [Thread-3] ERROR ExternalProcessHandler - 	at java.util.concurrent.ThreadPoolExecutor.runWorker(ThreadPoolExecutor.java:1149)

	at java.util.concurrent.ThreadPoolExecutor$Worker.run(ThreadPoolExecutor.java:624)
[MASTER] 18:40:06.019 [Thread-3] ERROR ExternalProcessHandler - 	at java.util.concurrent.ThreadPoolExecutor$Worker.run(ThreadPoolExecutor.java:624)

	at java.lang.Thread.run(Thread.java:748)
[MASTER] 18:40:06.019 [Thread-3] ERROR ExternalProcessHandler - 	at java.lang.Thread.run(Thread.java:748)

	at sun.rmi.transport.StreamRemoteCall.exceptionReceivedFromServer(StreamRemoteCall.java:303)
[MASTER] 18:40:06.019 [Thread-3] ERROR ExternalProcessHandler - 	at sun.rmi.transport.StreamRemoteCall.exceptionReceivedFromServer(StreamRemoteCall.java:303)

	at sun.rmi.transport.StreamRemoteCall.executeCall(StreamRemoteCall.java:279)
[MASTER] 18:40:06.019 [Thread-3] ERROR ExternalProcessHandler - 	at sun.rmi.transport.StreamRemoteCall.executeCall(StreamRemoteCall.java:279)

	at sun.rmi.server.UnicastRef.invoke(UnicastRef.java:164)
[MASTER] 18:40:06.019 [Thread-3] ERROR ExternalProcessHandler - 	at sun.rmi.server.UnicastRef.invoke(UnicastRef.java:164)

	at java.rmi.server.RemoteObjectInvocationHandler.invokeRemoteMethod(RemoteObjectInvocationHandler.java:235)
[MASTER] 18:40:06.020 [Thread-3] ERROR ExternalProcessHandler - 	at java.rmi.server.RemoteObjectInvocationHandler.invokeRemoteMethod(RemoteObjectInvocationHandler.java:235)

	at java.rmi.server.RemoteObjectInvocationHandler.invoke(RemoteObjectInvocationHandler.java:180)
[MASTER] 18:40:06.020 [Thread-3] ERROR ExternalProcessHandler - 	at java.rmi.server.RemoteObjectInvocationHandler.invoke(RemoteObjectInvocationHandler.java:180)

	at com.sun.proxy.$Proxy7.evosuite_collectStatistics(Unknown Source)
[MASTER] 18:40:06.020 [Thread-3] ERROR ExternalProcessHandler - 	at com.sun.proxy.$Proxy7.evosuite_collectStatistics(Unknown Source)

	at org.evosuite.rmi.service.ClientNodeImpl.updateStatistics(ClientNodeImpl.java:237)
[MASTER] 18:40:06.020 [Thread-3] ERROR ExternalProcessHandler - 	at org.evosuite.rmi.service.ClientNodeImpl.updateStatistics(ClientNodeImpl.java:237)

	at org.evosuite.statistics.StatisticsSender.sendIndividualToMaster(StatisticsSender.java:75)
[MASTER] 18:40:06.020 [Thread-3] ERROR ExternalProcessHandler - 	at org.evosuite.statistics.StatisticsSender.sendIndividualToMaster(StatisticsSender.java:75)

	at org.evosuite.statistics.StatisticsListener$1.run(StatisticsListener.java:71)
[MASTER] 18:40:06.021 [Thread-3] ERROR ExternalProcessHandler - 	at org.evosuite.statistics.StatisticsListener$1.run(StatisticsListener.java:71)

Fri Feb 28 18:44:27 GMT 2020 WARN: Establishing SSL connection without server's identity verification is not recommended. According to MySQL 5.5.45+, 5.6.26+ and 5.7.6+ requirements SSL connection must be established by default if explicit option isn't set. For compliance with existing applications not using SSL the verifyServerCertificate property is set to 'false'. You need either to explicitly disable SSL by setting useSSL=false, or set useSSL=true and provide truststore for server certificate verification.
[MASTER] 18:44:27.086 [Thread-3] ERROR ExternalProcessHandler - Fri Feb 28 18:44:27 GMT 2020 WARN: Establishing SSL connection without server's identity verification is not recommended. According to MySQL 5.5.45+, 5.6.26+ and 5.7.6+ requirements SSL connection must be established by default if explicit option isn't set. For compliance with existing applications not using SSL the verifyServerCertificate property is set to 'false'. You need either to explicitly disable SSL by setting useSSL=false, or set useSSL=true and provide truststore for server certificate verification.

Fri Feb 28 18:47:16 GMT 2020 WARN: Establishing SSL connection without server's identity verification is not recommended. According to MySQL 5.5.45+, 5.6.26+ and 5.7.6+ requirements SSL connection must be established by default if explicit option isn't set. For compliance with existing applications not using SSL the verifyServerCertificate property is set to 'false'. You need either to explicitly disable SSL by setting useSSL=false, or set useSSL=true and provide truststore for server certificate verification.
[MASTER] 18:47:16.887 [Thread-3] ERROR ExternalProcessHandler - Fri Feb 28 18:47:16 GMT 2020 WARN: Establishing SSL connection without server's identity verification is not recommended. According to MySQL 5.5.45+, 5.6.26+ and 5.7.6+ requirements SSL connection must be established by default if explicit option isn't set. For compliance with existing applications not using SSL the verifyServerCertificate property is set to 'false'. You need either to explicitly disable SSL by setting useSSL=false, or set useSSL=true and provide truststore for server certificate verification.

Feb 28, 2020 6:50:00 PM po_utils.PageObjectLogging logInfo
[MASTER] 18:50:00.884 [Thread-3] ERROR ExternalProcessHandler - Feb 28, 2020 6:50:00 PM po_utils.PageObjectLogging logInfo

INFO: waitForElementThatChangesProperty timeout exception: unable to locate the element By.xpath: //form[@class="pk-panel-teaser uk-form uk-form-stacked" and not(@style="display: none;")]//div[contains(@class, "uk-autocomplete uk-width-1-1")]
[MASTER] 18:50:00.885 [Thread-3] ERROR ExternalProcessHandler - INFO: waitForElementThatChangesProperty timeout exception: unable to locate the element By.xpath: //form[@class="pk-panel-teaser uk-form uk-form-stacked" and not(@style="display: none;")]//div[contains(@class, "uk-autocomplete uk-width-1-1")]


[MASTER] 18:50:00.885 [Thread-3] ERROR ExternalProcessHandler - 


[MASTER] 18:50:00.885 [Thread-3] ERROR ExternalProcessHandler - 

Feb 28, 2020 6:50:02 PM po_utils.PageObjectLogging logInfo
[MASTER] 18:50:02.989 [Thread-3] ERROR ExternalProcessHandler - Feb 28, 2020 6:50:02 PM po_utils.PageObjectLogging logInfo

INFO: waitForElementThatChangesProperty timeout exception: unable to locate the element By.xpath: //form[@class="pk-panel-teaser uk-form uk-form-stacked" and not(@style="display: none;")]//div[contains(@class, "uk-autocomplete uk-width-1-1")]
[MASTER] 18:50:02.989 [Thread-3] ERROR ExternalProcessHandler - INFO: waitForElementThatChangesProperty timeout exception: unable to locate the element By.xpath: //form[@class="pk-panel-teaser uk-form uk-form-stacked" and not(@style="display: none;")]//div[contains(@class, "uk-autocomplete uk-width-1-1")]


[MASTER] 18:50:02.989 [Thread-3] ERROR ExternalProcessHandler - 


[MASTER] 18:50:02.989 [Thread-3] ERROR ExternalProcessHandler - 

Feb 28, 2020 6:50:07 PM po_utils.PageObjectLogging logInfo
[MASTER] 18:50:07.140 [Thread-3] ERROR ExternalProcessHandler - Feb 28, 2020 6:50:07 PM po_utils.PageObjectLogging logInfo

INFO: waitForElementThatChangesProperty timeout exception: unable to locate the element By.xpath: //form[@class="pk-panel-teaser uk-form uk-form-stacked" and not(@style="display: none;")]//div[contains(@class, "uk-autocomplete uk-width-1-1")]
[MASTER] 18:50:07.141 [Thread-3] ERROR ExternalProcessHandler - INFO: waitForElementThatChangesProperty timeout exception: unable to locate the element By.xpath: //form[@class="pk-panel-teaser uk-form uk-form-stacked" and not(@style="display: none;")]//div[contains(@class, "uk-autocomplete uk-width-1-1")]


[MASTER] 18:50:07.141 [Thread-3] ERROR ExternalProcessHandler - 


[MASTER] 18:50:07.141 [Thread-3] ERROR ExternalProcessHandler - 

Fri Feb 28 18:54:13 GMT 2020 WARN: Establishing SSL connection without server's identity verification is not recommended. According to MySQL 5.5.45+, 5.6.26+ and 5.7.6+ requirements SSL connection must be established by default if explicit option isn't set. For compliance with existing applications not using SSL the verifyServerCertificate property is set to 'false'. You need either to explicitly disable SSL by setting useSSL=false, or set useSSL=true and provide truststore for server certificate verification.
[MASTER] 18:54:13.307 [Thread-3] ERROR ExternalProcessHandler - Fri Feb 28 18:54:13 GMT 2020 WARN: Establishing SSL connection without server's identity verification is not recommended. According to MySQL 5.5.45+, 5.6.26+ and 5.7.6+ requirements SSL connection must be established by default if explicit option isn't set. For compliance with existing applications not using SSL the verifyServerCertificate property is set to 'false'. You need either to explicitly disable SSL by setting useSSL=false, or set useSSL=true and provide truststore for server certificate verification.

Feb 28, 2020 6:56:57 PM po_utils.PageObjectLogging logInfo
[MASTER] 18:56:57.939 [Thread-3] ERROR ExternalProcessHandler - Feb 28, 2020 6:56:57 PM po_utils.PageObjectLogging logInfo

INFO: waitForElementThatChangesProperty timeout exception: unable to locate the element By.xpath: //form[@class="pk-panel-teaser uk-form uk-form-stacked" and not(@style="display: none;")]//div[contains(@class, "uk-autocomplete uk-width-1-1")]
[MASTER] 18:56:57.940 [Thread-3] ERROR ExternalProcessHandler - INFO: waitForElementThatChangesProperty timeout exception: unable to locate the element By.xpath: //form[@class="pk-panel-teaser uk-form uk-form-stacked" and not(@style="display: none;")]//div[contains(@class, "uk-autocomplete uk-width-1-1")]


[MASTER] 18:56:57.940 [Thread-3] ERROR ExternalProcessHandler - 


[MASTER] 18:56:57.940 [Thread-3] ERROR ExternalProcessHandler - 

Feb 28, 2020 6:57:00 PM po_utils.PageObjectLogging logInfo
[MASTER] 18:57:00.068 [Thread-3] ERROR ExternalProcessHandler - Feb 28, 2020 6:57:00 PM po_utils.PageObjectLogging logInfo

INFO: waitForElementThatChangesProperty timeout exception: unable to locate the element By.xpath: //form[@class="pk-panel-teaser uk-form uk-form-stacked" and not(@style="display: none;")]//div[contains(@class, "uk-autocomplete uk-width-1-1")]
[MASTER] 18:57:00.069 [Thread-3] ERROR ExternalProcessHandler - INFO: waitForElementThatChangesProperty timeout exception: unable to locate the element By.xpath: //form[@class="pk-panel-teaser uk-form uk-form-stacked" and not(@style="display: none;")]//div[contains(@class, "uk-autocomplete uk-width-1-1")]


[MASTER] 18:57:00.069 [Thread-3] ERROR ExternalProcessHandler - 


[MASTER] 18:57:00.069 [Thread-3] ERROR ExternalProcessHandler - 

Feb 28, 2020 6:57:04 PM po_utils.PageObjectLogging logInfo
[MASTER] 18:57:04.170 [Thread-3] ERROR ExternalProcessHandler - Feb 28, 2020 6:57:04 PM po_utils.PageObjectLogging logInfo

INFO: waitForElementThatChangesProperty timeout exception: unable to locate the element By.xpath: //form[@class="pk-panel-teaser uk-form uk-form-stacked" and not(@style="display: none;")]//div[contains(@class, "uk-autocomplete uk-width-1-1")]
[MASTER] 18:57:04.171 [Thread-3] ERROR ExternalProcessHandler - INFO: waitForElementThatChangesProperty timeout exception: unable to locate the element By.xpath: //form[@class="pk-panel-teaser uk-form uk-form-stacked" and not(@style="display: none;")]//div[contains(@class, "uk-autocomplete uk-width-1-1")]


[MASTER] 18:57:04.171 [Thread-3] ERROR ExternalProcessHandler - 


[MASTER] 18:57:04.171 [Thread-3] ERROR ExternalProcessHandler - 

Fri Feb 28 19:01:15 GMT 2020 WARN: Establishing SSL connection without server's identity verification is not recommended. According to MySQL 5.5.45+, 5.6.26+ and 5.7.6+ requirements SSL connection must be established by default if explicit option isn't set. For compliance with existing applications not using SSL the verifyServerCertificate property is set to 'false'. You need either to explicitly disable SSL by setting useSSL=false, or set useSSL=true and provide truststore for server certificate verification.
[MASTER] 19:01:15.763 [Thread-3] ERROR ExternalProcessHandler - Fri Feb 28 19:01:15 GMT 2020 WARN: Establishing SSL connection without server's identity verification is not recommended. According to MySQL 5.5.45+, 5.6.26+ and 5.7.6+ requirements SSL connection must be established by default if explicit option isn't set. For compliance with existing applications not using SSL the verifyServerCertificate property is set to 'false'. You need either to explicitly disable SSL by setting useSSL=false, or set useSSL=true and provide truststore for server certificate verification.

Feb 28, 2020 7:04:00 PM po_utils.PageObjectLogging logInfo
[MASTER] 19:04:00.920 [Thread-3] ERROR ExternalProcessHandler - Feb 28, 2020 7:04:00 PM po_utils.PageObjectLogging logInfo

INFO: waitForElementThatChangesProperty timeout exception: unable to locate the element By.xpath: //form[@class="pk-panel-teaser uk-form uk-form-stacked" and not(@style="display: none;")]//div[contains(@class, "uk-autocomplete uk-width-1-1")]
[MASTER] 19:04:00.921 [Thread-3] ERROR ExternalProcessHandler - INFO: waitForElementThatChangesProperty timeout exception: unable to locate the element By.xpath: //form[@class="pk-panel-teaser uk-form uk-form-stacked" and not(@style="display: none;")]//div[contains(@class, "uk-autocomplete uk-width-1-1")]


[MASTER] 19:04:00.921 [Thread-3] ERROR ExternalProcessHandler - 


[MASTER] 19:04:00.921 [Thread-3] ERROR ExternalProcessHandler - 

Feb 28, 2020 7:04:03 PM po_utils.PageObjectLogging logInfo
[MASTER] 19:04:03.041 [Thread-3] ERROR ExternalProcessHandler - Feb 28, 2020 7:04:03 PM po_utils.PageObjectLogging logInfo

INFO: waitForElementThatChangesProperty timeout exception: unable to locate the element By.xpath: //form[@class="pk-panel-teaser uk-form uk-form-stacked" and not(@style="display: none;")]//div[contains(@class, "uk-autocomplete uk-width-1-1")]
[MASTER] 19:04:03.042 [Thread-3] ERROR ExternalProcessHandler - INFO: waitForElementThatChangesProperty timeout exception: unable to locate the element By.xpath: //form[@class="pk-panel-teaser uk-form uk-form-stacked" and not(@style="display: none;")]//div[contains(@class, "uk-autocomplete uk-width-1-1")]


[MASTER] 19:04:03.042 [Thread-3] ERROR ExternalProcessHandler - 


[MASTER] 19:04:03.042 [Thread-3] ERROR ExternalProcessHandler - 

Feb 28, 2020 7:04:07 PM po_utils.PageObjectLogging logInfo
[MASTER] 19:04:07.196 [Thread-3] ERROR ExternalProcessHandler - Feb 28, 2020 7:04:07 PM po_utils.PageObjectLogging logInfo

INFO: waitForElementThatChangesProperty timeout exception: unable to locate the element By.xpath: //form[@class="pk-panel-teaser uk-form uk-form-stacked" and not(@style="display: none;")]//div[contains(@class, "uk-autocomplete uk-width-1-1")]
[MASTER] 19:04:07.198 [Thread-3] ERROR ExternalProcessHandler - INFO: waitForElementThatChangesProperty timeout exception: unable to locate the element By.xpath: //form[@class="pk-panel-teaser uk-form uk-form-stacked" and not(@style="display: none;")]//div[contains(@class, "uk-autocomplete uk-width-1-1")]


[MASTER] 19:04:07.198 [Thread-3] ERROR ExternalProcessHandler - 


[MASTER] 19:04:07.198 [Thread-3] ERROR ExternalProcessHandler - 

Fri Feb 28 19:08:23 GMT 2020 WARN: Establishing SSL connection without server's identity verification is not recommended. According to MySQL 5.5.45+, 5.6.26+ and 5.7.6+ requirements SSL connection must be established by default if explicit option isn't set. For compliance with existing applications not using SSL the verifyServerCertificate property is set to 'false'. You need either to explicitly disable SSL by setting useSSL=false, or set useSSL=true and provide truststore for server certificate verification.
[MASTER] 19:08:23.130 [Thread-3] ERROR ExternalProcessHandler - Fri Feb 28 19:08:23 GMT 2020 WARN: Establishing SSL connection without server's identity verification is not recommended. According to MySQL 5.5.45+, 5.6.26+ and 5.7.6+ requirements SSL connection must be established by default if explicit option isn't set. For compliance with existing applications not using SSL the verifyServerCertificate property is set to 'false'. You need either to explicitly disable SSL by setting useSSL=false, or set useSSL=true and provide truststore for server certificate verification.

Feb 28, 2020 7:11:08 PM po_utils.PageObjectLogging logInfo
[MASTER] 19:11:08.873 [Thread-3] ERROR ExternalProcessHandler - Feb 28, 2020 7:11:08 PM po_utils.PageObjectLogging logInfo

INFO: waitForElementThatChangesProperty timeout exception: unable to locate the element By.xpath: //form[@class="pk-panel-teaser uk-form uk-form-stacked" and not(@style="display: none;")]//div[contains(@class, "uk-autocomplete uk-width-1-1")]
[MASTER] 19:11:08.874 [Thread-3] ERROR ExternalProcessHandler - INFO: waitForElementThatChangesProperty timeout exception: unable to locate the element By.xpath: //form[@class="pk-panel-teaser uk-form uk-form-stacked" and not(@style="display: none;")]//div[contains(@class, "uk-autocomplete uk-width-1-1")]


[MASTER] 19:11:08.874 [Thread-3] ERROR ExternalProcessHandler - 


[MASTER] 19:11:08.874 [Thread-3] ERROR ExternalProcessHandler - 

Feb 28, 2020 7:11:10 PM po_utils.PageObjectLogging logInfo
[MASTER] 19:11:10.991 [Thread-3] ERROR ExternalProcessHandler - Feb 28, 2020 7:11:10 PM po_utils.PageObjectLogging logInfo

INFO: waitForElementThatChangesProperty timeout exception: unable to locate the element By.xpath: //form[@class="pk-panel-teaser uk-form uk-form-stacked" and not(@style="display: none;")]//div[contains(@class, "uk-autocomplete uk-width-1-1")]
[MASTER] 19:11:10.992 [Thread-3] ERROR ExternalProcessHandler - INFO: waitForElementThatChangesProperty timeout exception: unable to locate the element By.xpath: //form[@class="pk-panel-teaser uk-form uk-form-stacked" and not(@style="display: none;")]//div[contains(@class, "uk-autocomplete uk-width-1-1")]


[MASTER] 19:11:10.992 [Thread-3] ERROR ExternalProcessHandler - 


[MASTER] 19:11:10.992 [Thread-3] ERROR ExternalProcessHandler - 

Feb 28, 2020 7:11:15 PM po_utils.PageObjectLogging logInfo
[MASTER] 19:11:15.087 [Thread-3] ERROR ExternalProcessHandler - Feb 28, 2020 7:11:15 PM po_utils.PageObjectLogging logInfo

INFO: waitForElementThatChangesProperty timeout exception: unable to locate the element By.xpath: //form[@class="pk-panel-teaser uk-form uk-form-stacked" and not(@style="display: none;")]//div[contains(@class, "uk-autocomplete uk-width-1-1")]
[MASTER] 19:11:15.088 [Thread-3] ERROR ExternalProcessHandler - INFO: waitForElementThatChangesProperty timeout exception: unable to locate the element By.xpath: //form[@class="pk-panel-teaser uk-form uk-form-stacked" and not(@style="display: none;")]//div[contains(@class, "uk-autocomplete uk-width-1-1")]


[MASTER] 19:11:15.088 [Thread-3] ERROR ExternalProcessHandler - 


[MASTER] 19:11:15.088 [Thread-3] ERROR ExternalProcessHandler - 

[MASTER] 19:15:37.606 [logback-2] ERROR TestCaseExecutor - TG: Exception caught: 
java.lang.IllegalStateException: Test generation failed: page object bug.
	at org.evosuite.testcase.execution.TestCaseExecutor.runTest(TestCaseExecutor.java:320) ~[evosuite-client-1.0.4-SNAPSHOT.jar:na]
	at org.evosuite.testcase.TestFitnessFunction.runTest(TestFitnessFunction.java:91) [evosuite-client-1.0.4-SNAPSHOT.jar:na]
	at org.evosuite.testcase.TestFitnessFunction.getFitness(TestFitnessFunction.java:60) [evosuite-client-1.0.4-SNAPSHOT.jar:na]
	at org.evosuite.testcase.TestFitnessFunction.getFitness(TestFitnessFunction.java:34) [evosuite-client-1.0.4-SNAPSHOT.jar:na]
	at org.evosuite.ga.metaheuristics.art.AdaptiveRandomSearch.calculateFitness(AdaptiveRandomSearch.java:312) [evosuite-client-1.0.4-SNAPSHOT.jar:na]
	at org.evosuite.ga.metaheuristics.art.AdaptiveRandomSearch.evolve(AdaptiveRandomSearch.java:139) [evosuite-client-1.0.4-SNAPSHOT.jar:na]
	at org.evosuite.ga.metaheuristics.art.AdaptiveRandomSearch.generateSolution(AdaptiveRandomSearch.java:270) [evosuite-client-1.0.4-SNAPSHOT.jar:na]
	at org.evosuite.strategy.AdaptiveRandomTestStrategy.generateTests(AdaptiveRandomTestStrategy.java:118) [evosuite-client-1.0.4-SNAPSHOT.jar:na]
	at org.evosuite.TestSuiteGenerator.generateTests(TestSuiteGenerator.java:654) [evosuite-client-1.0.4-SNAPSHOT.jar:na]
	at org.evosuite.TestSuiteGenerator.generateTestSuite(TestSuiteGenerator.java:213) [evosuite-client-1.0.4-SNAPSHOT.jar:na]
	at org.evosuite.rmi.service.ClientNodeImpl$1.run(ClientNodeImpl.java:145) [evosuite-client-1.0.4-SNAPSHOT.jar:na]
	at java.util.concurrent.Executors$RunnableAdapter.call(Executors.java:511) [na:1.8.0_242]
	at java.util.concurrent.FutureTask.run(FutureTask.java:266) [na:1.8.0_242]
	at java.util.concurrent.ThreadPoolExecutor.runWorker(ThreadPoolExecutor.java:1149) [na:1.8.0_242]
	at java.util.concurrent.ThreadPoolExecutor$Worker.run(ThreadPoolExecutor.java:624) [na:1.8.0_242]
	at java.lang.Thread.run(Thread.java:748) [na:1.8.0_242]
[MASTER] 19:15:37.606 [logback-2] ERROR ClientNodeImpl - Error when generating tests for: main.ClassUnderTest with seed 1582914769127. Configuration id : null
java.lang.Error: java.lang.IllegalStateException: Test generation failed: page object bug.
	at org.evosuite.testcase.execution.TestCaseExecutor.runTest(TestCaseExecutor.java:336) ~[evosuite-client-1.0.4-SNAPSHOT.jar:na]
	at org.evosuite.testcase.TestFitnessFunction.runTest(TestFitnessFunction.java:91) ~[evosuite-client-1.0.4-SNAPSHOT.jar:na]
	at org.evosuite.testcase.TestFitnessFunction.getFitness(TestFitnessFunction.java:60) ~[evosuite-client-1.0.4-SNAPSHOT.jar:na]
	at org.evosuite.testcase.TestFitnessFunction.getFitness(TestFitnessFunction.java:34) ~[evosuite-client-1.0.4-SNAPSHOT.jar:na]
	at org.evosuite.ga.metaheuristics.art.AdaptiveRandomSearch.calculateFitness(AdaptiveRandomSearch.java:312) ~[evosuite-client-1.0.4-SNAPSHOT.jar:na]
	at org.evosuite.ga.metaheuristics.art.AdaptiveRandomSearch.evolve(AdaptiveRandomSearch.java:139) ~[evosuite-client-1.0.4-SNAPSHOT.jar:na]
	at org.evosuite.ga.metaheuristics.art.AdaptiveRandomSearch.generateSolution(AdaptiveRandomSearch.java:270) ~[evosuite-client-1.0.4-SNAPSHOT.jar:na]
	at org.evosuite.strategy.AdaptiveRandomTestStrategy.generateTests(AdaptiveRandomTestStrategy.java:118) ~[evosuite-client-1.0.4-SNAPSHOT.jar:na]
	at org.evosuite.TestSuiteGenerator.generateTests(TestSuiteGenerator.java:654) ~[evosuite-client-1.0.4-SNAPSHOT.jar:na]
	at org.evosuite.TestSuiteGenerator.generateTestSuite(TestSuiteGenerator.java:213) ~[evosuite-client-1.0.4-SNAPSHOT.jar:na]
	at org.evosuite.rmi.service.ClientNodeImpl$1.run(ClientNodeImpl.java:145) ~[evosuite-client-1.0.4-SNAPSHOT.jar:na]
	at java.util.concurrent.Executors$RunnableAdapter.call(Executors.java:511) [na:1.8.0_242]
	at java.util.concurrent.FutureTask.run(FutureTask.java:266) [na:1.8.0_242]
	at java.util.concurrent.ThreadPoolExecutor.runWorker(ThreadPoolExecutor.java:1149) [na:1.8.0_242]
	at java.util.concurrent.ThreadPoolExecutor$Worker.run(ThreadPoolExecutor.java:624) [na:1.8.0_242]
	at java.lang.Thread.run(Thread.java:748) [na:1.8.0_242]
Caused by: java.lang.IllegalStateException: Test generation failed: page object bug.
	at org.evosuite.testcase.execution.TestCaseExecutor.runTest(TestCaseExecutor.java:320) ~[evosuite-client-1.0.4-SNAPSHOT.jar:na]
	... 15 common frames omitted
[MASTER] 19:15:37.723 [main] ERROR SearchStatistics - No statistics has been saved because EvoSuite failed to generate any test case
[MASTER] 19:15:37.826 [main] ERROR TestGeneration - failed to write statistics data
