SLF4J: Class path contains multiple SLF4J bindings.
SLF4J: Found binding in [jar:file:/home/ubuntu/.m2/repository/ch/qos/logback/logback-classic/1.1.3/logback-classic-1.1.3.jar!/org/slf4j/impl/StaticLoggerBinder.class]
SLF4J: Found binding in [jar:file:/home/ubuntu/.m2/repository/org/evosuite/evosuite-master/1.0.4-SNAPSHOT/evosuite-master-1.0.4-SNAPSHOT.jar!/org/slf4j/impl/StaticLoggerBinder.class]
SLF4J: See http://www.slf4j.org/codes.html#multiple_bindings for an explanation.
SLF4J: Actual binding is of type [ch.qos.logback.classic.util.ContextSelectorStaticBinder]
SLF4J: Class path contains multiple SLF4J bindings.
[MASTER] 04:41:51.460 [Thread-3] ERROR ExternalProcessHandler - SLF4J: Class path contains multiple SLF4J bindings.

SLF4J: Found binding in [jar:file:/home/ubuntu/.m2/repository/ch/qos/logback/logback-classic/1.1.3/logback-classic-1.1.3.jar!/org/slf4j/impl/StaticLoggerBinder.class]
[MASTER] 04:41:51.462 [Thread-3] ERROR ExternalProcessHandler - SLF4J: Found binding in [jar:file:/home/ubuntu/.m2/repository/ch/qos/logback/logback-classic/1.1.3/logback-classic-1.1.3.jar!/org/slf4j/impl/StaticLoggerBinder.class]

SLF4J: Found binding in [jar:file:/home/ubuntu/.m2/repository/org/evosuite/evosuite-master/1.0.4-SNAPSHOT/evosuite-master-1.0.4-SNAPSHOT.jar!/org/slf4j/impl/StaticLoggerBinder.class]
[MASTER] 04:41:51.467 [Thread-3] ERROR ExternalProcessHandler - SLF4J: Found binding in [jar:file:/home/ubuntu/.m2/repository/org/evosuite/evosuite-master/1.0.4-SNAPSHOT/evosuite-master-1.0.4-SNAPSHOT.jar!/org/slf4j/impl/StaticLoggerBinder.class]

SLF4J: See http://www.slf4j.org/codes.html#multiple_bindings for an explanation.
[MASTER] 04:41:51.467 [Thread-3] ERROR ExternalProcessHandler - SLF4J: See http://www.slf4j.org/codes.html#multiple_bindings for an explanation.

SLF4J: Actual binding is of type [ch.qos.logback.classic.util.ContextSelectorStaticBinder]
[MASTER] 04:42:06.715 [Thread-3] ERROR ExternalProcessHandler - SLF4J: Actual binding is of type [ch.qos.logback.classic.util.ContextSelectorStaticBinder]

Sat Feb 29 04:42:55 GMT 2020 WARN: Establishing SSL connection without server's identity verification is not recommended. According to MySQL 5.5.45+, 5.6.26+ and 5.7.6+ requirements SSL connection must be established by default if explicit option isn't set. For compliance with existing applications not using SSL the verifyServerCertificate property is set to 'false'. You need either to explicitly disable SSL by setting useSSL=false, or set useSSL=true and provide truststore for server certificate verification.
[MASTER] 04:42:55.623 [Thread-3] ERROR ExternalProcessHandler - Sat Feb 29 04:42:55 GMT 2020 WARN: Establishing SSL connection without server's identity verification is not recommended. According to MySQL 5.5.45+, 5.6.26+ and 5.7.6+ requirements SSL connection must be established by default if explicit option isn't set. For compliance with existing applications not using SSL the verifyServerCertificate property is set to 'false'. You need either to explicitly disable SSL by setting useSSL=false, or set useSSL=true and provide truststore for server certificate verification.

Feb 29, 2020 4:42:58 AM org.openqa.selenium.remote.ProtocolHandshake createSession
[MASTER] 04:42:58.107 [Thread-3] ERROR ExternalProcessHandler - Feb 29, 2020 4:42:58 AM org.openqa.selenium.remote.ProtocolHandshake createSession

INFO: Detected dialect: OSS
[MASTER] 04:42:58.107 [Thread-3] ERROR ExternalProcessHandler - INFO: Detected dialect: OSS

Sat Feb 29 04:43:00 GMT 2020 WARN: Establishing SSL connection without server's identity verification is not recommended. According to MySQL 5.5.45+, 5.6.26+ and 5.7.6+ requirements SSL connection must be established by default if explicit option isn't set. For compliance with existing applications not using SSL the verifyServerCertificate property is set to 'false'. You need either to explicitly disable SSL by setting useSSL=false, or set useSSL=true and provide truststore for server certificate verification.
[MASTER] 04:43:00.997 [Thread-3] ERROR ExternalProcessHandler - Sat Feb 29 04:43:00 GMT 2020 WARN: Establishing SSL connection without server's identity verification is not recommended. According to MySQL 5.5.45+, 5.6.26+ and 5.7.6+ requirements SSL connection must be established by default if explicit option isn't set. For compliance with existing applications not using SSL the verifyServerCertificate property is set to 'false'. You need either to explicitly disable SSL by setting useSSL=false, or set useSSL=true and provide truststore for server certificate verification.

Exception in thread "Thread-3" java.lang.ClassCastException: org.evosuite.testcase.TestChromosome cannot be cast to org.evosuite.testsuite.TestSuiteChromosome
[MASTER] 04:43:01.743 [Thread-3] ERROR ExternalProcessHandler - Exception in thread "Thread-3" java.lang.ClassCastException: org.evosuite.testcase.TestChromosome cannot be cast to org.evosuite.testsuite.TestSuiteChromosome

	at org.evosuite.statistics.SearchStatistics.currentIndividual(SearchStatistics.java:181)
[MASTER] 04:43:01.744 [Thread-3] ERROR ExternalProcessHandler - 	at org.evosuite.statistics.SearchStatistics.currentIndividual(SearchStatistics.java:181)

	at org.evosuite.rmi.service.MasterNodeImpl.evosuite_collectStatistics(MasterNodeImpl.java:166)
[MASTER] 04:43:01.744 [Thread-3] ERROR ExternalProcessHandler - 	at org.evosuite.rmi.service.MasterNodeImpl.evosuite_collectStatistics(MasterNodeImpl.java:166)

	at sun.reflect.NativeMethodAccessorImpl.invoke0(Native Method)
[MASTER] 04:43:01.744 [Thread-3] ERROR ExternalProcessHandler - 	at sun.reflect.NativeMethodAccessorImpl.invoke0(Native Method)

	at sun.reflect.NativeMethodAccessorImpl.invoke(NativeMethodAccessorImpl.java:62)
[MASTER] 04:43:01.744 [Thread-3] ERROR ExternalProcessHandler - 	at sun.reflect.NativeMethodAccessorImpl.invoke(NativeMethodAccessorImpl.java:62)

	at sun.reflect.DelegatingMethodAccessorImpl.invoke(DelegatingMethodAccessorImpl.java:43)
[MASTER] 04:43:01.744 [Thread-3] ERROR ExternalProcessHandler - 	at sun.reflect.DelegatingMethodAccessorImpl.invoke(DelegatingMethodAccessorImpl.java:43)

	at java.lang.reflect.Method.invoke(Method.java:498)
[MASTER] 04:43:01.745 [Thread-3] ERROR ExternalProcessHandler - 	at java.lang.reflect.Method.invoke(Method.java:498)

	at sun.rmi.server.UnicastServerRef.dispatch(UnicastServerRef.java:357)
[MASTER] 04:43:01.745 [Thread-3] ERROR ExternalProcessHandler - 	at sun.rmi.server.UnicastServerRef.dispatch(UnicastServerRef.java:357)

	at sun.rmi.transport.Transport$1.run(Transport.java:200)
[MASTER] 04:43:01.745 [Thread-3] ERROR ExternalProcessHandler - 	at sun.rmi.transport.Transport$1.run(Transport.java:200)

	at sun.rmi.transport.Transport$1.run(Transport.java:197)
[MASTER] 04:43:01.745 [Thread-3] ERROR ExternalProcessHandler - 	at sun.rmi.transport.Transport$1.run(Transport.java:197)

	at java.security.AccessController.doPrivileged(Native Method)
[MASTER] 04:43:01.745 [Thread-3] ERROR ExternalProcessHandler - 	at java.security.AccessController.doPrivileged(Native Method)

	at sun.rmi.transport.Transport.serviceCall(Transport.java:196)
[MASTER] 04:43:01.745 [Thread-3] ERROR ExternalProcessHandler - 	at sun.rmi.transport.Transport.serviceCall(Transport.java:196)

	at sun.rmi.transport.tcp.TCPTransport.handleMessages(TCPTransport.java:573)
[MASTER] 04:43:01.745 [Thread-3] ERROR ExternalProcessHandler - 	at sun.rmi.transport.tcp.TCPTransport.handleMessages(TCPTransport.java:573)

	at sun.rmi.transport.tcp.TCPTransport$ConnectionHandler.run0(TCPTransport.java:834)
[MASTER] 04:43:01.745 [Thread-3] ERROR ExternalProcessHandler - 	at sun.rmi.transport.tcp.TCPTransport$ConnectionHandler.run0(TCPTransport.java:834)

	at sun.rmi.transport.tcp.TCPTransport$ConnectionHandler.lambda$run$0(TCPTransport.java:688)
[MASTER] 04:43:01.746 [Thread-3] ERROR ExternalProcessHandler - 	at sun.rmi.transport.tcp.TCPTransport$ConnectionHandler.lambda$run$0(TCPTransport.java:688)

	at java.security.AccessController.doPrivileged(Native Method)
[MASTER] 04:43:01.746 [Thread-3] ERROR ExternalProcessHandler - 	at java.security.AccessController.doPrivileged(Native Method)

	at sun.rmi.transport.tcp.TCPTransport$ConnectionHandler.run(TCPTransport.java:687)
[MASTER] 04:43:01.748 [Thread-3] ERROR ExternalProcessHandler - 	at sun.rmi.transport.tcp.TCPTransport$ConnectionHandler.run(TCPTransport.java:687)

	at java.util.concurrent.ThreadPoolExecutor.runWorker(ThreadPoolExecutor.java:1149)
[MASTER] 04:43:01.748 [Thread-3] ERROR ExternalProcessHandler - 	at java.util.concurrent.ThreadPoolExecutor.runWorker(ThreadPoolExecutor.java:1149)

	at java.util.concurrent.ThreadPoolExecutor$Worker.run(ThreadPoolExecutor.java:624)
[MASTER] 04:43:01.748 [Thread-3] ERROR ExternalProcessHandler - 	at java.util.concurrent.ThreadPoolExecutor$Worker.run(ThreadPoolExecutor.java:624)

	at java.lang.Thread.run(Thread.java:748)
[MASTER] 04:43:01.748 [Thread-3] ERROR ExternalProcessHandler - 	at java.lang.Thread.run(Thread.java:748)

	at sun.rmi.transport.StreamRemoteCall.exceptionReceivedFromServer(StreamRemoteCall.java:303)
[MASTER] 04:43:01.748 [Thread-3] ERROR ExternalProcessHandler - 	at sun.rmi.transport.StreamRemoteCall.exceptionReceivedFromServer(StreamRemoteCall.java:303)

	at sun.rmi.transport.StreamRemoteCall.executeCall(StreamRemoteCall.java:279)
[MASTER] 04:43:01.749 [Thread-3] ERROR ExternalProcessHandler - 	at sun.rmi.transport.StreamRemoteCall.executeCall(StreamRemoteCall.java:279)

	at sun.rmi.server.UnicastRef.invoke(UnicastRef.java:164)
[MASTER] 04:43:01.749 [Thread-3] ERROR ExternalProcessHandler - 	at sun.rmi.server.UnicastRef.invoke(UnicastRef.java:164)

	at java.rmi.server.RemoteObjectInvocationHandler.invokeRemoteMethod(RemoteObjectInvocationHandler.java:235)
[MASTER] 04:43:01.749 [Thread-3] ERROR ExternalProcessHandler - 	at java.rmi.server.RemoteObjectInvocationHandler.invokeRemoteMethod(RemoteObjectInvocationHandler.java:235)

	at java.rmi.server.RemoteObjectInvocationHandler.invoke(RemoteObjectInvocationHandler.java:180)
[MASTER] 04:43:01.749 [Thread-3] ERROR ExternalProcessHandler - 	at java.rmi.server.RemoteObjectInvocationHandler.invoke(RemoteObjectInvocationHandler.java:180)

	at com.sun.proxy.$Proxy7.evosuite_collectStatistics(Unknown Source)
[MASTER] 04:43:01.749 [Thread-3] ERROR ExternalProcessHandler - 	at com.sun.proxy.$Proxy7.evosuite_collectStatistics(Unknown Source)

	at org.evosuite.rmi.service.ClientNodeImpl.updateStatistics(ClientNodeImpl.java:237)
[MASTER] 04:43:01.749 [Thread-3] ERROR ExternalProcessHandler - 	at org.evosuite.rmi.service.ClientNodeImpl.updateStatistics(ClientNodeImpl.java:237)

	at org.evosuite.statistics.StatisticsSender.sendIndividualToMaster(StatisticsSender.java:75)
[MASTER] 04:43:01.750 [Thread-3] ERROR ExternalProcessHandler - 	at org.evosuite.statistics.StatisticsSender.sendIndividualToMaster(StatisticsSender.java:75)

	at org.evosuite.statistics.StatisticsListener$1.run(StatisticsListener.java:71)
[MASTER] 04:43:01.750 [Thread-3] ERROR ExternalProcessHandler - 	at org.evosuite.statistics.StatisticsListener$1.run(StatisticsListener.java:71)

Feb 29, 2020 4:43:32 AM po_utils.PageObjectLogging logInfo
[MASTER] 04:43:32.871 [Thread-3] ERROR ExternalProcessHandler - Feb 29, 2020 4:43:32 AM po_utils.PageObjectLogging logInfo

INFO: waitForElementThatChangesProperty timeout exception: unable to locate the element By.xpath: //form[@class="pk-panel-teaser uk-form uk-form-stacked" and not(@style="display: none;")]//div[contains(@class, "uk-autocomplete uk-width-1-1")]
[MASTER] 04:43:32.871 [Thread-3] ERROR ExternalProcessHandler - INFO: waitForElementThatChangesProperty timeout exception: unable to locate the element By.xpath: //form[@class="pk-panel-teaser uk-form uk-form-stacked" and not(@style="display: none;")]//div[contains(@class, "uk-autocomplete uk-width-1-1")]


[MASTER] 04:43:32.871 [Thread-3] ERROR ExternalProcessHandler - 


[MASTER] 04:43:32.871 [Thread-3] ERROR ExternalProcessHandler - 

Feb 29, 2020 4:43:35 AM po_utils.PageObjectLogging logInfo
[MASTER] 04:43:35.039 [Thread-3] ERROR ExternalProcessHandler - Feb 29, 2020 4:43:35 AM po_utils.PageObjectLogging logInfo

INFO: waitForElementThatChangesProperty timeout exception: unable to locate the element By.xpath: //form[@class="pk-panel-teaser uk-form uk-form-stacked" and not(@style="display: none;")]//div[contains(@class, "uk-autocomplete uk-width-1-1")]
[MASTER] 04:43:35.040 [Thread-3] ERROR ExternalProcessHandler - INFO: waitForElementThatChangesProperty timeout exception: unable to locate the element By.xpath: //form[@class="pk-panel-teaser uk-form uk-form-stacked" and not(@style="display: none;")]//div[contains(@class, "uk-autocomplete uk-width-1-1")]


[MASTER] 04:43:35.040 [Thread-3] ERROR ExternalProcessHandler - 


[MASTER] 04:43:35.040 [Thread-3] ERROR ExternalProcessHandler - 

Sat Feb 29 04:43:38 GMT 2020 WARN: Establishing SSL connection without server's identity verification is not recommended. According to MySQL 5.5.45+, 5.6.26+ and 5.7.6+ requirements SSL connection must be established by default if explicit option isn't set. For compliance with existing applications not using SSL the verifyServerCertificate property is set to 'false'. You need either to explicitly disable SSL by setting useSSL=false, or set useSSL=true and provide truststore for server certificate verification.
[MASTER] 04:43:38.748 [Thread-3] ERROR ExternalProcessHandler - Sat Feb 29 04:43:38 GMT 2020 WARN: Establishing SSL connection without server's identity verification is not recommended. According to MySQL 5.5.45+, 5.6.26+ and 5.7.6+ requirements SSL connection must be established by default if explicit option isn't set. For compliance with existing applications not using SSL the verifyServerCertificate property is set to 'false'. You need either to explicitly disable SSL by setting useSSL=false, or set useSSL=true and provide truststore for server certificate verification.

Feb 29, 2020 4:43:43 AM po_utils.PageObjectLogging logInfo
[MASTER] 04:43:43.112 [Thread-3] ERROR ExternalProcessHandler - Feb 29, 2020 4:43:43 AM po_utils.PageObjectLogging logInfo

INFO: waitForElementThatChangesProperty timeout exception: unable to locate the element By.xpath: //form[@class="pk-panel-teaser uk-form uk-form-stacked" and not(@style="display: none;")]//div[contains(@class, "uk-autocomplete uk-width-1-1")]
[MASTER] 04:43:43.113 [Thread-3] ERROR ExternalProcessHandler - INFO: waitForElementThatChangesProperty timeout exception: unable to locate the element By.xpath: //form[@class="pk-panel-teaser uk-form uk-form-stacked" and not(@style="display: none;")]//div[contains(@class, "uk-autocomplete uk-width-1-1")]


[MASTER] 04:43:43.114 [Thread-3] ERROR ExternalProcessHandler - 


[MASTER] 04:43:43.114 [Thread-3] ERROR ExternalProcessHandler - 

Feb 29, 2020 4:43:45 AM po_utils.PageObjectLogging logInfo
[MASTER] 04:43:45.237 [Thread-3] ERROR ExternalProcessHandler - Feb 29, 2020 4:43:45 AM po_utils.PageObjectLogging logInfo

INFO: waitForElementThatChangesProperty timeout exception: unable to locate the element By.xpath: //form[@class="pk-panel-teaser uk-form uk-form-stacked" and not(@style="display: none;")]//div[contains(@class, "uk-autocomplete uk-width-1-1")]
[MASTER] 04:43:45.238 [Thread-3] ERROR ExternalProcessHandler - INFO: waitForElementThatChangesProperty timeout exception: unable to locate the element By.xpath: //form[@class="pk-panel-teaser uk-form uk-form-stacked" and not(@style="display: none;")]//div[contains(@class, "uk-autocomplete uk-width-1-1")]


[MASTER] 04:43:45.238 [Thread-3] ERROR ExternalProcessHandler - 


[MASTER] 04:43:45.238 [Thread-3] ERROR ExternalProcessHandler - 

Feb 29, 2020 4:43:49 AM po_utils.PageObjectLogging logInfo
[MASTER] 04:43:49.922 [Thread-3] ERROR ExternalProcessHandler - Feb 29, 2020 4:43:49 AM po_utils.PageObjectLogging logInfo

INFO: waitForElementThatChangesProperty timeout exception: unable to locate the element By.xpath: //form[@class="pk-panel-teaser uk-form uk-form-stacked" and not(@style="display: none;")]//div[contains(@class, "uk-autocomplete uk-width-1-1")]
[MASTER] 04:43:49.922 [Thread-3] ERROR ExternalProcessHandler - INFO: waitForElementThatChangesProperty timeout exception: unable to locate the element By.xpath: //form[@class="pk-panel-teaser uk-form uk-form-stacked" and not(@style="display: none;")]//div[contains(@class, "uk-autocomplete uk-width-1-1")]


[MASTER] 04:43:49.922 [Thread-3] ERROR ExternalProcessHandler - 


[MASTER] 04:43:49.922 [Thread-3] ERROR ExternalProcessHandler - 

Feb 29, 2020 4:43:52 AM po_utils.PageObjectLogging logInfo
[MASTER] 04:43:52.064 [Thread-3] ERROR ExternalProcessHandler - Feb 29, 2020 4:43:52 AM po_utils.PageObjectLogging logInfo

INFO: waitForElementThatChangesProperty timeout exception: unable to locate the element By.xpath: //form[@class="pk-panel-teaser uk-form uk-form-stacked" and not(@style="display: none;")]//div[contains(@class, "uk-autocomplete uk-width-1-1")]
[MASTER] 04:43:52.064 [Thread-3] ERROR ExternalProcessHandler - INFO: waitForElementThatChangesProperty timeout exception: unable to locate the element By.xpath: //form[@class="pk-panel-teaser uk-form uk-form-stacked" and not(@style="display: none;")]//div[contains(@class, "uk-autocomplete uk-width-1-1")]


[MASTER] 04:43:52.064 [Thread-3] ERROR ExternalProcessHandler - 


[MASTER] 04:43:52.064 [Thread-3] ERROR ExternalProcessHandler - 

Feb 29, 2020 4:43:54 AM po_utils.PageObjectLogging logInfo
[MASTER] 04:43:54.077 [Thread-3] ERROR ExternalProcessHandler - Feb 29, 2020 4:43:54 AM po_utils.PageObjectLogging logInfo

INFO: waitForElementThatChangesProperty timeout exception: unable to locate the element By.xpath: //form[@class="pk-panel-teaser uk-form uk-form-stacked" and not(@style="display: none;")]//div[contains(@class, "uk-autocomplete uk-width-1-1")]
[MASTER] 04:43:54.078 [Thread-3] ERROR ExternalProcessHandler - INFO: waitForElementThatChangesProperty timeout exception: unable to locate the element By.xpath: //form[@class="pk-panel-teaser uk-form uk-form-stacked" and not(@style="display: none;")]//div[contains(@class, "uk-autocomplete uk-width-1-1")]


[MASTER] 04:43:54.078 [Thread-3] ERROR ExternalProcessHandler - 


[MASTER] 04:43:54.078 [Thread-3] ERROR ExternalProcessHandler - 

Sat Feb 29 04:43:58 GMT 2020 WARN: Establishing SSL connection without server's identity verification is not recommended. According to MySQL 5.5.45+, 5.6.26+ and 5.7.6+ requirements SSL connection must be established by default if explicit option isn't set. For compliance with existing applications not using SSL the verifyServerCertificate property is set to 'false'. You need either to explicitly disable SSL by setting useSSL=false, or set useSSL=true and provide truststore for server certificate verification.
[MASTER] 04:43:58.441 [Thread-3] ERROR ExternalProcessHandler - Sat Feb 29 04:43:58 GMT 2020 WARN: Establishing SSL connection without server's identity verification is not recommended. According to MySQL 5.5.45+, 5.6.26+ and 5.7.6+ requirements SSL connection must be established by default if explicit option isn't set. For compliance with existing applications not using SSL the verifyServerCertificate property is set to 'false'. You need either to explicitly disable SSL by setting useSSL=false, or set useSSL=true and provide truststore for server certificate verification.

Feb 29, 2020 4:44:05 AM po_utils.PageObjectLogging logInfo
[MASTER] 04:44:05.512 [Thread-3] ERROR ExternalProcessHandler - Feb 29, 2020 4:44:05 AM po_utils.PageObjectLogging logInfo

INFO: waitForElementThatChangesProperty timeout exception: unable to locate the element By.xpath: //form[@class="pk-panel-teaser uk-form uk-form-stacked" and not(@style="display: none;")]//div[contains(@class, "uk-autocomplete uk-width-1-1")]
[MASTER] 04:44:05.512 [Thread-3] ERROR ExternalProcessHandler - INFO: waitForElementThatChangesProperty timeout exception: unable to locate the element By.xpath: //form[@class="pk-panel-teaser uk-form uk-form-stacked" and not(@style="display: none;")]//div[contains(@class, "uk-autocomplete uk-width-1-1")]


[MASTER] 04:44:05.512 [Thread-3] ERROR ExternalProcessHandler - 


[MASTER] 04:44:05.512 [Thread-3] ERROR ExternalProcessHandler - 

Feb 29, 2020 4:44:07 AM po_utils.PageObjectLogging logInfo
[MASTER] 04:44:07.652 [Thread-3] ERROR ExternalProcessHandler - Feb 29, 2020 4:44:07 AM po_utils.PageObjectLogging logInfo

INFO: waitForElementThatChangesProperty timeout exception: unable to locate the element By.xpath: //form[@class="pk-panel-teaser uk-form uk-form-stacked" and not(@style="display: none;")]//div[contains(@class, "uk-autocomplete uk-width-1-1")]
[MASTER] 04:44:07.653 [Thread-3] ERROR ExternalProcessHandler - INFO: waitForElementThatChangesProperty timeout exception: unable to locate the element By.xpath: //form[@class="pk-panel-teaser uk-form uk-form-stacked" and not(@style="display: none;")]//div[contains(@class, "uk-autocomplete uk-width-1-1")]


[MASTER] 04:44:07.653 [Thread-3] ERROR ExternalProcessHandler - 


[MASTER] 04:44:07.653 [Thread-3] ERROR ExternalProcessHandler - 

Feb 29, 2020 4:44:11 AM po_utils.PageObjectLogging logInfo
[MASTER] 04:44:11.773 [Thread-3] ERROR ExternalProcessHandler - Feb 29, 2020 4:44:11 AM po_utils.PageObjectLogging logInfo

INFO: waitForElementThatChangesProperty timeout exception: unable to locate the element By.xpath: //form[@class="pk-panel-teaser uk-form uk-form-stacked" and not(@style="display: none;")]//div[contains(@class, "uk-autocomplete uk-width-1-1")]
[MASTER] 04:44:11.774 [Thread-3] ERROR ExternalProcessHandler - INFO: waitForElementThatChangesProperty timeout exception: unable to locate the element By.xpath: //form[@class="pk-panel-teaser uk-form uk-form-stacked" and not(@style="display: none;")]//div[contains(@class, "uk-autocomplete uk-width-1-1")]


[MASTER] 04:44:11.774 [Thread-3] ERROR ExternalProcessHandler - 


[MASTER] 04:44:11.774 [Thread-3] ERROR ExternalProcessHandler - 

Feb 29, 2020 4:54:16 AM org.openqa.selenium.support.ui.ExpectedConditions findElement
[MASTER] 04:54:16.511 [Thread-3] ERROR ExternalProcessHandler - Feb 29, 2020 4:54:16 AM org.openqa.selenium.support.ui.ExpectedConditions findElement

WARNING: WebDriverException thrown by findElement(By.xpath: //a[text()="Add Widget"])
[MASTER] 04:54:16.511 [Thread-3] ERROR ExternalProcessHandler - WARNING: WebDriverException thrown by findElement(By.xpath: //a[text()="Add Widget"])

org.openqa.selenium.remote.RemoteWebDriver.findElements(RemoteWebDriver.java:553)
[MASTER] 04:54:16.511 [Thread-3] ERROR ExternalProcessHandler - org.openqa.selenium.remote.RemoteWebDriver.findElements(RemoteWebDriver.java:553)

<evosuite>.<evosuite>(<evosuite>)
[MASTER] 04:54:16.511 [Thread-3] ERROR ExternalProcessHandler - <evosuite>.<evosuite>(<evosuite>)

<evosuite>.<evosuite>(<evosuite>)
[MASTER] 04:54:16.511 [Thread-3] ERROR ExternalProcessHandler - <evosuite>.<evosuite>(<evosuite>)


[MASTER] 04:54:16.511 [Thread-3] ERROR ExternalProcessHandler - 

Feb 29, 2020 4:59:16 AM org.openqa.selenium.support.ui.ExpectedConditions findElement
[MASTER] 04:59:16.527 [Thread-3] ERROR ExternalProcessHandler - Feb 29, 2020 4:59:16 AM org.openqa.selenium.support.ui.ExpectedConditions findElement

WARNING: WebDriverException thrown by findElement(By.xpath: //i[@class="tm-icon-menu"])
[MASTER] 04:59:16.528 [Thread-3] ERROR ExternalProcessHandler - WARNING: WebDriverException thrown by findElement(By.xpath: //i[@class="tm-icon-menu"])

org.openqa.selenium.remote.RemoteWebDriver.findElements(RemoteWebDriver.java:553)
[MASTER] 04:59:16.528 [Thread-3] ERROR ExternalProcessHandler - org.openqa.selenium.remote.RemoteWebDriver.findElements(RemoteWebDriver.java:553)

<evosuite>.<evosuite>(<evosuite>)
[MASTER] 04:59:16.528 [Thread-3] ERROR ExternalProcessHandler - <evosuite>.<evosuite>(<evosuite>)

<evosuite>.<evosuite>(<evosuite>)
[MASTER] 04:59:16.528 [Thread-3] ERROR ExternalProcessHandler - <evosuite>.<evosuite>(<evosuite>)


[MASTER] 04:59:16.528 [Thread-3] ERROR ExternalProcessHandler - 

Sat Feb 29 04:59:16 GMT 2020 WARN: Establishing SSL connection without server's identity verification is not recommended. According to MySQL 5.5.45+, 5.6.26+ and 5.7.6+ requirements SSL connection must be established by default if explicit option isn't set. For compliance with existing applications not using SSL the verifyServerCertificate property is set to 'false'. You need either to explicitly disable SSL by setting useSSL=false, or set useSSL=true and provide truststore for server certificate verification.
[MASTER] 04:59:16.536 [Thread-3] ERROR ExternalProcessHandler - Sat Feb 29 04:59:16 GMT 2020 WARN: Establishing SSL connection without server's identity verification is not recommended. According to MySQL 5.5.45+, 5.6.26+ and 5.7.6+ requirements SSL connection must be established by default if explicit option isn't set. For compliance with existing applications not using SSL the verifyServerCertificate property is set to 'false'. You need either to explicitly disable SSL by setting useSSL=false, or set useSSL=true and provide truststore for server certificate verification.

Feb 29, 2020 5:09:17 AM org.openqa.selenium.support.ui.ExpectedConditions findElement
[MASTER] 05:09:17.786 [Thread-3] ERROR ExternalProcessHandler - Feb 29, 2020 5:09:17 AM org.openqa.selenium.support.ui.ExpectedConditions findElement

WARNING: WebDriverException thrown by findElement(By.xpath: //input[@name="credentials[username]"])
[MASTER] 05:09:17.786 [Thread-3] ERROR ExternalProcessHandler - WARNING: WebDriverException thrown by findElement(By.xpath: //input[@name="credentials[username]"])

org.openqa.selenium.remote.RemoteWebDriver.findElements(RemoteWebDriver.java:553)
[MASTER] 05:09:17.787 [Thread-3] ERROR ExternalProcessHandler - org.openqa.selenium.remote.RemoteWebDriver.findElements(RemoteWebDriver.java:553)

<evosuite>.<evosuite>(<evosuite>)
[MASTER] 05:09:17.787 [Thread-3] ERROR ExternalProcessHandler - <evosuite>.<evosuite>(<evosuite>)

<evosuite>.<evosuite>(<evosuite>)
[MASTER] 05:09:17.787 [Thread-3] ERROR ExternalProcessHandler - <evosuite>.<evosuite>(<evosuite>)


[MASTER] 05:09:17.787 [Thread-3] ERROR ExternalProcessHandler - 

Sat Feb 29 05:09:24 GMT 2020 WARN: Establishing SSL connection without server's identity verification is not recommended. According to MySQL 5.5.45+, 5.6.26+ and 5.7.6+ requirements SSL connection must be established by default if explicit option isn't set. For compliance with existing applications not using SSL the verifyServerCertificate property is set to 'false'. You need either to explicitly disable SSL by setting useSSL=false, or set useSSL=true and provide truststore for server certificate verification.
[MASTER] 05:09:24.130 [Thread-3] ERROR ExternalProcessHandler - Sat Feb 29 05:09:24 GMT 2020 WARN: Establishing SSL connection without server's identity verification is not recommended. According to MySQL 5.5.45+, 5.6.26+ and 5.7.6+ requirements SSL connection must be established by default if explicit option isn't set. For compliance with existing applications not using SSL the verifyServerCertificate property is set to 'false'. You need either to explicitly disable SSL by setting useSSL=false, or set useSSL=true and provide truststore for server certificate verification.

Feb 29, 2020 5:19:25 AM org.openqa.selenium.support.ui.ExpectedConditions findElement
[MASTER] 05:19:25.237 [Thread-3] ERROR ExternalProcessHandler - Feb 29, 2020 5:19:25 AM org.openqa.selenium.support.ui.ExpectedConditions findElement

WARNING: WebDriverException thrown by findElement(By.xpath: //input[@name="credentials[username]"])
[MASTER] 05:19:25.237 [Thread-3] ERROR ExternalProcessHandler - WARNING: WebDriverException thrown by findElement(By.xpath: //input[@name="credentials[username]"])

org.openqa.selenium.remote.RemoteWebDriver.findElements(RemoteWebDriver.java:553)
[MASTER] 05:19:25.237 [Thread-3] ERROR ExternalProcessHandler - org.openqa.selenium.remote.RemoteWebDriver.findElements(RemoteWebDriver.java:553)

<evosuite>.<evosuite>(<evosuite>)
[MASTER] 05:19:25.237 [Thread-3] ERROR ExternalProcessHandler - <evosuite>.<evosuite>(<evosuite>)

<evosuite>.<evosuite>(<evosuite>)
[MASTER] 05:19:25.237 [Thread-3] ERROR ExternalProcessHandler - <evosuite>.<evosuite>(<evosuite>)


[MASTER] 05:19:25.237 [Thread-3] ERROR ExternalProcessHandler - 

Sat Feb 29 05:19:37 GMT 2020 WARN: Establishing SSL connection without server's identity verification is not recommended. According to MySQL 5.5.45+, 5.6.26+ and 5.7.6+ requirements SSL connection must be established by default if explicit option isn't set. For compliance with existing applications not using SSL the verifyServerCertificate property is set to 'false'. You need either to explicitly disable SSL by setting useSSL=false, or set useSSL=true and provide truststore for server certificate verification.
[MASTER] 05:19:37.875 [Thread-3] ERROR ExternalProcessHandler - Sat Feb 29 05:19:37 GMT 2020 WARN: Establishing SSL connection without server's identity verification is not recommended. According to MySQL 5.5.45+, 5.6.26+ and 5.7.6+ requirements SSL connection must be established by default if explicit option isn't set. For compliance with existing applications not using SSL the verifyServerCertificate property is set to 'false'. You need either to explicitly disable SSL by setting useSSL=false, or set useSSL=true and provide truststore for server certificate verification.

Feb 29, 2020 5:29:38 AM org.openqa.selenium.support.ui.ExpectedConditions findElement
[MASTER] 05:29:38.940 [Thread-3] ERROR ExternalProcessHandler - Feb 29, 2020 5:29:38 AM org.openqa.selenium.support.ui.ExpectedConditions findElement

WARNING: WebDriverException thrown by findElement(By.xpath: //input[@name="credentials[username]"])
[MASTER] 05:29:38.941 [Thread-3] ERROR ExternalProcessHandler - WARNING: WebDriverException thrown by findElement(By.xpath: //input[@name="credentials[username]"])

org.openqa.selenium.remote.RemoteWebDriver.findElements(RemoteWebDriver.java:553)
[MASTER] 05:29:38.941 [Thread-3] ERROR ExternalProcessHandler - org.openqa.selenium.remote.RemoteWebDriver.findElements(RemoteWebDriver.java:553)

<evosuite>.<evosuite>(<evosuite>)
[MASTER] 05:29:38.941 [Thread-3] ERROR ExternalProcessHandler - <evosuite>.<evosuite>(<evosuite>)

<evosuite>.<evosuite>(<evosuite>)
[MASTER] 05:29:38.941 [Thread-3] ERROR ExternalProcessHandler - <evosuite>.<evosuite>(<evosuite>)


[MASTER] 05:29:38.941 [Thread-3] ERROR ExternalProcessHandler - 

[MASTER] 05:29:58.690 [logback-2] ERROR TestCaseExecutor - TG: Exception caught: 
java.lang.IllegalStateException: Test generation failed: page object bug.
	at org.evosuite.testcase.execution.TestCaseExecutor.runTest(TestCaseExecutor.java:320) ~[evosuite-client-1.0.4-SNAPSHOT.jar:na]
	at org.evosuite.testcase.TestFitnessFunction.runTest(TestFitnessFunction.java:91) [evosuite-client-1.0.4-SNAPSHOT.jar:na]
	at org.evosuite.testcase.TestFitnessFunction.getFitness(TestFitnessFunction.java:60) [evosuite-client-1.0.4-SNAPSHOT.jar:na]
	at org.evosuite.testcase.TestFitnessFunction.getFitness(TestFitnessFunction.java:34) [evosuite-client-1.0.4-SNAPSHOT.jar:na]
	at org.evosuite.ga.metaheuristics.art.AdaptiveRandomSearch.calculateFitness(AdaptiveRandomSearch.java:312) [evosuite-client-1.0.4-SNAPSHOT.jar:na]
	at org.evosuite.ga.metaheuristics.art.AdaptiveRandomSearch.evolve(AdaptiveRandomSearch.java:139) [evosuite-client-1.0.4-SNAPSHOT.jar:na]
	at org.evosuite.ga.metaheuristics.art.AdaptiveRandomSearch.generateSolution(AdaptiveRandomSearch.java:270) [evosuite-client-1.0.4-SNAPSHOT.jar:na]
	at org.evosuite.strategy.AdaptiveRandomTestStrategy.generateTests(AdaptiveRandomTestStrategy.java:118) [evosuite-client-1.0.4-SNAPSHOT.jar:na]
	at org.evosuite.TestSuiteGenerator.generateTests(TestSuiteGenerator.java:654) [evosuite-client-1.0.4-SNAPSHOT.jar:na]
	at org.evosuite.TestSuiteGenerator.generateTestSuite(TestSuiteGenerator.java:213) [evosuite-client-1.0.4-SNAPSHOT.jar:na]
	at org.evosuite.rmi.service.ClientNodeImpl$1.run(ClientNodeImpl.java:145) [evosuite-client-1.0.4-SNAPSHOT.jar:na]
	at java.util.concurrent.Executors$RunnableAdapter.call(Executors.java:511) [na:1.8.0_242]
	at java.util.concurrent.FutureTask.run(FutureTask.java:266) [na:1.8.0_242]
	at java.util.concurrent.ThreadPoolExecutor.runWorker(ThreadPoolExecutor.java:1149) [na:1.8.0_242]
	at java.util.concurrent.ThreadPoolExecutor$Worker.run(ThreadPoolExecutor.java:624) [na:1.8.0_242]
	at java.lang.Thread.run(Thread.java:748) [na:1.8.0_242]
[MASTER] 05:29:58.690 [logback-2] ERROR ClientNodeImpl - Error when generating tests for: main.ClassUnderTest with seed 1582951346850. Configuration id : null
java.lang.Error: java.lang.IllegalStateException: Test generation failed: page object bug.
	at org.evosuite.testcase.execution.TestCaseExecutor.runTest(TestCaseExecutor.java:336) ~[evosuite-client-1.0.4-SNAPSHOT.jar:na]
	at org.evosuite.testcase.TestFitnessFunction.runTest(TestFitnessFunction.java:91) ~[evosuite-client-1.0.4-SNAPSHOT.jar:na]
	at org.evosuite.testcase.TestFitnessFunction.getFitness(TestFitnessFunction.java:60) ~[evosuite-client-1.0.4-SNAPSHOT.jar:na]
	at org.evosuite.testcase.TestFitnessFunction.getFitness(TestFitnessFunction.java:34) ~[evosuite-client-1.0.4-SNAPSHOT.jar:na]
	at org.evosuite.ga.metaheuristics.art.AdaptiveRandomSearch.calculateFitness(AdaptiveRandomSearch.java:312) ~[evosuite-client-1.0.4-SNAPSHOT.jar:na]
	at org.evosuite.ga.metaheuristics.art.AdaptiveRandomSearch.evolve(AdaptiveRandomSearch.java:139) ~[evosuite-client-1.0.4-SNAPSHOT.jar:na]
	at org.evosuite.ga.metaheuristics.art.AdaptiveRandomSearch.generateSolution(AdaptiveRandomSearch.java:270) ~[evosuite-client-1.0.4-SNAPSHOT.jar:na]
	at org.evosuite.strategy.AdaptiveRandomTestStrategy.generateTests(AdaptiveRandomTestStrategy.java:118) ~[evosuite-client-1.0.4-SNAPSHOT.jar:na]
	at org.evosuite.TestSuiteGenerator.generateTests(TestSuiteGenerator.java:654) ~[evosuite-client-1.0.4-SNAPSHOT.jar:na]
	at org.evosuite.TestSuiteGenerator.generateTestSuite(TestSuiteGenerator.java:213) ~[evosuite-client-1.0.4-SNAPSHOT.jar:na]
	at org.evosuite.rmi.service.ClientNodeImpl$1.run(ClientNodeImpl.java:145) ~[evosuite-client-1.0.4-SNAPSHOT.jar:na]
	at java.util.concurrent.Executors$RunnableAdapter.call(Executors.java:511) [na:1.8.0_242]
	at java.util.concurrent.FutureTask.run(FutureTask.java:266) [na:1.8.0_242]
	at java.util.concurrent.ThreadPoolExecutor.runWorker(ThreadPoolExecutor.java:1149) [na:1.8.0_242]
	at java.util.concurrent.ThreadPoolExecutor$Worker.run(ThreadPoolExecutor.java:624) [na:1.8.0_242]
	at java.lang.Thread.run(Thread.java:748) [na:1.8.0_242]
Caused by: java.lang.IllegalStateException: Test generation failed: page object bug.
	at org.evosuite.testcase.execution.TestCaseExecutor.runTest(TestCaseExecutor.java:320) ~[evosuite-client-1.0.4-SNAPSHOT.jar:na]
	... 15 common frames omitted
[MASTER] 05:29:58.817 [main] ERROR SearchStatistics - No statistics has been saved because EvoSuite failed to generate any test case
[MASTER] 05:29:58.918 [main] ERROR TestGeneration - failed to write statistics data
