SLF4J: Class path contains multiple SLF4J bindings.
SLF4J: Found binding in [jar:file:/home/ubuntu/.m2/repository/ch/qos/logback/logback-classic/1.1.3/logback-classic-1.1.3.jar!/org/slf4j/impl/StaticLoggerBinder.class]
SLF4J: Found binding in [jar:file:/home/ubuntu/.m2/repository/org/evosuite/evosuite-master/1.0.4-SNAPSHOT/evosuite-master-1.0.4-SNAPSHOT.jar!/org/slf4j/impl/StaticLoggerBinder.class]
SLF4J: See http://www.slf4j.org/codes.html#multiple_bindings for an explanation.
SLF4J: Actual binding is of type [ch.qos.logback.classic.util.ContextSelectorStaticBinder]
SLF4J: Class path contains multiple SLF4J bindings.
[MASTER] 10:00:05.510 [Thread-3] ERROR ExternalProcessHandler - SLF4J: Class path contains multiple SLF4J bindings.

SLF4J: Found binding in [jar:file:/home/ubuntu/.m2/repository/ch/qos/logback/logback-classic/1.1.3/logback-classic-1.1.3.jar!/org/slf4j/impl/StaticLoggerBinder.class]
[MASTER] 10:00:05.512 [Thread-3] ERROR ExternalProcessHandler - SLF4J: Found binding in [jar:file:/home/ubuntu/.m2/repository/ch/qos/logback/logback-classic/1.1.3/logback-classic-1.1.3.jar!/org/slf4j/impl/StaticLoggerBinder.class]

SLF4J: Found binding in [jar:file:/home/ubuntu/.m2/repository/org/evosuite/evosuite-master/1.0.4-SNAPSHOT/evosuite-master-1.0.4-SNAPSHOT.jar!/org/slf4j/impl/StaticLoggerBinder.class]
[MASTER] 10:00:05.513 [Thread-3] ERROR ExternalProcessHandler - SLF4J: Found binding in [jar:file:/home/ubuntu/.m2/repository/org/evosuite/evosuite-master/1.0.4-SNAPSHOT/evosuite-master-1.0.4-SNAPSHOT.jar!/org/slf4j/impl/StaticLoggerBinder.class]

SLF4J: See http://www.slf4j.org/codes.html#multiple_bindings for an explanation.
[MASTER] 10:00:05.517 [Thread-3] ERROR ExternalProcessHandler - SLF4J: See http://www.slf4j.org/codes.html#multiple_bindings for an explanation.

SLF4J: Actual binding is of type [ch.qos.logback.classic.util.ContextSelectorStaticBinder]
[MASTER] 10:00:20.739 [Thread-3] ERROR ExternalProcessHandler - SLF4J: Actual binding is of type [ch.qos.logback.classic.util.ContextSelectorStaticBinder]

Feb 26, 2020 10:01:04 AM org.openqa.selenium.remote.ProtocolHandshake createSession
[MASTER] 10:01:04.860 [Thread-3] ERROR ExternalProcessHandler - Feb 26, 2020 10:01:04 AM org.openqa.selenium.remote.ProtocolHandshake createSession

INFO: Detected dialect: OSS
[MASTER] 10:01:04.861 [Thread-3] ERROR ExternalProcessHandler - INFO: Detected dialect: OSS

Exception in thread "Thread-3" java.lang.ClassCastException: org.evosuite.testcase.TestChromosome cannot be cast to org.evosuite.testsuite.TestSuiteChromosome
[MASTER] 10:01:12.387 [Thread-3] ERROR ExternalProcessHandler - Exception in thread "Thread-3" java.lang.ClassCastException: org.evosuite.testcase.TestChromosome cannot be cast to org.evosuite.testsuite.TestSuiteChromosome

	at org.evosuite.statistics.SearchStatistics.currentIndividual(SearchStatistics.java:181)
[MASTER] 10:01:12.387 [Thread-3] ERROR ExternalProcessHandler - 	at org.evosuite.statistics.SearchStatistics.currentIndividual(SearchStatistics.java:181)

	at org.evosuite.rmi.service.MasterNodeImpl.evosuite_collectStatistics(MasterNodeImpl.java:166)
[MASTER] 10:01:12.388 [Thread-3] ERROR ExternalProcessHandler - 	at org.evosuite.rmi.service.MasterNodeImpl.evosuite_collectStatistics(MasterNodeImpl.java:166)

	at sun.reflect.NativeMethodAccessorImpl.invoke0(Native Method)
[MASTER] 10:01:12.388 [Thread-3] ERROR ExternalProcessHandler - 	at sun.reflect.NativeMethodAccessorImpl.invoke0(Native Method)

	at sun.reflect.NativeMethodAccessorImpl.invoke(NativeMethodAccessorImpl.java:62)
[MASTER] 10:01:12.388 [Thread-3] ERROR ExternalProcessHandler - 	at sun.reflect.NativeMethodAccessorImpl.invoke(NativeMethodAccessorImpl.java:62)

	at sun.reflect.DelegatingMethodAccessorImpl.invoke(DelegatingMethodAccessorImpl.java:43)
[MASTER] 10:01:12.388 [Thread-3] ERROR ExternalProcessHandler - 	at sun.reflect.DelegatingMethodAccessorImpl.invoke(DelegatingMethodAccessorImpl.java:43)

	at java.lang.reflect.Method.invoke(Method.java:498)
[MASTER] 10:01:12.388 [Thread-3] ERROR ExternalProcessHandler - 	at java.lang.reflect.Method.invoke(Method.java:498)

	at sun.rmi.server.UnicastServerRef.dispatch(UnicastServerRef.java:357)
[MASTER] 10:01:12.389 [Thread-3] ERROR ExternalProcessHandler - 	at sun.rmi.server.UnicastServerRef.dispatch(UnicastServerRef.java:357)

	at sun.rmi.transport.Transport$1.run(Transport.java:200)
[MASTER] 10:01:12.389 [Thread-3] ERROR ExternalProcessHandler - 	at sun.rmi.transport.Transport$1.run(Transport.java:200)

	at sun.rmi.transport.Transport$1.run(Transport.java:197)
[MASTER] 10:01:12.389 [Thread-3] ERROR ExternalProcessHandler - 	at sun.rmi.transport.Transport$1.run(Transport.java:197)

	at java.security.AccessController.doPrivileged(Native Method)
[MASTER] 10:01:12.389 [Thread-3] ERROR ExternalProcessHandler - 	at java.security.AccessController.doPrivileged(Native Method)

	at sun.rmi.transport.Transport.serviceCall(Transport.java:196)
[MASTER] 10:01:12.390 [Thread-3] ERROR ExternalProcessHandler - 	at sun.rmi.transport.Transport.serviceCall(Transport.java:196)

	at sun.rmi.transport.tcp.TCPTransport.handleMessages(TCPTransport.java:573)
[MASTER] 10:01:12.390 [Thread-3] ERROR ExternalProcessHandler - 	at sun.rmi.transport.tcp.TCPTransport.handleMessages(TCPTransport.java:573)

	at sun.rmi.transport.tcp.TCPTransport$ConnectionHandler.run0(TCPTransport.java:834)
[MASTER] 10:01:12.390 [Thread-3] ERROR ExternalProcessHandler - 	at sun.rmi.transport.tcp.TCPTransport$ConnectionHandler.run0(TCPTransport.java:834)

	at sun.rmi.transport.tcp.TCPTransport$ConnectionHandler.lambda$run$0(TCPTransport.java:688)
[MASTER] 10:01:12.390 [Thread-3] ERROR ExternalProcessHandler - 	at sun.rmi.transport.tcp.TCPTransport$ConnectionHandler.lambda$run$0(TCPTransport.java:688)

	at java.security.AccessController.doPrivileged(Native Method)
[MASTER] 10:01:12.391 [Thread-3] ERROR ExternalProcessHandler - 	at java.security.AccessController.doPrivileged(Native Method)

	at sun.rmi.transport.tcp.TCPTransport$ConnectionHandler.run(TCPTransport.java:687)
[MASTER] 10:01:12.391 [Thread-3] ERROR ExternalProcessHandler - 	at sun.rmi.transport.tcp.TCPTransport$ConnectionHandler.run(TCPTransport.java:687)

	at java.util.concurrent.ThreadPoolExecutor.runWorker(ThreadPoolExecutor.java:1149)
[MASTER] 10:01:12.391 [Thread-3] ERROR ExternalProcessHandler - 	at java.util.concurrent.ThreadPoolExecutor.runWorker(ThreadPoolExecutor.java:1149)

	at java.util.concurrent.ThreadPoolExecutor$Worker.run(ThreadPoolExecutor.java:624)
[MASTER] 10:01:12.391 [Thread-3] ERROR ExternalProcessHandler - 	at java.util.concurrent.ThreadPoolExecutor$Worker.run(ThreadPoolExecutor.java:624)

	at java.lang.Thread.run(Thread.java:748)
[MASTER] 10:01:12.391 [Thread-3] ERROR ExternalProcessHandler - 	at java.lang.Thread.run(Thread.java:748)

	at sun.rmi.transport.StreamRemoteCall.exceptionReceivedFromServer(StreamRemoteCall.java:283)
[MASTER] 10:01:12.392 [Thread-3] ERROR ExternalProcessHandler - 	at sun.rmi.transport.StreamRemoteCall.exceptionReceivedFromServer(StreamRemoteCall.java:283)

	at sun.rmi.transport.StreamRemoteCall.executeCall(StreamRemoteCall.java:260)
[MASTER] 10:01:12.392 [Thread-3] ERROR ExternalProcessHandler - 	at sun.rmi.transport.StreamRemoteCall.executeCall(StreamRemoteCall.java:260)

	at sun.rmi.server.UnicastRef.invoke(UnicastRef.java:161)
[MASTER] 10:01:12.392 [Thread-3] ERROR ExternalProcessHandler - 	at sun.rmi.server.UnicastRef.invoke(UnicastRef.java:161)

	at java.rmi.server.RemoteObjectInvocationHandler.invokeRemoteMethod(RemoteObjectInvocationHandler.java:227)
[MASTER] 10:01:12.392 [Thread-3] ERROR ExternalProcessHandler - 	at java.rmi.server.RemoteObjectInvocationHandler.invokeRemoteMethod(RemoteObjectInvocationHandler.java:227)

	at java.rmi.server.RemoteObjectInvocationHandler.invoke(RemoteObjectInvocationHandler.java:179)
[MASTER] 10:01:12.398 [Thread-3] ERROR ExternalProcessHandler - 	at java.rmi.server.RemoteObjectInvocationHandler.invoke(RemoteObjectInvocationHandler.java:179)

	at com.sun.proxy.$Proxy7.evosuite_collectStatistics(Unknown Source)
[MASTER] 10:01:12.398 [Thread-3] ERROR ExternalProcessHandler - 	at com.sun.proxy.$Proxy7.evosuite_collectStatistics(Unknown Source)

	at org.evosuite.rmi.service.ClientNodeImpl.updateStatistics(ClientNodeImpl.java:237)
[MASTER] 10:01:12.399 [Thread-3] ERROR ExternalProcessHandler - 	at org.evosuite.rmi.service.ClientNodeImpl.updateStatistics(ClientNodeImpl.java:237)

	at org.evosuite.statistics.StatisticsSender.sendIndividualToMaster(StatisticsSender.java:75)
[MASTER] 10:01:12.399 [Thread-3] ERROR ExternalProcessHandler - 	at org.evosuite.statistics.StatisticsSender.sendIndividualToMaster(StatisticsSender.java:75)

	at org.evosuite.statistics.StatisticsListener$1.run(StatisticsListener.java:71)
[MASTER] 10:01:12.399 [Thread-3] ERROR ExternalProcessHandler - 	at org.evosuite.statistics.StatisticsListener$1.run(StatisticsListener.java:71)

Feb 26, 2020 10:01:12 AM org.openqa.selenium.remote.ProtocolHandshake createSession
[MASTER] 10:01:12.454 [Thread-3] ERROR ExternalProcessHandler - Feb 26, 2020 10:01:12 AM org.openqa.selenium.remote.ProtocolHandshake createSession

INFO: Detected dialect: OSS
[MASTER] 10:01:12.454 [Thread-3] ERROR ExternalProcessHandler - INFO: Detected dialect: OSS

Feb 26, 2020 10:01:20 AM org.openqa.selenium.remote.ProtocolHandshake createSession
[MASTER] 10:01:20.305 [Thread-3] ERROR ExternalProcessHandler - Feb 26, 2020 10:01:20 AM org.openqa.selenium.remote.ProtocolHandshake createSession

INFO: Detected dialect: OSS
[MASTER] 10:01:20.305 [Thread-3] ERROR ExternalProcessHandler - INFO: Detected dialect: OSS

Feb 26, 2020 10:01:50 AM org.openqa.selenium.remote.ProtocolHandshake createSession
[MASTER] 10:01:50.185 [Thread-3] ERROR ExternalProcessHandler - Feb 26, 2020 10:01:50 AM org.openqa.selenium.remote.ProtocolHandshake createSession

INFO: Detected dialect: OSS
[MASTER] 10:01:50.185 [Thread-3] ERROR ExternalProcessHandler - INFO: Detected dialect: OSS

Feb 26, 2020 10:02:00 AM org.openqa.selenium.remote.ProtocolHandshake createSession
[MASTER] 10:02:00.055 [Thread-3] ERROR ExternalProcessHandler - Feb 26, 2020 10:02:00 AM org.openqa.selenium.remote.ProtocolHandshake createSession

INFO: Detected dialect: OSS
[MASTER] 10:02:00.055 [Thread-3] ERROR ExternalProcessHandler - INFO: Detected dialect: OSS

Feb 26, 2020 10:02:15 AM org.openqa.selenium.remote.ProtocolHandshake createSession
[MASTER] 10:02:15.496 [Thread-3] ERROR ExternalProcessHandler - Feb 26, 2020 10:02:15 AM org.openqa.selenium.remote.ProtocolHandshake createSession

INFO: Detected dialect: OSS
[MASTER] 10:02:15.496 [Thread-3] ERROR ExternalProcessHandler - INFO: Detected dialect: OSS

[MASTER] 10:02:36.777 [logback-2] ERROR TestCaseExecutor - TG: Exception caught: 
java.lang.IllegalStateException: Test generation failed: page object bug.
	at org.evosuite.testcase.execution.TestCaseExecutor.runTest(TestCaseExecutor.java:320) ~[evosuite-client-1.0.4-SNAPSHOT.jar:na]
	at org.evosuite.testcase.TestFitnessFunction.runTest(TestFitnessFunction.java:91) [evosuite-client-1.0.4-SNAPSHOT.jar:na]
	at org.evosuite.testcase.TestFitnessFunction.getFitness(TestFitnessFunction.java:60) [evosuite-client-1.0.4-SNAPSHOT.jar:na]
	at org.evosuite.testcase.TestFitnessFunction.getFitness(TestFitnessFunction.java:34) [evosuite-client-1.0.4-SNAPSHOT.jar:na]
	at org.evosuite.ga.metaheuristics.art.AdaptiveRandomSearch.calculateFitness(AdaptiveRandomSearch.java:312) [evosuite-client-1.0.4-SNAPSHOT.jar:na]
	at org.evosuite.ga.metaheuristics.art.AdaptiveRandomSearch.evolve(AdaptiveRandomSearch.java:139) [evosuite-client-1.0.4-SNAPSHOT.jar:na]
	at org.evosuite.ga.metaheuristics.art.AdaptiveRandomSearch.generateSolution(AdaptiveRandomSearch.java:270) [evosuite-client-1.0.4-SNAPSHOT.jar:na]
	at org.evosuite.strategy.AdaptiveRandomTestStrategy.generateTests(AdaptiveRandomTestStrategy.java:118) [evosuite-client-1.0.4-SNAPSHOT.jar:na]
	at org.evosuite.TestSuiteGenerator.generateTests(TestSuiteGenerator.java:654) [evosuite-client-1.0.4-SNAPSHOT.jar:na]
	at org.evosuite.TestSuiteGenerator.generateTestSuite(TestSuiteGenerator.java:213) [evosuite-client-1.0.4-SNAPSHOT.jar:na]
	at org.evosuite.rmi.service.ClientNodeImpl$1.run(ClientNodeImpl.java:145) [evosuite-client-1.0.4-SNAPSHOT.jar:na]
	at java.util.concurrent.Executors$RunnableAdapter.call(Executors.java:511) [na:1.8.0_212]
	at java.util.concurrent.FutureTask.run(FutureTask.java:266) [na:1.8.0_212]
	at java.util.concurrent.ThreadPoolExecutor.runWorker(ThreadPoolExecutor.java:1149) [na:1.8.0_212]
	at java.util.concurrent.ThreadPoolExecutor$Worker.run(ThreadPoolExecutor.java:624) [na:1.8.0_212]
	at java.lang.Thread.run(Thread.java:748) [na:1.8.0_212]
[MASTER] 10:02:36.790 [logback-2] ERROR ClientNodeImpl - Error when generating tests for: main.ClassUnderTest with seed 1582711235873. Configuration id : null
java.lang.Error: java.lang.IllegalStateException: Test generation failed: page object bug.
	at org.evosuite.testcase.execution.TestCaseExecutor.runTest(TestCaseExecutor.java:336) ~[evosuite-client-1.0.4-SNAPSHOT.jar:na]
	at org.evosuite.testcase.TestFitnessFunction.runTest(TestFitnessFunction.java:91) ~[evosuite-client-1.0.4-SNAPSHOT.jar:na]
	at org.evosuite.testcase.TestFitnessFunction.getFitness(TestFitnessFunction.java:60) ~[evosuite-client-1.0.4-SNAPSHOT.jar:na]
	at org.evosuite.testcase.TestFitnessFunction.getFitness(TestFitnessFunction.java:34) ~[evosuite-client-1.0.4-SNAPSHOT.jar:na]
	at org.evosuite.ga.metaheuristics.art.AdaptiveRandomSearch.calculateFitness(AdaptiveRandomSearch.java:312) ~[evosuite-client-1.0.4-SNAPSHOT.jar:na]
	at org.evosuite.ga.metaheuristics.art.AdaptiveRandomSearch.evolve(AdaptiveRandomSearch.java:139) ~[evosuite-client-1.0.4-SNAPSHOT.jar:na]
	at org.evosuite.ga.metaheuristics.art.AdaptiveRandomSearch.generateSolution(AdaptiveRandomSearch.java:270) ~[evosuite-client-1.0.4-SNAPSHOT.jar:na]
	at org.evosuite.strategy.AdaptiveRandomTestStrategy.generateTests(AdaptiveRandomTestStrategy.java:118) ~[evosuite-client-1.0.4-SNAPSHOT.jar:na]
	at org.evosuite.TestSuiteGenerator.generateTests(TestSuiteGenerator.java:654) ~[evosuite-client-1.0.4-SNAPSHOT.jar:na]
	at org.evosuite.TestSuiteGenerator.generateTestSuite(TestSuiteGenerator.java:213) ~[evosuite-client-1.0.4-SNAPSHOT.jar:na]
	at org.evosuite.rmi.service.ClientNodeImpl$1.run(ClientNodeImpl.java:145) ~[evosuite-client-1.0.4-SNAPSHOT.jar:na]
	at java.util.concurrent.Executors$RunnableAdapter.call(Executors.java:511) [na:1.8.0_212]
	at java.util.concurrent.FutureTask.run(FutureTask.java:266) [na:1.8.0_212]
	at java.util.concurrent.ThreadPoolExecutor.runWorker(ThreadPoolExecutor.java:1149) [na:1.8.0_212]
	at java.util.concurrent.ThreadPoolExecutor$Worker.run(ThreadPoolExecutor.java:624) [na:1.8.0_212]
	at java.lang.Thread.run(Thread.java:748) [na:1.8.0_212]
Caused by: java.lang.IllegalStateException: Test generation failed: page object bug.
	at org.evosuite.testcase.execution.TestCaseExecutor.runTest(TestCaseExecutor.java:320) ~[evosuite-client-1.0.4-SNAPSHOT.jar:na]
	... 15 common frames omitted
[MASTER] 10:02:36.911 [main] ERROR SearchStatistics - No statistics has been saved because EvoSuite failed to generate any test case
[MASTER] 10:02:37.013 [main] ERROR TestGeneration - failed to write statistics data
