SLF4J: Class path contains multiple SLF4J bindings.
SLF4J: Found binding in [jar:file:/home/ubuntu/.m2/repository/ch/qos/logback/logback-classic/1.1.3/logback-classic-1.1.3.jar!/org/slf4j/impl/StaticLoggerBinder.class]
SLF4J: Found binding in [jar:file:/home/ubuntu/.m2/repository/org/evosuite/evosuite-master/1.0.4-SNAPSHOT/evosuite-master-1.0.4-SNAPSHOT.jar!/org/slf4j/impl/StaticLoggerBinder.class]
SLF4J: See http://www.slf4j.org/codes.html#multiple_bindings for an explanation.
SLF4J: Actual binding is of type [ch.qos.logback.classic.util.ContextSelectorStaticBinder]
SLF4J: Class path contains multiple SLF4J bindings.
[MASTER] 05:27:25.039 [Thread-3] ERROR ExternalProcessHandler - SLF4J: Class path contains multiple SLF4J bindings.

SLF4J: Found binding in [jar:file:/home/ubuntu/.m2/repository/ch/qos/logback/logback-classic/1.1.3/logback-classic-1.1.3.jar!/org/slf4j/impl/StaticLoggerBinder.class]
[MASTER] 05:27:25.040 [Thread-3] ERROR ExternalProcessHandler - SLF4J: Found binding in [jar:file:/home/ubuntu/.m2/repository/ch/qos/logback/logback-classic/1.1.3/logback-classic-1.1.3.jar!/org/slf4j/impl/StaticLoggerBinder.class]

SLF4J: Found binding in [jar:file:/home/ubuntu/.m2/repository/org/evosuite/evosuite-master/1.0.4-SNAPSHOT/evosuite-master-1.0.4-SNAPSHOT.jar!/org/slf4j/impl/StaticLoggerBinder.class]
[MASTER] 05:27:25.041 [Thread-3] ERROR ExternalProcessHandler - SLF4J: Found binding in [jar:file:/home/ubuntu/.m2/repository/org/evosuite/evosuite-master/1.0.4-SNAPSHOT/evosuite-master-1.0.4-SNAPSHOT.jar!/org/slf4j/impl/StaticLoggerBinder.class]

SLF4J: See http://www.slf4j.org/codes.html#multiple_bindings for an explanation.
[MASTER] 05:27:25.042 [Thread-3] ERROR ExternalProcessHandler - SLF4J: See http://www.slf4j.org/codes.html#multiple_bindings for an explanation.

SLF4J: Actual binding is of type [ch.qos.logback.classic.util.ContextSelectorStaticBinder]
[MASTER] 05:27:40.262 [Thread-3] ERROR ExternalProcessHandler - SLF4J: Actual binding is of type [ch.qos.logback.classic.util.ContextSelectorStaticBinder]

Feb 28, 2020 5:28:29 AM org.openqa.selenium.remote.ProtocolHandshake createSession
[MASTER] 05:28:29.044 [Thread-3] ERROR ExternalProcessHandler - Feb 28, 2020 5:28:29 AM org.openqa.selenium.remote.ProtocolHandshake createSession

INFO: Detected dialect: OSS
[MASTER] 05:28:29.044 [Thread-3] ERROR ExternalProcessHandler - INFO: Detected dialect: OSS

Feb 28, 2020 5:29:00 AM po_utils.PageObjectLogging logInfo
[MASTER] 05:29:00.492 [Thread-3] ERROR ExternalProcessHandler - Feb 28, 2020 5:29:00 AM po_utils.PageObjectLogging logInfo

INFO: waitForElementBeingPresentOnPage timeout exception: unable to locate the element By.xpath: //input[@placeholder="Example: Trip to Barcelona"]
[MASTER] 05:29:00.493 [Thread-3] ERROR ExternalProcessHandler - INFO: waitForElementBeingPresentOnPage timeout exception: unable to locate the element By.xpath: //input[@placeholder="Example: Trip to Barcelona"]


[MASTER] 05:29:00.493 [Thread-3] ERROR ExternalProcessHandler - 


[MASTER] 05:29:00.493 [Thread-3] ERROR ExternalProcessHandler - 

Feb 28, 2020 5:29:10 AM org.openqa.selenium.remote.ProtocolHandshake createSession
[MASTER] 05:29:10.821 [Thread-3] ERROR ExternalProcessHandler - Feb 28, 2020 5:29:10 AM org.openqa.selenium.remote.ProtocolHandshake createSession

INFO: Detected dialect: OSS
[MASTER] 05:29:10.821 [Thread-3] ERROR ExternalProcessHandler - INFO: Detected dialect: OSS

Feb 28, 2020 5:29:16 AM po_utils.PageObjectLogging logInfo
[MASTER] 05:29:16.085 [Thread-3] ERROR ExternalProcessHandler - Feb 28, 2020 5:29:16 AM po_utils.PageObjectLogging logInfo

INFO: waitForElementBeingPresentOnPage timeout exception: unable to locate the element By.xpath: //div[contains(@class,"liquid-child")]
[MASTER] 05:29:16.086 [Thread-3] ERROR ExternalProcessHandler - INFO: waitForElementBeingPresentOnPage timeout exception: unable to locate the element By.xpath: //div[contains(@class,"liquid-child")]


[MASTER] 05:29:16.086 [Thread-3] ERROR ExternalProcessHandler - 


[MASTER] 05:29:16.086 [Thread-3] ERROR ExternalProcessHandler - 

Feb 28, 2020 5:29:20 AM org.openqa.selenium.remote.ProtocolHandshake createSession
[MASTER] 05:29:20.748 [Thread-3] ERROR ExternalProcessHandler - Feb 28, 2020 5:29:20 AM org.openqa.selenium.remote.ProtocolHandshake createSession

INFO: Detected dialect: OSS
[MASTER] 05:29:20.748 [Thread-3] ERROR ExternalProcessHandler - INFO: Detected dialect: OSS

Exception in thread "Thread-3" java.lang.ClassCastException: org.evosuite.testcase.TestChromosome cannot be cast to org.evosuite.testsuite.TestSuiteChromosome
[MASTER] 05:29:20.835 [Thread-3] ERROR ExternalProcessHandler - Exception in thread "Thread-3" java.lang.ClassCastException: org.evosuite.testcase.TestChromosome cannot be cast to org.evosuite.testsuite.TestSuiteChromosome

	at org.evosuite.statistics.SearchStatistics.currentIndividual(SearchStatistics.java:181)
[MASTER] 05:29:20.836 [Thread-3] ERROR ExternalProcessHandler - 	at org.evosuite.statistics.SearchStatistics.currentIndividual(SearchStatistics.java:181)

	at org.evosuite.rmi.service.MasterNodeImpl.evosuite_collectStatistics(MasterNodeImpl.java:166)
[MASTER] 05:29:20.836 [Thread-3] ERROR ExternalProcessHandler - 	at org.evosuite.rmi.service.MasterNodeImpl.evosuite_collectStatistics(MasterNodeImpl.java:166)

	at sun.reflect.NativeMethodAccessorImpl.invoke0(Native Method)
[MASTER] 05:29:20.836 [Thread-3] ERROR ExternalProcessHandler - 	at sun.reflect.NativeMethodAccessorImpl.invoke0(Native Method)

	at sun.reflect.NativeMethodAccessorImpl.invoke(NativeMethodAccessorImpl.java:62)
[MASTER] 05:29:20.836 [Thread-3] ERROR ExternalProcessHandler - 	at sun.reflect.NativeMethodAccessorImpl.invoke(NativeMethodAccessorImpl.java:62)

	at sun.reflect.DelegatingMethodAccessorImpl.invoke(DelegatingMethodAccessorImpl.java:43)
[MASTER] 05:29:20.836 [Thread-3] ERROR ExternalProcessHandler - 	at sun.reflect.DelegatingMethodAccessorImpl.invoke(DelegatingMethodAccessorImpl.java:43)

	at java.lang.reflect.Method.invoke(Method.java:498)
[MASTER] 05:29:20.836 [Thread-3] ERROR ExternalProcessHandler - 	at java.lang.reflect.Method.invoke(Method.java:498)

	at sun.rmi.server.UnicastServerRef.dispatch(UnicastServerRef.java:357)
[MASTER] 05:29:20.837 [Thread-3] ERROR ExternalProcessHandler - 	at sun.rmi.server.UnicastServerRef.dispatch(UnicastServerRef.java:357)

	at sun.rmi.transport.Transport$1.run(Transport.java:200)
[MASTER] 05:29:20.837 [Thread-3] ERROR ExternalProcessHandler - 	at sun.rmi.transport.Transport$1.run(Transport.java:200)

	at sun.rmi.transport.Transport$1.run(Transport.java:197)
[MASTER] 05:29:20.837 [Thread-3] ERROR ExternalProcessHandler - 	at sun.rmi.transport.Transport$1.run(Transport.java:197)

	at java.security.AccessController.doPrivileged(Native Method)
[MASTER] 05:29:20.837 [Thread-3] ERROR ExternalProcessHandler - 	at java.security.AccessController.doPrivileged(Native Method)

	at sun.rmi.transport.Transport.serviceCall(Transport.java:196)
[MASTER] 05:29:20.837 [Thread-3] ERROR ExternalProcessHandler - 	at sun.rmi.transport.Transport.serviceCall(Transport.java:196)

	at sun.rmi.transport.tcp.TCPTransport.handleMessages(TCPTransport.java:573)
[MASTER] 05:29:20.837 [Thread-3] ERROR ExternalProcessHandler - 	at sun.rmi.transport.tcp.TCPTransport.handleMessages(TCPTransport.java:573)

	at sun.rmi.transport.tcp.TCPTransport$ConnectionHandler.run0(TCPTransport.java:834)
[MASTER] 05:29:20.838 [Thread-3] ERROR ExternalProcessHandler - 	at sun.rmi.transport.tcp.TCPTransport$ConnectionHandler.run0(TCPTransport.java:834)

	at sun.rmi.transport.tcp.TCPTransport$ConnectionHandler.lambda$run$0(TCPTransport.java:688)
[MASTER] 05:29:20.843 [Thread-3] ERROR ExternalProcessHandler - 	at sun.rmi.transport.tcp.TCPTransport$ConnectionHandler.lambda$run$0(TCPTransport.java:688)

	at java.security.AccessController.doPrivileged(Native Method)
[MASTER] 05:29:20.843 [Thread-3] ERROR ExternalProcessHandler - 	at java.security.AccessController.doPrivileged(Native Method)

	at sun.rmi.transport.tcp.TCPTransport$ConnectionHandler.run(TCPTransport.java:687)
[MASTER] 05:29:20.844 [Thread-3] ERROR ExternalProcessHandler - 	at sun.rmi.transport.tcp.TCPTransport$ConnectionHandler.run(TCPTransport.java:687)

	at java.util.concurrent.ThreadPoolExecutor.runWorker(ThreadPoolExecutor.java:1149)
[MASTER] 05:29:20.844 [Thread-3] ERROR ExternalProcessHandler - 	at java.util.concurrent.ThreadPoolExecutor.runWorker(ThreadPoolExecutor.java:1149)

	at java.util.concurrent.ThreadPoolExecutor$Worker.run(ThreadPoolExecutor.java:624)
[MASTER] 05:29:20.844 [Thread-3] ERROR ExternalProcessHandler - 	at java.util.concurrent.ThreadPoolExecutor$Worker.run(ThreadPoolExecutor.java:624)

	at java.lang.Thread.run(Thread.java:748)
[MASTER] 05:29:20.844 [Thread-3] ERROR ExternalProcessHandler - 	at java.lang.Thread.run(Thread.java:748)

	at sun.rmi.transport.StreamRemoteCall.exceptionReceivedFromServer(StreamRemoteCall.java:303)
[MASTER] 05:29:20.844 [Thread-3] ERROR ExternalProcessHandler - 	at sun.rmi.transport.StreamRemoteCall.exceptionReceivedFromServer(StreamRemoteCall.java:303)

	at sun.rmi.transport.StreamRemoteCall.executeCall(StreamRemoteCall.java:279)
[MASTER] 05:29:20.845 [Thread-3] ERROR ExternalProcessHandler - 	at sun.rmi.transport.StreamRemoteCall.executeCall(StreamRemoteCall.java:279)

	at sun.rmi.server.UnicastRef.invoke(UnicastRef.java:164)
[MASTER] 05:29:20.845 [Thread-3] ERROR ExternalProcessHandler - 	at sun.rmi.server.UnicastRef.invoke(UnicastRef.java:164)

	at java.rmi.server.RemoteObjectInvocationHandler.invokeRemoteMethod(RemoteObjectInvocationHandler.java:235)
[MASTER] 05:29:20.850 [Thread-3] ERROR ExternalProcessHandler - 	at java.rmi.server.RemoteObjectInvocationHandler.invokeRemoteMethod(RemoteObjectInvocationHandler.java:235)

	at java.rmi.server.RemoteObjectInvocationHandler.invoke(RemoteObjectInvocationHandler.java:180)
[MASTER] 05:29:20.850 [Thread-3] ERROR ExternalProcessHandler - 	at java.rmi.server.RemoteObjectInvocationHandler.invoke(RemoteObjectInvocationHandler.java:180)

	at com.sun.proxy.$Proxy7.evosuite_collectStatistics(Unknown Source)
[MASTER] 05:29:20.850 [Thread-3] ERROR ExternalProcessHandler - 	at com.sun.proxy.$Proxy7.evosuite_collectStatistics(Unknown Source)

	at org.evosuite.rmi.service.ClientNodeImpl.updateStatistics(ClientNodeImpl.java:237)
[MASTER] 05:29:20.850 [Thread-3] ERROR ExternalProcessHandler - 	at org.evosuite.rmi.service.ClientNodeImpl.updateStatistics(ClientNodeImpl.java:237)

	at org.evosuite.statistics.StatisticsSender.sendIndividualToMaster(StatisticsSender.java:75)
[MASTER] 05:29:20.851 [Thread-3] ERROR ExternalProcessHandler - 	at org.evosuite.statistics.StatisticsSender.sendIndividualToMaster(StatisticsSender.java:75)

	at org.evosuite.statistics.StatisticsListener$1.run(StatisticsListener.java:71)
[MASTER] 05:29:20.851 [Thread-3] ERROR ExternalProcessHandler - 	at org.evosuite.statistics.StatisticsListener$1.run(StatisticsListener.java:71)

Feb 28, 2020 5:29:25 AM org.openqa.selenium.remote.ProtocolHandshake createSession
[MASTER] 05:29:25.514 [Thread-3] ERROR ExternalProcessHandler - Feb 28, 2020 5:29:25 AM org.openqa.selenium.remote.ProtocolHandshake createSession

INFO: Detected dialect: OSS
[MASTER] 05:29:25.514 [Thread-3] ERROR ExternalProcessHandler - INFO: Detected dialect: OSS

Feb 28, 2020 5:29:29 AM org.openqa.selenium.remote.ProtocolHandshake createSession
[MASTER] 05:29:29.223 [Thread-3] ERROR ExternalProcessHandler - Feb 28, 2020 5:29:29 AM org.openqa.selenium.remote.ProtocolHandshake createSession

INFO: Detected dialect: OSS
[MASTER] 05:29:29.224 [Thread-3] ERROR ExternalProcessHandler - INFO: Detected dialect: OSS

Feb 28, 2020 5:29:33 AM org.openqa.selenium.remote.ProtocolHandshake createSession
[MASTER] 05:29:33.839 [Thread-3] ERROR ExternalProcessHandler - Feb 28, 2020 5:29:33 AM org.openqa.selenium.remote.ProtocolHandshake createSession

INFO: Detected dialect: OSS
[MASTER] 05:29:33.840 [Thread-3] ERROR ExternalProcessHandler - INFO: Detected dialect: OSS

Feb 28, 2020 5:29:38 AM org.openqa.selenium.remote.ProtocolHandshake createSession
[MASTER] 05:29:38.876 [Thread-3] ERROR ExternalProcessHandler - Feb 28, 2020 5:29:38 AM org.openqa.selenium.remote.ProtocolHandshake createSession

INFO: Detected dialect: OSS
[MASTER] 05:29:38.876 [Thread-3] ERROR ExternalProcessHandler - INFO: Detected dialect: OSS

Feb 28, 2020 5:29:46 AM org.openqa.selenium.remote.ProtocolHandshake createSession
[MASTER] 05:29:46.590 [Thread-3] ERROR ExternalProcessHandler - Feb 28, 2020 5:29:46 AM org.openqa.selenium.remote.ProtocolHandshake createSession

INFO: Detected dialect: OSS
[MASTER] 05:29:46.590 [Thread-3] ERROR ExternalProcessHandler - INFO: Detected dialect: OSS

Feb 28, 2020 5:29:51 AM org.openqa.selenium.remote.ProtocolHandshake createSession
[MASTER] 05:29:51.521 [Thread-3] ERROR ExternalProcessHandler - Feb 28, 2020 5:29:51 AM org.openqa.selenium.remote.ProtocolHandshake createSession

INFO: Detected dialect: OSS
[MASTER] 05:29:51.521 [Thread-3] ERROR ExternalProcessHandler - INFO: Detected dialect: OSS

Feb 28, 2020 5:29:56 AM po_utils.PageObjectLogging logInfo
[MASTER] 05:29:56.351 [Thread-3] ERROR ExternalProcessHandler - Feb 28, 2020 5:29:56 AM po_utils.PageObjectLogging logInfo

INFO: waitForElementBeingPresentOnPage timeout exception: unable to locate the element By.xpath: //div[contains(@class,"liquid-child")]
[MASTER] 05:29:56.352 [Thread-3] ERROR ExternalProcessHandler - INFO: waitForElementBeingPresentOnPage timeout exception: unable to locate the element By.xpath: //div[contains(@class,"liquid-child")]


[MASTER] 05:29:56.352 [Thread-3] ERROR ExternalProcessHandler - 


[MASTER] 05:29:56.352 [Thread-3] ERROR ExternalProcessHandler - 

Feb 28, 2020 5:29:57 AM org.openqa.selenium.remote.ProtocolHandshake createSession
[MASTER] 05:29:57.714 [Thread-3] ERROR ExternalProcessHandler - Feb 28, 2020 5:29:57 AM org.openqa.selenium.remote.ProtocolHandshake createSession

INFO: Detected dialect: OSS
[MASTER] 05:29:57.714 [Thread-3] ERROR ExternalProcessHandler - INFO: Detected dialect: OSS

Feb 28, 2020 5:30:01 AM po_utils.PageObjectLogging logInfo
[MASTER] 05:30:01.522 [Thread-3] ERROR ExternalProcessHandler - Feb 28, 2020 5:30:01 AM po_utils.PageObjectLogging logInfo

INFO: waitForElementBeingPresentOnPage timeout exception: unable to locate the element By.xpath: //div[contains(@class,"liquid-child")]
[MASTER] 05:30:01.522 [Thread-3] ERROR ExternalProcessHandler - INFO: waitForElementBeingPresentOnPage timeout exception: unable to locate the element By.xpath: //div[contains(@class,"liquid-child")]


[MASTER] 05:30:01.522 [Thread-3] ERROR ExternalProcessHandler - 


[MASTER] 05:30:01.522 [Thread-3] ERROR ExternalProcessHandler - 

Feb 28, 2020 5:30:07 AM po_utils.PageObjectLogging logInfo
[MASTER] 05:30:07.356 [Thread-3] ERROR ExternalProcessHandler - Feb 28, 2020 5:30:07 AM po_utils.PageObjectLogging logInfo

INFO: waitForElementBeingPresentOnPage timeout exception: unable to locate the element By.xpath: //div[contains(@class,"liquid-child")]
[MASTER] 05:30:07.357 [Thread-3] ERROR ExternalProcessHandler - INFO: waitForElementBeingPresentOnPage timeout exception: unable to locate the element By.xpath: //div[contains(@class,"liquid-child")]


[MASTER] 05:30:07.357 [Thread-3] ERROR ExternalProcessHandler - 


[MASTER] 05:30:07.357 [Thread-3] ERROR ExternalProcessHandler - 

Feb 28, 2020 5:30:12 AM org.openqa.selenium.remote.ProtocolHandshake createSession
[MASTER] 05:30:12.615 [Thread-3] ERROR ExternalProcessHandler - Feb 28, 2020 5:30:12 AM org.openqa.selenium.remote.ProtocolHandshake createSession

INFO: Detected dialect: OSS
[MASTER] 05:30:12.615 [Thread-3] ERROR ExternalProcessHandler - INFO: Detected dialect: OSS

Feb 28, 2020 5:30:17 AM po_utils.PageObjectLogging logInfo
[MASTER] 05:30:17.189 [Thread-3] ERROR ExternalProcessHandler - Feb 28, 2020 5:30:17 AM po_utils.PageObjectLogging logInfo

INFO: waitForElementBeingPresentOnPage timeout exception: unable to locate the element By.xpath: //div[contains(@class,"liquid-child")]
[MASTER] 05:30:17.189 [Thread-3] ERROR ExternalProcessHandler - INFO: waitForElementBeingPresentOnPage timeout exception: unable to locate the element By.xpath: //div[contains(@class,"liquid-child")]


[MASTER] 05:30:17.189 [Thread-3] ERROR ExternalProcessHandler - 


[MASTER] 05:30:17.189 [Thread-3] ERROR ExternalProcessHandler - 

Feb 28, 2020 5:30:25 AM po_utils.PageObjectLogging logInfo
[MASTER] 05:30:25.423 [Thread-3] ERROR ExternalProcessHandler - Feb 28, 2020 5:30:25 AM po_utils.PageObjectLogging logInfo

INFO: waitForElementBeingPresentOnPage timeout exception: unable to locate the element By.xpath: //div[contains(@class,"liquid-child")]
[MASTER] 05:30:25.423 [Thread-3] ERROR ExternalProcessHandler - INFO: waitForElementBeingPresentOnPage timeout exception: unable to locate the element By.xpath: //div[contains(@class,"liquid-child")]


[MASTER] 05:30:25.423 [Thread-3] ERROR ExternalProcessHandler - 


[MASTER] 05:30:25.423 [Thread-3] ERROR ExternalProcessHandler - 

Feb 28, 2020 5:30:32 AM org.openqa.selenium.remote.ProtocolHandshake createSession
[MASTER] 05:30:32.984 [Thread-3] ERROR ExternalProcessHandler - Feb 28, 2020 5:30:32 AM org.openqa.selenium.remote.ProtocolHandshake createSession

INFO: Detected dialect: OSS
[MASTER] 05:30:32.984 [Thread-3] ERROR ExternalProcessHandler - INFO: Detected dialect: OSS

Feb 28, 2020 5:30:39 AM po_utils.PageObjectLogging logInfo
[MASTER] 05:30:39.188 [Thread-3] ERROR ExternalProcessHandler - Feb 28, 2020 5:30:39 AM po_utils.PageObjectLogging logInfo

INFO: waitForElementBeingPresentOnPage timeout exception: unable to locate the element By.xpath: //div[contains(@class,"liquid-child")]
[MASTER] 05:30:39.189 [Thread-3] ERROR ExternalProcessHandler - INFO: waitForElementBeingPresentOnPage timeout exception: unable to locate the element By.xpath: //div[contains(@class,"liquid-child")]


[MASTER] 05:30:39.189 [Thread-3] ERROR ExternalProcessHandler - 


[MASTER] 05:30:39.189 [Thread-3] ERROR ExternalProcessHandler - 

Feb 28, 2020 5:30:49 AM po_utils.PageObjectLogging logInfo
[MASTER] 05:30:49.826 [Thread-3] ERROR ExternalProcessHandler - Feb 28, 2020 5:30:49 AM po_utils.PageObjectLogging logInfo

INFO: waitForElementBeingPresentOnPage timeout exception: unable to locate the element By.xpath: //div[contains(@class,"liquid-child")]
[MASTER] 05:30:49.827 [Thread-3] ERROR ExternalProcessHandler - INFO: waitForElementBeingPresentOnPage timeout exception: unable to locate the element By.xpath: //div[contains(@class,"liquid-child")]


[MASTER] 05:30:49.827 [Thread-3] ERROR ExternalProcessHandler - 


[MASTER] 05:30:49.827 [Thread-3] ERROR ExternalProcessHandler - 

Feb 28, 2020 5:30:59 AM org.openqa.selenium.remote.ProtocolHandshake createSession
[MASTER] 05:30:59.662 [Thread-3] ERROR ExternalProcessHandler - Feb 28, 2020 5:30:59 AM org.openqa.selenium.remote.ProtocolHandshake createSession

INFO: Detected dialect: OSS
[MASTER] 05:30:59.662 [Thread-3] ERROR ExternalProcessHandler - INFO: Detected dialect: OSS

Feb 28, 2020 5:35:06 AM po_utils.PageObjectLogging logInfo
[MASTER] 05:35:06.640 [Thread-3] ERROR ExternalProcessHandler - Feb 28, 2020 5:35:06 AM po_utils.PageObjectLogging logInfo

INFO: waitForElementBeingPresentOnPage timeout exception: unable to locate the element By.xpath: //div[contains(@class,"liquid-child")]
[MASTER] 05:35:06.641 [Thread-3] ERROR ExternalProcessHandler - INFO: waitForElementBeingPresentOnPage timeout exception: unable to locate the element By.xpath: //div[contains(@class,"liquid-child")]


[MASTER] 05:35:06.641 [Thread-3] ERROR ExternalProcessHandler - 


[MASTER] 05:35:06.641 [Thread-3] ERROR ExternalProcessHandler - 

Feb 28, 2020 5:35:19 AM po_utils.PageObjectLogging logInfo
[MASTER] 05:35:19.702 [Thread-3] ERROR ExternalProcessHandler - Feb 28, 2020 5:35:19 AM po_utils.PageObjectLogging logInfo

INFO: waitForElementBeingPresentOnPage timeout exception: unable to locate the element By.xpath: //div[contains(@class,"liquid-child")]
[MASTER] 05:35:19.702 [Thread-3] ERROR ExternalProcessHandler - INFO: waitForElementBeingPresentOnPage timeout exception: unable to locate the element By.xpath: //div[contains(@class,"liquid-child")]


[MASTER] 05:35:19.702 [Thread-3] ERROR ExternalProcessHandler - 


[MASTER] 05:35:19.702 [Thread-3] ERROR ExternalProcessHandler - 

[MASTER] 05:35:31.744 [logback-2] ERROR TestCaseExecutor - TG: Exception caught: 
java.lang.IllegalStateException: Test generation failed: page object bug.
	at org.evosuite.testcase.execution.TestCaseExecutor.runTest(TestCaseExecutor.java:320) ~[evosuite-client-1.0.4-SNAPSHOT.jar:na]
	at org.evosuite.testcase.TestFitnessFunction.runTest(TestFitnessFunction.java:91) [evosuite-client-1.0.4-SNAPSHOT.jar:na]
	at org.evosuite.testcase.TestFitnessFunction.getFitness(TestFitnessFunction.java:60) [evosuite-client-1.0.4-SNAPSHOT.jar:na]
	at org.evosuite.testcase.TestFitnessFunction.getFitness(TestFitnessFunction.java:34) [evosuite-client-1.0.4-SNAPSHOT.jar:na]
	at org.evosuite.ga.metaheuristics.art.AdaptiveRandomSearch.calculateFitness(AdaptiveRandomSearch.java:312) [evosuite-client-1.0.4-SNAPSHOT.jar:na]
	at org.evosuite.ga.metaheuristics.art.AdaptiveRandomSearch.evolve(AdaptiveRandomSearch.java:139) [evosuite-client-1.0.4-SNAPSHOT.jar:na]
	at org.evosuite.ga.metaheuristics.art.AdaptiveRandomSearch.generateSolution(AdaptiveRandomSearch.java:270) [evosuite-client-1.0.4-SNAPSHOT.jar:na]
	at org.evosuite.strategy.AdaptiveRandomTestStrategy.generateTests(AdaptiveRandomTestStrategy.java:118) [evosuite-client-1.0.4-SNAPSHOT.jar:na]
	at org.evosuite.TestSuiteGenerator.generateTests(TestSuiteGenerator.java:654) [evosuite-client-1.0.4-SNAPSHOT.jar:na]
	at org.evosuite.TestSuiteGenerator.generateTestSuite(TestSuiteGenerator.java:213) [evosuite-client-1.0.4-SNAPSHOT.jar:na]
	at org.evosuite.rmi.service.ClientNodeImpl$1.run(ClientNodeImpl.java:145) [evosuite-client-1.0.4-SNAPSHOT.jar:na]
	at java.util.concurrent.Executors$RunnableAdapter.call(Executors.java:511) [na:1.8.0_242]
	at java.util.concurrent.FutureTask.run(FutureTask.java:266) [na:1.8.0_242]
	at java.util.concurrent.ThreadPoolExecutor.runWorker(ThreadPoolExecutor.java:1149) [na:1.8.0_242]
	at java.util.concurrent.ThreadPoolExecutor$Worker.run(ThreadPoolExecutor.java:624) [na:1.8.0_242]
	at java.lang.Thread.run(Thread.java:748) [na:1.8.0_242]
[MASTER] 05:35:31.744 [logback-2] ERROR ClientNodeImpl - Error when generating tests for: main.ClassUnderTest with seed 1582867680406. Configuration id : null
java.lang.Error: java.lang.IllegalStateException: Test generation failed: page object bug.
	at org.evosuite.testcase.execution.TestCaseExecutor.runTest(TestCaseExecutor.java:336) ~[evosuite-client-1.0.4-SNAPSHOT.jar:na]
	at org.evosuite.testcase.TestFitnessFunction.runTest(TestFitnessFunction.java:91) ~[evosuite-client-1.0.4-SNAPSHOT.jar:na]
	at org.evosuite.testcase.TestFitnessFunction.getFitness(TestFitnessFunction.java:60) ~[evosuite-client-1.0.4-SNAPSHOT.jar:na]
	at org.evosuite.testcase.TestFitnessFunction.getFitness(TestFitnessFunction.java:34) ~[evosuite-client-1.0.4-SNAPSHOT.jar:na]
	at org.evosuite.ga.metaheuristics.art.AdaptiveRandomSearch.calculateFitness(AdaptiveRandomSearch.java:312) ~[evosuite-client-1.0.4-SNAPSHOT.jar:na]
	at org.evosuite.ga.metaheuristics.art.AdaptiveRandomSearch.evolve(AdaptiveRandomSearch.java:139) ~[evosuite-client-1.0.4-SNAPSHOT.jar:na]
	at org.evosuite.ga.metaheuristics.art.AdaptiveRandomSearch.generateSolution(AdaptiveRandomSearch.java:270) ~[evosuite-client-1.0.4-SNAPSHOT.jar:na]
	at org.evosuite.strategy.AdaptiveRandomTestStrategy.generateTests(AdaptiveRandomTestStrategy.java:118) ~[evosuite-client-1.0.4-SNAPSHOT.jar:na]
	at org.evosuite.TestSuiteGenerator.generateTests(TestSuiteGenerator.java:654) ~[evosuite-client-1.0.4-SNAPSHOT.jar:na]
	at org.evosuite.TestSuiteGenerator.generateTestSuite(TestSuiteGenerator.java:213) ~[evosuite-client-1.0.4-SNAPSHOT.jar:na]
	at org.evosuite.rmi.service.ClientNodeImpl$1.run(ClientNodeImpl.java:145) ~[evosuite-client-1.0.4-SNAPSHOT.jar:na]
	at java.util.concurrent.Executors$RunnableAdapter.call(Executors.java:511) [na:1.8.0_242]
	at java.util.concurrent.FutureTask.run(FutureTask.java:266) [na:1.8.0_242]
	at java.util.concurrent.ThreadPoolExecutor.runWorker(ThreadPoolExecutor.java:1149) [na:1.8.0_242]
	at java.util.concurrent.ThreadPoolExecutor$Worker.run(ThreadPoolExecutor.java:624) [na:1.8.0_242]
	at java.lang.Thread.run(Thread.java:748) [na:1.8.0_242]
Caused by: java.lang.IllegalStateException: Test generation failed: page object bug.
	at org.evosuite.testcase.execution.TestCaseExecutor.runTest(TestCaseExecutor.java:320) ~[evosuite-client-1.0.4-SNAPSHOT.jar:na]
	... 15 common frames omitted
[MASTER] 05:35:31.860 [main] ERROR SearchStatistics - No statistics has been saved because EvoSuite failed to generate any test case
[MASTER] 05:35:31.962 [main] ERROR TestGeneration - failed to write statistics data
