SLF4J: Class path contains multiple SLF4J bindings.
SLF4J: Found binding in [jar:file:/home/ubuntu/.m2/repository/ch/qos/logback/logback-classic/1.1.3/logback-classic-1.1.3.jar!/org/slf4j/impl/StaticLoggerBinder.class]
SLF4J: Found binding in [jar:file:/home/ubuntu/.m2/repository/org/evosuite/evosuite-master/1.0.4-SNAPSHOT/evosuite-master-1.0.4-SNAPSHOT.jar!/org/slf4j/impl/StaticLoggerBinder.class]
SLF4J: See http://www.slf4j.org/codes.html#multiple_bindings for an explanation.
SLF4J: Actual binding is of type [ch.qos.logback.classic.util.ContextSelectorStaticBinder]
SLF4J: Class path contains multiple SLF4J bindings.
[MASTER] 03:32:04.328 [Thread-3] ERROR ExternalProcessHandler - SLF4J: Class path contains multiple SLF4J bindings.

SLF4J: Found binding in [jar:file:/home/ubuntu/.m2/repository/ch/qos/logback/logback-classic/1.1.3/logback-classic-1.1.3.jar!/org/slf4j/impl/StaticLoggerBinder.class]
[MASTER] 03:32:04.330 [Thread-3] ERROR ExternalProcessHandler - SLF4J: Found binding in [jar:file:/home/ubuntu/.m2/repository/ch/qos/logback/logback-classic/1.1.3/logback-classic-1.1.3.jar!/org/slf4j/impl/StaticLoggerBinder.class]

SLF4J: Found binding in [jar:file:/home/ubuntu/.m2/repository/org/evosuite/evosuite-master/1.0.4-SNAPSHOT/evosuite-master-1.0.4-SNAPSHOT.jar!/org/slf4j/impl/StaticLoggerBinder.class]
[MASTER] 03:32:04.332 [Thread-3] ERROR ExternalProcessHandler - SLF4J: Found binding in [jar:file:/home/ubuntu/.m2/repository/org/evosuite/evosuite-master/1.0.4-SNAPSHOT/evosuite-master-1.0.4-SNAPSHOT.jar!/org/slf4j/impl/StaticLoggerBinder.class]

SLF4J: See http://www.slf4j.org/codes.html#multiple_bindings for an explanation.
[MASTER] 03:32:04.334 [Thread-3] ERROR ExternalProcessHandler - SLF4J: See http://www.slf4j.org/codes.html#multiple_bindings for an explanation.

SLF4J: Actual binding is of type [ch.qos.logback.classic.util.ContextSelectorStaticBinder]
[MASTER] 03:32:19.645 [Thread-3] ERROR ExternalProcessHandler - SLF4J: Actual binding is of type [ch.qos.logback.classic.util.ContextSelectorStaticBinder]

Feb 28, 2020 3:33:09 AM org.openqa.selenium.remote.ProtocolHandshake createSession
[MASTER] 03:33:09.288 [Thread-3] ERROR ExternalProcessHandler - Feb 28, 2020 3:33:09 AM org.openqa.selenium.remote.ProtocolHandshake createSession

INFO: Detected dialect: OSS
[MASTER] 03:33:09.288 [Thread-3] ERROR ExternalProcessHandler - INFO: Detected dialect: OSS

Feb 28, 2020 3:33:36 AM po_utils.PageObjectLogging logInfo
[MASTER] 03:33:36.081 [Thread-3] ERROR ExternalProcessHandler - Feb 28, 2020 3:33:36 AM po_utils.PageObjectLogging logInfo

INFO: waitForElementBeingPresentOnPage timeout exception: unable to locate the element By.xpath: //input[@placeholder="Example: Trip to Barcelona"]
[MASTER] 03:33:36.082 [Thread-3] ERROR ExternalProcessHandler - INFO: waitForElementBeingPresentOnPage timeout exception: unable to locate the element By.xpath: //input[@placeholder="Example: Trip to Barcelona"]


[MASTER] 03:33:36.082 [Thread-3] ERROR ExternalProcessHandler - 


[MASTER] 03:33:36.082 [Thread-3] ERROR ExternalProcessHandler - 

Feb 28, 2020 3:33:36 AM org.openqa.selenium.remote.ProtocolHandshake createSession
[MASTER] 03:33:36.313 [Thread-3] ERROR ExternalProcessHandler - Feb 28, 2020 3:33:36 AM org.openqa.selenium.remote.ProtocolHandshake createSession

INFO: Detected dialect: OSS
[MASTER] 03:33:36.313 [Thread-3] ERROR ExternalProcessHandler - INFO: Detected dialect: OSS

Feb 28, 2020 3:33:44 AM po_utils.PageObjectLogging logInfo
[MASTER] 03:33:44.368 [Thread-3] ERROR ExternalProcessHandler - Feb 28, 2020 3:33:44 AM po_utils.PageObjectLogging logInfo

INFO: waitForElementBeingPresentOnPage timeout exception: unable to locate the element By.xpath: //input[@placeholder="Example: Trip to Barcelona"]
[MASTER] 03:33:44.369 [Thread-3] ERROR ExternalProcessHandler - INFO: waitForElementBeingPresentOnPage timeout exception: unable to locate the element By.xpath: //input[@placeholder="Example: Trip to Barcelona"]


[MASTER] 03:33:44.369 [Thread-3] ERROR ExternalProcessHandler - 


[MASTER] 03:33:44.369 [Thread-3] ERROR ExternalProcessHandler - 

Feb 28, 2020 3:33:45 AM org.openqa.selenium.remote.ProtocolHandshake createSession
[MASTER] 03:33:45.033 [Thread-3] ERROR ExternalProcessHandler - Feb 28, 2020 3:33:45 AM org.openqa.selenium.remote.ProtocolHandshake createSession

INFO: Detected dialect: OSS
[MASTER] 03:33:45.034 [Thread-3] ERROR ExternalProcessHandler - INFO: Detected dialect: OSS

Feb 28, 2020 3:33:52 AM org.openqa.selenium.remote.ProtocolHandshake createSession
[MASTER] 03:33:52.295 [Thread-3] ERROR ExternalProcessHandler - Feb 28, 2020 3:33:52 AM org.openqa.selenium.remote.ProtocolHandshake createSession

INFO: Detected dialect: OSS
[MASTER] 03:33:52.295 [Thread-3] ERROR ExternalProcessHandler - INFO: Detected dialect: OSS

Exception in thread "Thread-3" java.lang.ClassCastException: org.evosuite.testcase.TestChromosome cannot be cast to org.evosuite.testsuite.TestSuiteChromosome
[MASTER] 03:33:52.840 [Thread-3] ERROR ExternalProcessHandler - Exception in thread "Thread-3" java.lang.ClassCastException: org.evosuite.testcase.TestChromosome cannot be cast to org.evosuite.testsuite.TestSuiteChromosome

	at org.evosuite.statistics.SearchStatistics.currentIndividual(SearchStatistics.java:181)
[MASTER] 03:33:52.841 [Thread-3] ERROR ExternalProcessHandler - 	at org.evosuite.statistics.SearchStatistics.currentIndividual(SearchStatistics.java:181)

	at org.evosuite.rmi.service.MasterNodeImpl.evosuite_collectStatistics(MasterNodeImpl.java:166)
[MASTER] 03:33:52.841 [Thread-3] ERROR ExternalProcessHandler - 	at org.evosuite.rmi.service.MasterNodeImpl.evosuite_collectStatistics(MasterNodeImpl.java:166)

	at sun.reflect.NativeMethodAccessorImpl.invoke0(Native Method)
[MASTER] 03:33:52.841 [Thread-3] ERROR ExternalProcessHandler - 	at sun.reflect.NativeMethodAccessorImpl.invoke0(Native Method)

	at sun.reflect.NativeMethodAccessorImpl.invoke(NativeMethodAccessorImpl.java:62)
[MASTER] 03:33:52.841 [Thread-3] ERROR ExternalProcessHandler - 	at sun.reflect.NativeMethodAccessorImpl.invoke(NativeMethodAccessorImpl.java:62)

	at sun.reflect.DelegatingMethodAccessorImpl.invoke(DelegatingMethodAccessorImpl.java:43)
[MASTER] 03:33:52.842 [Thread-3] ERROR ExternalProcessHandler - 	at sun.reflect.DelegatingMethodAccessorImpl.invoke(DelegatingMethodAccessorImpl.java:43)

	at java.lang.reflect.Method.invoke(Method.java:498)
[MASTER] 03:33:52.842 [Thread-3] ERROR ExternalProcessHandler - 	at java.lang.reflect.Method.invoke(Method.java:498)

	at sun.rmi.server.UnicastServerRef.dispatch(UnicastServerRef.java:357)
[MASTER] 03:33:52.842 [Thread-3] ERROR ExternalProcessHandler - 	at sun.rmi.server.UnicastServerRef.dispatch(UnicastServerRef.java:357)

	at sun.rmi.transport.Transport$1.run(Transport.java:200)
[MASTER] 03:33:52.842 [Thread-3] ERROR ExternalProcessHandler - 	at sun.rmi.transport.Transport$1.run(Transport.java:200)

	at sun.rmi.transport.Transport$1.run(Transport.java:197)
[MASTER] 03:33:52.842 [Thread-3] ERROR ExternalProcessHandler - 	at sun.rmi.transport.Transport$1.run(Transport.java:197)

	at java.security.AccessController.doPrivileged(Native Method)
[MASTER] 03:33:52.843 [Thread-3] ERROR ExternalProcessHandler - 	at java.security.AccessController.doPrivileged(Native Method)

	at sun.rmi.transport.Transport.serviceCall(Transport.java:196)
[MASTER] 03:33:52.843 [Thread-3] ERROR ExternalProcessHandler - 	at sun.rmi.transport.Transport.serviceCall(Transport.java:196)

	at sun.rmi.transport.tcp.TCPTransport.handleMessages(TCPTransport.java:573)
[MASTER] 03:33:52.843 [Thread-3] ERROR ExternalProcessHandler - 	at sun.rmi.transport.tcp.TCPTransport.handleMessages(TCPTransport.java:573)

	at sun.rmi.transport.tcp.TCPTransport$ConnectionHandler.run0(TCPTransport.java:834)
[MASTER] 03:33:52.843 [Thread-3] ERROR ExternalProcessHandler - 	at sun.rmi.transport.tcp.TCPTransport$ConnectionHandler.run0(TCPTransport.java:834)

	at sun.rmi.transport.tcp.TCPTransport$ConnectionHandler.lambda$run$0(TCPTransport.java:688)
[MASTER] 03:33:52.843 [Thread-3] ERROR ExternalProcessHandler - 	at sun.rmi.transport.tcp.TCPTransport$ConnectionHandler.lambda$run$0(TCPTransport.java:688)

	at java.security.AccessController.doPrivileged(Native Method)
[MASTER] 03:33:52.844 [Thread-3] ERROR ExternalProcessHandler - 	at java.security.AccessController.doPrivileged(Native Method)

	at sun.rmi.transport.tcp.TCPTransport$ConnectionHandler.run(TCPTransport.java:687)
[MASTER] 03:33:52.844 [Thread-3] ERROR ExternalProcessHandler - 	at sun.rmi.transport.tcp.TCPTransport$ConnectionHandler.run(TCPTransport.java:687)

	at java.util.concurrent.ThreadPoolExecutor.runWorker(ThreadPoolExecutor.java:1149)
[MASTER] 03:33:52.844 [Thread-3] ERROR ExternalProcessHandler - 	at java.util.concurrent.ThreadPoolExecutor.runWorker(ThreadPoolExecutor.java:1149)

	at java.util.concurrent.ThreadPoolExecutor$Worker.run(ThreadPoolExecutor.java:624)
[MASTER] 03:33:52.844 [Thread-3] ERROR ExternalProcessHandler - 	at java.util.concurrent.ThreadPoolExecutor$Worker.run(ThreadPoolExecutor.java:624)

	at java.lang.Thread.run(Thread.java:748)
[MASTER] 03:33:52.844 [Thread-3] ERROR ExternalProcessHandler - 	at java.lang.Thread.run(Thread.java:748)

	at sun.rmi.transport.StreamRemoteCall.exceptionReceivedFromServer(StreamRemoteCall.java:303)
[MASTER] 03:33:52.845 [Thread-3] ERROR ExternalProcessHandler - 	at sun.rmi.transport.StreamRemoteCall.exceptionReceivedFromServer(StreamRemoteCall.java:303)

	at sun.rmi.transport.StreamRemoteCall.executeCall(StreamRemoteCall.java:279)
[MASTER] 03:33:52.845 [Thread-3] ERROR ExternalProcessHandler - 	at sun.rmi.transport.StreamRemoteCall.executeCall(StreamRemoteCall.java:279)

	at sun.rmi.server.UnicastRef.invoke(UnicastRef.java:164)
[MASTER] 03:33:52.845 [Thread-3] ERROR ExternalProcessHandler - 	at sun.rmi.server.UnicastRef.invoke(UnicastRef.java:164)

	at java.rmi.server.RemoteObjectInvocationHandler.invokeRemoteMethod(RemoteObjectInvocationHandler.java:235)
[MASTER] 03:33:52.845 [Thread-3] ERROR ExternalProcessHandler - 	at java.rmi.server.RemoteObjectInvocationHandler.invokeRemoteMethod(RemoteObjectInvocationHandler.java:235)

	at java.rmi.server.RemoteObjectInvocationHandler.invoke(RemoteObjectInvocationHandler.java:180)
[MASTER] 03:33:52.846 [Thread-3] ERROR ExternalProcessHandler - 	at java.rmi.server.RemoteObjectInvocationHandler.invoke(RemoteObjectInvocationHandler.java:180)

	at com.sun.proxy.$Proxy7.evosuite_collectStatistics(Unknown Source)
[MASTER] 03:33:52.846 [Thread-3] ERROR ExternalProcessHandler - 	at com.sun.proxy.$Proxy7.evosuite_collectStatistics(Unknown Source)

	at org.evosuite.rmi.service.ClientNodeImpl.updateStatistics(ClientNodeImpl.java:237)
[MASTER] 03:33:52.846 [Thread-3] ERROR ExternalProcessHandler - 	at org.evosuite.rmi.service.ClientNodeImpl.updateStatistics(ClientNodeImpl.java:237)

	at org.evosuite.statistics.StatisticsSender.sendIndividualToMaster(StatisticsSender.java:75)
[MASTER] 03:33:52.846 [Thread-3] ERROR ExternalProcessHandler - 	at org.evosuite.statistics.StatisticsSender.sendIndividualToMaster(StatisticsSender.java:75)

	at org.evosuite.statistics.StatisticsListener$1.run(StatisticsListener.java:71)
[MASTER] 03:33:52.847 [Thread-3] ERROR ExternalProcessHandler - 	at org.evosuite.statistics.StatisticsListener$1.run(StatisticsListener.java:71)

Feb 28, 2020 3:33:56 AM org.openqa.selenium.remote.ProtocolHandshake createSession
[MASTER] 03:33:56.093 [Thread-3] ERROR ExternalProcessHandler - Feb 28, 2020 3:33:56 AM org.openqa.selenium.remote.ProtocolHandshake createSession

INFO: Detected dialect: OSS
[MASTER] 03:33:56.093 [Thread-3] ERROR ExternalProcessHandler - INFO: Detected dialect: OSS

Feb 28, 2020 3:33:59 AM po_utils.PageObjectLogging logInfo
[MASTER] 03:33:59.324 [Thread-3] ERROR ExternalProcessHandler - Feb 28, 2020 3:33:59 AM po_utils.PageObjectLogging logInfo

INFO: waitForElementBeingPresentOnPage timeout exception: unable to locate the element By.xpath: //div[contains(@class,"liquid-child")]
[MASTER] 03:33:59.325 [Thread-3] ERROR ExternalProcessHandler - INFO: waitForElementBeingPresentOnPage timeout exception: unable to locate the element By.xpath: //div[contains(@class,"liquid-child")]


[MASTER] 03:33:59.325 [Thread-3] ERROR ExternalProcessHandler - 


[MASTER] 03:33:59.325 [Thread-3] ERROR ExternalProcessHandler - 

Feb 28, 2020 3:34:00 AM org.openqa.selenium.remote.ProtocolHandshake createSession
[MASTER] 03:34:00.309 [Thread-3] ERROR ExternalProcessHandler - Feb 28, 2020 3:34:00 AM org.openqa.selenium.remote.ProtocolHandshake createSession

INFO: Detected dialect: OSS
[MASTER] 03:34:00.309 [Thread-3] ERROR ExternalProcessHandler - INFO: Detected dialect: OSS

Feb 28, 2020 3:34:04 AM org.openqa.selenium.remote.ProtocolHandshake createSession
[MASTER] 03:34:04.210 [Thread-3] ERROR ExternalProcessHandler - Feb 28, 2020 3:34:04 AM org.openqa.selenium.remote.ProtocolHandshake createSession

INFO: Detected dialect: OSS
[MASTER] 03:34:04.210 [Thread-3] ERROR ExternalProcessHandler - INFO: Detected dialect: OSS

Feb 28, 2020 3:34:07 AM org.openqa.selenium.remote.ProtocolHandshake createSession
[MASTER] 03:34:07.746 [Thread-3] ERROR ExternalProcessHandler - Feb 28, 2020 3:34:07 AM org.openqa.selenium.remote.ProtocolHandshake createSession

INFO: Detected dialect: OSS
[MASTER] 03:34:07.746 [Thread-3] ERROR ExternalProcessHandler - INFO: Detected dialect: OSS

Feb 28, 2020 3:34:11 AM org.openqa.selenium.remote.ProtocolHandshake createSession
[MASTER] 03:34:11.283 [Thread-3] ERROR ExternalProcessHandler - Feb 28, 2020 3:34:11 AM org.openqa.selenium.remote.ProtocolHandshake createSession

INFO: Detected dialect: OSS
[MASTER] 03:34:11.283 [Thread-3] ERROR ExternalProcessHandler - INFO: Detected dialect: OSS

Feb 28, 2020 3:34:14 AM org.openqa.selenium.remote.ProtocolHandshake createSession
[MASTER] 03:34:14.409 [Thread-3] ERROR ExternalProcessHandler - Feb 28, 2020 3:34:14 AM org.openqa.selenium.remote.ProtocolHandshake createSession

INFO: Detected dialect: OSS
[MASTER] 03:34:14.409 [Thread-3] ERROR ExternalProcessHandler - INFO: Detected dialect: OSS

Feb 28, 2020 3:34:17 AM org.openqa.selenium.remote.ProtocolHandshake createSession
[MASTER] 03:34:17.916 [Thread-3] ERROR ExternalProcessHandler - Feb 28, 2020 3:34:17 AM org.openqa.selenium.remote.ProtocolHandshake createSession

INFO: Detected dialect: OSS
[MASTER] 03:34:17.916 [Thread-3] ERROR ExternalProcessHandler - INFO: Detected dialect: OSS

Feb 28, 2020 3:34:19 AM org.openqa.selenium.remote.ProtocolHandshake createSession
[MASTER] 03:34:19.565 [Thread-3] ERROR ExternalProcessHandler - Feb 28, 2020 3:34:19 AM org.openqa.selenium.remote.ProtocolHandshake createSession

INFO: Detected dialect: OSS
[MASTER] 03:34:19.565 [Thread-3] ERROR ExternalProcessHandler - INFO: Detected dialect: OSS

Feb 28, 2020 3:34:24 AM po_utils.PageObjectLogging logInfo
[MASTER] 03:34:24.195 [Thread-3] ERROR ExternalProcessHandler - Feb 28, 2020 3:34:24 AM po_utils.PageObjectLogging logInfo

INFO: waitForElementBeingPresentOnPage timeout exception: unable to locate the element By.xpath: //div[contains(@class,"liquid-child")]
[MASTER] 03:34:24.196 [Thread-3] ERROR ExternalProcessHandler - INFO: waitForElementBeingPresentOnPage timeout exception: unable to locate the element By.xpath: //div[contains(@class,"liquid-child")]


[MASTER] 03:34:24.196 [Thread-3] ERROR ExternalProcessHandler - 


[MASTER] 03:34:24.196 [Thread-3] ERROR ExternalProcessHandler - 

Feb 28, 2020 3:34:26 AM org.openqa.selenium.remote.ProtocolHandshake createSession
[MASTER] 03:34:26.874 [Thread-3] ERROR ExternalProcessHandler - Feb 28, 2020 3:34:26 AM org.openqa.selenium.remote.ProtocolHandshake createSession

INFO: Detected dialect: OSS
[MASTER] 03:34:26.874 [Thread-3] ERROR ExternalProcessHandler - INFO: Detected dialect: OSS

Feb 28, 2020 3:34:32 AM po_utils.PageObjectLogging logInfo
[MASTER] 03:34:32.788 [Thread-3] ERROR ExternalProcessHandler - Feb 28, 2020 3:34:32 AM po_utils.PageObjectLogging logInfo

INFO: waitForElementBeingPresentOnPage timeout exception: unable to locate the element By.xpath: //div[contains(@class,"liquid-child")]
[MASTER] 03:34:32.789 [Thread-3] ERROR ExternalProcessHandler - INFO: waitForElementBeingPresentOnPage timeout exception: unable to locate the element By.xpath: //div[contains(@class,"liquid-child")]


[MASTER] 03:34:32.789 [Thread-3] ERROR ExternalProcessHandler - 


[MASTER] 03:34:32.789 [Thread-3] ERROR ExternalProcessHandler - 

Feb 28, 2020 3:34:33 AM org.openqa.selenium.remote.ProtocolHandshake createSession
[MASTER] 03:34:33.685 [Thread-3] ERROR ExternalProcessHandler - Feb 28, 2020 3:34:33 AM org.openqa.selenium.remote.ProtocolHandshake createSession

INFO: Detected dialect: OSS
[MASTER] 03:34:33.685 [Thread-3] ERROR ExternalProcessHandler - INFO: Detected dialect: OSS

Feb 28, 2020 3:34:37 AM org.openqa.selenium.remote.ProtocolHandshake createSession
[MASTER] 03:34:37.064 [Thread-3] ERROR ExternalProcessHandler - Feb 28, 2020 3:34:37 AM org.openqa.selenium.remote.ProtocolHandshake createSession

INFO: Detected dialect: OSS
[MASTER] 03:34:37.064 [Thread-3] ERROR ExternalProcessHandler - INFO: Detected dialect: OSS

Feb 28, 2020 3:34:40 AM org.openqa.selenium.remote.ProtocolHandshake createSession
[MASTER] 03:34:40.305 [Thread-3] ERROR ExternalProcessHandler - Feb 28, 2020 3:34:40 AM org.openqa.selenium.remote.ProtocolHandshake createSession

INFO: Detected dialect: OSS
[MASTER] 03:34:40.306 [Thread-3] ERROR ExternalProcessHandler - INFO: Detected dialect: OSS

Feb 28, 2020 3:34:44 AM org.openqa.selenium.remote.ProtocolHandshake createSession
[MASTER] 03:34:44.526 [Thread-3] ERROR ExternalProcessHandler - Feb 28, 2020 3:34:44 AM org.openqa.selenium.remote.ProtocolHandshake createSession

INFO: Detected dialect: OSS
[MASTER] 03:34:44.527 [Thread-3] ERROR ExternalProcessHandler - INFO: Detected dialect: OSS

Feb 28, 2020 3:34:49 AM po_utils.PageObjectLogging logInfo
[MASTER] 03:34:49.509 [Thread-3] ERROR ExternalProcessHandler - Feb 28, 2020 3:34:49 AM po_utils.PageObjectLogging logInfo

INFO: waitForElementBeingPresentOnPage timeout exception: unable to locate the element By.xpath: //div[contains(@class,"liquid-child")]
[MASTER] 03:34:49.509 [Thread-3] ERROR ExternalProcessHandler - INFO: waitForElementBeingPresentOnPage timeout exception: unable to locate the element By.xpath: //div[contains(@class,"liquid-child")]


[MASTER] 03:34:49.509 [Thread-3] ERROR ExternalProcessHandler - 


[MASTER] 03:34:49.509 [Thread-3] ERROR ExternalProcessHandler - 

Feb 28, 2020 3:34:50 AM org.openqa.selenium.remote.ProtocolHandshake createSession
[MASTER] 03:34:50.367 [Thread-3] ERROR ExternalProcessHandler - Feb 28, 2020 3:34:50 AM org.openqa.selenium.remote.ProtocolHandshake createSession

INFO: Detected dialect: OSS
[MASTER] 03:34:50.367 [Thread-3] ERROR ExternalProcessHandler - INFO: Detected dialect: OSS

Feb 28, 2020 3:34:54 AM org.openqa.selenium.remote.ProtocolHandshake createSession
[MASTER] 03:34:54.927 [Thread-3] ERROR ExternalProcessHandler - Feb 28, 2020 3:34:54 AM org.openqa.selenium.remote.ProtocolHandshake createSession

INFO: Detected dialect: OSS
[MASTER] 03:34:54.927 [Thread-3] ERROR ExternalProcessHandler - INFO: Detected dialect: OSS

Feb 28, 2020 3:34:59 AM org.openqa.selenium.remote.ProtocolHandshake createSession
[MASTER] 03:34:59.376 [Thread-3] ERROR ExternalProcessHandler - Feb 28, 2020 3:34:59 AM org.openqa.selenium.remote.ProtocolHandshake createSession

INFO: Detected dialect: OSS
[MASTER] 03:34:59.377 [Thread-3] ERROR ExternalProcessHandler - INFO: Detected dialect: OSS

Feb 28, 2020 3:35:02 AM org.openqa.selenium.remote.ProtocolHandshake createSession
[MASTER] 03:35:02.067 [Thread-3] ERROR ExternalProcessHandler - Feb 28, 2020 3:35:02 AM org.openqa.selenium.remote.ProtocolHandshake createSession

INFO: Detected dialect: OSS
[MASTER] 03:35:02.067 [Thread-3] ERROR ExternalProcessHandler - INFO: Detected dialect: OSS

Feb 28, 2020 3:35:05 AM po_utils.PageObjectLogging logInfo
[MASTER] 03:35:05.515 [Thread-3] ERROR ExternalProcessHandler - Feb 28, 2020 3:35:05 AM po_utils.PageObjectLogging logInfo

INFO: waitForElementBeingPresentOnPage timeout exception: unable to locate the element By.xpath: //div[contains(@class,"liquid-child")]
[MASTER] 03:35:05.515 [Thread-3] ERROR ExternalProcessHandler - INFO: waitForElementBeingPresentOnPage timeout exception: unable to locate the element By.xpath: //div[contains(@class,"liquid-child")]


[MASTER] 03:35:05.515 [Thread-3] ERROR ExternalProcessHandler - 


[MASTER] 03:35:05.515 [Thread-3] ERROR ExternalProcessHandler - 

Feb 28, 2020 3:35:08 AM org.openqa.selenium.remote.ProtocolHandshake createSession
[MASTER] 03:35:08.345 [Thread-3] ERROR ExternalProcessHandler - Feb 28, 2020 3:35:08 AM org.openqa.selenium.remote.ProtocolHandshake createSession

INFO: Detected dialect: OSS
[MASTER] 03:35:08.345 [Thread-3] ERROR ExternalProcessHandler - INFO: Detected dialect: OSS

Feb 28, 2020 3:35:11 AM org.openqa.selenium.remote.ProtocolHandshake createSession
[MASTER] 03:35:11.738 [Thread-3] ERROR ExternalProcessHandler - Feb 28, 2020 3:35:11 AM org.openqa.selenium.remote.ProtocolHandshake createSession

INFO: Detected dialect: OSS
[MASTER] 03:35:11.738 [Thread-3] ERROR ExternalProcessHandler - INFO: Detected dialect: OSS

Feb 28, 2020 3:35:15 AM org.openqa.selenium.remote.ProtocolHandshake createSession
[MASTER] 03:35:15.133 [Thread-3] ERROR ExternalProcessHandler - Feb 28, 2020 3:35:15 AM org.openqa.selenium.remote.ProtocolHandshake createSession

INFO: Detected dialect: OSS
[MASTER] 03:35:15.134 [Thread-3] ERROR ExternalProcessHandler - INFO: Detected dialect: OSS

Feb 28, 2020 3:35:18 AM org.openqa.selenium.remote.ProtocolHandshake createSession
[MASTER] 03:35:18.204 [Thread-3] ERROR ExternalProcessHandler - Feb 28, 2020 3:35:18 AM org.openqa.selenium.remote.ProtocolHandshake createSession

INFO: Detected dialect: OSS
[MASTER] 03:35:18.204 [Thread-3] ERROR ExternalProcessHandler - INFO: Detected dialect: OSS

Feb 28, 2020 3:35:22 AM org.openqa.selenium.remote.ProtocolHandshake createSession
[MASTER] 03:35:22.478 [Thread-3] ERROR ExternalProcessHandler - Feb 28, 2020 3:35:22 AM org.openqa.selenium.remote.ProtocolHandshake createSession

INFO: Detected dialect: OSS
[MASTER] 03:35:22.478 [Thread-3] ERROR ExternalProcessHandler - INFO: Detected dialect: OSS

Feb 28, 2020 3:35:25 AM org.openqa.selenium.remote.ProtocolHandshake createSession
[MASTER] 03:35:25.795 [Thread-3] ERROR ExternalProcessHandler - Feb 28, 2020 3:35:25 AM org.openqa.selenium.remote.ProtocolHandshake createSession

INFO: Detected dialect: OSS
[MASTER] 03:35:25.795 [Thread-3] ERROR ExternalProcessHandler - INFO: Detected dialect: OSS

Feb 28, 2020 3:35:28 AM org.openqa.selenium.remote.ProtocolHandshake createSession
[MASTER] 03:35:28.883 [Thread-3] ERROR ExternalProcessHandler - Feb 28, 2020 3:35:28 AM org.openqa.selenium.remote.ProtocolHandshake createSession

INFO: Detected dialect: OSS
[MASTER] 03:35:28.883 [Thread-3] ERROR ExternalProcessHandler - INFO: Detected dialect: OSS

Feb 28, 2020 3:35:32 AM org.openqa.selenium.remote.ProtocolHandshake createSession
[MASTER] 03:35:32.285 [Thread-3] ERROR ExternalProcessHandler - Feb 28, 2020 3:35:32 AM org.openqa.selenium.remote.ProtocolHandshake createSession

INFO: Detected dialect: OSS
[MASTER] 03:35:32.285 [Thread-3] ERROR ExternalProcessHandler - INFO: Detected dialect: OSS

Feb 28, 2020 3:35:36 AM po_utils.PageObjectLogging logInfo
[MASTER] 03:35:36.485 [Thread-3] ERROR ExternalProcessHandler - Feb 28, 2020 3:35:36 AM po_utils.PageObjectLogging logInfo

INFO: waitForElementBeingPresentOnPage timeout exception: unable to locate the element By.xpath: //div[contains(@class,"liquid-child")]
[MASTER] 03:35:36.486 [Thread-3] ERROR ExternalProcessHandler - INFO: waitForElementBeingPresentOnPage timeout exception: unable to locate the element By.xpath: //div[contains(@class,"liquid-child")]


[MASTER] 03:35:36.486 [Thread-3] ERROR ExternalProcessHandler - 


[MASTER] 03:35:36.486 [Thread-3] ERROR ExternalProcessHandler - 

Feb 28, 2020 3:35:37 AM org.openqa.selenium.remote.ProtocolHandshake createSession
[MASTER] 03:35:37.444 [Thread-3] ERROR ExternalProcessHandler - Feb 28, 2020 3:35:37 AM org.openqa.selenium.remote.ProtocolHandshake createSession

INFO: Detected dialect: OSS
[MASTER] 03:35:37.445 [Thread-3] ERROR ExternalProcessHandler - INFO: Detected dialect: OSS

Feb 28, 2020 3:35:41 AM org.openqa.selenium.remote.ProtocolHandshake createSession
[MASTER] 03:35:41.075 [Thread-3] ERROR ExternalProcessHandler - Feb 28, 2020 3:35:41 AM org.openqa.selenium.remote.ProtocolHandshake createSession

INFO: Detected dialect: OSS
[MASTER] 03:35:41.075 [Thread-3] ERROR ExternalProcessHandler - INFO: Detected dialect: OSS

Feb 28, 2020 3:35:46 AM po_utils.PageObjectLogging logInfo
[MASTER] 03:35:46.728 [Thread-3] ERROR ExternalProcessHandler - Feb 28, 2020 3:35:46 AM po_utils.PageObjectLogging logInfo

INFO: waitForElementBeingPresentOnPage timeout exception: unable to locate the element By.xpath: //div[contains(@class,"liquid-child")]
[MASTER] 03:35:46.728 [Thread-3] ERROR ExternalProcessHandler - INFO: waitForElementBeingPresentOnPage timeout exception: unable to locate the element By.xpath: //div[contains(@class,"liquid-child")]


[MASTER] 03:35:46.728 [Thread-3] ERROR ExternalProcessHandler - 


[MASTER] 03:35:46.728 [Thread-3] ERROR ExternalProcessHandler - 

Feb 28, 2020 3:35:47 AM org.openqa.selenium.remote.ProtocolHandshake createSession
[MASTER] 03:35:47.505 [Thread-3] ERROR ExternalProcessHandler - Feb 28, 2020 3:35:47 AM org.openqa.selenium.remote.ProtocolHandshake createSession

INFO: Detected dialect: OSS
[MASTER] 03:35:47.505 [Thread-3] ERROR ExternalProcessHandler - INFO: Detected dialect: OSS

Feb 28, 2020 3:35:50 AM org.openqa.selenium.remote.ProtocolHandshake createSession
[MASTER] 03:35:50.748 [Thread-3] ERROR ExternalProcessHandler - Feb 28, 2020 3:35:50 AM org.openqa.selenium.remote.ProtocolHandshake createSession

INFO: Detected dialect: OSS
[MASTER] 03:35:50.748 [Thread-3] ERROR ExternalProcessHandler - INFO: Detected dialect: OSS

Feb 28, 2020 3:35:55 AM po_utils.PageObjectLogging logInfo
[MASTER] 03:35:55.588 [Thread-3] ERROR ExternalProcessHandler - Feb 28, 2020 3:35:55 AM po_utils.PageObjectLogging logInfo

INFO: waitForElementBeingPresentOnPage timeout exception: unable to locate the element By.xpath: //div[contains(@class,"liquid-child")]
[MASTER] 03:35:55.589 [Thread-3] ERROR ExternalProcessHandler - INFO: waitForElementBeingPresentOnPage timeout exception: unable to locate the element By.xpath: //div[contains(@class,"liquid-child")]


[MASTER] 03:35:55.589 [Thread-3] ERROR ExternalProcessHandler - 


[MASTER] 03:35:55.589 [Thread-3] ERROR ExternalProcessHandler - 

Feb 28, 2020 3:35:57 AM org.openqa.selenium.remote.ProtocolHandshake createSession
[MASTER] 03:35:57.628 [Thread-3] ERROR ExternalProcessHandler - Feb 28, 2020 3:35:57 AM org.openqa.selenium.remote.ProtocolHandshake createSession

INFO: Detected dialect: OSS
[MASTER] 03:35:57.629 [Thread-3] ERROR ExternalProcessHandler - INFO: Detected dialect: OSS

Feb 28, 2020 3:36:01 AM org.openqa.selenium.remote.ProtocolHandshake createSession
[MASTER] 03:36:01.166 [Thread-3] ERROR ExternalProcessHandler - Feb 28, 2020 3:36:01 AM org.openqa.selenium.remote.ProtocolHandshake createSession

INFO: Detected dialect: OSS
[MASTER] 03:36:01.166 [Thread-3] ERROR ExternalProcessHandler - INFO: Detected dialect: OSS

Feb 28, 2020 3:36:04 AM po_utils.PageObjectLogging logInfo
[MASTER] 03:36:04.592 [Thread-3] ERROR ExternalProcessHandler - Feb 28, 2020 3:36:04 AM po_utils.PageObjectLogging logInfo

INFO: waitForElementBeingPresentOnPage timeout exception: unable to locate the element By.xpath: //div[contains(@class,"liquid-child")]
[MASTER] 03:36:04.592 [Thread-3] ERROR ExternalProcessHandler - INFO: waitForElementBeingPresentOnPage timeout exception: unable to locate the element By.xpath: //div[contains(@class,"liquid-child")]


[MASTER] 03:36:04.592 [Thread-3] ERROR ExternalProcessHandler - 


[MASTER] 03:36:04.592 [Thread-3] ERROR ExternalProcessHandler - 

Feb 28, 2020 3:36:10 AM po_utils.PageObjectLogging logInfo
[MASTER] 03:36:10.178 [Thread-3] ERROR ExternalProcessHandler - Feb 28, 2020 3:36:10 AM po_utils.PageObjectLogging logInfo

INFO: waitForElementBeingPresentOnPage timeout exception: unable to locate the element By.xpath: //div[contains(@class,"liquid-child")]
[MASTER] 03:36:10.178 [Thread-3] ERROR ExternalProcessHandler - INFO: waitForElementBeingPresentOnPage timeout exception: unable to locate the element By.xpath: //div[contains(@class,"liquid-child")]


[MASTER] 03:36:10.178 [Thread-3] ERROR ExternalProcessHandler - 


[MASTER] 03:36:10.178 [Thread-3] ERROR ExternalProcessHandler - 

Feb 28, 2020 3:36:35 AM org.openqa.selenium.remote.ProtocolHandshake createSession
[MASTER] 03:36:35.600 [Thread-3] ERROR ExternalProcessHandler - Feb 28, 2020 3:36:35 AM org.openqa.selenium.remote.ProtocolHandshake createSession

INFO: Detected dialect: OSS
[MASTER] 03:36:35.600 [Thread-3] ERROR ExternalProcessHandler - INFO: Detected dialect: OSS

Feb 28, 2020 3:36:41 AM po_utils.PageObjectLogging logInfo
[MASTER] 03:36:41.033 [Thread-3] ERROR ExternalProcessHandler - Feb 28, 2020 3:36:41 AM po_utils.PageObjectLogging logInfo

INFO: waitForElementBeingPresentOnPage timeout exception: unable to locate the element By.xpath: //div[contains(@class,"liquid-child")]
[MASTER] 03:36:41.034 [Thread-3] ERROR ExternalProcessHandler - INFO: waitForElementBeingPresentOnPage timeout exception: unable to locate the element By.xpath: //div[contains(@class,"liquid-child")]


[MASTER] 03:36:41.034 [Thread-3] ERROR ExternalProcessHandler - 


[MASTER] 03:36:41.034 [Thread-3] ERROR ExternalProcessHandler - 

Feb 28, 2020 3:36:46 AM po_utils.PageObjectLogging logInfo
[MASTER] 03:36:46.743 [Thread-3] ERROR ExternalProcessHandler - Feb 28, 2020 3:36:46 AM po_utils.PageObjectLogging logInfo

INFO: waitForElementBeingPresentOnPage timeout exception: unable to locate the element By.xpath: //div[contains(@class,"liquid-child")]
[MASTER] 03:36:46.744 [Thread-3] ERROR ExternalProcessHandler - INFO: waitForElementBeingPresentOnPage timeout exception: unable to locate the element By.xpath: //div[contains(@class,"liquid-child")]


[MASTER] 03:36:46.744 [Thread-3] ERROR ExternalProcessHandler - 


[MASTER] 03:36:46.744 [Thread-3] ERROR ExternalProcessHandler - 

Feb 28, 2020 3:37:16 AM org.openqa.selenium.remote.ProtocolHandshake createSession
[MASTER] 03:37:16.674 [Thread-3] ERROR ExternalProcessHandler - Feb 28, 2020 3:37:16 AM org.openqa.selenium.remote.ProtocolHandshake createSession

INFO: Detected dialect: OSS
[MASTER] 03:37:16.674 [Thread-3] ERROR ExternalProcessHandler - INFO: Detected dialect: OSS

Feb 28, 2020 3:37:23 AM po_utils.PageObjectLogging logInfo
[MASTER] 03:37:23.301 [Thread-3] ERROR ExternalProcessHandler - Feb 28, 2020 3:37:23 AM po_utils.PageObjectLogging logInfo

INFO: waitForElementBeingPresentOnPage timeout exception: unable to locate the element By.xpath: //div[contains(@class,"liquid-child")]
[MASTER] 03:37:23.302 [Thread-3] ERROR ExternalProcessHandler - INFO: waitForElementBeingPresentOnPage timeout exception: unable to locate the element By.xpath: //div[contains(@class,"liquid-child")]


[MASTER] 03:37:23.302 [Thread-3] ERROR ExternalProcessHandler - 


[MASTER] 03:37:23.302 [Thread-3] ERROR ExternalProcessHandler - 

Feb 28, 2020 3:37:29 AM po_utils.PageObjectLogging logInfo
[MASTER] 03:37:29.382 [Thread-3] ERROR ExternalProcessHandler - Feb 28, 2020 3:37:29 AM po_utils.PageObjectLogging logInfo

INFO: waitForElementBeingPresentOnPage timeout exception: unable to locate the element By.xpath: //div[contains(@class,"liquid-child")]
[MASTER] 03:37:29.383 [Thread-3] ERROR ExternalProcessHandler - INFO: waitForElementBeingPresentOnPage timeout exception: unable to locate the element By.xpath: //div[contains(@class,"liquid-child")]


[MASTER] 03:37:29.383 [Thread-3] ERROR ExternalProcessHandler - 


[MASTER] 03:37:29.383 [Thread-3] ERROR ExternalProcessHandler - 

Feb 28, 2020 3:38:03 AM org.openqa.selenium.remote.ProtocolHandshake createSession
[MASTER] 03:38:03.842 [Thread-3] ERROR ExternalProcessHandler - Feb 28, 2020 3:38:03 AM org.openqa.selenium.remote.ProtocolHandshake createSession

INFO: Detected dialect: OSS
[MASTER] 03:38:03.842 [Thread-3] ERROR ExternalProcessHandler - INFO: Detected dialect: OSS

Feb 28, 2020 3:38:12 AM po_utils.PageObjectLogging logInfo
[MASTER] 03:38:12.277 [Thread-3] ERROR ExternalProcessHandler - Feb 28, 2020 3:38:12 AM po_utils.PageObjectLogging logInfo

INFO: waitForElementBeingPresentOnPage timeout exception: unable to locate the element By.xpath: //div[contains(@class,"liquid-child")]
[MASTER] 03:38:12.278 [Thread-3] ERROR ExternalProcessHandler - INFO: waitForElementBeingPresentOnPage timeout exception: unable to locate the element By.xpath: //div[contains(@class,"liquid-child")]


[MASTER] 03:38:12.278 [Thread-3] ERROR ExternalProcessHandler - 


[MASTER] 03:38:12.278 [Thread-3] ERROR ExternalProcessHandler - 

Feb 28, 2020 3:38:18 AM po_utils.PageObjectLogging logInfo
[MASTER] 03:38:18.612 [Thread-3] ERROR ExternalProcessHandler - Feb 28, 2020 3:38:18 AM po_utils.PageObjectLogging logInfo

INFO: waitForElementBeingPresentOnPage timeout exception: unable to locate the element By.xpath: //div[contains(@class,"liquid-child")]
[MASTER] 03:38:18.613 [Thread-3] ERROR ExternalProcessHandler - INFO: waitForElementBeingPresentOnPage timeout exception: unable to locate the element By.xpath: //div[contains(@class,"liquid-child")]


[MASTER] 03:38:18.613 [Thread-3] ERROR ExternalProcessHandler - 


[MASTER] 03:38:18.613 [Thread-3] ERROR ExternalProcessHandler - 

[MASTER] 03:38:57.530 [logback-2] ERROR TestCaseExecutor - TG: Exception caught: 
java.lang.IllegalStateException: Test generation failed: page object bug.
	at org.evosuite.testcase.execution.TestCaseExecutor.runTest(TestCaseExecutor.java:320) ~[evosuite-client-1.0.4-SNAPSHOT.jar:na]
	at org.evosuite.testcase.TestFitnessFunction.runTest(TestFitnessFunction.java:91) [evosuite-client-1.0.4-SNAPSHOT.jar:na]
	at org.evosuite.testcase.TestFitnessFunction.getFitness(TestFitnessFunction.java:60) [evosuite-client-1.0.4-SNAPSHOT.jar:na]
	at org.evosuite.testcase.TestFitnessFunction.getFitness(TestFitnessFunction.java:34) [evosuite-client-1.0.4-SNAPSHOT.jar:na]
	at org.evosuite.ga.metaheuristics.art.AdaptiveRandomSearch.calculateFitness(AdaptiveRandomSearch.java:312) [evosuite-client-1.0.4-SNAPSHOT.jar:na]
	at org.evosuite.ga.metaheuristics.art.AdaptiveRandomSearch.evolve(AdaptiveRandomSearch.java:139) [evosuite-client-1.0.4-SNAPSHOT.jar:na]
	at org.evosuite.ga.metaheuristics.art.AdaptiveRandomSearch.generateSolution(AdaptiveRandomSearch.java:270) [evosuite-client-1.0.4-SNAPSHOT.jar:na]
	at org.evosuite.strategy.AdaptiveRandomTestStrategy.generateTests(AdaptiveRandomTestStrategy.java:118) [evosuite-client-1.0.4-SNAPSHOT.jar:na]
	at org.evosuite.TestSuiteGenerator.generateTests(TestSuiteGenerator.java:654) [evosuite-client-1.0.4-SNAPSHOT.jar:na]
	at org.evosuite.TestSuiteGenerator.generateTestSuite(TestSuiteGenerator.java:213) [evosuite-client-1.0.4-SNAPSHOT.jar:na]
	at org.evosuite.rmi.service.ClientNodeImpl$1.run(ClientNodeImpl.java:145) [evosuite-client-1.0.4-SNAPSHOT.jar:na]
	at java.util.concurrent.Executors$RunnableAdapter.call(Executors.java:511) [na:1.8.0_242]
	at java.util.concurrent.FutureTask.run(FutureTask.java:266) [na:1.8.0_242]
	at java.util.concurrent.ThreadPoolExecutor.runWorker(ThreadPoolExecutor.java:1149) [na:1.8.0_242]
	at java.util.concurrent.ThreadPoolExecutor$Worker.run(ThreadPoolExecutor.java:624) [na:1.8.0_242]
	at java.lang.Thread.run(Thread.java:748) [na:1.8.0_242]
[MASTER] 03:38:57.530 [logback-2] ERROR ClientNodeImpl - Error when generating tests for: main.ClassUnderTest with seed 1582860759784. Configuration id : null
java.lang.Error: java.lang.IllegalStateException: Test generation failed: page object bug.
	at org.evosuite.testcase.execution.TestCaseExecutor.runTest(TestCaseExecutor.java:336) ~[evosuite-client-1.0.4-SNAPSHOT.jar:na]
	at org.evosuite.testcase.TestFitnessFunction.runTest(TestFitnessFunction.java:91) ~[evosuite-client-1.0.4-SNAPSHOT.jar:na]
	at org.evosuite.testcase.TestFitnessFunction.getFitness(TestFitnessFunction.java:60) ~[evosuite-client-1.0.4-SNAPSHOT.jar:na]
	at org.evosuite.testcase.TestFitnessFunction.getFitness(TestFitnessFunction.java:34) ~[evosuite-client-1.0.4-SNAPSHOT.jar:na]
	at org.evosuite.ga.metaheuristics.art.AdaptiveRandomSearch.calculateFitness(AdaptiveRandomSearch.java:312) ~[evosuite-client-1.0.4-SNAPSHOT.jar:na]
	at org.evosuite.ga.metaheuristics.art.AdaptiveRandomSearch.evolve(AdaptiveRandomSearch.java:139) ~[evosuite-client-1.0.4-SNAPSHOT.jar:na]
	at org.evosuite.ga.metaheuristics.art.AdaptiveRandomSearch.generateSolution(AdaptiveRandomSearch.java:270) ~[evosuite-client-1.0.4-SNAPSHOT.jar:na]
	at org.evosuite.strategy.AdaptiveRandomTestStrategy.generateTests(AdaptiveRandomTestStrategy.java:118) ~[evosuite-client-1.0.4-SNAPSHOT.jar:na]
	at org.evosuite.TestSuiteGenerator.generateTests(TestSuiteGenerator.java:654) ~[evosuite-client-1.0.4-SNAPSHOT.jar:na]
	at org.evosuite.TestSuiteGenerator.generateTestSuite(TestSuiteGenerator.java:213) ~[evosuite-client-1.0.4-SNAPSHOT.jar:na]
	at org.evosuite.rmi.service.ClientNodeImpl$1.run(ClientNodeImpl.java:145) ~[evosuite-client-1.0.4-SNAPSHOT.jar:na]
	at java.util.concurrent.Executors$RunnableAdapter.call(Executors.java:511) [na:1.8.0_242]
	at java.util.concurrent.FutureTask.run(FutureTask.java:266) [na:1.8.0_242]
	at java.util.concurrent.ThreadPoolExecutor.runWorker(ThreadPoolExecutor.java:1149) [na:1.8.0_242]
	at java.util.concurrent.ThreadPoolExecutor$Worker.run(ThreadPoolExecutor.java:624) [na:1.8.0_242]
	at java.lang.Thread.run(Thread.java:748) [na:1.8.0_242]
Caused by: java.lang.IllegalStateException: Test generation failed: page object bug.
	at org.evosuite.testcase.execution.TestCaseExecutor.runTest(TestCaseExecutor.java:320) ~[evosuite-client-1.0.4-SNAPSHOT.jar:na]
	... 15 common frames omitted
[MASTER] 03:38:57.646 [main] ERROR SearchStatistics - No statistics has been saved because EvoSuite failed to generate any test case
[MASTER] 03:38:57.747 [main] ERROR TestGeneration - failed to write statistics data
