SLF4J: Class path contains multiple SLF4J bindings.
SLF4J: Found binding in [jar:file:/home/ubuntu/.m2/repository/ch/qos/logback/logback-classic/1.1.3/logback-classic-1.1.3.jar!/org/slf4j/impl/StaticLoggerBinder.class]
SLF4J: Found binding in [jar:file:/home/ubuntu/.m2/repository/org/evosuite/evosuite-master/1.0.4-SNAPSHOT/evosuite-master-1.0.4-SNAPSHOT.jar!/org/slf4j/impl/StaticLoggerBinder.class]
SLF4J: See http://www.slf4j.org/codes.html#multiple_bindings for an explanation.
SLF4J: Actual binding is of type [ch.qos.logback.classic.util.ContextSelectorStaticBinder]
SLF4J: Class path contains multiple SLF4J bindings.
[MASTER] 05:20:07.986 [Thread-3] ERROR ExternalProcessHandler - SLF4J: Class path contains multiple SLF4J bindings.

SLF4J: Found binding in [jar:file:/home/ubuntu/.m2/repository/ch/qos/logback/logback-classic/1.1.3/logback-classic-1.1.3.jar!/org/slf4j/impl/StaticLoggerBinder.class]
[MASTER] 05:20:07.988 [Thread-3] ERROR ExternalProcessHandler - SLF4J: Found binding in [jar:file:/home/ubuntu/.m2/repository/ch/qos/logback/logback-classic/1.1.3/logback-classic-1.1.3.jar!/org/slf4j/impl/StaticLoggerBinder.class]

SLF4J: Found binding in [jar:file:/home/ubuntu/.m2/repository/org/evosuite/evosuite-master/1.0.4-SNAPSHOT/evosuite-master-1.0.4-SNAPSHOT.jar!/org/slf4j/impl/StaticLoggerBinder.class]
[MASTER] 05:20:07.990 [Thread-3] ERROR ExternalProcessHandler - SLF4J: Found binding in [jar:file:/home/ubuntu/.m2/repository/org/evosuite/evosuite-master/1.0.4-SNAPSHOT/evosuite-master-1.0.4-SNAPSHOT.jar!/org/slf4j/impl/StaticLoggerBinder.class]

SLF4J: See http://www.slf4j.org/codes.html#multiple_bindings for an explanation.
[MASTER] 05:20:07.991 [Thread-3] ERROR ExternalProcessHandler - SLF4J: See http://www.slf4j.org/codes.html#multiple_bindings for an explanation.

SLF4J: Actual binding is of type [ch.qos.logback.classic.util.ContextSelectorStaticBinder]
[MASTER] 05:20:23.408 [Thread-3] ERROR ExternalProcessHandler - SLF4J: Actual binding is of type [ch.qos.logback.classic.util.ContextSelectorStaticBinder]

Feb 28, 2020 5:21:12 AM org.openqa.selenium.remote.ProtocolHandshake createSession
[MASTER] 05:21:12.256 [Thread-3] ERROR ExternalProcessHandler - Feb 28, 2020 5:21:12 AM org.openqa.selenium.remote.ProtocolHandshake createSession

INFO: Detected dialect: OSS
[MASTER] 05:21:12.256 [Thread-3] ERROR ExternalProcessHandler - INFO: Detected dialect: OSS

Feb 28, 2020 5:21:38 AM po_utils.PageObjectLogging logInfo
[MASTER] 05:21:38.695 [Thread-3] ERROR ExternalProcessHandler - Feb 28, 2020 5:21:38 AM po_utils.PageObjectLogging logInfo

INFO: waitForElementBeingPresentOnPage timeout exception: unable to locate the element By.xpath: //input[@placeholder="Example: Trip to Barcelona"]
[MASTER] 05:21:38.695 [Thread-3] ERROR ExternalProcessHandler - INFO: waitForElementBeingPresentOnPage timeout exception: unable to locate the element By.xpath: //input[@placeholder="Example: Trip to Barcelona"]


[MASTER] 05:21:38.695 [Thread-3] ERROR ExternalProcessHandler - 


[MASTER] 05:21:38.695 [Thread-3] ERROR ExternalProcessHandler - 

Feb 28, 2020 5:21:38 AM org.openqa.selenium.remote.ProtocolHandshake createSession
[MASTER] 05:21:38.911 [Thread-3] ERROR ExternalProcessHandler - Feb 28, 2020 5:21:38 AM org.openqa.selenium.remote.ProtocolHandshake createSession

INFO: Detected dialect: OSS
[MASTER] 05:21:38.911 [Thread-3] ERROR ExternalProcessHandler - INFO: Detected dialect: OSS

Feb 28, 2020 5:21:44 AM org.openqa.selenium.remote.ProtocolHandshake createSession
[MASTER] 05:21:44.806 [Thread-3] ERROR ExternalProcessHandler - Feb 28, 2020 5:21:44 AM org.openqa.selenium.remote.ProtocolHandshake createSession

INFO: Detected dialect: OSS
[MASTER] 05:21:44.806 [Thread-3] ERROR ExternalProcessHandler - INFO: Detected dialect: OSS

Exception in thread "Thread-3" java.lang.ClassCastException: org.evosuite.testcase.TestChromosome cannot be cast to org.evosuite.testsuite.TestSuiteChromosome
[MASTER] 05:21:45.252 [Thread-3] ERROR ExternalProcessHandler - Exception in thread "Thread-3" java.lang.ClassCastException: org.evosuite.testcase.TestChromosome cannot be cast to org.evosuite.testsuite.TestSuiteChromosome

	at org.evosuite.statistics.SearchStatistics.currentIndividual(SearchStatistics.java:181)
[MASTER] 05:21:45.253 [Thread-3] ERROR ExternalProcessHandler - 	at org.evosuite.statistics.SearchStatistics.currentIndividual(SearchStatistics.java:181)

	at org.evosuite.rmi.service.MasterNodeImpl.evosuite_collectStatistics(MasterNodeImpl.java:166)
[MASTER] 05:21:45.253 [Thread-3] ERROR ExternalProcessHandler - 	at org.evosuite.rmi.service.MasterNodeImpl.evosuite_collectStatistics(MasterNodeImpl.java:166)

	at sun.reflect.NativeMethodAccessorImpl.invoke0(Native Method)
[MASTER] 05:21:45.253 [Thread-3] ERROR ExternalProcessHandler - 	at sun.reflect.NativeMethodAccessorImpl.invoke0(Native Method)

	at sun.reflect.NativeMethodAccessorImpl.invoke(NativeMethodAccessorImpl.java:62)
[MASTER] 05:21:45.253 [Thread-3] ERROR ExternalProcessHandler - 	at sun.reflect.NativeMethodAccessorImpl.invoke(NativeMethodAccessorImpl.java:62)

	at sun.reflect.DelegatingMethodAccessorImpl.invoke(DelegatingMethodAccessorImpl.java:43)
[MASTER] 05:21:45.254 [Thread-3] ERROR ExternalProcessHandler - 	at sun.reflect.DelegatingMethodAccessorImpl.invoke(DelegatingMethodAccessorImpl.java:43)

	at java.lang.reflect.Method.invoke(Method.java:498)
[MASTER] 05:21:45.254 [Thread-3] ERROR ExternalProcessHandler - 	at java.lang.reflect.Method.invoke(Method.java:498)

	at sun.rmi.server.UnicastServerRef.dispatch(UnicastServerRef.java:357)
[MASTER] 05:21:45.254 [Thread-3] ERROR ExternalProcessHandler - 	at sun.rmi.server.UnicastServerRef.dispatch(UnicastServerRef.java:357)

	at sun.rmi.transport.Transport$1.run(Transport.java:200)
[MASTER] 05:21:45.254 [Thread-3] ERROR ExternalProcessHandler - 	at sun.rmi.transport.Transport$1.run(Transport.java:200)

	at sun.rmi.transport.Transport$1.run(Transport.java:197)
[MASTER] 05:21:45.254 [Thread-3] ERROR ExternalProcessHandler - 	at sun.rmi.transport.Transport$1.run(Transport.java:197)

	at java.security.AccessController.doPrivileged(Native Method)
[MASTER] 05:21:45.254 [Thread-3] ERROR ExternalProcessHandler - 	at java.security.AccessController.doPrivileged(Native Method)

	at sun.rmi.transport.Transport.serviceCall(Transport.java:196)
[MASTER] 05:21:45.255 [Thread-3] ERROR ExternalProcessHandler - 	at sun.rmi.transport.Transport.serviceCall(Transport.java:196)

	at sun.rmi.transport.tcp.TCPTransport.handleMessages(TCPTransport.java:573)
[MASTER] 05:21:45.255 [Thread-3] ERROR ExternalProcessHandler - 	at sun.rmi.transport.tcp.TCPTransport.handleMessages(TCPTransport.java:573)

	at sun.rmi.transport.tcp.TCPTransport$ConnectionHandler.run0(TCPTransport.java:834)
[MASTER] 05:21:45.255 [Thread-3] ERROR ExternalProcessHandler - 	at sun.rmi.transport.tcp.TCPTransport$ConnectionHandler.run0(TCPTransport.java:834)

	at sun.rmi.transport.tcp.TCPTransport$ConnectionHandler.lambda$run$0(TCPTransport.java:688)
[MASTER] 05:21:45.255 [Thread-3] ERROR ExternalProcessHandler - 	at sun.rmi.transport.tcp.TCPTransport$ConnectionHandler.lambda$run$0(TCPTransport.java:688)

	at java.security.AccessController.doPrivileged(Native Method)
[MASTER] 05:21:45.256 [Thread-3] ERROR ExternalProcessHandler - 	at java.security.AccessController.doPrivileged(Native Method)

	at sun.rmi.transport.tcp.TCPTransport$ConnectionHandler.run(TCPTransport.java:687)
[MASTER] 05:21:45.256 [Thread-3] ERROR ExternalProcessHandler - 	at sun.rmi.transport.tcp.TCPTransport$ConnectionHandler.run(TCPTransport.java:687)

	at java.util.concurrent.ThreadPoolExecutor.runWorker(ThreadPoolExecutor.java:1149)
[MASTER] 05:21:45.256 [Thread-3] ERROR ExternalProcessHandler - 	at java.util.concurrent.ThreadPoolExecutor.runWorker(ThreadPoolExecutor.java:1149)

	at java.util.concurrent.ThreadPoolExecutor$Worker.run(ThreadPoolExecutor.java:624)
[MASTER] 05:21:45.256 [Thread-3] ERROR ExternalProcessHandler - 	at java.util.concurrent.ThreadPoolExecutor$Worker.run(ThreadPoolExecutor.java:624)

	at java.lang.Thread.run(Thread.java:748)
[MASTER] 05:21:45.256 [Thread-3] ERROR ExternalProcessHandler - 	at java.lang.Thread.run(Thread.java:748)

	at sun.rmi.transport.StreamRemoteCall.exceptionReceivedFromServer(StreamRemoteCall.java:303)
[MASTER] 05:21:45.257 [Thread-3] ERROR ExternalProcessHandler - 	at sun.rmi.transport.StreamRemoteCall.exceptionReceivedFromServer(StreamRemoteCall.java:303)

	at sun.rmi.transport.StreamRemoteCall.executeCall(StreamRemoteCall.java:279)
[MASTER] 05:21:45.257 [Thread-3] ERROR ExternalProcessHandler - 	at sun.rmi.transport.StreamRemoteCall.executeCall(StreamRemoteCall.java:279)

	at sun.rmi.server.UnicastRef.invoke(UnicastRef.java:164)
[MASTER] 05:21:45.257 [Thread-3] ERROR ExternalProcessHandler - 	at sun.rmi.server.UnicastRef.invoke(UnicastRef.java:164)

	at java.rmi.server.RemoteObjectInvocationHandler.invokeRemoteMethod(RemoteObjectInvocationHandler.java:235)
[MASTER] 05:21:45.257 [Thread-3] ERROR ExternalProcessHandler - 	at java.rmi.server.RemoteObjectInvocationHandler.invokeRemoteMethod(RemoteObjectInvocationHandler.java:235)

	at java.rmi.server.RemoteObjectInvocationHandler.invoke(RemoteObjectInvocationHandler.java:180)
[MASTER] 05:21:45.257 [Thread-3] ERROR ExternalProcessHandler - 	at java.rmi.server.RemoteObjectInvocationHandler.invoke(RemoteObjectInvocationHandler.java:180)

	at com.sun.proxy.$Proxy7.evosuite_collectStatistics(Unknown Source)
[MASTER] 05:21:45.258 [Thread-3] ERROR ExternalProcessHandler - 	at com.sun.proxy.$Proxy7.evosuite_collectStatistics(Unknown Source)

	at org.evosuite.rmi.service.ClientNodeImpl.updateStatistics(ClientNodeImpl.java:237)
[MASTER] 05:21:45.258 [Thread-3] ERROR ExternalProcessHandler - 	at org.evosuite.rmi.service.ClientNodeImpl.updateStatistics(ClientNodeImpl.java:237)

	at org.evosuite.statistics.StatisticsSender.sendIndividualToMaster(StatisticsSender.java:75)
[MASTER] 05:21:45.258 [Thread-3] ERROR ExternalProcessHandler - 	at org.evosuite.statistics.StatisticsSender.sendIndividualToMaster(StatisticsSender.java:75)

	at org.evosuite.statistics.StatisticsListener$1.run(StatisticsListener.java:71)
[MASTER] 05:21:45.258 [Thread-3] ERROR ExternalProcessHandler - 	at org.evosuite.statistics.StatisticsListener$1.run(StatisticsListener.java:71)

Feb 28, 2020 5:21:48 AM po_utils.PageObjectLogging logInfo
[MASTER] 05:21:48.953 [Thread-3] ERROR ExternalProcessHandler - Feb 28, 2020 5:21:48 AM po_utils.PageObjectLogging logInfo

INFO: waitForElementBeingPresentOnPage timeout exception: unable to locate the element By.xpath: //div[contains(@class,"liquid-child")]
[MASTER] 05:21:48.954 [Thread-3] ERROR ExternalProcessHandler - INFO: waitForElementBeingPresentOnPage timeout exception: unable to locate the element By.xpath: //div[contains(@class,"liquid-child")]


[MASTER] 05:21:48.954 [Thread-3] ERROR ExternalProcessHandler - 


[MASTER] 05:21:48.954 [Thread-3] ERROR ExternalProcessHandler - 

Feb 28, 2020 5:21:49 AM org.openqa.selenium.remote.ProtocolHandshake createSession
[MASTER] 05:21:49.706 [Thread-3] ERROR ExternalProcessHandler - Feb 28, 2020 5:21:49 AM org.openqa.selenium.remote.ProtocolHandshake createSession

INFO: Detected dialect: OSS
[MASTER] 05:21:49.707 [Thread-3] ERROR ExternalProcessHandler - INFO: Detected dialect: OSS

Feb 28, 2020 5:21:52 AM org.openqa.selenium.remote.ProtocolHandshake createSession
[MASTER] 05:21:52.642 [Thread-3] ERROR ExternalProcessHandler - Feb 28, 2020 5:21:52 AM org.openqa.selenium.remote.ProtocolHandshake createSession

INFO: Detected dialect: OSS
[MASTER] 05:21:52.643 [Thread-3] ERROR ExternalProcessHandler - INFO: Detected dialect: OSS

Feb 28, 2020 5:21:56 AM org.openqa.selenium.remote.ProtocolHandshake createSession
[MASTER] 05:21:56.567 [Thread-3] ERROR ExternalProcessHandler - Feb 28, 2020 5:21:56 AM org.openqa.selenium.remote.ProtocolHandshake createSession

INFO: Detected dialect: OSS
[MASTER] 05:21:56.567 [Thread-3] ERROR ExternalProcessHandler - INFO: Detected dialect: OSS

Feb 28, 2020 5:22:01 AM po_utils.PageObjectLogging logInfo
[MASTER] 05:22:01.293 [Thread-3] ERROR ExternalProcessHandler - Feb 28, 2020 5:22:01 AM po_utils.PageObjectLogging logInfo

INFO: waitForElementBeingPresentOnPage timeout exception: unable to locate the element By.xpath: //div[contains(@class,"liquid-child")]
[MASTER] 05:22:01.293 [Thread-3] ERROR ExternalProcessHandler - INFO: waitForElementBeingPresentOnPage timeout exception: unable to locate the element By.xpath: //div[contains(@class,"liquid-child")]


[MASTER] 05:22:01.293 [Thread-3] ERROR ExternalProcessHandler - 


[MASTER] 05:22:01.293 [Thread-3] ERROR ExternalProcessHandler - 

Feb 28, 2020 5:22:03 AM org.openqa.selenium.remote.ProtocolHandshake createSession
[MASTER] 05:22:03.330 [Thread-3] ERROR ExternalProcessHandler - Feb 28, 2020 5:22:03 AM org.openqa.selenium.remote.ProtocolHandshake createSession

INFO: Detected dialect: OSS
[MASTER] 05:22:03.330 [Thread-3] ERROR ExternalProcessHandler - INFO: Detected dialect: OSS

Feb 28, 2020 5:22:08 AM po_utils.PageObjectLogging logInfo
[MASTER] 05:22:08.296 [Thread-3] ERROR ExternalProcessHandler - Feb 28, 2020 5:22:08 AM po_utils.PageObjectLogging logInfo

INFO: waitForElementBeingPresentOnPage timeout exception: unable to locate the element By.xpath: //div[contains(@class,"liquid-child")]
[MASTER] 05:22:08.297 [Thread-3] ERROR ExternalProcessHandler - INFO: waitForElementBeingPresentOnPage timeout exception: unable to locate the element By.xpath: //div[contains(@class,"liquid-child")]


[MASTER] 05:22:08.297 [Thread-3] ERROR ExternalProcessHandler - 


[MASTER] 05:22:08.297 [Thread-3] ERROR ExternalProcessHandler - 

Feb 28, 2020 5:22:10 AM org.openqa.selenium.remote.ProtocolHandshake createSession
[MASTER] 05:22:10.529 [Thread-3] ERROR ExternalProcessHandler - Feb 28, 2020 5:22:10 AM org.openqa.selenium.remote.ProtocolHandshake createSession

INFO: Detected dialect: OSS
[MASTER] 05:22:10.529 [Thread-3] ERROR ExternalProcessHandler - INFO: Detected dialect: OSS

Feb 28, 2020 5:22:15 AM po_utils.PageObjectLogging logInfo
[MASTER] 05:22:15.199 [Thread-3] ERROR ExternalProcessHandler - Feb 28, 2020 5:22:15 AM po_utils.PageObjectLogging logInfo

INFO: waitForElementBeingPresentOnPage timeout exception: unable to locate the element By.xpath: //div[contains(@class,"liquid-child")]
[MASTER] 05:22:15.199 [Thread-3] ERROR ExternalProcessHandler - INFO: waitForElementBeingPresentOnPage timeout exception: unable to locate the element By.xpath: //div[contains(@class,"liquid-child")]


[MASTER] 05:22:15.199 [Thread-3] ERROR ExternalProcessHandler - 


[MASTER] 05:22:15.199 [Thread-3] ERROR ExternalProcessHandler - 

Feb 28, 2020 5:22:19 AM org.openqa.selenium.remote.ProtocolHandshake createSession
[MASTER] 05:22:19.635 [Thread-3] ERROR ExternalProcessHandler - Feb 28, 2020 5:22:19 AM org.openqa.selenium.remote.ProtocolHandshake createSession

INFO: Detected dialect: OSS
[MASTER] 05:22:19.635 [Thread-3] ERROR ExternalProcessHandler - INFO: Detected dialect: OSS

Feb 28, 2020 5:22:23 AM po_utils.PageObjectLogging logInfo
[MASTER] 05:22:23.393 [Thread-3] ERROR ExternalProcessHandler - Feb 28, 2020 5:22:23 AM po_utils.PageObjectLogging logInfo

INFO: waitForElementBeingPresentOnPage timeout exception: unable to locate the element By.xpath: //div[contains(@class,"liquid-child")]
[MASTER] 05:22:23.394 [Thread-3] ERROR ExternalProcessHandler - INFO: waitForElementBeingPresentOnPage timeout exception: unable to locate the element By.xpath: //div[contains(@class,"liquid-child")]


[MASTER] 05:22:23.394 [Thread-3] ERROR ExternalProcessHandler - 


[MASTER] 05:22:23.394 [Thread-3] ERROR ExternalProcessHandler - 

Feb 28, 2020 5:22:23 AM org.openqa.selenium.remote.ProtocolHandshake createSession
[MASTER] 05:22:23.962 [Thread-3] ERROR ExternalProcessHandler - Feb 28, 2020 5:22:23 AM org.openqa.selenium.remote.ProtocolHandshake createSession

INFO: Detected dialect: OSS
[MASTER] 05:22:23.962 [Thread-3] ERROR ExternalProcessHandler - INFO: Detected dialect: OSS

Feb 28, 2020 5:22:28 AM org.openqa.selenium.remote.ProtocolHandshake createSession
[MASTER] 05:22:28.170 [Thread-3] ERROR ExternalProcessHandler - Feb 28, 2020 5:22:28 AM org.openqa.selenium.remote.ProtocolHandshake createSession

INFO: Detected dialect: OSS
[MASTER] 05:22:28.170 [Thread-3] ERROR ExternalProcessHandler - INFO: Detected dialect: OSS

Feb 28, 2020 5:22:30 AM org.openqa.selenium.remote.ProtocolHandshake createSession
[MASTER] 05:22:30.794 [Thread-3] ERROR ExternalProcessHandler - Feb 28, 2020 5:22:30 AM org.openqa.selenium.remote.ProtocolHandshake createSession

INFO: Detected dialect: OSS
[MASTER] 05:22:30.794 [Thread-3] ERROR ExternalProcessHandler - INFO: Detected dialect: OSS

Feb 28, 2020 5:22:33 AM org.openqa.selenium.remote.ProtocolHandshake createSession
[MASTER] 05:22:33.248 [Thread-3] ERROR ExternalProcessHandler - Feb 28, 2020 5:22:33 AM org.openqa.selenium.remote.ProtocolHandshake createSession

INFO: Detected dialect: OSS
[MASTER] 05:22:33.248 [Thread-3] ERROR ExternalProcessHandler - INFO: Detected dialect: OSS

Feb 28, 2020 5:22:35 AM org.openqa.selenium.remote.ProtocolHandshake createSession
[MASTER] 05:22:35.813 [Thread-3] ERROR ExternalProcessHandler - Feb 28, 2020 5:22:35 AM org.openqa.selenium.remote.ProtocolHandshake createSession

INFO: Detected dialect: OSS
[MASTER] 05:22:35.813 [Thread-3] ERROR ExternalProcessHandler - INFO: Detected dialect: OSS

Feb 28, 2020 5:22:38 AM org.openqa.selenium.remote.ProtocolHandshake createSession
[MASTER] 05:22:38.738 [Thread-3] ERROR ExternalProcessHandler - Feb 28, 2020 5:22:38 AM org.openqa.selenium.remote.ProtocolHandshake createSession

INFO: Detected dialect: OSS
[MASTER] 05:22:38.738 [Thread-3] ERROR ExternalProcessHandler - INFO: Detected dialect: OSS

Feb 28, 2020 5:22:41 AM po_utils.PageObjectLogging logInfo
[MASTER] 05:22:41.881 [Thread-3] ERROR ExternalProcessHandler - Feb 28, 2020 5:22:41 AM po_utils.PageObjectLogging logInfo

INFO: waitForElementBeingPresentOnPage timeout exception: unable to locate the element By.xpath: //div[contains(@class,"liquid-child")]
[MASTER] 05:22:41.881 [Thread-3] ERROR ExternalProcessHandler - INFO: waitForElementBeingPresentOnPage timeout exception: unable to locate the element By.xpath: //div[contains(@class,"liquid-child")]


[MASTER] 05:22:41.881 [Thread-3] ERROR ExternalProcessHandler - 


[MASTER] 05:22:41.881 [Thread-3] ERROR ExternalProcessHandler - 

Feb 28, 2020 5:22:43 AM org.openqa.selenium.remote.ProtocolHandshake createSession
[MASTER] 05:22:43.990 [Thread-3] ERROR ExternalProcessHandler - Feb 28, 2020 5:22:43 AM org.openqa.selenium.remote.ProtocolHandshake createSession

INFO: Detected dialect: OSS
[MASTER] 05:22:43.991 [Thread-3] ERROR ExternalProcessHandler - INFO: Detected dialect: OSS

Feb 28, 2020 5:22:46 AM org.openqa.selenium.remote.ProtocolHandshake createSession
[MASTER] 05:22:46.907 [Thread-3] ERROR ExternalProcessHandler - Feb 28, 2020 5:22:46 AM org.openqa.selenium.remote.ProtocolHandshake createSession

INFO: Detected dialect: OSS
[MASTER] 05:22:46.907 [Thread-3] ERROR ExternalProcessHandler - INFO: Detected dialect: OSS

Feb 28, 2020 5:22:51 AM org.openqa.selenium.remote.ProtocolHandshake createSession
[MASTER] 05:22:51.203 [Thread-3] ERROR ExternalProcessHandler - Feb 28, 2020 5:22:51 AM org.openqa.selenium.remote.ProtocolHandshake createSession

INFO: Detected dialect: OSS
[MASTER] 05:22:51.203 [Thread-3] ERROR ExternalProcessHandler - INFO: Detected dialect: OSS

Feb 28, 2020 5:22:54 AM org.openqa.selenium.remote.ProtocolHandshake createSession
[MASTER] 05:22:54.746 [Thread-3] ERROR ExternalProcessHandler - Feb 28, 2020 5:22:54 AM org.openqa.selenium.remote.ProtocolHandshake createSession

INFO: Detected dialect: OSS
[MASTER] 05:22:54.746 [Thread-3] ERROR ExternalProcessHandler - INFO: Detected dialect: OSS

Feb 28, 2020 5:22:59 AM org.openqa.selenium.remote.ProtocolHandshake createSession
[MASTER] 05:22:59.912 [Thread-3] ERROR ExternalProcessHandler - Feb 28, 2020 5:22:59 AM org.openqa.selenium.remote.ProtocolHandshake createSession

INFO: Detected dialect: OSS
[MASTER] 05:22:59.913 [Thread-3] ERROR ExternalProcessHandler - INFO: Detected dialect: OSS

Feb 28, 2020 5:23:03 AM org.openqa.selenium.remote.ProtocolHandshake createSession
[MASTER] 05:23:03.102 [Thread-3] ERROR ExternalProcessHandler - Feb 28, 2020 5:23:03 AM org.openqa.selenium.remote.ProtocolHandshake createSession

INFO: Detected dialect: OSS
[MASTER] 05:23:03.102 [Thread-3] ERROR ExternalProcessHandler - INFO: Detected dialect: OSS

Feb 28, 2020 5:23:05 AM org.openqa.selenium.remote.ProtocolHandshake createSession
[MASTER] 05:23:05.544 [Thread-3] ERROR ExternalProcessHandler - Feb 28, 2020 5:23:05 AM org.openqa.selenium.remote.ProtocolHandshake createSession

INFO: Detected dialect: OSS
[MASTER] 05:23:05.544 [Thread-3] ERROR ExternalProcessHandler - INFO: Detected dialect: OSS

Feb 28, 2020 5:23:08 AM org.openqa.selenium.remote.ProtocolHandshake createSession
[MASTER] 05:23:08.897 [Thread-3] ERROR ExternalProcessHandler - Feb 28, 2020 5:23:08 AM org.openqa.selenium.remote.ProtocolHandshake createSession

INFO: Detected dialect: OSS
[MASTER] 05:23:08.897 [Thread-3] ERROR ExternalProcessHandler - INFO: Detected dialect: OSS

Feb 28, 2020 5:23:13 AM org.openqa.selenium.remote.ProtocolHandshake createSession
[MASTER] 05:23:13.766 [Thread-3] ERROR ExternalProcessHandler - Feb 28, 2020 5:23:13 AM org.openqa.selenium.remote.ProtocolHandshake createSession

INFO: Detected dialect: OSS
[MASTER] 05:23:13.766 [Thread-3] ERROR ExternalProcessHandler - INFO: Detected dialect: OSS

Feb 28, 2020 5:23:17 AM org.openqa.selenium.remote.ProtocolHandshake createSession
[MASTER] 05:23:17.014 [Thread-3] ERROR ExternalProcessHandler - Feb 28, 2020 5:23:17 AM org.openqa.selenium.remote.ProtocolHandshake createSession

INFO: Detected dialect: OSS
[MASTER] 05:23:17.015 [Thread-3] ERROR ExternalProcessHandler - INFO: Detected dialect: OSS

Feb 28, 2020 5:23:20 AM po_utils.PageObjectLogging logInfo
[MASTER] 05:23:20.746 [Thread-3] ERROR ExternalProcessHandler - Feb 28, 2020 5:23:20 AM po_utils.PageObjectLogging logInfo

INFO: waitForElementBeingPresentOnPage timeout exception: unable to locate the element By.xpath: //div[contains(@class,"liquid-child")]
[MASTER] 05:23:20.747 [Thread-3] ERROR ExternalProcessHandler - INFO: waitForElementBeingPresentOnPage timeout exception: unable to locate the element By.xpath: //div[contains(@class,"liquid-child")]


[MASTER] 05:23:20.747 [Thread-3] ERROR ExternalProcessHandler - 


[MASTER] 05:23:20.747 [Thread-3] ERROR ExternalProcessHandler - 

Feb 28, 2020 5:23:22 AM org.openqa.selenium.remote.ProtocolHandshake createSession
[MASTER] 05:23:22.734 [Thread-3] ERROR ExternalProcessHandler - Feb 28, 2020 5:23:22 AM org.openqa.selenium.remote.ProtocolHandshake createSession

INFO: Detected dialect: OSS
[MASTER] 05:23:22.734 [Thread-3] ERROR ExternalProcessHandler - INFO: Detected dialect: OSS

Feb 28, 2020 5:23:27 AM org.openqa.selenium.remote.ProtocolHandshake createSession
[MASTER] 05:23:27.538 [Thread-3] ERROR ExternalProcessHandler - Feb 28, 2020 5:23:27 AM org.openqa.selenium.remote.ProtocolHandshake createSession

INFO: Detected dialect: OSS
[MASTER] 05:23:27.538 [Thread-3] ERROR ExternalProcessHandler - INFO: Detected dialect: OSS

Feb 28, 2020 5:23:31 AM org.openqa.selenium.remote.ProtocolHandshake createSession
[MASTER] 05:23:31.244 [Thread-3] ERROR ExternalProcessHandler - Feb 28, 2020 5:23:31 AM org.openqa.selenium.remote.ProtocolHandshake createSession

INFO: Detected dialect: OSS
[MASTER] 05:23:31.244 [Thread-3] ERROR ExternalProcessHandler - INFO: Detected dialect: OSS

Feb 28, 2020 5:23:34 AM org.openqa.selenium.remote.ProtocolHandshake createSession
[MASTER] 05:23:34.208 [Thread-3] ERROR ExternalProcessHandler - Feb 28, 2020 5:23:34 AM org.openqa.selenium.remote.ProtocolHandshake createSession

INFO: Detected dialect: OSS
[MASTER] 05:23:34.208 [Thread-3] ERROR ExternalProcessHandler - INFO: Detected dialect: OSS

Feb 28, 2020 5:23:37 AM org.openqa.selenium.remote.ProtocolHandshake createSession
[MASTER] 05:23:37.414 [Thread-3] ERROR ExternalProcessHandler - Feb 28, 2020 5:23:37 AM org.openqa.selenium.remote.ProtocolHandshake createSession

INFO: Detected dialect: OSS
[MASTER] 05:23:37.414 [Thread-3] ERROR ExternalProcessHandler - INFO: Detected dialect: OSS

Feb 28, 2020 5:23:38 AM org.openqa.selenium.remote.ProtocolHandshake createSession
[MASTER] 05:23:38.847 [Thread-3] ERROR ExternalProcessHandler - Feb 28, 2020 5:23:38 AM org.openqa.selenium.remote.ProtocolHandshake createSession

INFO: Detected dialect: OSS
[MASTER] 05:23:38.847 [Thread-3] ERROR ExternalProcessHandler - INFO: Detected dialect: OSS

Feb 28, 2020 5:23:42 AM org.openqa.selenium.remote.ProtocolHandshake createSession
[MASTER] 05:23:42.787 [Thread-3] ERROR ExternalProcessHandler - Feb 28, 2020 5:23:42 AM org.openqa.selenium.remote.ProtocolHandshake createSession

INFO: Detected dialect: OSS
[MASTER] 05:23:42.787 [Thread-3] ERROR ExternalProcessHandler - INFO: Detected dialect: OSS

Feb 28, 2020 5:23:46 AM org.openqa.selenium.remote.ProtocolHandshake createSession
[MASTER] 05:23:46.121 [Thread-3] ERROR ExternalProcessHandler - Feb 28, 2020 5:23:46 AM org.openqa.selenium.remote.ProtocolHandshake createSession

INFO: Detected dialect: OSS
[MASTER] 05:23:46.121 [Thread-3] ERROR ExternalProcessHandler - INFO: Detected dialect: OSS

Feb 28, 2020 5:23:51 AM po_utils.PageObjectLogging logInfo
[MASTER] 05:23:51.253 [Thread-3] ERROR ExternalProcessHandler - Feb 28, 2020 5:23:51 AM po_utils.PageObjectLogging logInfo

INFO: waitForElementBeingPresentOnPage timeout exception: unable to locate the element By.xpath: //div[contains(@class,"liquid-child")]
[MASTER] 05:23:51.254 [Thread-3] ERROR ExternalProcessHandler - INFO: waitForElementBeingPresentOnPage timeout exception: unable to locate the element By.xpath: //div[contains(@class,"liquid-child")]


[MASTER] 05:23:51.254 [Thread-3] ERROR ExternalProcessHandler - 


[MASTER] 05:23:51.254 [Thread-3] ERROR ExternalProcessHandler - 

Feb 28, 2020 5:23:51 AM org.openqa.selenium.remote.ProtocolHandshake createSession
[MASTER] 05:23:51.894 [Thread-3] ERROR ExternalProcessHandler - Feb 28, 2020 5:23:51 AM org.openqa.selenium.remote.ProtocolHandshake createSession

INFO: Detected dialect: OSS
[MASTER] 05:23:51.894 [Thread-3] ERROR ExternalProcessHandler - INFO: Detected dialect: OSS

Feb 28, 2020 5:23:55 AM org.openqa.selenium.remote.ProtocolHandshake createSession
[MASTER] 05:23:55.162 [Thread-3] ERROR ExternalProcessHandler - Feb 28, 2020 5:23:55 AM org.openqa.selenium.remote.ProtocolHandshake createSession

INFO: Detected dialect: OSS
[MASTER] 05:23:55.162 [Thread-3] ERROR ExternalProcessHandler - INFO: Detected dialect: OSS

Feb 28, 2020 5:23:57 AM org.openqa.selenium.remote.ProtocolHandshake createSession
[MASTER] 05:23:57.603 [Thread-3] ERROR ExternalProcessHandler - Feb 28, 2020 5:23:57 AM org.openqa.selenium.remote.ProtocolHandshake createSession

INFO: Detected dialect: OSS
[MASTER] 05:23:57.603 [Thread-3] ERROR ExternalProcessHandler - INFO: Detected dialect: OSS

Feb 28, 2020 5:24:01 AM org.openqa.selenium.remote.ProtocolHandshake createSession
[MASTER] 05:24:01.133 [Thread-3] ERROR ExternalProcessHandler - Feb 28, 2020 5:24:01 AM org.openqa.selenium.remote.ProtocolHandshake createSession

INFO: Detected dialect: OSS
[MASTER] 05:24:01.133 [Thread-3] ERROR ExternalProcessHandler - INFO: Detected dialect: OSS

Feb 28, 2020 5:24:03 AM org.openqa.selenium.remote.ProtocolHandshake createSession
[MASTER] 05:24:03.906 [Thread-3] ERROR ExternalProcessHandler - Feb 28, 2020 5:24:03 AM org.openqa.selenium.remote.ProtocolHandshake createSession

INFO: Detected dialect: OSS
[MASTER] 05:24:03.906 [Thread-3] ERROR ExternalProcessHandler - INFO: Detected dialect: OSS

Feb 28, 2020 5:24:06 AM org.openqa.selenium.remote.ProtocolHandshake createSession
[MASTER] 05:24:06.355 [Thread-3] ERROR ExternalProcessHandler - Feb 28, 2020 5:24:06 AM org.openqa.selenium.remote.ProtocolHandshake createSession

INFO: Detected dialect: OSS
[MASTER] 05:24:06.356 [Thread-3] ERROR ExternalProcessHandler - INFO: Detected dialect: OSS

Feb 28, 2020 5:24:09 AM org.openqa.selenium.remote.ProtocolHandshake createSession
[MASTER] 05:24:09.967 [Thread-3] ERROR ExternalProcessHandler - Feb 28, 2020 5:24:09 AM org.openqa.selenium.remote.ProtocolHandshake createSession

INFO: Detected dialect: OSS
[MASTER] 05:24:09.967 [Thread-3] ERROR ExternalProcessHandler - INFO: Detected dialect: OSS

Feb 28, 2020 5:24:13 AM po_utils.PageObjectLogging logInfo
[MASTER] 05:24:13.204 [Thread-3] ERROR ExternalProcessHandler - Feb 28, 2020 5:24:13 AM po_utils.PageObjectLogging logInfo

INFO: waitForElementBeingPresentOnPage timeout exception: unable to locate the element By.xpath: //div[contains(@class,"liquid-child")]
[MASTER] 05:24:13.204 [Thread-3] ERROR ExternalProcessHandler - INFO: waitForElementBeingPresentOnPage timeout exception: unable to locate the element By.xpath: //div[contains(@class,"liquid-child")]


[MASTER] 05:24:13.204 [Thread-3] ERROR ExternalProcessHandler - 


[MASTER] 05:24:13.204 [Thread-3] ERROR ExternalProcessHandler - 

Feb 28, 2020 5:24:14 AM org.openqa.selenium.remote.ProtocolHandshake createSession
[MASTER] 05:24:14.726 [Thread-3] ERROR ExternalProcessHandler - Feb 28, 2020 5:24:14 AM org.openqa.selenium.remote.ProtocolHandshake createSession

INFO: Detected dialect: OSS
[MASTER] 05:24:14.726 [Thread-3] ERROR ExternalProcessHandler - INFO: Detected dialect: OSS

Feb 28, 2020 5:24:19 AM po_utils.PageObjectLogging logInfo
[MASTER] 05:24:19.140 [Thread-3] ERROR ExternalProcessHandler - Feb 28, 2020 5:24:19 AM po_utils.PageObjectLogging logInfo

INFO: waitForElementBeingPresentOnPage timeout exception: unable to locate the element By.xpath: //div[contains(@class,"liquid-child")]
[MASTER] 05:24:19.140 [Thread-3] ERROR ExternalProcessHandler - INFO: waitForElementBeingPresentOnPage timeout exception: unable to locate the element By.xpath: //div[contains(@class,"liquid-child")]


[MASTER] 05:24:19.140 [Thread-3] ERROR ExternalProcessHandler - 


[MASTER] 05:24:19.140 [Thread-3] ERROR ExternalProcessHandler - 

Feb 28, 2020 5:24:21 AM org.openqa.selenium.remote.ProtocolHandshake createSession
[MASTER] 05:24:21.179 [Thread-3] ERROR ExternalProcessHandler - Feb 28, 2020 5:24:21 AM org.openqa.selenium.remote.ProtocolHandshake createSession

INFO: Detected dialect: OSS
[MASTER] 05:24:21.179 [Thread-3] ERROR ExternalProcessHandler - INFO: Detected dialect: OSS

Feb 28, 2020 5:24:25 AM po_utils.PageObjectLogging logInfo
[MASTER] 05:24:25.531 [Thread-3] ERROR ExternalProcessHandler - Feb 28, 2020 5:24:25 AM po_utils.PageObjectLogging logInfo

INFO: waitForElementBeingPresentOnPage timeout exception: unable to locate the element By.xpath: //div[contains(@class,"liquid-child")]
[MASTER] 05:24:25.533 [Thread-3] ERROR ExternalProcessHandler - INFO: waitForElementBeingPresentOnPage timeout exception: unable to locate the element By.xpath: //div[contains(@class,"liquid-child")]


[MASTER] 05:24:25.533 [Thread-3] ERROR ExternalProcessHandler - 


[MASTER] 05:24:25.533 [Thread-3] ERROR ExternalProcessHandler - 

Feb 28, 2020 5:24:27 AM org.openqa.selenium.remote.ProtocolHandshake createSession
[MASTER] 05:24:27.169 [Thread-3] ERROR ExternalProcessHandler - Feb 28, 2020 5:24:27 AM org.openqa.selenium.remote.ProtocolHandshake createSession

INFO: Detected dialect: OSS
[MASTER] 05:24:27.170 [Thread-3] ERROR ExternalProcessHandler - INFO: Detected dialect: OSS

Feb 28, 2020 5:24:30 AM org.openqa.selenium.remote.ProtocolHandshake createSession
[MASTER] 05:24:30.848 [Thread-3] ERROR ExternalProcessHandler - Feb 28, 2020 5:24:30 AM org.openqa.selenium.remote.ProtocolHandshake createSession

INFO: Detected dialect: OSS
[MASTER] 05:24:30.848 [Thread-3] ERROR ExternalProcessHandler - INFO: Detected dialect: OSS

Feb 28, 2020 5:24:32 AM org.openqa.selenium.remote.ProtocolHandshake createSession
[MASTER] 05:24:32.399 [Thread-3] ERROR ExternalProcessHandler - Feb 28, 2020 5:24:32 AM org.openqa.selenium.remote.ProtocolHandshake createSession

INFO: Detected dialect: OSS
[MASTER] 05:24:32.399 [Thread-3] ERROR ExternalProcessHandler - INFO: Detected dialect: OSS

Feb 28, 2020 5:24:36 AM org.openqa.selenium.remote.ProtocolHandshake createSession
[MASTER] 05:24:36.976 [Thread-3] ERROR ExternalProcessHandler - Feb 28, 2020 5:24:36 AM org.openqa.selenium.remote.ProtocolHandshake createSession

INFO: Detected dialect: OSS
[MASTER] 05:24:36.976 [Thread-3] ERROR ExternalProcessHandler - INFO: Detected dialect: OSS

Feb 28, 2020 5:24:38 AM org.openqa.selenium.remote.ProtocolHandshake createSession
[MASTER] 05:24:38.673 [Thread-3] ERROR ExternalProcessHandler - Feb 28, 2020 5:24:38 AM org.openqa.selenium.remote.ProtocolHandshake createSession

INFO: Detected dialect: OSS
[MASTER] 05:24:38.674 [Thread-3] ERROR ExternalProcessHandler - INFO: Detected dialect: OSS

Feb 28, 2020 5:24:41 AM org.openqa.selenium.remote.ProtocolHandshake createSession
[MASTER] 05:24:41.386 [Thread-3] ERROR ExternalProcessHandler - Feb 28, 2020 5:24:41 AM org.openqa.selenium.remote.ProtocolHandshake createSession

INFO: Detected dialect: OSS
[MASTER] 05:24:41.386 [Thread-3] ERROR ExternalProcessHandler - INFO: Detected dialect: OSS

Feb 28, 2020 5:24:44 AM org.openqa.selenium.remote.ProtocolHandshake createSession
[MASTER] 05:24:44.308 [Thread-3] ERROR ExternalProcessHandler - Feb 28, 2020 5:24:44 AM org.openqa.selenium.remote.ProtocolHandshake createSession

INFO: Detected dialect: OSS
[MASTER] 05:24:44.308 [Thread-3] ERROR ExternalProcessHandler - INFO: Detected dialect: OSS

Feb 28, 2020 5:24:50 AM org.openqa.selenium.remote.ProtocolHandshake createSession
[MASTER] 05:24:50.192 [Thread-3] ERROR ExternalProcessHandler - Feb 28, 2020 5:24:50 AM org.openqa.selenium.remote.ProtocolHandshake createSession

INFO: Detected dialect: OSS
[MASTER] 05:24:50.192 [Thread-3] ERROR ExternalProcessHandler - INFO: Detected dialect: OSS

Feb 28, 2020 5:24:54 AM po_utils.PageObjectLogging logInfo
[MASTER] 05:24:54.561 [Thread-3] ERROR ExternalProcessHandler - Feb 28, 2020 5:24:54 AM po_utils.PageObjectLogging logInfo

INFO: waitForElementBeingPresentOnPage timeout exception: unable to locate the element By.xpath: //div[contains(@class,"liquid-child")]
[MASTER] 05:24:54.562 [Thread-3] ERROR ExternalProcessHandler - INFO: waitForElementBeingPresentOnPage timeout exception: unable to locate the element By.xpath: //div[contains(@class,"liquid-child")]


[MASTER] 05:24:54.562 [Thread-3] ERROR ExternalProcessHandler - 


[MASTER] 05:24:54.562 [Thread-3] ERROR ExternalProcessHandler - 

Feb 28, 2020 5:24:57 AM org.openqa.selenium.remote.ProtocolHandshake createSession
[MASTER] 05:24:57.310 [Thread-3] ERROR ExternalProcessHandler - Feb 28, 2020 5:24:57 AM org.openqa.selenium.remote.ProtocolHandshake createSession

INFO: Detected dialect: OSS
[MASTER] 05:24:57.310 [Thread-3] ERROR ExternalProcessHandler - INFO: Detected dialect: OSS

Feb 28, 2020 5:24:58 AM org.openqa.selenium.remote.ProtocolHandshake createSession
[MASTER] 05:24:58.976 [Thread-3] ERROR ExternalProcessHandler - Feb 28, 2020 5:24:58 AM org.openqa.selenium.remote.ProtocolHandshake createSession

INFO: Detected dialect: OSS
[MASTER] 05:24:58.976 [Thread-3] ERROR ExternalProcessHandler - INFO: Detected dialect: OSS

Feb 28, 2020 5:25:02 AM org.openqa.selenium.remote.ProtocolHandshake createSession
[MASTER] 05:25:02.896 [Thread-3] ERROR ExternalProcessHandler - Feb 28, 2020 5:25:02 AM org.openqa.selenium.remote.ProtocolHandshake createSession

INFO: Detected dialect: OSS
[MASTER] 05:25:02.896 [Thread-3] ERROR ExternalProcessHandler - INFO: Detected dialect: OSS

Feb 28, 2020 5:25:07 AM org.openqa.selenium.remote.ProtocolHandshake createSession
[MASTER] 05:25:07.323 [Thread-3] ERROR ExternalProcessHandler - Feb 28, 2020 5:25:07 AM org.openqa.selenium.remote.ProtocolHandshake createSession

INFO: Detected dialect: OSS
[MASTER] 05:25:07.323 [Thread-3] ERROR ExternalProcessHandler - INFO: Detected dialect: OSS

Feb 28, 2020 5:25:11 AM po_utils.PageObjectLogging logInfo
[MASTER] 05:25:11.605 [Thread-3] ERROR ExternalProcessHandler - Feb 28, 2020 5:25:11 AM po_utils.PageObjectLogging logInfo

INFO: waitForElementBeingPresentOnPage timeout exception: unable to locate the element By.xpath: //div[contains(@class,"liquid-child")]
[MASTER] 05:25:11.606 [Thread-3] ERROR ExternalProcessHandler - INFO: waitForElementBeingPresentOnPage timeout exception: unable to locate the element By.xpath: //div[contains(@class,"liquid-child")]


[MASTER] 05:25:11.606 [Thread-3] ERROR ExternalProcessHandler - 


[MASTER] 05:25:11.606 [Thread-3] ERROR ExternalProcessHandler - 

Feb 28, 2020 5:25:12 AM org.openqa.selenium.remote.ProtocolHandshake createSession
[MASTER] 05:25:12.379 [Thread-3] ERROR ExternalProcessHandler - Feb 28, 2020 5:25:12 AM org.openqa.selenium.remote.ProtocolHandshake createSession

INFO: Detected dialect: OSS
[MASTER] 05:25:12.379 [Thread-3] ERROR ExternalProcessHandler - INFO: Detected dialect: OSS

Feb 28, 2020 5:25:14 AM org.openqa.selenium.remote.ProtocolHandshake createSession
[MASTER] 05:25:14.725 [Thread-3] ERROR ExternalProcessHandler - Feb 28, 2020 5:25:14 AM org.openqa.selenium.remote.ProtocolHandshake createSession

INFO: Detected dialect: OSS
[MASTER] 05:25:14.725 [Thread-3] ERROR ExternalProcessHandler - INFO: Detected dialect: OSS

Feb 28, 2020 5:25:18 AM po_utils.PageObjectLogging logInfo
[MASTER] 05:25:18.220 [Thread-3] ERROR ExternalProcessHandler - Feb 28, 2020 5:25:18 AM po_utils.PageObjectLogging logInfo

INFO: waitForElementBeingPresentOnPage timeout exception: unable to locate the element By.xpath: //div[contains(@class,"liquid-child")]
[MASTER] 05:25:18.220 [Thread-3] ERROR ExternalProcessHandler - INFO: waitForElementBeingPresentOnPage timeout exception: unable to locate the element By.xpath: //div[contains(@class,"liquid-child")]


[MASTER] 05:25:18.220 [Thread-3] ERROR ExternalProcessHandler - 


[MASTER] 05:25:18.220 [Thread-3] ERROR ExternalProcessHandler - 

Feb 28, 2020 5:25:19 AM org.openqa.selenium.remote.ProtocolHandshake createSession
[MASTER] 05:25:19.056 [Thread-3] ERROR ExternalProcessHandler - Feb 28, 2020 5:25:19 AM org.openqa.selenium.remote.ProtocolHandshake createSession

INFO: Detected dialect: OSS
[MASTER] 05:25:19.056 [Thread-3] ERROR ExternalProcessHandler - INFO: Detected dialect: OSS

Feb 28, 2020 5:25:21 AM org.openqa.selenium.remote.ProtocolHandshake createSession
[MASTER] 05:25:21.592 [Thread-3] ERROR ExternalProcessHandler - Feb 28, 2020 5:25:21 AM org.openqa.selenium.remote.ProtocolHandshake createSession

INFO: Detected dialect: OSS
[MASTER] 05:25:21.592 [Thread-3] ERROR ExternalProcessHandler - INFO: Detected dialect: OSS

Feb 28, 2020 5:25:25 AM po_utils.PageObjectLogging logInfo
[MASTER] 05:25:25.268 [Thread-3] ERROR ExternalProcessHandler - Feb 28, 2020 5:25:25 AM po_utils.PageObjectLogging logInfo

INFO: waitForElementBeingPresentOnPage timeout exception: unable to locate the element By.xpath: //div[contains(@class,"liquid-child")]
[MASTER] 05:25:25.269 [Thread-3] ERROR ExternalProcessHandler - INFO: waitForElementBeingPresentOnPage timeout exception: unable to locate the element By.xpath: //div[contains(@class,"liquid-child")]


[MASTER] 05:25:25.269 [Thread-3] ERROR ExternalProcessHandler - 


[MASTER] 05:25:25.269 [Thread-3] ERROR ExternalProcessHandler - 

Feb 28, 2020 5:25:27 AM org.openqa.selenium.remote.ProtocolHandshake createSession
[MASTER] 05:25:27.251 [Thread-3] ERROR ExternalProcessHandler - Feb 28, 2020 5:25:27 AM org.openqa.selenium.remote.ProtocolHandshake createSession

INFO: Detected dialect: OSS
[MASTER] 05:25:27.251 [Thread-3] ERROR ExternalProcessHandler - INFO: Detected dialect: OSS

Feb 28, 2020 5:25:33 AM org.openqa.selenium.remote.ProtocolHandshake createSession
[MASTER] 05:25:33.537 [Thread-3] ERROR ExternalProcessHandler - Feb 28, 2020 5:25:33 AM org.openqa.selenium.remote.ProtocolHandshake createSession

INFO: Detected dialect: OSS
[MASTER] 05:25:33.537 [Thread-3] ERROR ExternalProcessHandler - INFO: Detected dialect: OSS

Feb 28, 2020 5:25:36 AM org.openqa.selenium.remote.ProtocolHandshake createSession
[MASTER] 05:25:36.158 [Thread-3] ERROR ExternalProcessHandler - Feb 28, 2020 5:25:36 AM org.openqa.selenium.remote.ProtocolHandshake createSession

INFO: Detected dialect: OSS
[MASTER] 05:25:36.158 [Thread-3] ERROR ExternalProcessHandler - INFO: Detected dialect: OSS

Feb 28, 2020 5:25:39 AM org.openqa.selenium.remote.ProtocolHandshake createSession
[MASTER] 05:25:39.058 [Thread-3] ERROR ExternalProcessHandler - Feb 28, 2020 5:25:39 AM org.openqa.selenium.remote.ProtocolHandshake createSession

INFO: Detected dialect: OSS
[MASTER] 05:25:39.058 [Thread-3] ERROR ExternalProcessHandler - INFO: Detected dialect: OSS

Feb 28, 2020 5:25:42 AM org.openqa.selenium.remote.ProtocolHandshake createSession
[MASTER] 05:25:42.004 [Thread-3] ERROR ExternalProcessHandler - Feb 28, 2020 5:25:42 AM org.openqa.selenium.remote.ProtocolHandshake createSession

INFO: Detected dialect: OSS
[MASTER] 05:25:42.004 [Thread-3] ERROR ExternalProcessHandler - INFO: Detected dialect: OSS

Feb 28, 2020 5:25:45 AM po_utils.PageObjectLogging logInfo
[MASTER] 05:25:45.733 [Thread-3] ERROR ExternalProcessHandler - Feb 28, 2020 5:25:45 AM po_utils.PageObjectLogging logInfo

INFO: waitForElementBeingPresentOnPage timeout exception: unable to locate the element By.xpath: //div[contains(@class,"liquid-child")]
[MASTER] 05:25:45.734 [Thread-3] ERROR ExternalProcessHandler - INFO: waitForElementBeingPresentOnPage timeout exception: unable to locate the element By.xpath: //div[contains(@class,"liquid-child")]


[MASTER] 05:25:45.734 [Thread-3] ERROR ExternalProcessHandler - 


[MASTER] 05:25:45.734 [Thread-3] ERROR ExternalProcessHandler - 

Feb 28, 2020 5:25:51 AM po_utils.PageObjectLogging logInfo
[MASTER] 05:25:51.614 [Thread-3] ERROR ExternalProcessHandler - Feb 28, 2020 5:25:51 AM po_utils.PageObjectLogging logInfo

INFO: waitForElementBeingPresentOnPage timeout exception: unable to locate the element By.xpath: //div[contains(@class,"liquid-child")]
[MASTER] 05:25:51.615 [Thread-3] ERROR ExternalProcessHandler - INFO: waitForElementBeingPresentOnPage timeout exception: unable to locate the element By.xpath: //div[contains(@class,"liquid-child")]


[MASTER] 05:25:51.615 [Thread-3] ERROR ExternalProcessHandler - 


[MASTER] 05:25:51.615 [Thread-3] ERROR ExternalProcessHandler - 

Feb 28, 2020 5:25:51 AM org.openqa.selenium.remote.ProtocolHandshake createSession
[MASTER] 05:25:51.799 [Thread-3] ERROR ExternalProcessHandler - Feb 28, 2020 5:25:51 AM org.openqa.selenium.remote.ProtocolHandshake createSession

INFO: Detected dialect: OSS
[MASTER] 05:25:51.799 [Thread-3] ERROR ExternalProcessHandler - INFO: Detected dialect: OSS

Feb 28, 2020 5:25:58 AM po_utils.PageObjectLogging logInfo
[MASTER] 05:25:58.795 [Thread-3] ERROR ExternalProcessHandler - Feb 28, 2020 5:25:58 AM po_utils.PageObjectLogging logInfo

INFO: waitForElementBeingPresentOnPage timeout exception: unable to locate the element By.xpath: //div[contains(@class,"liquid-child")]
[MASTER] 05:25:58.796 [Thread-3] ERROR ExternalProcessHandler - INFO: waitForElementBeingPresentOnPage timeout exception: unable to locate the element By.xpath: //div[contains(@class,"liquid-child")]


[MASTER] 05:25:58.796 [Thread-3] ERROR ExternalProcessHandler - 


[MASTER] 05:25:58.796 [Thread-3] ERROR ExternalProcessHandler - 

Feb 28, 2020 5:26:08 AM po_utils.PageObjectLogging logInfo
[MASTER] 05:26:08.274 [Thread-3] ERROR ExternalProcessHandler - Feb 28, 2020 5:26:08 AM po_utils.PageObjectLogging logInfo

INFO: waitForElementBeingPresentOnPage timeout exception: unable to locate the element By.xpath: //div[contains(@class,"liquid-child")]
[MASTER] 05:26:08.275 [Thread-3] ERROR ExternalProcessHandler - INFO: waitForElementBeingPresentOnPage timeout exception: unable to locate the element By.xpath: //div[contains(@class,"liquid-child")]


[MASTER] 05:26:08.275 [Thread-3] ERROR ExternalProcessHandler - 


[MASTER] 05:26:08.275 [Thread-3] ERROR ExternalProcessHandler - 

Feb 28, 2020 5:26:08 AM org.openqa.selenium.remote.ProtocolHandshake createSession
[MASTER] 05:26:08.607 [Thread-3] ERROR ExternalProcessHandler - Feb 28, 2020 5:26:08 AM org.openqa.selenium.remote.ProtocolHandshake createSession

INFO: Detected dialect: OSS
[MASTER] 05:26:08.607 [Thread-3] ERROR ExternalProcessHandler - INFO: Detected dialect: OSS

Feb 28, 2020 5:26:18 AM po_utils.PageObjectLogging logInfo
[MASTER] 05:26:18.979 [Thread-3] ERROR ExternalProcessHandler - Feb 28, 2020 5:26:18 AM po_utils.PageObjectLogging logInfo

INFO: waitForElementBeingPresentOnPage timeout exception: unable to locate the element By.xpath: //input[@placeholder="Example: Trip to Barcelona"]
[MASTER] 05:26:18.979 [Thread-3] ERROR ExternalProcessHandler - INFO: waitForElementBeingPresentOnPage timeout exception: unable to locate the element By.xpath: //input[@placeholder="Example: Trip to Barcelona"]


[MASTER] 05:26:18.979 [Thread-3] ERROR ExternalProcessHandler - 


[MASTER] 05:26:18.980 [Thread-3] ERROR ExternalProcessHandler - 

Feb 28, 2020 5:26:37 AM org.openqa.selenium.remote.ProtocolHandshake createSession
[MASTER] 05:26:37.097 [Thread-3] ERROR ExternalProcessHandler - Feb 28, 2020 5:26:37 AM org.openqa.selenium.remote.ProtocolHandshake createSession

INFO: Detected dialect: OSS
[MASTER] 05:26:37.097 [Thread-3] ERROR ExternalProcessHandler - INFO: Detected dialect: OSS

Feb 28, 2020 5:26:47 AM po_utils.PageObjectLogging logInfo
[MASTER] 05:26:47.749 [Thread-3] ERROR ExternalProcessHandler - Feb 28, 2020 5:26:47 AM po_utils.PageObjectLogging logInfo

INFO: waitForElementBeingPresentOnPage timeout exception: unable to locate the element By.xpath: //div[contains(@class,"liquid-child")]
[MASTER] 05:26:47.749 [Thread-3] ERROR ExternalProcessHandler - INFO: waitForElementBeingPresentOnPage timeout exception: unable to locate the element By.xpath: //div[contains(@class,"liquid-child")]


[MASTER] 05:26:47.749 [Thread-3] ERROR ExternalProcessHandler - 


[MASTER] 05:26:47.749 [Thread-3] ERROR ExternalProcessHandler - 

Feb 28, 2020 5:27:04 AM po_utils.PageObjectLogging logInfo
[MASTER] 05:27:04.387 [Thread-3] ERROR ExternalProcessHandler - Feb 28, 2020 5:27:04 AM po_utils.PageObjectLogging logInfo

INFO: waitForElementBeingPresentOnPage timeout exception: unable to locate the element By.xpath: //div[contains(@class,"liquid-child")]
[MASTER] 05:27:04.388 [Thread-3] ERROR ExternalProcessHandler - INFO: waitForElementBeingPresentOnPage timeout exception: unable to locate the element By.xpath: //div[contains(@class,"liquid-child")]


[MASTER] 05:27:04.388 [Thread-3] ERROR ExternalProcessHandler - 


[MASTER] 05:27:04.388 [Thread-3] ERROR ExternalProcessHandler - 

[MASTER] 05:27:04.988 [logback-2] ERROR TestCaseExecutor - TG: Exception caught: 
java.lang.IllegalStateException: Test generation failed: page object bug.
	at org.evosuite.testcase.execution.TestCaseExecutor.runTest(TestCaseExecutor.java:320) ~[evosuite-client-1.0.4-SNAPSHOT.jar:na]
	at org.evosuite.testcase.TestFitnessFunction.runTest(TestFitnessFunction.java:91) [evosuite-client-1.0.4-SNAPSHOT.jar:na]
	at org.evosuite.testcase.TestFitnessFunction.getFitness(TestFitnessFunction.java:60) [evosuite-client-1.0.4-SNAPSHOT.jar:na]
	at org.evosuite.testcase.TestFitnessFunction.getFitness(TestFitnessFunction.java:34) [evosuite-client-1.0.4-SNAPSHOT.jar:na]
	at org.evosuite.ga.metaheuristics.art.AdaptiveRandomSearch.calculateFitness(AdaptiveRandomSearch.java:312) [evosuite-client-1.0.4-SNAPSHOT.jar:na]
	at org.evosuite.ga.metaheuristics.art.AdaptiveRandomSearch.evolve(AdaptiveRandomSearch.java:139) [evosuite-client-1.0.4-SNAPSHOT.jar:na]
	at org.evosuite.ga.metaheuristics.art.AdaptiveRandomSearch.generateSolution(AdaptiveRandomSearch.java:270) [evosuite-client-1.0.4-SNAPSHOT.jar:na]
	at org.evosuite.strategy.AdaptiveRandomTestStrategy.generateTests(AdaptiveRandomTestStrategy.java:118) [evosuite-client-1.0.4-SNAPSHOT.jar:na]
	at org.evosuite.TestSuiteGenerator.generateTests(TestSuiteGenerator.java:654) [evosuite-client-1.0.4-SNAPSHOT.jar:na]
	at org.evosuite.TestSuiteGenerator.generateTestSuite(TestSuiteGenerator.java:213) [evosuite-client-1.0.4-SNAPSHOT.jar:na]
	at org.evosuite.rmi.service.ClientNodeImpl$1.run(ClientNodeImpl.java:145) [evosuite-client-1.0.4-SNAPSHOT.jar:na]
	at java.util.concurrent.Executors$RunnableAdapter.call(Executors.java:511) [na:1.8.0_242]
	at java.util.concurrent.FutureTask.run(FutureTask.java:266) [na:1.8.0_242]
	at java.util.concurrent.ThreadPoolExecutor.runWorker(ThreadPoolExecutor.java:1149) [na:1.8.0_242]
	at java.util.concurrent.ThreadPoolExecutor$Worker.run(ThreadPoolExecutor.java:624) [na:1.8.0_242]
	at java.lang.Thread.run(Thread.java:748) [na:1.8.0_242]
[MASTER] 05:27:04.991 [logback-2] ERROR ClientNodeImpl - Error when generating tests for: main.ClassUnderTest with seed 1582867243564. Configuration id : null
java.lang.Error: java.lang.IllegalStateException: Test generation failed: page object bug.
	at org.evosuite.testcase.execution.TestCaseExecutor.runTest(TestCaseExecutor.java:336) ~[evosuite-client-1.0.4-SNAPSHOT.jar:na]
	at org.evosuite.testcase.TestFitnessFunction.runTest(TestFitnessFunction.java:91) ~[evosuite-client-1.0.4-SNAPSHOT.jar:na]
	at org.evosuite.testcase.TestFitnessFunction.getFitness(TestFitnessFunction.java:60) ~[evosuite-client-1.0.4-SNAPSHOT.jar:na]
	at org.evosuite.testcase.TestFitnessFunction.getFitness(TestFitnessFunction.java:34) ~[evosuite-client-1.0.4-SNAPSHOT.jar:na]
	at org.evosuite.ga.metaheuristics.art.AdaptiveRandomSearch.calculateFitness(AdaptiveRandomSearch.java:312) ~[evosuite-client-1.0.4-SNAPSHOT.jar:na]
	at org.evosuite.ga.metaheuristics.art.AdaptiveRandomSearch.evolve(AdaptiveRandomSearch.java:139) ~[evosuite-client-1.0.4-SNAPSHOT.jar:na]
	at org.evosuite.ga.metaheuristics.art.AdaptiveRandomSearch.generateSolution(AdaptiveRandomSearch.java:270) ~[evosuite-client-1.0.4-SNAPSHOT.jar:na]
	at org.evosuite.strategy.AdaptiveRandomTestStrategy.generateTests(AdaptiveRandomTestStrategy.java:118) ~[evosuite-client-1.0.4-SNAPSHOT.jar:na]
	at org.evosuite.TestSuiteGenerator.generateTests(TestSuiteGenerator.java:654) ~[evosuite-client-1.0.4-SNAPSHOT.jar:na]
	at org.evosuite.TestSuiteGenerator.generateTestSuite(TestSuiteGenerator.java:213) ~[evosuite-client-1.0.4-SNAPSHOT.jar:na]
	at org.evosuite.rmi.service.ClientNodeImpl$1.run(ClientNodeImpl.java:145) ~[evosuite-client-1.0.4-SNAPSHOT.jar:na]
	at java.util.concurrent.Executors$RunnableAdapter.call(Executors.java:511) [na:1.8.0_242]
	at java.util.concurrent.FutureTask.run(FutureTask.java:266) [na:1.8.0_242]
	at java.util.concurrent.ThreadPoolExecutor.runWorker(ThreadPoolExecutor.java:1149) [na:1.8.0_242]
	at java.util.concurrent.ThreadPoolExecutor$Worker.run(ThreadPoolExecutor.java:624) [na:1.8.0_242]
	at java.lang.Thread.run(Thread.java:748) [na:1.8.0_242]
Caused by: java.lang.IllegalStateException: Test generation failed: page object bug.
	at org.evosuite.testcase.execution.TestCaseExecutor.runTest(TestCaseExecutor.java:320) ~[evosuite-client-1.0.4-SNAPSHOT.jar:na]
	... 15 common frames omitted
[MASTER] 05:27:05.102 [main] ERROR SearchStatistics - No statistics has been saved because EvoSuite failed to generate any test case
[MASTER] 05:27:05.204 [main] ERROR TestGeneration - failed to write statistics data
