SLF4J: Class path contains multiple SLF4J bindings.
SLF4J: Found binding in [jar:file:/home/ubuntu/.m2/repository/ch/qos/logback/logback-classic/1.1.3/logback-classic-1.1.3.jar!/org/slf4j/impl/StaticLoggerBinder.class]
SLF4J: Found binding in [jar:file:/home/ubuntu/.m2/repository/org/evosuite/evosuite-master/1.0.4-SNAPSHOT/evosuite-master-1.0.4-SNAPSHOT.jar!/org/slf4j/impl/StaticLoggerBinder.class]
SLF4J: See http://www.slf4j.org/codes.html#multiple_bindings for an explanation.
SLF4J: Actual binding is of type [ch.qos.logback.classic.util.ContextSelectorStaticBinder]
SLF4J: Class path contains multiple SLF4J bindings.
[MASTER] 04:49:56.706 [Thread-3] ERROR ExternalProcessHandler - SLF4J: Class path contains multiple SLF4J bindings.

SLF4J: Found binding in [jar:file:/home/ubuntu/.m2/repository/ch/qos/logback/logback-classic/1.1.3/logback-classic-1.1.3.jar!/org/slf4j/impl/StaticLoggerBinder.class]
[MASTER] 04:49:56.708 [Thread-3] ERROR ExternalProcessHandler - SLF4J: Found binding in [jar:file:/home/ubuntu/.m2/repository/ch/qos/logback/logback-classic/1.1.3/logback-classic-1.1.3.jar!/org/slf4j/impl/StaticLoggerBinder.class]

SLF4J: Found binding in [jar:file:/home/ubuntu/.m2/repository/org/evosuite/evosuite-master/1.0.4-SNAPSHOT/evosuite-master-1.0.4-SNAPSHOT.jar!/org/slf4j/impl/StaticLoggerBinder.class]
[MASTER] 04:49:56.709 [Thread-3] ERROR ExternalProcessHandler - SLF4J: Found binding in [jar:file:/home/ubuntu/.m2/repository/org/evosuite/evosuite-master/1.0.4-SNAPSHOT/evosuite-master-1.0.4-SNAPSHOT.jar!/org/slf4j/impl/StaticLoggerBinder.class]

SLF4J: See http://www.slf4j.org/codes.html#multiple_bindings for an explanation.
[MASTER] 04:49:56.709 [Thread-3] ERROR ExternalProcessHandler - SLF4J: See http://www.slf4j.org/codes.html#multiple_bindings for an explanation.

SLF4J: Actual binding is of type [ch.qos.logback.classic.util.ContextSelectorStaticBinder]
[MASTER] 04:50:11.947 [Thread-3] ERROR ExternalProcessHandler - SLF4J: Actual binding is of type [ch.qos.logback.classic.util.ContextSelectorStaticBinder]

Feb 28, 2020 4:51:00 AM org.openqa.selenium.remote.ProtocolHandshake createSession
[MASTER] 04:51:00.638 [Thread-3] ERROR ExternalProcessHandler - Feb 28, 2020 4:51:00 AM org.openqa.selenium.remote.ProtocolHandshake createSession

INFO: Detected dialect: OSS
[MASTER] 04:51:00.638 [Thread-3] ERROR ExternalProcessHandler - INFO: Detected dialect: OSS

Feb 28, 2020 4:51:27 AM po_utils.PageObjectLogging logInfo
[MASTER] 04:51:27.044 [Thread-3] ERROR ExternalProcessHandler - Feb 28, 2020 4:51:27 AM po_utils.PageObjectLogging logInfo

INFO: waitForElementBeingPresentOnPage timeout exception: unable to locate the element By.xpath: //input[@placeholder="Example: Trip to Barcelona"]
[MASTER] 04:51:27.044 [Thread-3] ERROR ExternalProcessHandler - INFO: waitForElementBeingPresentOnPage timeout exception: unable to locate the element By.xpath: //input[@placeholder="Example: Trip to Barcelona"]


[MASTER] 04:51:27.044 [Thread-3] ERROR ExternalProcessHandler - 


[MASTER] 04:51:27.044 [Thread-3] ERROR ExternalProcessHandler - 

Feb 28, 2020 4:51:27 AM org.openqa.selenium.remote.ProtocolHandshake createSession
[MASTER] 04:51:27.260 [Thread-3] ERROR ExternalProcessHandler - Feb 28, 2020 4:51:27 AM org.openqa.selenium.remote.ProtocolHandshake createSession

INFO: Detected dialect: OSS
[MASTER] 04:51:27.260 [Thread-3] ERROR ExternalProcessHandler - INFO: Detected dialect: OSS

Feb 28, 2020 4:51:33 AM po_utils.PageObjectLogging logInfo
[MASTER] 04:51:33.709 [Thread-3] ERROR ExternalProcessHandler - Feb 28, 2020 4:51:33 AM po_utils.PageObjectLogging logInfo

INFO: waitForElementBeingPresentOnPage timeout exception: unable to locate the element By.xpath: //input[@placeholder="Example: Trip to Barcelona"]
[MASTER] 04:51:33.710 [Thread-3] ERROR ExternalProcessHandler - INFO: waitForElementBeingPresentOnPage timeout exception: unable to locate the element By.xpath: //input[@placeholder="Example: Trip to Barcelona"]


[MASTER] 04:51:33.710 [Thread-3] ERROR ExternalProcessHandler - 


[MASTER] 04:51:33.710 [Thread-3] ERROR ExternalProcessHandler - 

Feb 28, 2020 4:51:34 AM org.openqa.selenium.remote.ProtocolHandshake createSession
[MASTER] 04:51:34.980 [Thread-3] ERROR ExternalProcessHandler - Feb 28, 2020 4:51:34 AM org.openqa.selenium.remote.ProtocolHandshake createSession

INFO: Detected dialect: OSS
[MASTER] 04:51:34.980 [Thread-3] ERROR ExternalProcessHandler - INFO: Detected dialect: OSS

Feb 28, 2020 4:51:41 AM org.openqa.selenium.remote.ProtocolHandshake createSession
[MASTER] 04:51:41.786 [Thread-3] ERROR ExternalProcessHandler - Feb 28, 2020 4:51:41 AM org.openqa.selenium.remote.ProtocolHandshake createSession

INFO: Detected dialect: OSS
[MASTER] 04:51:41.786 [Thread-3] ERROR ExternalProcessHandler - INFO: Detected dialect: OSS

Exception in thread "Thread-3" java.lang.ClassCastException: org.evosuite.testcase.TestChromosome cannot be cast to org.evosuite.testsuite.TestSuiteChromosome
[MASTER] 04:51:41.899 [Thread-3] ERROR ExternalProcessHandler - Exception in thread "Thread-3" java.lang.ClassCastException: org.evosuite.testcase.TestChromosome cannot be cast to org.evosuite.testsuite.TestSuiteChromosome

	at org.evosuite.statistics.SearchStatistics.currentIndividual(SearchStatistics.java:181)
[MASTER] 04:51:41.899 [Thread-3] ERROR ExternalProcessHandler - 	at org.evosuite.statistics.SearchStatistics.currentIndividual(SearchStatistics.java:181)

	at org.evosuite.rmi.service.MasterNodeImpl.evosuite_collectStatistics(MasterNodeImpl.java:166)
[MASTER] 04:51:41.899 [Thread-3] ERROR ExternalProcessHandler - 	at org.evosuite.rmi.service.MasterNodeImpl.evosuite_collectStatistics(MasterNodeImpl.java:166)

	at sun.reflect.NativeMethodAccessorImpl.invoke0(Native Method)
[MASTER] 04:51:41.900 [Thread-3] ERROR ExternalProcessHandler - 	at sun.reflect.NativeMethodAccessorImpl.invoke0(Native Method)

	at sun.reflect.NativeMethodAccessorImpl.invoke(NativeMethodAccessorImpl.java:62)
[MASTER] 04:51:41.900 [Thread-3] ERROR ExternalProcessHandler - 	at sun.reflect.NativeMethodAccessorImpl.invoke(NativeMethodAccessorImpl.java:62)

	at sun.reflect.DelegatingMethodAccessorImpl.invoke(DelegatingMethodAccessorImpl.java:43)
[MASTER] 04:51:41.900 [Thread-3] ERROR ExternalProcessHandler - 	at sun.reflect.DelegatingMethodAccessorImpl.invoke(DelegatingMethodAccessorImpl.java:43)

	at java.lang.reflect.Method.invoke(Method.java:498)
[MASTER] 04:51:41.901 [Thread-3] ERROR ExternalProcessHandler - 	at java.lang.reflect.Method.invoke(Method.java:498)

	at sun.rmi.server.UnicastServerRef.dispatch(UnicastServerRef.java:357)
[MASTER] 04:51:41.901 [Thread-3] ERROR ExternalProcessHandler - 	at sun.rmi.server.UnicastServerRef.dispatch(UnicastServerRef.java:357)

	at sun.rmi.transport.Transport$1.run(Transport.java:200)
[MASTER] 04:51:41.901 [Thread-3] ERROR ExternalProcessHandler - 	at sun.rmi.transport.Transport$1.run(Transport.java:200)

	at sun.rmi.transport.Transport$1.run(Transport.java:197)
[MASTER] 04:51:41.911 [Thread-3] ERROR ExternalProcessHandler - 	at sun.rmi.transport.Transport$1.run(Transport.java:197)

	at java.security.AccessController.doPrivileged(Native Method)
[MASTER] 04:51:41.911 [Thread-3] ERROR ExternalProcessHandler - 	at java.security.AccessController.doPrivileged(Native Method)

	at sun.rmi.transport.Transport.serviceCall(Transport.java:196)
[MASTER] 04:51:41.911 [Thread-3] ERROR ExternalProcessHandler - 	at sun.rmi.transport.Transport.serviceCall(Transport.java:196)

	at sun.rmi.transport.tcp.TCPTransport.handleMessages(TCPTransport.java:573)
[MASTER] 04:51:41.911 [Thread-3] ERROR ExternalProcessHandler - 	at sun.rmi.transport.tcp.TCPTransport.handleMessages(TCPTransport.java:573)

	at sun.rmi.transport.tcp.TCPTransport$ConnectionHandler.run0(TCPTransport.java:834)
[MASTER] 04:51:41.912 [Thread-3] ERROR ExternalProcessHandler - 	at sun.rmi.transport.tcp.TCPTransport$ConnectionHandler.run0(TCPTransport.java:834)

	at sun.rmi.transport.tcp.TCPTransport$ConnectionHandler.lambda$run$0(TCPTransport.java:688)
[MASTER] 04:51:41.912 [Thread-3] ERROR ExternalProcessHandler - 	at sun.rmi.transport.tcp.TCPTransport$ConnectionHandler.lambda$run$0(TCPTransport.java:688)

	at java.security.AccessController.doPrivileged(Native Method)
[MASTER] 04:51:41.912 [Thread-3] ERROR ExternalProcessHandler - 	at java.security.AccessController.doPrivileged(Native Method)

	at sun.rmi.transport.tcp.TCPTransport$ConnectionHandler.run(TCPTransport.java:687)
[MASTER] 04:51:41.912 [Thread-3] ERROR ExternalProcessHandler - 	at sun.rmi.transport.tcp.TCPTransport$ConnectionHandler.run(TCPTransport.java:687)

	at java.util.concurrent.ThreadPoolExecutor.runWorker(ThreadPoolExecutor.java:1149)
[MASTER] 04:51:41.912 [Thread-3] ERROR ExternalProcessHandler - 	at java.util.concurrent.ThreadPoolExecutor.runWorker(ThreadPoolExecutor.java:1149)

	at java.util.concurrent.ThreadPoolExecutor$Worker.run(ThreadPoolExecutor.java:624)
[MASTER] 04:51:41.913 [Thread-3] ERROR ExternalProcessHandler - 	at java.util.concurrent.ThreadPoolExecutor$Worker.run(ThreadPoolExecutor.java:624)

	at java.lang.Thread.run(Thread.java:748)
[MASTER] 04:51:41.913 [Thread-3] ERROR ExternalProcessHandler - 	at java.lang.Thread.run(Thread.java:748)

	at sun.rmi.transport.StreamRemoteCall.exceptionReceivedFromServer(StreamRemoteCall.java:303)
[MASTER] 04:51:41.913 [Thread-3] ERROR ExternalProcessHandler - 	at sun.rmi.transport.StreamRemoteCall.exceptionReceivedFromServer(StreamRemoteCall.java:303)

	at sun.rmi.transport.StreamRemoteCall.executeCall(StreamRemoteCall.java:279)
[MASTER] 04:51:41.913 [Thread-3] ERROR ExternalProcessHandler - 	at sun.rmi.transport.StreamRemoteCall.executeCall(StreamRemoteCall.java:279)

	at sun.rmi.server.UnicastRef.invoke(UnicastRef.java:164)
[MASTER] 04:51:41.913 [Thread-3] ERROR ExternalProcessHandler - 	at sun.rmi.server.UnicastRef.invoke(UnicastRef.java:164)

	at java.rmi.server.RemoteObjectInvocationHandler.invokeRemoteMethod(RemoteObjectInvocationHandler.java:235)
[MASTER] 04:51:41.914 [Thread-3] ERROR ExternalProcessHandler - 	at java.rmi.server.RemoteObjectInvocationHandler.invokeRemoteMethod(RemoteObjectInvocationHandler.java:235)

	at java.rmi.server.RemoteObjectInvocationHandler.invoke(RemoteObjectInvocationHandler.java:180)
[MASTER] 04:51:41.914 [Thread-3] ERROR ExternalProcessHandler - 	at java.rmi.server.RemoteObjectInvocationHandler.invoke(RemoteObjectInvocationHandler.java:180)

	at com.sun.proxy.$Proxy7.evosuite_collectStatistics(Unknown Source)
[MASTER] 04:51:41.914 [Thread-3] ERROR ExternalProcessHandler - 	at com.sun.proxy.$Proxy7.evosuite_collectStatistics(Unknown Source)

	at org.evosuite.rmi.service.ClientNodeImpl.updateStatistics(ClientNodeImpl.java:237)
[MASTER] 04:51:41.914 [Thread-3] ERROR ExternalProcessHandler - 	at org.evosuite.rmi.service.ClientNodeImpl.updateStatistics(ClientNodeImpl.java:237)

	at org.evosuite.statistics.StatisticsSender.sendIndividualToMaster(StatisticsSender.java:75)
[MASTER] 04:51:41.914 [Thread-3] ERROR ExternalProcessHandler - 	at org.evosuite.statistics.StatisticsSender.sendIndividualToMaster(StatisticsSender.java:75)

	at org.evosuite.statistics.StatisticsListener$1.run(StatisticsListener.java:71)
[MASTER] 04:51:41.915 [Thread-3] ERROR ExternalProcessHandler - 	at org.evosuite.statistics.StatisticsListener$1.run(StatisticsListener.java:71)

Feb 28, 2020 4:51:44 AM org.openqa.selenium.remote.ProtocolHandshake createSession
[MASTER] 04:51:44.512 [Thread-3] ERROR ExternalProcessHandler - Feb 28, 2020 4:51:44 AM org.openqa.selenium.remote.ProtocolHandshake createSession

INFO: Detected dialect: OSS
[MASTER] 04:51:44.512 [Thread-3] ERROR ExternalProcessHandler - INFO: Detected dialect: OSS

Feb 28, 2020 4:51:47 AM org.openqa.selenium.remote.ProtocolHandshake createSession
[MASTER] 04:51:47.827 [Thread-3] ERROR ExternalProcessHandler - Feb 28, 2020 4:51:47 AM org.openqa.selenium.remote.ProtocolHandshake createSession

INFO: Detected dialect: OSS
[MASTER] 04:51:47.827 [Thread-3] ERROR ExternalProcessHandler - INFO: Detected dialect: OSS

Feb 28, 2020 4:51:51 AM org.openqa.selenium.remote.ProtocolHandshake createSession
[MASTER] 04:51:51.526 [Thread-3] ERROR ExternalProcessHandler - Feb 28, 2020 4:51:51 AM org.openqa.selenium.remote.ProtocolHandshake createSession

INFO: Detected dialect: OSS
[MASTER] 04:51:51.526 [Thread-3] ERROR ExternalProcessHandler - INFO: Detected dialect: OSS

Feb 28, 2020 4:51:56 AM org.openqa.selenium.remote.ProtocolHandshake createSession
[MASTER] 04:51:56.571 [Thread-3] ERROR ExternalProcessHandler - Feb 28, 2020 4:51:56 AM org.openqa.selenium.remote.ProtocolHandshake createSession

INFO: Detected dialect: OSS
[MASTER] 04:51:56.572 [Thread-3] ERROR ExternalProcessHandler - INFO: Detected dialect: OSS

Feb 28, 2020 4:52:00 AM po_utils.PageObjectLogging logInfo
[MASTER] 04:52:00.026 [Thread-3] ERROR ExternalProcessHandler - Feb 28, 2020 4:52:00 AM po_utils.PageObjectLogging logInfo

INFO: waitForElementBeingPresentOnPage timeout exception: unable to locate the element By.xpath: //div[contains(@class,"liquid-child")]
[MASTER] 04:52:00.026 [Thread-3] ERROR ExternalProcessHandler - INFO: waitForElementBeingPresentOnPage timeout exception: unable to locate the element By.xpath: //div[contains(@class,"liquid-child")]


[MASTER] 04:52:00.026 [Thread-3] ERROR ExternalProcessHandler - 


[MASTER] 04:52:00.026 [Thread-3] ERROR ExternalProcessHandler - 

Feb 28, 2020 4:52:06 AM org.openqa.selenium.remote.ProtocolHandshake createSession
[MASTER] 04:52:06.741 [Thread-3] ERROR ExternalProcessHandler - Feb 28, 2020 4:52:06 AM org.openqa.selenium.remote.ProtocolHandshake createSession

INFO: Detected dialect: OSS
[MASTER] 04:52:06.741 [Thread-3] ERROR ExternalProcessHandler - INFO: Detected dialect: OSS

Feb 28, 2020 4:52:15 AM org.openqa.selenium.remote.ProtocolHandshake createSession
[MASTER] 04:52:15.694 [Thread-3] ERROR ExternalProcessHandler - Feb 28, 2020 4:52:15 AM org.openqa.selenium.remote.ProtocolHandshake createSession

INFO: Detected dialect: OSS
[MASTER] 04:52:15.694 [Thread-3] ERROR ExternalProcessHandler - INFO: Detected dialect: OSS

Feb 28, 2020 4:52:19 AM po_utils.PageObjectLogging logInfo
[MASTER] 04:52:19.018 [Thread-3] ERROR ExternalProcessHandler - Feb 28, 2020 4:52:19 AM po_utils.PageObjectLogging logInfo

INFO: waitForElementBeingPresentOnPage timeout exception: unable to locate the element By.xpath: //div[contains(@class,"liquid-child")]
[MASTER] 04:52:19.018 [Thread-3] ERROR ExternalProcessHandler - INFO: waitForElementBeingPresentOnPage timeout exception: unable to locate the element By.xpath: //div[contains(@class,"liquid-child")]


[MASTER] 04:52:19.018 [Thread-3] ERROR ExternalProcessHandler - 


[MASTER] 04:52:19.018 [Thread-3] ERROR ExternalProcessHandler - 

Feb 28, 2020 4:52:19 AM org.openqa.selenium.remote.ProtocolHandshake createSession
[MASTER] 04:52:19.562 [Thread-3] ERROR ExternalProcessHandler - Feb 28, 2020 4:52:19 AM org.openqa.selenium.remote.ProtocolHandshake createSession

INFO: Detected dialect: OSS
[MASTER] 04:52:19.562 [Thread-3] ERROR ExternalProcessHandler - INFO: Detected dialect: OSS

Feb 28, 2020 4:52:22 AM org.openqa.selenium.remote.ProtocolHandshake createSession
[MASTER] 04:52:22.876 [Thread-3] ERROR ExternalProcessHandler - Feb 28, 2020 4:52:22 AM org.openqa.selenium.remote.ProtocolHandshake createSession

INFO: Detected dialect: OSS
[MASTER] 04:52:22.876 [Thread-3] ERROR ExternalProcessHandler - INFO: Detected dialect: OSS

Feb 28, 2020 4:52:25 AM org.openqa.selenium.remote.ProtocolHandshake createSession
[MASTER] 04:52:25.209 [Thread-3] ERROR ExternalProcessHandler - Feb 28, 2020 4:52:25 AM org.openqa.selenium.remote.ProtocolHandshake createSession

INFO: Detected dialect: OSS
[MASTER] 04:52:25.209 [Thread-3] ERROR ExternalProcessHandler - INFO: Detected dialect: OSS

Feb 28, 2020 4:56:26 AM org.openqa.selenium.remote.ProtocolHandshake createSession
[MASTER] 04:56:26.563 [Thread-3] ERROR ExternalProcessHandler - Feb 28, 2020 4:56:26 AM org.openqa.selenium.remote.ProtocolHandshake createSession

INFO: Detected dialect: OSS
[MASTER] 04:56:26.563 [Thread-3] ERROR ExternalProcessHandler - INFO: Detected dialect: OSS

Feb 28, 2020 4:56:28 AM org.openqa.selenium.remote.ProtocolHandshake createSession
[MASTER] 04:56:28.200 [Thread-3] ERROR ExternalProcessHandler - Feb 28, 2020 4:56:28 AM org.openqa.selenium.remote.ProtocolHandshake createSession

INFO: Detected dialect: OSS
[MASTER] 04:56:28.200 [Thread-3] ERROR ExternalProcessHandler - INFO: Detected dialect: OSS

Feb 28, 2020 4:56:31 AM org.openqa.selenium.remote.ProtocolHandshake createSession
[MASTER] 04:56:31.092 [Thread-3] ERROR ExternalProcessHandler - Feb 28, 2020 4:56:31 AM org.openqa.selenium.remote.ProtocolHandshake createSession

INFO: Detected dialect: OSS
[MASTER] 04:56:31.092 [Thread-3] ERROR ExternalProcessHandler - INFO: Detected dialect: OSS

Feb 28, 2020 4:56:35 AM po_utils.PageObjectLogging logInfo
[MASTER] 04:56:35.433 [Thread-3] ERROR ExternalProcessHandler - Feb 28, 2020 4:56:35 AM po_utils.PageObjectLogging logInfo

INFO: waitForElementBeingPresentOnPage timeout exception: unable to locate the element By.xpath: //div[contains(@class,"liquid-child")]
[MASTER] 04:56:35.434 [Thread-3] ERROR ExternalProcessHandler - INFO: waitForElementBeingPresentOnPage timeout exception: unable to locate the element By.xpath: //div[contains(@class,"liquid-child")]


[MASTER] 04:56:35.434 [Thread-3] ERROR ExternalProcessHandler - 


[MASTER] 04:56:35.434 [Thread-3] ERROR ExternalProcessHandler - 

Feb 28, 2020 4:56:36 AM org.openqa.selenium.remote.ProtocolHandshake createSession
[MASTER] 04:56:36.182 [Thread-3] ERROR ExternalProcessHandler - Feb 28, 2020 4:56:36 AM org.openqa.selenium.remote.ProtocolHandshake createSession

INFO: Detected dialect: OSS
[MASTER] 04:56:36.182 [Thread-3] ERROR ExternalProcessHandler - INFO: Detected dialect: OSS

Feb 28, 2020 4:56:39 AM po_utils.PageObjectLogging logInfo
[MASTER] 04:56:39.513 [Thread-3] ERROR ExternalProcessHandler - Feb 28, 2020 4:56:39 AM po_utils.PageObjectLogging logInfo

INFO: waitForElementBeingPresentOnPage timeout exception: unable to locate the element By.xpath: //div[contains(@class,"liquid-child")]
[MASTER] 04:56:39.513 [Thread-3] ERROR ExternalProcessHandler - INFO: waitForElementBeingPresentOnPage timeout exception: unable to locate the element By.xpath: //div[contains(@class,"liquid-child")]


[MASTER] 04:56:39.513 [Thread-3] ERROR ExternalProcessHandler - 


[MASTER] 04:56:39.513 [Thread-3] ERROR ExternalProcessHandler - 

Feb 28, 2020 4:56:40 AM org.openqa.selenium.remote.ProtocolHandshake createSession
[MASTER] 04:56:40.133 [Thread-3] ERROR ExternalProcessHandler - Feb 28, 2020 4:56:40 AM org.openqa.selenium.remote.ProtocolHandshake createSession

INFO: Detected dialect: OSS
[MASTER] 04:56:40.133 [Thread-3] ERROR ExternalProcessHandler - INFO: Detected dialect: OSS

Feb 28, 2020 4:56:43 AM org.openqa.selenium.remote.ProtocolHandshake createSession
[MASTER] 04:56:43.391 [Thread-3] ERROR ExternalProcessHandler - Feb 28, 2020 4:56:43 AM org.openqa.selenium.remote.ProtocolHandshake createSession

INFO: Detected dialect: OSS
[MASTER] 04:56:43.391 [Thread-3] ERROR ExternalProcessHandler - INFO: Detected dialect: OSS

Feb 28, 2020 4:56:46 AM org.openqa.selenium.remote.ProtocolHandshake createSession
[MASTER] 04:56:46.123 [Thread-3] ERROR ExternalProcessHandler - Feb 28, 2020 4:56:46 AM org.openqa.selenium.remote.ProtocolHandshake createSession

INFO: Detected dialect: OSS
[MASTER] 04:56:46.123 [Thread-3] ERROR ExternalProcessHandler - INFO: Detected dialect: OSS

Feb 28, 2020 4:56:49 AM org.openqa.selenium.remote.ProtocolHandshake createSession
[MASTER] 04:56:49.118 [Thread-3] ERROR ExternalProcessHandler - Feb 28, 2020 4:56:49 AM org.openqa.selenium.remote.ProtocolHandshake createSession

INFO: Detected dialect: OSS
[MASTER] 04:56:49.118 [Thread-3] ERROR ExternalProcessHandler - INFO: Detected dialect: OSS

Feb 28, 2020 4:56:51 AM org.openqa.selenium.remote.ProtocolHandshake createSession
[MASTER] 04:56:51.820 [Thread-3] ERROR ExternalProcessHandler - Feb 28, 2020 4:56:51 AM org.openqa.selenium.remote.ProtocolHandshake createSession

INFO: Detected dialect: OSS
[MASTER] 04:56:51.820 [Thread-3] ERROR ExternalProcessHandler - INFO: Detected dialect: OSS

Feb 28, 2020 4:56:54 AM org.openqa.selenium.remote.ProtocolHandshake createSession
[MASTER] 04:56:54.282 [Thread-3] ERROR ExternalProcessHandler - Feb 28, 2020 4:56:54 AM org.openqa.selenium.remote.ProtocolHandshake createSession

INFO: Detected dialect: OSS
[MASTER] 04:56:54.282 [Thread-3] ERROR ExternalProcessHandler - INFO: Detected dialect: OSS

Feb 28, 2020 4:56:58 AM org.openqa.selenium.remote.ProtocolHandshake createSession
[MASTER] 04:56:58.220 [Thread-3] ERROR ExternalProcessHandler - Feb 28, 2020 4:56:58 AM org.openqa.selenium.remote.ProtocolHandshake createSession

INFO: Detected dialect: OSS
[MASTER] 04:56:58.220 [Thread-3] ERROR ExternalProcessHandler - INFO: Detected dialect: OSS

Feb 28, 2020 4:57:01 AM org.openqa.selenium.remote.ProtocolHandshake createSession
[MASTER] 04:57:01.874 [Thread-3] ERROR ExternalProcessHandler - Feb 28, 2020 4:57:01 AM org.openqa.selenium.remote.ProtocolHandshake createSession

INFO: Detected dialect: OSS
[MASTER] 04:57:01.874 [Thread-3] ERROR ExternalProcessHandler - INFO: Detected dialect: OSS

Feb 28, 2020 4:57:04 AM org.openqa.selenium.remote.ProtocolHandshake createSession
[MASTER] 04:57:04.759 [Thread-3] ERROR ExternalProcessHandler - Feb 28, 2020 4:57:04 AM org.openqa.selenium.remote.ProtocolHandshake createSession

INFO: Detected dialect: OSS
[MASTER] 04:57:04.759 [Thread-3] ERROR ExternalProcessHandler - INFO: Detected dialect: OSS

Feb 28, 2020 4:57:07 AM po_utils.PageObjectLogging logInfo
[MASTER] 04:57:07.976 [Thread-3] ERROR ExternalProcessHandler - Feb 28, 2020 4:57:07 AM po_utils.PageObjectLogging logInfo

INFO: waitForElementBeingPresentOnPage timeout exception: unable to locate the element By.xpath: //div[contains(@class,"liquid-child")]
[MASTER] 04:57:07.977 [Thread-3] ERROR ExternalProcessHandler - INFO: waitForElementBeingPresentOnPage timeout exception: unable to locate the element By.xpath: //div[contains(@class,"liquid-child")]


[MASTER] 04:57:07.977 [Thread-3] ERROR ExternalProcessHandler - 


[MASTER] 04:57:07.977 [Thread-3] ERROR ExternalProcessHandler - 

Feb 28, 2020 4:57:10 AM org.openqa.selenium.remote.ProtocolHandshake createSession
[MASTER] 04:57:10.481 [Thread-3] ERROR ExternalProcessHandler - Feb 28, 2020 4:57:10 AM org.openqa.selenium.remote.ProtocolHandshake createSession

INFO: Detected dialect: OSS
[MASTER] 04:57:10.481 [Thread-3] ERROR ExternalProcessHandler - INFO: Detected dialect: OSS

Feb 28, 2020 4:57:13 AM org.openqa.selenium.remote.ProtocolHandshake createSession
[MASTER] 04:57:13.140 [Thread-3] ERROR ExternalProcessHandler - Feb 28, 2020 4:57:13 AM org.openqa.selenium.remote.ProtocolHandshake createSession

INFO: Detected dialect: OSS
[MASTER] 04:57:13.141 [Thread-3] ERROR ExternalProcessHandler - INFO: Detected dialect: OSS

Feb 28, 2020 4:57:17 AM org.openqa.selenium.remote.ProtocolHandshake createSession
[MASTER] 04:57:17.548 [Thread-3] ERROR ExternalProcessHandler - Feb 28, 2020 4:57:17 AM org.openqa.selenium.remote.ProtocolHandshake createSession

INFO: Detected dialect: OSS
[MASTER] 04:57:17.548 [Thread-3] ERROR ExternalProcessHandler - INFO: Detected dialect: OSS

Feb 28, 2020 4:57:20 AM org.openqa.selenium.remote.ProtocolHandshake createSession
[MASTER] 04:57:20.093 [Thread-3] ERROR ExternalProcessHandler - Feb 28, 2020 4:57:20 AM org.openqa.selenium.remote.ProtocolHandshake createSession

INFO: Detected dialect: OSS
[MASTER] 04:57:20.093 [Thread-3] ERROR ExternalProcessHandler - INFO: Detected dialect: OSS

Feb 28, 2020 4:57:24 AM po_utils.PageObjectLogging logInfo
[MASTER] 04:57:24.110 [Thread-3] ERROR ExternalProcessHandler - Feb 28, 2020 4:57:24 AM po_utils.PageObjectLogging logInfo

INFO: waitForElementBeingPresentOnPage timeout exception: unable to locate the element By.xpath: //div[contains(@class,"liquid-child")]
[MASTER] 04:57:24.110 [Thread-3] ERROR ExternalProcessHandler - INFO: waitForElementBeingPresentOnPage timeout exception: unable to locate the element By.xpath: //div[contains(@class,"liquid-child")]


[MASTER] 04:57:24.110 [Thread-3] ERROR ExternalProcessHandler - 


[MASTER] 04:57:24.110 [Thread-3] ERROR ExternalProcessHandler - 

Feb 28, 2020 4:57:25 AM org.openqa.selenium.remote.ProtocolHandshake createSession
[MASTER] 04:57:25.576 [Thread-3] ERROR ExternalProcessHandler - Feb 28, 2020 4:57:25 AM org.openqa.selenium.remote.ProtocolHandshake createSession

INFO: Detected dialect: OSS
[MASTER] 04:57:25.576 [Thread-3] ERROR ExternalProcessHandler - INFO: Detected dialect: OSS

Feb 28, 2020 4:57:28 AM po_utils.PageObjectLogging logInfo
[MASTER] 04:57:28.695 [Thread-3] ERROR ExternalProcessHandler - Feb 28, 2020 4:57:28 AM po_utils.PageObjectLogging logInfo

INFO: waitForElementBeingPresentOnPage timeout exception: unable to locate the element By.xpath: //div[contains(@class,"liquid-child")]
[MASTER] 04:57:28.695 [Thread-3] ERROR ExternalProcessHandler - INFO: waitForElementBeingPresentOnPage timeout exception: unable to locate the element By.xpath: //div[contains(@class,"liquid-child")]


[MASTER] 04:57:28.695 [Thread-3] ERROR ExternalProcessHandler - 


[MASTER] 04:57:28.695 [Thread-3] ERROR ExternalProcessHandler - 

Feb 28, 2020 4:57:32 AM org.openqa.selenium.remote.ProtocolHandshake createSession
[MASTER] 04:57:32.538 [Thread-3] ERROR ExternalProcessHandler - Feb 28, 2020 4:57:32 AM org.openqa.selenium.remote.ProtocolHandshake createSession

INFO: Detected dialect: OSS
[MASTER] 04:57:32.538 [Thread-3] ERROR ExternalProcessHandler - INFO: Detected dialect: OSS

Feb 28, 2020 4:57:35 AM org.openqa.selenium.remote.ProtocolHandshake createSession
[MASTER] 04:57:35.664 [Thread-3] ERROR ExternalProcessHandler - Feb 28, 2020 4:57:35 AM org.openqa.selenium.remote.ProtocolHandshake createSession

INFO: Detected dialect: OSS
[MASTER] 04:57:35.664 [Thread-3] ERROR ExternalProcessHandler - INFO: Detected dialect: OSS

Feb 28, 2020 4:57:39 AM po_utils.PageObjectLogging logInfo
[MASTER] 04:57:39.070 [Thread-3] ERROR ExternalProcessHandler - Feb 28, 2020 4:57:39 AM po_utils.PageObjectLogging logInfo

INFO: waitForElementBeingPresentOnPage timeout exception: unable to locate the element By.xpath: //div[contains(@class,"liquid-child")]
[MASTER] 04:57:39.071 [Thread-3] ERROR ExternalProcessHandler - INFO: waitForElementBeingPresentOnPage timeout exception: unable to locate the element By.xpath: //div[contains(@class,"liquid-child")]


[MASTER] 04:57:39.071 [Thread-3] ERROR ExternalProcessHandler - 


[MASTER] 04:57:39.071 [Thread-3] ERROR ExternalProcessHandler - 

Feb 28, 2020 4:57:43 AM org.openqa.selenium.remote.ProtocolHandshake createSession
[MASTER] 04:57:43.230 [Thread-3] ERROR ExternalProcessHandler - Feb 28, 2020 4:57:43 AM org.openqa.selenium.remote.ProtocolHandshake createSession

INFO: Detected dialect: OSS
[MASTER] 04:57:43.230 [Thread-3] ERROR ExternalProcessHandler - INFO: Detected dialect: OSS

Feb 28, 2020 4:57:46 AM org.openqa.selenium.remote.ProtocolHandshake createSession
[MASTER] 04:57:46.585 [Thread-3] ERROR ExternalProcessHandler - Feb 28, 2020 4:57:46 AM org.openqa.selenium.remote.ProtocolHandshake createSession

INFO: Detected dialect: OSS
[MASTER] 04:57:46.585 [Thread-3] ERROR ExternalProcessHandler - INFO: Detected dialect: OSS

Feb 28, 2020 4:57:50 AM po_utils.PageObjectLogging logInfo
[MASTER] 04:57:50.508 [Thread-3] ERROR ExternalProcessHandler - Feb 28, 2020 4:57:50 AM po_utils.PageObjectLogging logInfo

INFO: waitForElementBeingPresentOnPage timeout exception: unable to locate the element By.xpath: //div[contains(@class,"liquid-child")]
[MASTER] 04:57:50.508 [Thread-3] ERROR ExternalProcessHandler - INFO: waitForElementBeingPresentOnPage timeout exception: unable to locate the element By.xpath: //div[contains(@class,"liquid-child")]


[MASTER] 04:57:50.508 [Thread-3] ERROR ExternalProcessHandler - 


[MASTER] 04:57:50.508 [Thread-3] ERROR ExternalProcessHandler - 

Feb 28, 2020 4:57:51 AM org.openqa.selenium.remote.ProtocolHandshake createSession
[MASTER] 04:57:51.469 [Thread-3] ERROR ExternalProcessHandler - Feb 28, 2020 4:57:51 AM org.openqa.selenium.remote.ProtocolHandshake createSession

INFO: Detected dialect: OSS
[MASTER] 04:57:51.469 [Thread-3] ERROR ExternalProcessHandler - INFO: Detected dialect: OSS

Feb 28, 2020 4:57:54 AM org.openqa.selenium.remote.ProtocolHandshake createSession
[MASTER] 04:57:54.434 [Thread-3] ERROR ExternalProcessHandler - Feb 28, 2020 4:57:54 AM org.openqa.selenium.remote.ProtocolHandshake createSession

INFO: Detected dialect: OSS
[MASTER] 04:57:54.434 [Thread-3] ERROR ExternalProcessHandler - INFO: Detected dialect: OSS

Feb 28, 2020 4:57:57 AM org.openqa.selenium.remote.ProtocolHandshake createSession
[MASTER] 04:57:57.939 [Thread-3] ERROR ExternalProcessHandler - Feb 28, 2020 4:57:57 AM org.openqa.selenium.remote.ProtocolHandshake createSession

INFO: Detected dialect: OSS
[MASTER] 04:57:57.939 [Thread-3] ERROR ExternalProcessHandler - INFO: Detected dialect: OSS

Feb 28, 2020 4:58:00 AM org.openqa.selenium.remote.ProtocolHandshake createSession
[MASTER] 04:58:00.683 [Thread-3] ERROR ExternalProcessHandler - Feb 28, 2020 4:58:00 AM org.openqa.selenium.remote.ProtocolHandshake createSession

INFO: Detected dialect: OSS
[MASTER] 04:58:00.683 [Thread-3] ERROR ExternalProcessHandler - INFO: Detected dialect: OSS

Feb 28, 2020 4:58:03 AM org.openqa.selenium.remote.ProtocolHandshake createSession
[MASTER] 04:58:03.648 [Thread-3] ERROR ExternalProcessHandler - Feb 28, 2020 4:58:03 AM org.openqa.selenium.remote.ProtocolHandshake createSession

INFO: Detected dialect: OSS
[MASTER] 04:58:03.648 [Thread-3] ERROR ExternalProcessHandler - INFO: Detected dialect: OSS

Feb 28, 2020 4:58:06 AM po_utils.PageObjectLogging logInfo
[MASTER] 04:58:06.937 [Thread-3] ERROR ExternalProcessHandler - Feb 28, 2020 4:58:06 AM po_utils.PageObjectLogging logInfo

INFO: waitForElementBeingPresentOnPage timeout exception: unable to locate the element By.xpath: //div[contains(@class,"liquid-child")]
[MASTER] 04:58:06.937 [Thread-3] ERROR ExternalProcessHandler - INFO: waitForElementBeingPresentOnPage timeout exception: unable to locate the element By.xpath: //div[contains(@class,"liquid-child")]


[MASTER] 04:58:06.937 [Thread-3] ERROR ExternalProcessHandler - 


[MASTER] 04:58:06.937 [Thread-3] ERROR ExternalProcessHandler - 

Feb 28, 2020 4:58:08 AM org.openqa.selenium.remote.ProtocolHandshake createSession
[MASTER] 04:58:08.737 [Thread-3] ERROR ExternalProcessHandler - Feb 28, 2020 4:58:08 AM org.openqa.selenium.remote.ProtocolHandshake createSession

INFO: Detected dialect: OSS
[MASTER] 04:58:08.737 [Thread-3] ERROR ExternalProcessHandler - INFO: Detected dialect: OSS

Feb 28, 2020 4:58:12 AM org.openqa.selenium.remote.ProtocolHandshake createSession
[MASTER] 04:58:12.029 [Thread-3] ERROR ExternalProcessHandler - Feb 28, 2020 4:58:12 AM org.openqa.selenium.remote.ProtocolHandshake createSession

INFO: Detected dialect: OSS
[MASTER] 04:58:12.029 [Thread-3] ERROR ExternalProcessHandler - INFO: Detected dialect: OSS

Feb 28, 2020 4:58:15 AM org.openqa.selenium.remote.ProtocolHandshake createSession
[MASTER] 04:58:15.648 [Thread-3] ERROR ExternalProcessHandler - Feb 28, 2020 4:58:15 AM org.openqa.selenium.remote.ProtocolHandshake createSession

INFO: Detected dialect: OSS
[MASTER] 04:58:15.648 [Thread-3] ERROR ExternalProcessHandler - INFO: Detected dialect: OSS

Feb 28, 2020 4:58:19 AM po_utils.PageObjectLogging logInfo
[MASTER] 04:58:19.279 [Thread-3] ERROR ExternalProcessHandler - Feb 28, 2020 4:58:19 AM po_utils.PageObjectLogging logInfo

INFO: waitForElementBeingPresentOnPage timeout exception: unable to locate the element By.xpath: //div[contains(@class,"liquid-child")]
[MASTER] 04:58:19.280 [Thread-3] ERROR ExternalProcessHandler - INFO: waitForElementBeingPresentOnPage timeout exception: unable to locate the element By.xpath: //div[contains(@class,"liquid-child")]


[MASTER] 04:58:19.280 [Thread-3] ERROR ExternalProcessHandler - 


[MASTER] 04:58:19.280 [Thread-3] ERROR ExternalProcessHandler - 

Feb 28, 2020 4:58:24 AM po_utils.PageObjectLogging logInfo
[MASTER] 04:58:24.819 [Thread-3] ERROR ExternalProcessHandler - Feb 28, 2020 4:58:24 AM po_utils.PageObjectLogging logInfo

INFO: waitForElementBeingPresentOnPage timeout exception: unable to locate the element By.xpath: //div[contains(@class,"liquid-child")]
[MASTER] 04:58:24.819 [Thread-3] ERROR ExternalProcessHandler - INFO: waitForElementBeingPresentOnPage timeout exception: unable to locate the element By.xpath: //div[contains(@class,"liquid-child")]


[MASTER] 04:58:24.819 [Thread-3] ERROR ExternalProcessHandler - 


[MASTER] 04:58:24.819 [Thread-3] ERROR ExternalProcessHandler - 

Feb 28, 2020 4:58:30 AM org.openqa.selenium.remote.ProtocolHandshake createSession
[MASTER] 04:58:30.064 [Thread-3] ERROR ExternalProcessHandler - Feb 28, 2020 4:58:30 AM org.openqa.selenium.remote.ProtocolHandshake createSession

INFO: Detected dialect: OSS
[MASTER] 04:58:30.064 [Thread-3] ERROR ExternalProcessHandler - INFO: Detected dialect: OSS

Feb 28, 2020 4:58:37 AM po_utils.PageObjectLogging logInfo
[MASTER] 04:58:37.084 [Thread-3] ERROR ExternalProcessHandler - Feb 28, 2020 4:58:37 AM po_utils.PageObjectLogging logInfo

INFO: waitForElementBeingPresentOnPage timeout exception: unable to locate the element By.xpath: //div[contains(@class,"liquid-child")]
[MASTER] 04:58:37.084 [Thread-3] ERROR ExternalProcessHandler - INFO: waitForElementBeingPresentOnPage timeout exception: unable to locate the element By.xpath: //div[contains(@class,"liquid-child")]


[MASTER] 04:58:37.084 [Thread-3] ERROR ExternalProcessHandler - 


[MASTER] 04:58:37.084 [Thread-3] ERROR ExternalProcessHandler - 

Feb 28, 2020 4:58:43 AM po_utils.PageObjectLogging logInfo
[MASTER] 04:58:43.407 [Thread-3] ERROR ExternalProcessHandler - Feb 28, 2020 4:58:43 AM po_utils.PageObjectLogging logInfo

INFO: waitForElementBeingPresentOnPage timeout exception: unable to locate the element By.xpath: //div[contains(@class,"liquid-child")]
[MASTER] 04:58:43.407 [Thread-3] ERROR ExternalProcessHandler - INFO: waitForElementBeingPresentOnPage timeout exception: unable to locate the element By.xpath: //div[contains(@class,"liquid-child")]


[MASTER] 04:58:43.407 [Thread-3] ERROR ExternalProcessHandler - 


[MASTER] 04:58:43.407 [Thread-3] ERROR ExternalProcessHandler - 

Feb 28, 2020 4:58:51 AM org.openqa.selenium.remote.ProtocolHandshake createSession
[MASTER] 04:58:51.064 [Thread-3] ERROR ExternalProcessHandler - Feb 28, 2020 4:58:51 AM org.openqa.selenium.remote.ProtocolHandshake createSession

INFO: Detected dialect: OSS
[MASTER] 04:58:51.064 [Thread-3] ERROR ExternalProcessHandler - INFO: Detected dialect: OSS

Feb 28, 2020 4:59:01 AM po_utils.PageObjectLogging logInfo
[MASTER] 04:59:01.412 [Thread-3] ERROR ExternalProcessHandler - Feb 28, 2020 4:59:01 AM po_utils.PageObjectLogging logInfo

INFO: waitForElementBeingPresentOnPage timeout exception: unable to locate the element By.xpath: //div[contains(@class,"liquid-child")]
[MASTER] 04:59:01.413 [Thread-3] ERROR ExternalProcessHandler - INFO: waitForElementBeingPresentOnPage timeout exception: unable to locate the element By.xpath: //div[contains(@class,"liquid-child")]


[MASTER] 04:59:01.413 [Thread-3] ERROR ExternalProcessHandler - 


[MASTER] 04:59:01.413 [Thread-3] ERROR ExternalProcessHandler - 

Feb 28, 2020 4:59:08 AM po_utils.PageObjectLogging logInfo
[MASTER] 04:59:08.515 [Thread-3] ERROR ExternalProcessHandler - Feb 28, 2020 4:59:08 AM po_utils.PageObjectLogging logInfo

INFO: waitForElementBeingPresentOnPage timeout exception: unable to locate the element By.xpath: //div[contains(@class,"liquid-child")]
[MASTER] 04:59:08.516 [Thread-3] ERROR ExternalProcessHandler - INFO: waitForElementBeingPresentOnPage timeout exception: unable to locate the element By.xpath: //div[contains(@class,"liquid-child")]


[MASTER] 04:59:08.516 [Thread-3] ERROR ExternalProcessHandler - 


[MASTER] 04:59:08.516 [Thread-3] ERROR ExternalProcessHandler - 

Feb 28, 2020 4:59:18 AM org.openqa.selenium.remote.ProtocolHandshake createSession
[MASTER] 04:59:18.588 [Thread-3] ERROR ExternalProcessHandler - Feb 28, 2020 4:59:18 AM org.openqa.selenium.remote.ProtocolHandshake createSession

INFO: Detected dialect: OSS
[MASTER] 04:59:18.588 [Thread-3] ERROR ExternalProcessHandler - INFO: Detected dialect: OSS

Feb 28, 2020 4:59:32 AM po_utils.PageObjectLogging logInfo
[MASTER] 04:59:32.140 [Thread-3] ERROR ExternalProcessHandler - Feb 28, 2020 4:59:32 AM po_utils.PageObjectLogging logInfo

INFO: waitForElementBeingPresentOnPage timeout exception: unable to locate the element By.xpath: //div[contains(@class,"liquid-child")]
[MASTER] 04:59:32.140 [Thread-3] ERROR ExternalProcessHandler - INFO: waitForElementBeingPresentOnPage timeout exception: unable to locate the element By.xpath: //div[contains(@class,"liquid-child")]


[MASTER] 04:59:32.140 [Thread-3] ERROR ExternalProcessHandler - 


[MASTER] 04:59:32.140 [Thread-3] ERROR ExternalProcessHandler - 

Feb 28, 2020 4:59:40 AM po_utils.PageObjectLogging logInfo
[MASTER] 04:59:40.004 [Thread-3] ERROR ExternalProcessHandler - Feb 28, 2020 4:59:40 AM po_utils.PageObjectLogging logInfo

INFO: waitForElementBeingPresentOnPage timeout exception: unable to locate the element By.xpath: //div[contains(@class,"liquid-child")]
[MASTER] 04:59:40.004 [Thread-3] ERROR ExternalProcessHandler - INFO: waitForElementBeingPresentOnPage timeout exception: unable to locate the element By.xpath: //div[contains(@class,"liquid-child")]


[MASTER] 04:59:40.004 [Thread-3] ERROR ExternalProcessHandler - 


[MASTER] 04:59:40.005 [Thread-3] ERROR ExternalProcessHandler - 

[MASTER] 04:59:52.445 [logback-2] ERROR TestCaseExecutor - TG: Exception caught: 
java.lang.IllegalStateException: Test generation failed: page object bug.
	at org.evosuite.testcase.execution.TestCaseExecutor.runTest(TestCaseExecutor.java:320) ~[evosuite-client-1.0.4-SNAPSHOT.jar:na]
	at org.evosuite.testcase.TestFitnessFunction.runTest(TestFitnessFunction.java:91) [evosuite-client-1.0.4-SNAPSHOT.jar:na]
	at org.evosuite.testcase.TestFitnessFunction.getFitness(TestFitnessFunction.java:60) [evosuite-client-1.0.4-SNAPSHOT.jar:na]
	at org.evosuite.testcase.TestFitnessFunction.getFitness(TestFitnessFunction.java:34) [evosuite-client-1.0.4-SNAPSHOT.jar:na]
	at org.evosuite.ga.metaheuristics.art.AdaptiveRandomSearch.calculateFitness(AdaptiveRandomSearch.java:312) [evosuite-client-1.0.4-SNAPSHOT.jar:na]
	at org.evosuite.ga.metaheuristics.art.AdaptiveRandomSearch.evolve(AdaptiveRandomSearch.java:139) [evosuite-client-1.0.4-SNAPSHOT.jar:na]
	at org.evosuite.ga.metaheuristics.art.AdaptiveRandomSearch.generateSolution(AdaptiveRandomSearch.java:270) [evosuite-client-1.0.4-SNAPSHOT.jar:na]
	at org.evosuite.strategy.AdaptiveRandomTestStrategy.generateTests(AdaptiveRandomTestStrategy.java:118) [evosuite-client-1.0.4-SNAPSHOT.jar:na]
	at org.evosuite.TestSuiteGenerator.generateTests(TestSuiteGenerator.java:654) [evosuite-client-1.0.4-SNAPSHOT.jar:na]
	at org.evosuite.TestSuiteGenerator.generateTestSuite(TestSuiteGenerator.java:213) [evosuite-client-1.0.4-SNAPSHOT.jar:na]
	at org.evosuite.rmi.service.ClientNodeImpl$1.run(ClientNodeImpl.java:145) [evosuite-client-1.0.4-SNAPSHOT.jar:na]
	at java.util.concurrent.Executors$RunnableAdapter.call(Executors.java:511) [na:1.8.0_242]
	at java.util.concurrent.FutureTask.run(FutureTask.java:266) [na:1.8.0_242]
	at java.util.concurrent.ThreadPoolExecutor.runWorker(ThreadPoolExecutor.java:1149) [na:1.8.0_242]
	at java.util.concurrent.ThreadPoolExecutor$Worker.run(ThreadPoolExecutor.java:624) [na:1.8.0_242]
	at java.lang.Thread.run(Thread.java:748) [na:1.8.0_242]
[MASTER] 04:59:52.445 [logback-2] ERROR ClientNodeImpl - Error when generating tests for: main.ClassUnderTest with seed 1582865432061. Configuration id : null
java.lang.Error: java.lang.IllegalStateException: Test generation failed: page object bug.
	at org.evosuite.testcase.execution.TestCaseExecutor.runTest(TestCaseExecutor.java:336) ~[evosuite-client-1.0.4-SNAPSHOT.jar:na]
	at org.evosuite.testcase.TestFitnessFunction.runTest(TestFitnessFunction.java:91) ~[evosuite-client-1.0.4-SNAPSHOT.jar:na]
	at org.evosuite.testcase.TestFitnessFunction.getFitness(TestFitnessFunction.java:60) ~[evosuite-client-1.0.4-SNAPSHOT.jar:na]
	at org.evosuite.testcase.TestFitnessFunction.getFitness(TestFitnessFunction.java:34) ~[evosuite-client-1.0.4-SNAPSHOT.jar:na]
	at org.evosuite.ga.metaheuristics.art.AdaptiveRandomSearch.calculateFitness(AdaptiveRandomSearch.java:312) ~[evosuite-client-1.0.4-SNAPSHOT.jar:na]
	at org.evosuite.ga.metaheuristics.art.AdaptiveRandomSearch.evolve(AdaptiveRandomSearch.java:139) ~[evosuite-client-1.0.4-SNAPSHOT.jar:na]
	at org.evosuite.ga.metaheuristics.art.AdaptiveRandomSearch.generateSolution(AdaptiveRandomSearch.java:270) ~[evosuite-client-1.0.4-SNAPSHOT.jar:na]
	at org.evosuite.strategy.AdaptiveRandomTestStrategy.generateTests(AdaptiveRandomTestStrategy.java:118) ~[evosuite-client-1.0.4-SNAPSHOT.jar:na]
	at org.evosuite.TestSuiteGenerator.generateTests(TestSuiteGenerator.java:654) ~[evosuite-client-1.0.4-SNAPSHOT.jar:na]
	at org.evosuite.TestSuiteGenerator.generateTestSuite(TestSuiteGenerator.java:213) ~[evosuite-client-1.0.4-SNAPSHOT.jar:na]
	at org.evosuite.rmi.service.ClientNodeImpl$1.run(ClientNodeImpl.java:145) ~[evosuite-client-1.0.4-SNAPSHOT.jar:na]
	at java.util.concurrent.Executors$RunnableAdapter.call(Executors.java:511) [na:1.8.0_242]
	at java.util.concurrent.FutureTask.run(FutureTask.java:266) [na:1.8.0_242]
	at java.util.concurrent.ThreadPoolExecutor.runWorker(ThreadPoolExecutor.java:1149) [na:1.8.0_242]
	at java.util.concurrent.ThreadPoolExecutor$Worker.run(ThreadPoolExecutor.java:624) [na:1.8.0_242]
	at java.lang.Thread.run(Thread.java:748) [na:1.8.0_242]
Caused by: java.lang.IllegalStateException: Test generation failed: page object bug.
	at org.evosuite.testcase.execution.TestCaseExecutor.runTest(TestCaseExecutor.java:320) ~[evosuite-client-1.0.4-SNAPSHOT.jar:na]
	... 15 common frames omitted
[MASTER] 04:59:52.564 [main] ERROR SearchStatistics - No statistics has been saved because EvoSuite failed to generate any test case
[MASTER] 04:59:52.666 [main] ERROR TestGeneration - failed to write statistics data
