SLF4J: Class path contains multiple SLF4J bindings.
SLF4J: Found binding in [jar:file:/home/ubuntu/.m2/repository/ch/qos/logback/logback-classic/1.1.3/logback-classic-1.1.3.jar!/org/slf4j/impl/StaticLoggerBinder.class]
SLF4J: Found binding in [jar:file:/home/ubuntu/.m2/repository/org/evosuite/evosuite-master/1.0.4-SNAPSHOT/evosuite-master-1.0.4-SNAPSHOT.jar!/org/slf4j/impl/StaticLoggerBinder.class]
SLF4J: See http://www.slf4j.org/codes.html#multiple_bindings for an explanation.
SLF4J: Actual binding is of type [ch.qos.logback.classic.util.ContextSelectorStaticBinder]
SLF4J: Class path contains multiple SLF4J bindings.
[MASTER] 06:10:29.862 [Thread-3] ERROR ExternalProcessHandler - SLF4J: Class path contains multiple SLF4J bindings.

SLF4J: Found binding in [jar:file:/home/ubuntu/.m2/repository/ch/qos/logback/logback-classic/1.1.3/logback-classic-1.1.3.jar!/org/slf4j/impl/StaticLoggerBinder.class]
[MASTER] 06:10:29.865 [Thread-3] ERROR ExternalProcessHandler - SLF4J: Found binding in [jar:file:/home/ubuntu/.m2/repository/ch/qos/logback/logback-classic/1.1.3/logback-classic-1.1.3.jar!/org/slf4j/impl/StaticLoggerBinder.class]

SLF4J: Found binding in [jar:file:/home/ubuntu/.m2/repository/org/evosuite/evosuite-master/1.0.4-SNAPSHOT/evosuite-master-1.0.4-SNAPSHOT.jar!/org/slf4j/impl/StaticLoggerBinder.class]
[MASTER] 06:10:29.869 [Thread-3] ERROR ExternalProcessHandler - SLF4J: Found binding in [jar:file:/home/ubuntu/.m2/repository/org/evosuite/evosuite-master/1.0.4-SNAPSHOT/evosuite-master-1.0.4-SNAPSHOT.jar!/org/slf4j/impl/StaticLoggerBinder.class]

SLF4J: See http://www.slf4j.org/codes.html#multiple_bindings for an explanation.
[MASTER] 06:10:29.870 [Thread-3] ERROR ExternalProcessHandler - SLF4J: See http://www.slf4j.org/codes.html#multiple_bindings for an explanation.

SLF4J: Actual binding is of type [ch.qos.logback.classic.util.ContextSelectorStaticBinder]
[MASTER] 06:10:45.154 [Thread-3] ERROR ExternalProcessHandler - SLF4J: Actual binding is of type [ch.qos.logback.classic.util.ContextSelectorStaticBinder]

Feb 28, 2020 6:11:34 AM org.openqa.selenium.remote.ProtocolHandshake createSession
[MASTER] 06:11:34.812 [Thread-3] ERROR ExternalProcessHandler - Feb 28, 2020 6:11:34 AM org.openqa.selenium.remote.ProtocolHandshake createSession

INFO: Detected dialect: OSS
[MASTER] 06:11:34.813 [Thread-3] ERROR ExternalProcessHandler - INFO: Detected dialect: OSS

Feb 28, 2020 6:12:07 AM po_utils.PageObjectLogging logInfo
[MASTER] 06:12:07.079 [Thread-3] ERROR ExternalProcessHandler - Feb 28, 2020 6:12:07 AM po_utils.PageObjectLogging logInfo

INFO: waitForElementBeingPresentOnPage timeout exception: unable to locate the element By.xpath: //input[@placeholder="Example: Trip to Barcelona"]
[MASTER] 06:12:07.080 [Thread-3] ERROR ExternalProcessHandler - INFO: waitForElementBeingPresentOnPage timeout exception: unable to locate the element By.xpath: //input[@placeholder="Example: Trip to Barcelona"]


[MASTER] 06:12:07.080 [Thread-3] ERROR ExternalProcessHandler - 


[MASTER] 06:12:07.080 [Thread-3] ERROR ExternalProcessHandler - 

Feb 28, 2020 6:12:07 AM org.openqa.selenium.remote.ProtocolHandshake createSession
[MASTER] 06:12:07.300 [Thread-3] ERROR ExternalProcessHandler - Feb 28, 2020 6:12:07 AM org.openqa.selenium.remote.ProtocolHandshake createSession

INFO: Detected dialect: OSS
[MASTER] 06:12:07.301 [Thread-3] ERROR ExternalProcessHandler - INFO: Detected dialect: OSS

Feb 28, 2020 6:12:14 AM org.openqa.selenium.remote.ProtocolHandshake createSession
[MASTER] 06:12:14.243 [Thread-3] ERROR ExternalProcessHandler - Feb 28, 2020 6:12:14 AM org.openqa.selenium.remote.ProtocolHandshake createSession

INFO: Detected dialect: OSS
[MASTER] 06:12:14.243 [Thread-3] ERROR ExternalProcessHandler - INFO: Detected dialect: OSS

Exception in thread "Thread-3" java.lang.ClassCastException: org.evosuite.testcase.TestChromosome cannot be cast to org.evosuite.testsuite.TestSuiteChromosome
[MASTER] 06:12:14.412 [Thread-3] ERROR ExternalProcessHandler - Exception in thread "Thread-3" java.lang.ClassCastException: org.evosuite.testcase.TestChromosome cannot be cast to org.evosuite.testsuite.TestSuiteChromosome

	at org.evosuite.statistics.SearchStatistics.currentIndividual(SearchStatistics.java:181)
[MASTER] 06:12:14.417 [Thread-3] ERROR ExternalProcessHandler - 	at org.evosuite.statistics.SearchStatistics.currentIndividual(SearchStatistics.java:181)

	at org.evosuite.rmi.service.MasterNodeImpl.evosuite_collectStatistics(MasterNodeImpl.java:166)
[MASTER] 06:12:14.417 [Thread-3] ERROR ExternalProcessHandler - 	at org.evosuite.rmi.service.MasterNodeImpl.evosuite_collectStatistics(MasterNodeImpl.java:166)

	at sun.reflect.NativeMethodAccessorImpl.invoke0(Native Method)
[MASTER] 06:12:14.417 [Thread-3] ERROR ExternalProcessHandler - 	at sun.reflect.NativeMethodAccessorImpl.invoke0(Native Method)

	at sun.reflect.NativeMethodAccessorImpl.invoke(NativeMethodAccessorImpl.java:62)
[MASTER] 06:12:14.417 [Thread-3] ERROR ExternalProcessHandler - 	at sun.reflect.NativeMethodAccessorImpl.invoke(NativeMethodAccessorImpl.java:62)

	at sun.reflect.DelegatingMethodAccessorImpl.invoke(DelegatingMethodAccessorImpl.java:43)
[MASTER] 06:12:14.418 [Thread-3] ERROR ExternalProcessHandler - 	at sun.reflect.DelegatingMethodAccessorImpl.invoke(DelegatingMethodAccessorImpl.java:43)

	at java.lang.reflect.Method.invoke(Method.java:498)
[MASTER] 06:12:14.418 [Thread-3] ERROR ExternalProcessHandler - 	at java.lang.reflect.Method.invoke(Method.java:498)

	at sun.rmi.server.UnicastServerRef.dispatch(UnicastServerRef.java:357)
[MASTER] 06:12:14.418 [Thread-3] ERROR ExternalProcessHandler - 	at sun.rmi.server.UnicastServerRef.dispatch(UnicastServerRef.java:357)

	at sun.rmi.transport.Transport$1.run(Transport.java:200)
[MASTER] 06:12:14.418 [Thread-3] ERROR ExternalProcessHandler - 	at sun.rmi.transport.Transport$1.run(Transport.java:200)

	at sun.rmi.transport.Transport$1.run(Transport.java:197)
[MASTER] 06:12:14.418 [Thread-3] ERROR ExternalProcessHandler - 	at sun.rmi.transport.Transport$1.run(Transport.java:197)

	at java.security.AccessController.doPrivileged(Native Method)
[MASTER] 06:12:14.419 [Thread-3] ERROR ExternalProcessHandler - 	at java.security.AccessController.doPrivileged(Native Method)

	at sun.rmi.transport.Transport.serviceCall(Transport.java:196)
[MASTER] 06:12:14.424 [Thread-3] ERROR ExternalProcessHandler - 	at sun.rmi.transport.Transport.serviceCall(Transport.java:196)

	at sun.rmi.transport.tcp.TCPTransport.handleMessages(TCPTransport.java:573)
[MASTER] 06:12:14.425 [Thread-3] ERROR ExternalProcessHandler - 	at sun.rmi.transport.tcp.TCPTransport.handleMessages(TCPTransport.java:573)

	at sun.rmi.transport.tcp.TCPTransport$ConnectionHandler.run0(TCPTransport.java:834)
[MASTER] 06:12:14.425 [Thread-3] ERROR ExternalProcessHandler - 	at sun.rmi.transport.tcp.TCPTransport$ConnectionHandler.run0(TCPTransport.java:834)

	at sun.rmi.transport.tcp.TCPTransport$ConnectionHandler.lambda$run$0(TCPTransport.java:688)
[MASTER] 06:12:14.425 [Thread-3] ERROR ExternalProcessHandler - 	at sun.rmi.transport.tcp.TCPTransport$ConnectionHandler.lambda$run$0(TCPTransport.java:688)

	at java.security.AccessController.doPrivileged(Native Method)
[MASTER] 06:12:14.426 [Thread-3] ERROR ExternalProcessHandler - 	at java.security.AccessController.doPrivileged(Native Method)

	at sun.rmi.transport.tcp.TCPTransport$ConnectionHandler.run(TCPTransport.java:687)
[MASTER] 06:12:14.426 [Thread-3] ERROR ExternalProcessHandler - 	at sun.rmi.transport.tcp.TCPTransport$ConnectionHandler.run(TCPTransport.java:687)

	at java.util.concurrent.ThreadPoolExecutor.runWorker(ThreadPoolExecutor.java:1149)
[MASTER] 06:12:14.426 [Thread-3] ERROR ExternalProcessHandler - 	at java.util.concurrent.ThreadPoolExecutor.runWorker(ThreadPoolExecutor.java:1149)

	at java.util.concurrent.ThreadPoolExecutor$Worker.run(ThreadPoolExecutor.java:624)
[MASTER] 06:12:14.426 [Thread-3] ERROR ExternalProcessHandler - 	at java.util.concurrent.ThreadPoolExecutor$Worker.run(ThreadPoolExecutor.java:624)

	at java.lang.Thread.run(Thread.java:748)
[MASTER] 06:12:14.426 [Thread-3] ERROR ExternalProcessHandler - 	at java.lang.Thread.run(Thread.java:748)

	at sun.rmi.transport.StreamRemoteCall.exceptionReceivedFromServer(StreamRemoteCall.java:303)
[MASTER] 06:12:14.427 [Thread-3] ERROR ExternalProcessHandler - 	at sun.rmi.transport.StreamRemoteCall.exceptionReceivedFromServer(StreamRemoteCall.java:303)

	at sun.rmi.transport.StreamRemoteCall.executeCall(StreamRemoteCall.java:279)
[MASTER] 06:12:14.428 [Thread-3] ERROR ExternalProcessHandler - 	at sun.rmi.transport.StreamRemoteCall.executeCall(StreamRemoteCall.java:279)

	at sun.rmi.server.UnicastRef.invoke(UnicastRef.java:164)
[MASTER] 06:12:14.428 [Thread-3] ERROR ExternalProcessHandler - 	at sun.rmi.server.UnicastRef.invoke(UnicastRef.java:164)

	at java.rmi.server.RemoteObjectInvocationHandler.invokeRemoteMethod(RemoteObjectInvocationHandler.java:235)
[MASTER] 06:12:14.428 [Thread-3] ERROR ExternalProcessHandler - 	at java.rmi.server.RemoteObjectInvocationHandler.invokeRemoteMethod(RemoteObjectInvocationHandler.java:235)

	at java.rmi.server.RemoteObjectInvocationHandler.invoke(RemoteObjectInvocationHandler.java:180)
[MASTER] 06:12:14.428 [Thread-3] ERROR ExternalProcessHandler - 	at java.rmi.server.RemoteObjectInvocationHandler.invoke(RemoteObjectInvocationHandler.java:180)

	at com.sun.proxy.$Proxy7.evosuite_collectStatistics(Unknown Source)
[MASTER] 06:12:14.429 [Thread-3] ERROR ExternalProcessHandler - 	at com.sun.proxy.$Proxy7.evosuite_collectStatistics(Unknown Source)

	at org.evosuite.rmi.service.ClientNodeImpl.updateStatistics(ClientNodeImpl.java:237)
[MASTER] 06:12:14.429 [Thread-3] ERROR ExternalProcessHandler - 	at org.evosuite.rmi.service.ClientNodeImpl.updateStatistics(ClientNodeImpl.java:237)

	at org.evosuite.statistics.StatisticsSender.sendIndividualToMaster(StatisticsSender.java:75)
[MASTER] 06:12:14.429 [Thread-3] ERROR ExternalProcessHandler - 	at org.evosuite.statistics.StatisticsSender.sendIndividualToMaster(StatisticsSender.java:75)

	at org.evosuite.statistics.StatisticsListener$1.run(StatisticsListener.java:71)
[MASTER] 06:12:14.435 [Thread-3] ERROR ExternalProcessHandler - 	at org.evosuite.statistics.StatisticsListener$1.run(StatisticsListener.java:71)

Feb 28, 2020 6:12:19 AM org.openqa.selenium.remote.ProtocolHandshake createSession
[MASTER] 06:12:19.420 [Thread-3] ERROR ExternalProcessHandler - Feb 28, 2020 6:12:19 AM org.openqa.selenium.remote.ProtocolHandshake createSession

INFO: Detected dialect: OSS
[MASTER] 06:12:19.420 [Thread-3] ERROR ExternalProcessHandler - INFO: Detected dialect: OSS

Feb 28, 2020 6:12:25 AM po_utils.PageObjectLogging logInfo
[MASTER] 06:12:25.680 [Thread-3] ERROR ExternalProcessHandler - Feb 28, 2020 6:12:25 AM po_utils.PageObjectLogging logInfo

INFO: waitForElementBeingPresentOnPage timeout exception: unable to locate the element By.xpath: //input[@placeholder="Example: Trip to Barcelona"]
[MASTER] 06:12:25.680 [Thread-3] ERROR ExternalProcessHandler - INFO: waitForElementBeingPresentOnPage timeout exception: unable to locate the element By.xpath: //input[@placeholder="Example: Trip to Barcelona"]


[MASTER] 06:12:25.680 [Thread-3] ERROR ExternalProcessHandler - 


[MASTER] 06:12:25.680 [Thread-3] ERROR ExternalProcessHandler - 

Feb 28, 2020 6:12:25 AM org.openqa.selenium.remote.ProtocolHandshake createSession
[MASTER] 06:12:25.928 [Thread-3] ERROR ExternalProcessHandler - Feb 28, 2020 6:12:25 AM org.openqa.selenium.remote.ProtocolHandshake createSession

INFO: Detected dialect: OSS
[MASTER] 06:12:25.928 [Thread-3] ERROR ExternalProcessHandler - INFO: Detected dialect: OSS

Feb 28, 2020 6:12:37 AM po_utils.PageObjectLogging logInfo
[MASTER] 06:12:37.014 [Thread-3] ERROR ExternalProcessHandler - Feb 28, 2020 6:12:37 AM po_utils.PageObjectLogging logInfo

INFO: waitForElementBeingPresentOnPage timeout exception: unable to locate the element By.xpath: //div[contains(@class,"liquid-child")]
[MASTER] 06:12:37.015 [Thread-3] ERROR ExternalProcessHandler - INFO: waitForElementBeingPresentOnPage timeout exception: unable to locate the element By.xpath: //div[contains(@class,"liquid-child")]


[MASTER] 06:12:37.015 [Thread-3] ERROR ExternalProcessHandler - 


[MASTER] 06:12:37.015 [Thread-3] ERROR ExternalProcessHandler - 

Feb 28, 2020 6:12:41 AM org.openqa.selenium.remote.ProtocolHandshake createSession
[MASTER] 06:12:41.557 [Thread-3] ERROR ExternalProcessHandler - Feb 28, 2020 6:12:41 AM org.openqa.selenium.remote.ProtocolHandshake createSession

INFO: Detected dialect: OSS
[MASTER] 06:12:41.557 [Thread-3] ERROR ExternalProcessHandler - INFO: Detected dialect: OSS

Feb 28, 2020 6:12:46 AM org.openqa.selenium.remote.ProtocolHandshake createSession
[MASTER] 06:12:46.402 [Thread-3] ERROR ExternalProcessHandler - Feb 28, 2020 6:12:46 AM org.openqa.selenium.remote.ProtocolHandshake createSession

INFO: Detected dialect: OSS
[MASTER] 06:12:46.402 [Thread-3] ERROR ExternalProcessHandler - INFO: Detected dialect: OSS

Feb 28, 2020 6:12:52 AM po_utils.PageObjectLogging logInfo
[MASTER] 06:12:52.037 [Thread-3] ERROR ExternalProcessHandler - Feb 28, 2020 6:12:52 AM po_utils.PageObjectLogging logInfo

INFO: waitForElementBeingPresentOnPage timeout exception: unable to locate the element By.xpath: //div[contains(@class,"liquid-child")]
[MASTER] 06:12:52.037 [Thread-3] ERROR ExternalProcessHandler - INFO: waitForElementBeingPresentOnPage timeout exception: unable to locate the element By.xpath: //div[contains(@class,"liquid-child")]


[MASTER] 06:12:52.037 [Thread-3] ERROR ExternalProcessHandler - 


[MASTER] 06:12:52.037 [Thread-3] ERROR ExternalProcessHandler - 

Feb 28, 2020 6:12:54 AM org.openqa.selenium.remote.ProtocolHandshake createSession
[MASTER] 06:12:54.013 [Thread-3] ERROR ExternalProcessHandler - Feb 28, 2020 6:12:54 AM org.openqa.selenium.remote.ProtocolHandshake createSession

INFO: Detected dialect: OSS
[MASTER] 06:12:54.013 [Thread-3] ERROR ExternalProcessHandler - INFO: Detected dialect: OSS

Feb 28, 2020 6:12:57 AM org.openqa.selenium.remote.ProtocolHandshake createSession
[MASTER] 06:12:57.543 [Thread-3] ERROR ExternalProcessHandler - Feb 28, 2020 6:12:57 AM org.openqa.selenium.remote.ProtocolHandshake createSession

INFO: Detected dialect: OSS
[MASTER] 06:12:57.544 [Thread-3] ERROR ExternalProcessHandler - INFO: Detected dialect: OSS

Feb 28, 2020 6:12:59 AM org.openqa.selenium.remote.ProtocolHandshake createSession
[MASTER] 06:12:59.308 [Thread-3] ERROR ExternalProcessHandler - Feb 28, 2020 6:12:59 AM org.openqa.selenium.remote.ProtocolHandshake createSession

INFO: Detected dialect: OSS
[MASTER] 06:12:59.309 [Thread-3] ERROR ExternalProcessHandler - INFO: Detected dialect: OSS

Feb 28, 2020 6:13:03 AM org.openqa.selenium.remote.ProtocolHandshake createSession
[MASTER] 06:13:03.716 [Thread-3] ERROR ExternalProcessHandler - Feb 28, 2020 6:13:03 AM org.openqa.selenium.remote.ProtocolHandshake createSession

INFO: Detected dialect: OSS
[MASTER] 06:13:03.716 [Thread-3] ERROR ExternalProcessHandler - INFO: Detected dialect: OSS

Feb 28, 2020 6:13:08 AM po_utils.PageObjectLogging logInfo
[MASTER] 06:13:08.948 [Thread-3] ERROR ExternalProcessHandler - Feb 28, 2020 6:13:08 AM po_utils.PageObjectLogging logInfo

INFO: waitForElementBeingPresentOnPage timeout exception: unable to locate the element By.xpath: //div[contains(@class,"liquid-child")]
[MASTER] 06:13:08.949 [Thread-3] ERROR ExternalProcessHandler - INFO: waitForElementBeingPresentOnPage timeout exception: unable to locate the element By.xpath: //div[contains(@class,"liquid-child")]


[MASTER] 06:13:08.949 [Thread-3] ERROR ExternalProcessHandler - 


[MASTER] 06:13:08.949 [Thread-3] ERROR ExternalProcessHandler - 

Feb 28, 2020 6:13:10 AM org.openqa.selenium.remote.ProtocolHandshake createSession
[MASTER] 06:13:10.358 [Thread-3] ERROR ExternalProcessHandler - Feb 28, 2020 6:13:10 AM org.openqa.selenium.remote.ProtocolHandshake createSession

INFO: Detected dialect: OSS
[MASTER] 06:13:10.358 [Thread-3] ERROR ExternalProcessHandler - INFO: Detected dialect: OSS

Feb 28, 2020 6:13:13 AM org.openqa.selenium.remote.ProtocolHandshake createSession
[MASTER] 06:13:13.205 [Thread-3] ERROR ExternalProcessHandler - Feb 28, 2020 6:13:13 AM org.openqa.selenium.remote.ProtocolHandshake createSession

INFO: Detected dialect: OSS
[MASTER] 06:13:13.205 [Thread-3] ERROR ExternalProcessHandler - INFO: Detected dialect: OSS

Feb 28, 2020 6:13:18 AM po_utils.PageObjectLogging logInfo
[MASTER] 06:13:18.222 [Thread-3] ERROR ExternalProcessHandler - Feb 28, 2020 6:13:18 AM po_utils.PageObjectLogging logInfo

INFO: waitForElementBeingPresentOnPage timeout exception: unable to locate the element By.xpath: //div[contains(@class,"liquid-child")]
[MASTER] 06:13:18.223 [Thread-3] ERROR ExternalProcessHandler - INFO: waitForElementBeingPresentOnPage timeout exception: unable to locate the element By.xpath: //div[contains(@class,"liquid-child")]


[MASTER] 06:13:18.223 [Thread-3] ERROR ExternalProcessHandler - 


[MASTER] 06:13:18.223 [Thread-3] ERROR ExternalProcessHandler - 

Feb 28, 2020 6:13:18 AM org.openqa.selenium.remote.ProtocolHandshake createSession
[MASTER] 06:13:18.801 [Thread-3] ERROR ExternalProcessHandler - Feb 28, 2020 6:13:18 AM org.openqa.selenium.remote.ProtocolHandshake createSession

INFO: Detected dialect: OSS
[MASTER] 06:13:18.801 [Thread-3] ERROR ExternalProcessHandler - INFO: Detected dialect: OSS

Feb 28, 2020 6:13:22 AM po_utils.PageObjectLogging logInfo
[MASTER] 06:13:22.230 [Thread-3] ERROR ExternalProcessHandler - Feb 28, 2020 6:13:22 AM po_utils.PageObjectLogging logInfo

INFO: waitForElementBeingPresentOnPage timeout exception: unable to locate the element By.xpath: //div[contains(@class,"liquid-child")]
[MASTER] 06:13:22.231 [Thread-3] ERROR ExternalProcessHandler - INFO: waitForElementBeingPresentOnPage timeout exception: unable to locate the element By.xpath: //div[contains(@class,"liquid-child")]


[MASTER] 06:13:22.231 [Thread-3] ERROR ExternalProcessHandler - 


[MASTER] 06:13:22.231 [Thread-3] ERROR ExternalProcessHandler - 

Feb 28, 2020 6:13:26 AM org.openqa.selenium.remote.ProtocolHandshake createSession
[MASTER] 06:13:26.103 [Thread-3] ERROR ExternalProcessHandler - Feb 28, 2020 6:13:26 AM org.openqa.selenium.remote.ProtocolHandshake createSession

INFO: Detected dialect: OSS
[MASTER] 06:13:26.103 [Thread-3] ERROR ExternalProcessHandler - INFO: Detected dialect: OSS

Feb 28, 2020 6:13:30 AM org.openqa.selenium.remote.ProtocolHandshake createSession
[MASTER] 06:13:30.263 [Thread-3] ERROR ExternalProcessHandler - Feb 28, 2020 6:13:30 AM org.openqa.selenium.remote.ProtocolHandshake createSession

INFO: Detected dialect: OSS
[MASTER] 06:13:30.263 [Thread-3] ERROR ExternalProcessHandler - INFO: Detected dialect: OSS

Feb 28, 2020 6:13:33 AM org.openqa.selenium.remote.ProtocolHandshake createSession
[MASTER] 06:13:33.846 [Thread-3] ERROR ExternalProcessHandler - Feb 28, 2020 6:13:33 AM org.openqa.selenium.remote.ProtocolHandshake createSession

INFO: Detected dialect: OSS
[MASTER] 06:13:33.847 [Thread-3] ERROR ExternalProcessHandler - INFO: Detected dialect: OSS

Feb 28, 2020 6:13:37 AM po_utils.PageObjectLogging logInfo
[MASTER] 06:13:37.464 [Thread-3] ERROR ExternalProcessHandler - Feb 28, 2020 6:13:37 AM po_utils.PageObjectLogging logInfo

INFO: waitForElementBeingPresentOnPage timeout exception: unable to locate the element By.xpath: //div[contains(@class,"liquid-child")]
[MASTER] 06:13:37.465 [Thread-3] ERROR ExternalProcessHandler - INFO: waitForElementBeingPresentOnPage timeout exception: unable to locate the element By.xpath: //div[contains(@class,"liquid-child")]


[MASTER] 06:13:37.465 [Thread-3] ERROR ExternalProcessHandler - 


[MASTER] 06:13:37.465 [Thread-3] ERROR ExternalProcessHandler - 

Feb 28, 2020 6:13:38 AM org.openqa.selenium.remote.ProtocolHandshake createSession
[MASTER] 06:13:38.638 [Thread-3] ERROR ExternalProcessHandler - Feb 28, 2020 6:13:38 AM org.openqa.selenium.remote.ProtocolHandshake createSession

INFO: Detected dialect: OSS
[MASTER] 06:13:38.638 [Thread-3] ERROR ExternalProcessHandler - INFO: Detected dialect: OSS

Feb 28, 2020 6:13:43 AM org.openqa.selenium.remote.ProtocolHandshake createSession
[MASTER] 06:13:43.600 [Thread-3] ERROR ExternalProcessHandler - Feb 28, 2020 6:13:43 AM org.openqa.selenium.remote.ProtocolHandshake createSession

INFO: Detected dialect: OSS
[MASTER] 06:13:43.600 [Thread-3] ERROR ExternalProcessHandler - INFO: Detected dialect: OSS

Feb 28, 2020 6:13:49 AM po_utils.PageObjectLogging logInfo
[MASTER] 06:13:49.839 [Thread-3] ERROR ExternalProcessHandler - Feb 28, 2020 6:13:49 AM po_utils.PageObjectLogging logInfo

INFO: waitForElementBeingPresentOnPage timeout exception: unable to locate the element By.xpath: //input[@placeholder="Example: Trip to Barcelona"]
[MASTER] 06:13:49.839 [Thread-3] ERROR ExternalProcessHandler - INFO: waitForElementBeingPresentOnPage timeout exception: unable to locate the element By.xpath: //input[@placeholder="Example: Trip to Barcelona"]


[MASTER] 06:13:49.839 [Thread-3] ERROR ExternalProcessHandler - 


[MASTER] 06:13:49.839 [Thread-3] ERROR ExternalProcessHandler - 

Feb 28, 2020 6:13:50 AM org.openqa.selenium.remote.ProtocolHandshake createSession
[MASTER] 06:13:50.152 [Thread-3] ERROR ExternalProcessHandler - Feb 28, 2020 6:13:50 AM org.openqa.selenium.remote.ProtocolHandshake createSession

INFO: Detected dialect: OSS
[MASTER] 06:13:50.152 [Thread-3] ERROR ExternalProcessHandler - INFO: Detected dialect: OSS

Feb 28, 2020 6:13:59 AM po_utils.PageObjectLogging logInfo
[MASTER] 06:13:59.540 [Thread-3] ERROR ExternalProcessHandler - Feb 28, 2020 6:13:59 AM po_utils.PageObjectLogging logInfo

INFO: waitForElementBeingPresentOnPage timeout exception: unable to locate the element By.xpath: //input[@placeholder="Example: Trip to Barcelona"]
[MASTER] 06:13:59.540 [Thread-3] ERROR ExternalProcessHandler - INFO: waitForElementBeingPresentOnPage timeout exception: unable to locate the element By.xpath: //input[@placeholder="Example: Trip to Barcelona"]


[MASTER] 06:13:59.540 [Thread-3] ERROR ExternalProcessHandler - 


[MASTER] 06:13:59.540 [Thread-3] ERROR ExternalProcessHandler - 

Feb 28, 2020 6:14:20 AM org.openqa.selenium.remote.ProtocolHandshake createSession
[MASTER] 06:14:20.566 [Thread-3] ERROR ExternalProcessHandler - Feb 28, 2020 6:14:20 AM org.openqa.selenium.remote.ProtocolHandshake createSession

INFO: Detected dialect: OSS
[MASTER] 06:14:20.566 [Thread-3] ERROR ExternalProcessHandler - INFO: Detected dialect: OSS

Feb 28, 2020 6:14:35 AM org.openqa.selenium.remote.ProtocolHandshake createSession
[MASTER] 06:14:35.339 [Thread-3] ERROR ExternalProcessHandler - Feb 28, 2020 6:14:35 AM org.openqa.selenium.remote.ProtocolHandshake createSession

INFO: Detected dialect: OSS
[MASTER] 06:14:35.339 [Thread-3] ERROR ExternalProcessHandler - INFO: Detected dialect: OSS

Feb 28, 2020 6:14:38 AM org.openqa.selenium.remote.ProtocolHandshake createSession
[MASTER] 06:14:38.690 [Thread-3] ERROR ExternalProcessHandler - Feb 28, 2020 6:14:38 AM org.openqa.selenium.remote.ProtocolHandshake createSession

INFO: Detected dialect: OSS
[MASTER] 06:14:38.690 [Thread-3] ERROR ExternalProcessHandler - INFO: Detected dialect: OSS

Feb 28, 2020 6:14:43 AM org.openqa.selenium.remote.ProtocolHandshake createSession
[MASTER] 06:14:43.100 [Thread-3] ERROR ExternalProcessHandler - Feb 28, 2020 6:14:43 AM org.openqa.selenium.remote.ProtocolHandshake createSession

INFO: Detected dialect: OSS
[MASTER] 06:14:43.101 [Thread-3] ERROR ExternalProcessHandler - INFO: Detected dialect: OSS

Feb 28, 2020 6:14:46 AM org.openqa.selenium.remote.ProtocolHandshake createSession
[MASTER] 06:14:46.823 [Thread-3] ERROR ExternalProcessHandler - Feb 28, 2020 6:14:46 AM org.openqa.selenium.remote.ProtocolHandshake createSession

INFO: Detected dialect: OSS
[MASTER] 06:14:46.823 [Thread-3] ERROR ExternalProcessHandler - INFO: Detected dialect: OSS

Feb 28, 2020 6:14:54 AM po_utils.PageObjectLogging logInfo
[MASTER] 06:14:54.353 [Thread-3] ERROR ExternalProcessHandler - Feb 28, 2020 6:14:54 AM po_utils.PageObjectLogging logInfo

INFO: waitForElementBeingPresentOnPage timeout exception: unable to locate the element By.xpath: //input[@placeholder="Example: Trip to Barcelona"]
[MASTER] 06:14:54.354 [Thread-3] ERROR ExternalProcessHandler - INFO: waitForElementBeingPresentOnPage timeout exception: unable to locate the element By.xpath: //input[@placeholder="Example: Trip to Barcelona"]


[MASTER] 06:14:54.354 [Thread-3] ERROR ExternalProcessHandler - 


[MASTER] 06:14:54.354 [Thread-3] ERROR ExternalProcessHandler - 

Feb 28, 2020 6:14:54 AM org.openqa.selenium.remote.ProtocolHandshake createSession
[MASTER] 06:14:54.539 [Thread-3] ERROR ExternalProcessHandler - Feb 28, 2020 6:14:54 AM org.openqa.selenium.remote.ProtocolHandshake createSession

INFO: Detected dialect: OSS
[MASTER] 06:14:54.539 [Thread-3] ERROR ExternalProcessHandler - INFO: Detected dialect: OSS

Feb 28, 2020 6:15:04 AM org.openqa.selenium.remote.ProtocolHandshake createSession
[MASTER] 06:15:04.312 [Thread-3] ERROR ExternalProcessHandler - Feb 28, 2020 6:15:04 AM org.openqa.selenium.remote.ProtocolHandshake createSession

INFO: Detected dialect: OSS
[MASTER] 06:15:04.313 [Thread-3] ERROR ExternalProcessHandler - INFO: Detected dialect: OSS

Feb 28, 2020 6:15:10 AM po_utils.PageObjectLogging logInfo
[MASTER] 06:15:10.703 [Thread-3] ERROR ExternalProcessHandler - Feb 28, 2020 6:15:10 AM po_utils.PageObjectLogging logInfo

INFO: waitForElementBeingPresentOnPage timeout exception: unable to locate the element By.xpath: //input[@placeholder="Example: Trip to Barcelona"]
[MASTER] 06:15:10.703 [Thread-3] ERROR ExternalProcessHandler - INFO: waitForElementBeingPresentOnPage timeout exception: unable to locate the element By.xpath: //input[@placeholder="Example: Trip to Barcelona"]


[MASTER] 06:15:10.703 [Thread-3] ERROR ExternalProcessHandler - 


[MASTER] 06:15:10.703 [Thread-3] ERROR ExternalProcessHandler - 

Feb 28, 2020 6:15:15 AM po_utils.PageObjectLogging logInfo
[MASTER] 06:15:15.938 [Thread-3] ERROR ExternalProcessHandler - Feb 28, 2020 6:15:15 AM po_utils.PageObjectLogging logInfo

INFO: waitForElementBeingPresentOnPage timeout exception: unable to locate the element By.xpath: //input[@placeholder="Example: Trip to Barcelona"]
[MASTER] 06:15:15.939 [Thread-3] ERROR ExternalProcessHandler - INFO: waitForElementBeingPresentOnPage timeout exception: unable to locate the element By.xpath: //input[@placeholder="Example: Trip to Barcelona"]


[MASTER] 06:15:15.939 [Thread-3] ERROR ExternalProcessHandler - 


[MASTER] 06:15:15.939 [Thread-3] ERROR ExternalProcessHandler - 

Feb 28, 2020 6:15:21 AM po_utils.PageObjectLogging logInfo
[MASTER] 06:15:21.007 [Thread-3] ERROR ExternalProcessHandler - Feb 28, 2020 6:15:21 AM po_utils.PageObjectLogging logInfo

INFO: waitForElementBeingPresentOnPage timeout exception: unable to locate the element By.xpath: //input[@placeholder="Example: Trip to Barcelona"]
[MASTER] 06:15:21.008 [Thread-3] ERROR ExternalProcessHandler - INFO: waitForElementBeingPresentOnPage timeout exception: unable to locate the element By.xpath: //input[@placeholder="Example: Trip to Barcelona"]


[MASTER] 06:15:21.008 [Thread-3] ERROR ExternalProcessHandler - 


[MASTER] 06:15:21.008 [Thread-3] ERROR ExternalProcessHandler - 

Feb 28, 2020 6:15:21 AM org.openqa.selenium.remote.ProtocolHandshake createSession
[MASTER] 06:15:21.227 [Thread-3] ERROR ExternalProcessHandler - Feb 28, 2020 6:15:21 AM org.openqa.selenium.remote.ProtocolHandshake createSession

INFO: Detected dialect: OSS
[MASTER] 06:15:21.227 [Thread-3] ERROR ExternalProcessHandler - INFO: Detected dialect: OSS

Feb 28, 2020 6:15:30 AM org.openqa.selenium.remote.ProtocolHandshake createSession
[MASTER] 06:15:30.981 [Thread-3] ERROR ExternalProcessHandler - Feb 28, 2020 6:15:30 AM org.openqa.selenium.remote.ProtocolHandshake createSession

INFO: Detected dialect: OSS
[MASTER] 06:15:30.982 [Thread-3] ERROR ExternalProcessHandler - INFO: Detected dialect: OSS

Feb 28, 2020 6:15:37 AM po_utils.PageObjectLogging logInfo
[MASTER] 06:15:37.214 [Thread-3] ERROR ExternalProcessHandler - Feb 28, 2020 6:15:37 AM po_utils.PageObjectLogging logInfo

INFO: waitForElementBeingPresentOnPage timeout exception: unable to locate the element By.xpath: //input[@placeholder="Example: Trip to Barcelona"]
[MASTER] 06:15:37.214 [Thread-3] ERROR ExternalProcessHandler - INFO: waitForElementBeingPresentOnPage timeout exception: unable to locate the element By.xpath: //input[@placeholder="Example: Trip to Barcelona"]


[MASTER] 06:15:37.214 [Thread-3] ERROR ExternalProcessHandler - 


[MASTER] 06:15:37.214 [Thread-3] ERROR ExternalProcessHandler - 

Feb 28, 2020 6:15:38 AM org.openqa.selenium.remote.ProtocolHandshake createSession
[MASTER] 06:15:38.737 [Thread-3] ERROR ExternalProcessHandler - Feb 28, 2020 6:15:38 AM org.openqa.selenium.remote.ProtocolHandshake createSession

INFO: Detected dialect: OSS
[MASTER] 06:15:38.737 [Thread-3] ERROR ExternalProcessHandler - INFO: Detected dialect: OSS

Feb 28, 2020 6:15:51 AM org.openqa.selenium.remote.ProtocolHandshake createSession
[MASTER] 06:15:51.507 [Thread-3] ERROR ExternalProcessHandler - Feb 28, 2020 6:15:51 AM org.openqa.selenium.remote.ProtocolHandshake createSession

INFO: Detected dialect: OSS
[MASTER] 06:15:51.507 [Thread-3] ERROR ExternalProcessHandler - INFO: Detected dialect: OSS

Feb 28, 2020 6:15:55 AM org.openqa.selenium.remote.ProtocolHandshake createSession
[MASTER] 06:15:55.894 [Thread-3] ERROR ExternalProcessHandler - Feb 28, 2020 6:15:55 AM org.openqa.selenium.remote.ProtocolHandshake createSession

INFO: Detected dialect: OSS
[MASTER] 06:15:55.894 [Thread-3] ERROR ExternalProcessHandler - INFO: Detected dialect: OSS

Feb 28, 2020 6:15:59 AM org.openqa.selenium.remote.ProtocolHandshake createSession
[MASTER] 06:15:59.922 [Thread-3] ERROR ExternalProcessHandler - Feb 28, 2020 6:15:59 AM org.openqa.selenium.remote.ProtocolHandshake createSession

INFO: Detected dialect: OSS
[MASTER] 06:15:59.923 [Thread-3] ERROR ExternalProcessHandler - INFO: Detected dialect: OSS

Feb 28, 2020 6:16:04 AM org.openqa.selenium.remote.ProtocolHandshake createSession
[MASTER] 06:16:04.999 [Thread-3] ERROR ExternalProcessHandler - Feb 28, 2020 6:16:04 AM org.openqa.selenium.remote.ProtocolHandshake createSession

INFO: Detected dialect: OSS
[MASTER] 06:16:04.999 [Thread-3] ERROR ExternalProcessHandler - INFO: Detected dialect: OSS

Feb 28, 2020 6:16:08 AM po_utils.PageObjectLogging logInfo
[MASTER] 06:16:08.118 [Thread-3] ERROR ExternalProcessHandler - Feb 28, 2020 6:16:08 AM po_utils.PageObjectLogging logInfo

INFO: waitForElementBeingPresentOnPage timeout exception: unable to locate the element By.xpath: //div[contains(@class,"liquid-child")]
[MASTER] 06:16:08.118 [Thread-3] ERROR ExternalProcessHandler - INFO: waitForElementBeingPresentOnPage timeout exception: unable to locate the element By.xpath: //div[contains(@class,"liquid-child")]


[MASTER] 06:16:08.118 [Thread-3] ERROR ExternalProcessHandler - 


[MASTER] 06:16:08.118 [Thread-3] ERROR ExternalProcessHandler - 

Feb 28, 2020 6:16:12 AM org.openqa.selenium.remote.ProtocolHandshake createSession
[MASTER] 06:16:12.310 [Thread-3] ERROR ExternalProcessHandler - Feb 28, 2020 6:16:12 AM org.openqa.selenium.remote.ProtocolHandshake createSession

INFO: Detected dialect: OSS
[MASTER] 06:16:12.310 [Thread-3] ERROR ExternalProcessHandler - INFO: Detected dialect: OSS

Feb 28, 2020 6:16:15 AM po_utils.PageObjectLogging logInfo
[MASTER] 06:16:15.530 [Thread-3] ERROR ExternalProcessHandler - Feb 28, 2020 6:16:15 AM po_utils.PageObjectLogging logInfo

INFO: waitForElementBeingPresentOnPage timeout exception: unable to locate the element By.xpath: //div[contains(@class,"liquid-child")]
[MASTER] 06:16:15.530 [Thread-3] ERROR ExternalProcessHandler - INFO: waitForElementBeingPresentOnPage timeout exception: unable to locate the element By.xpath: //div[contains(@class,"liquid-child")]


[MASTER] 06:16:15.530 [Thread-3] ERROR ExternalProcessHandler - 


[MASTER] 06:16:15.530 [Thread-3] ERROR ExternalProcessHandler - 

Feb 28, 2020 6:16:21 AM po_utils.PageObjectLogging logInfo
[MASTER] 06:16:21.303 [Thread-3] ERROR ExternalProcessHandler - Feb 28, 2020 6:16:21 AM po_utils.PageObjectLogging logInfo

INFO: waitForElementBeingPresentOnPage timeout exception: unable to locate the element By.xpath: //div[contains(@class,"liquid-child")]
[MASTER] 06:16:21.303 [Thread-3] ERROR ExternalProcessHandler - INFO: waitForElementBeingPresentOnPage timeout exception: unable to locate the element By.xpath: //div[contains(@class,"liquid-child")]


[MASTER] 06:16:21.303 [Thread-3] ERROR ExternalProcessHandler - 


[MASTER] 06:16:21.303 [Thread-3] ERROR ExternalProcessHandler - 

Feb 28, 2020 6:16:31 AM org.openqa.selenium.remote.ProtocolHandshake createSession
[MASTER] 06:16:31.547 [Thread-3] ERROR ExternalProcessHandler - Feb 28, 2020 6:16:31 AM org.openqa.selenium.remote.ProtocolHandshake createSession

INFO: Detected dialect: OSS
[MASTER] 06:16:31.547 [Thread-3] ERROR ExternalProcessHandler - INFO: Detected dialect: OSS

Feb 28, 2020 6:16:37 AM po_utils.PageObjectLogging logInfo
[MASTER] 06:16:37.932 [Thread-3] ERROR ExternalProcessHandler - Feb 28, 2020 6:16:37 AM po_utils.PageObjectLogging logInfo

INFO: waitForElementBeingPresentOnPage timeout exception: unable to locate the element By.xpath: //div[contains(@class,"liquid-child")]
[MASTER] 06:16:37.933 [Thread-3] ERROR ExternalProcessHandler - INFO: waitForElementBeingPresentOnPage timeout exception: unable to locate the element By.xpath: //div[contains(@class,"liquid-child")]


[MASTER] 06:16:37.933 [Thread-3] ERROR ExternalProcessHandler - 


[MASTER] 06:16:37.933 [Thread-3] ERROR ExternalProcessHandler - 

Feb 28, 2020 6:16:46 AM po_utils.PageObjectLogging logInfo
[MASTER] 06:16:46.482 [Thread-3] ERROR ExternalProcessHandler - Feb 28, 2020 6:16:46 AM po_utils.PageObjectLogging logInfo

INFO: waitForElementBeingPresentOnPage timeout exception: unable to locate the element By.xpath: //div[contains(@class,"liquid-child")]
[MASTER] 06:16:46.483 [Thread-3] ERROR ExternalProcessHandler - INFO: waitForElementBeingPresentOnPage timeout exception: unable to locate the element By.xpath: //div[contains(@class,"liquid-child")]


[MASTER] 06:16:46.483 [Thread-3] ERROR ExternalProcessHandler - 


[MASTER] 06:16:46.483 [Thread-3] ERROR ExternalProcessHandler - 

Feb 28, 2020 6:16:57 AM org.openqa.selenium.remote.ProtocolHandshake createSession
[MASTER] 06:16:57.768 [Thread-3] ERROR ExternalProcessHandler - Feb 28, 2020 6:16:57 AM org.openqa.selenium.remote.ProtocolHandshake createSession

INFO: Detected dialect: OSS
[MASTER] 06:16:57.768 [Thread-3] ERROR ExternalProcessHandler - INFO: Detected dialect: OSS

Feb 28, 2020 6:17:09 AM po_utils.PageObjectLogging logInfo
[MASTER] 06:17:09.320 [Thread-3] ERROR ExternalProcessHandler - Feb 28, 2020 6:17:09 AM po_utils.PageObjectLogging logInfo

INFO: waitForElementBeingPresentOnPage timeout exception: unable to locate the element By.xpath: //div[contains(@class,"liquid-child")]
[MASTER] 06:17:09.320 [Thread-3] ERROR ExternalProcessHandler - INFO: waitForElementBeingPresentOnPage timeout exception: unable to locate the element By.xpath: //div[contains(@class,"liquid-child")]


[MASTER] 06:17:09.320 [Thread-3] ERROR ExternalProcessHandler - 


[MASTER] 06:17:09.320 [Thread-3] ERROR ExternalProcessHandler - 

Feb 28, 2020 6:17:20 AM po_utils.PageObjectLogging logInfo
[MASTER] 06:17:20.573 [Thread-3] ERROR ExternalProcessHandler - Feb 28, 2020 6:17:20 AM po_utils.PageObjectLogging logInfo

INFO: waitForElementBeingPresentOnPage timeout exception: unable to locate the element By.xpath: //div[contains(@class,"liquid-child")]
[MASTER] 06:17:20.573 [Thread-3] ERROR ExternalProcessHandler - INFO: waitForElementBeingPresentOnPage timeout exception: unable to locate the element By.xpath: //div[contains(@class,"liquid-child")]


[MASTER] 06:17:20.573 [Thread-3] ERROR ExternalProcessHandler - 


[MASTER] 06:17:20.574 [Thread-3] ERROR ExternalProcessHandler - 

Feb 28, 2020 6:17:32 AM org.openqa.selenium.remote.ProtocolHandshake createSession
[MASTER] 06:17:32.986 [Thread-3] ERROR ExternalProcessHandler - Feb 28, 2020 6:17:32 AM org.openqa.selenium.remote.ProtocolHandshake createSession

INFO: Detected dialect: OSS
[MASTER] 06:17:32.986 [Thread-3] ERROR ExternalProcessHandler - INFO: Detected dialect: OSS

Feb 28, 2020 6:17:44 AM po_utils.PageObjectLogging logInfo
[MASTER] 06:17:44.584 [Thread-3] ERROR ExternalProcessHandler - Feb 28, 2020 6:17:44 AM po_utils.PageObjectLogging logInfo

INFO: waitForElementBeingPresentOnPage timeout exception: unable to locate the element By.xpath: //div[contains(@class,"liquid-child")]
[MASTER] 06:17:44.585 [Thread-3] ERROR ExternalProcessHandler - INFO: waitForElementBeingPresentOnPage timeout exception: unable to locate the element By.xpath: //div[contains(@class,"liquid-child")]


[MASTER] 06:17:44.585 [Thread-3] ERROR ExternalProcessHandler - 


[MASTER] 06:17:44.585 [Thread-3] ERROR ExternalProcessHandler - 

Feb 28, 2020 6:17:58 AM po_utils.PageObjectLogging logInfo
[MASTER] 06:17:58.586 [Thread-3] ERROR ExternalProcessHandler - Feb 28, 2020 6:17:58 AM po_utils.PageObjectLogging logInfo

INFO: waitForElementBeingPresentOnPage timeout exception: unable to locate the element By.xpath: //div[contains(@class,"liquid-child")]
[MASTER] 06:17:58.587 [Thread-3] ERROR ExternalProcessHandler - INFO: waitForElementBeingPresentOnPage timeout exception: unable to locate the element By.xpath: //div[contains(@class,"liquid-child")]


[MASTER] 06:17:58.587 [Thread-3] ERROR ExternalProcessHandler - 


[MASTER] 06:17:58.587 [Thread-3] ERROR ExternalProcessHandler - 

[MASTER] 06:18:11.998 [logback-2] ERROR TestCaseExecutor - TG: Exception caught: 
java.lang.IllegalStateException: Test generation failed: page object bug.
	at org.evosuite.testcase.execution.TestCaseExecutor.runTest(TestCaseExecutor.java:320) ~[evosuite-client-1.0.4-SNAPSHOT.jar:na]
	at org.evosuite.testcase.TestFitnessFunction.runTest(TestFitnessFunction.java:91) [evosuite-client-1.0.4-SNAPSHOT.jar:na]
	at org.evosuite.testcase.TestFitnessFunction.getFitness(TestFitnessFunction.java:60) [evosuite-client-1.0.4-SNAPSHOT.jar:na]
	at org.evosuite.testcase.TestFitnessFunction.getFitness(TestFitnessFunction.java:34) [evosuite-client-1.0.4-SNAPSHOT.jar:na]
	at org.evosuite.ga.metaheuristics.art.AdaptiveRandomSearch.calculateFitness(AdaptiveRandomSearch.java:312) [evosuite-client-1.0.4-SNAPSHOT.jar:na]
	at org.evosuite.ga.metaheuristics.art.AdaptiveRandomSearch.evolve(AdaptiveRandomSearch.java:139) [evosuite-client-1.0.4-SNAPSHOT.jar:na]
	at org.evosuite.ga.metaheuristics.art.AdaptiveRandomSearch.generateSolution(AdaptiveRandomSearch.java:270) [evosuite-client-1.0.4-SNAPSHOT.jar:na]
	at org.evosuite.strategy.AdaptiveRandomTestStrategy.generateTests(AdaptiveRandomTestStrategy.java:118) [evosuite-client-1.0.4-SNAPSHOT.jar:na]
	at org.evosuite.TestSuiteGenerator.generateTests(TestSuiteGenerator.java:654) [evosuite-client-1.0.4-SNAPSHOT.jar:na]
	at org.evosuite.TestSuiteGenerator.generateTestSuite(TestSuiteGenerator.java:213) [evosuite-client-1.0.4-SNAPSHOT.jar:na]
	at org.evosuite.rmi.service.ClientNodeImpl$1.run(ClientNodeImpl.java:145) [evosuite-client-1.0.4-SNAPSHOT.jar:na]
	at java.util.concurrent.Executors$RunnableAdapter.call(Executors.java:511) [na:1.8.0_242]
	at java.util.concurrent.FutureTask.run(FutureTask.java:266) [na:1.8.0_242]
	at java.util.concurrent.ThreadPoolExecutor.runWorker(ThreadPoolExecutor.java:1149) [na:1.8.0_242]
	at java.util.concurrent.ThreadPoolExecutor$Worker.run(ThreadPoolExecutor.java:624) [na:1.8.0_242]
	at java.lang.Thread.run(Thread.java:748) [na:1.8.0_242]
[MASTER] 06:18:12.000 [logback-2] ERROR ClientNodeImpl - Error when generating tests for: main.ClassUnderTest with seed 1582870265281. Configuration id : null
java.lang.Error: java.lang.IllegalStateException: Test generation failed: page object bug.
	at org.evosuite.testcase.execution.TestCaseExecutor.runTest(TestCaseExecutor.java:336) ~[evosuite-client-1.0.4-SNAPSHOT.jar:na]
	at org.evosuite.testcase.TestFitnessFunction.runTest(TestFitnessFunction.java:91) ~[evosuite-client-1.0.4-SNAPSHOT.jar:na]
	at org.evosuite.testcase.TestFitnessFunction.getFitness(TestFitnessFunction.java:60) ~[evosuite-client-1.0.4-SNAPSHOT.jar:na]
	at org.evosuite.testcase.TestFitnessFunction.getFitness(TestFitnessFunction.java:34) ~[evosuite-client-1.0.4-SNAPSHOT.jar:na]
	at org.evosuite.ga.metaheuristics.art.AdaptiveRandomSearch.calculateFitness(AdaptiveRandomSearch.java:312) ~[evosuite-client-1.0.4-SNAPSHOT.jar:na]
	at org.evosuite.ga.metaheuristics.art.AdaptiveRandomSearch.evolve(AdaptiveRandomSearch.java:139) ~[evosuite-client-1.0.4-SNAPSHOT.jar:na]
	at org.evosuite.ga.metaheuristics.art.AdaptiveRandomSearch.generateSolution(AdaptiveRandomSearch.java:270) ~[evosuite-client-1.0.4-SNAPSHOT.jar:na]
	at org.evosuite.strategy.AdaptiveRandomTestStrategy.generateTests(AdaptiveRandomTestStrategy.java:118) ~[evosuite-client-1.0.4-SNAPSHOT.jar:na]
	at org.evosuite.TestSuiteGenerator.generateTests(TestSuiteGenerator.java:654) ~[evosuite-client-1.0.4-SNAPSHOT.jar:na]
	at org.evosuite.TestSuiteGenerator.generateTestSuite(TestSuiteGenerator.java:213) ~[evosuite-client-1.0.4-SNAPSHOT.jar:na]
	at org.evosuite.rmi.service.ClientNodeImpl$1.run(ClientNodeImpl.java:145) ~[evosuite-client-1.0.4-SNAPSHOT.jar:na]
	at java.util.concurrent.Executors$RunnableAdapter.call(Executors.java:511) [na:1.8.0_242]
	at java.util.concurrent.FutureTask.run(FutureTask.java:266) [na:1.8.0_242]
	at java.util.concurrent.ThreadPoolExecutor.runWorker(ThreadPoolExecutor.java:1149) [na:1.8.0_242]
	at java.util.concurrent.ThreadPoolExecutor$Worker.run(ThreadPoolExecutor.java:624) [na:1.8.0_242]
	at java.lang.Thread.run(Thread.java:748) [na:1.8.0_242]
Caused by: java.lang.IllegalStateException: Test generation failed: page object bug.
	at org.evosuite.testcase.execution.TestCaseExecutor.runTest(TestCaseExecutor.java:320) ~[evosuite-client-1.0.4-SNAPSHOT.jar:na]
	... 15 common frames omitted
[MASTER] 06:18:12.110 [main] ERROR SearchStatistics - No statistics has been saved because EvoSuite failed to generate any test case
[MASTER] 06:18:12.212 [main] ERROR TestGeneration - failed to write statistics data
