SLF4J: Class path contains multiple SLF4J bindings.
SLF4J: Found binding in [jar:file:/home/ubuntu/.m2/repository/ch/qos/logback/logback-classic/1.1.3/logback-classic-1.1.3.jar!/org/slf4j/impl/StaticLoggerBinder.class]
SLF4J: Found binding in [jar:file:/home/ubuntu/.m2/repository/org/evosuite/evosuite-master/1.0.4-SNAPSHOT/evosuite-master-1.0.4-SNAPSHOT.jar!/org/slf4j/impl/StaticLoggerBinder.class]
SLF4J: See http://www.slf4j.org/codes.html#multiple_bindings for an explanation.
SLF4J: Actual binding is of type [ch.qos.logback.classic.util.ContextSelectorStaticBinder]
SLF4J: Class path contains multiple SLF4J bindings.
[MASTER] 03:10:59.697 [Thread-3] ERROR ExternalProcessHandler - SLF4J: Class path contains multiple SLF4J bindings.

SLF4J: Found binding in [jar:file:/home/ubuntu/.m2/repository/ch/qos/logback/logback-classic/1.1.3/logback-classic-1.1.3.jar!/org/slf4j/impl/StaticLoggerBinder.class]
[MASTER] 03:10:59.699 [Thread-3] ERROR ExternalProcessHandler - SLF4J: Found binding in [jar:file:/home/ubuntu/.m2/repository/ch/qos/logback/logback-classic/1.1.3/logback-classic-1.1.3.jar!/org/slf4j/impl/StaticLoggerBinder.class]

SLF4J: Found binding in [jar:file:/home/ubuntu/.m2/repository/org/evosuite/evosuite-master/1.0.4-SNAPSHOT/evosuite-master-1.0.4-SNAPSHOT.jar!/org/slf4j/impl/StaticLoggerBinder.class]
[MASTER] 03:10:59.700 [Thread-3] ERROR ExternalProcessHandler - SLF4J: Found binding in [jar:file:/home/ubuntu/.m2/repository/org/evosuite/evosuite-master/1.0.4-SNAPSHOT/evosuite-master-1.0.4-SNAPSHOT.jar!/org/slf4j/impl/StaticLoggerBinder.class]

SLF4J: See http://www.slf4j.org/codes.html#multiple_bindings for an explanation.
[MASTER] 03:10:59.701 [Thread-3] ERROR ExternalProcessHandler - SLF4J: See http://www.slf4j.org/codes.html#multiple_bindings for an explanation.

SLF4J: Actual binding is of type [ch.qos.logback.classic.util.ContextSelectorStaticBinder]
[MASTER] 03:11:15.128 [Thread-3] ERROR ExternalProcessHandler - SLF4J: Actual binding is of type [ch.qos.logback.classic.util.ContextSelectorStaticBinder]

Mar 25, 2020 3:12:04 AM org.openqa.selenium.remote.ProtocolHandshake createSession
[MASTER] 03:12:04.855 [Thread-3] ERROR ExternalProcessHandler - Mar 25, 2020 3:12:04 AM org.openqa.selenium.remote.ProtocolHandshake createSession

INFO: Detected dialect: OSS
[MASTER] 03:12:04.856 [Thread-3] ERROR ExternalProcessHandler - INFO: Detected dialect: OSS

Mar 25, 2020 3:13:45 AM po_utils.PageObjectLogging logInfo
[MASTER] 03:13:45.905 [Thread-3] ERROR ExternalProcessHandler - Mar 25, 2020 3:13:45 AM po_utils.PageObjectLogging logInfo

INFO: waitForElementBeingPresentOnPage timeout exception: unable to locate the element By.xpath: //button[text()="Let's start"]
[MASTER] 03:13:45.905 [Thread-3] ERROR ExternalProcessHandler - INFO: waitForElementBeingPresentOnPage timeout exception: unable to locate the element By.xpath: //button[text()="Let's start"]


[MASTER] 03:13:45.905 [Thread-3] ERROR ExternalProcessHandler - 


[MASTER] 03:13:45.905 [Thread-3] ERROR ExternalProcessHandler - 

Mar 25, 2020 3:13:46 AM org.openqa.selenium.remote.ProtocolHandshake createSession
[MASTER] 03:13:46.065 [Thread-3] ERROR ExternalProcessHandler - Mar 25, 2020 3:13:46 AM org.openqa.selenium.remote.ProtocolHandshake createSession

INFO: Detected dialect: OSS
[MASTER] 03:13:46.065 [Thread-3] ERROR ExternalProcessHandler - INFO: Detected dialect: OSS

Mar 25, 2020 3:15:07 AM po_utils.PageObjectLogging logInfo
[MASTER] 03:15:07.050 [Thread-3] ERROR ExternalProcessHandler - Mar 25, 2020 3:15:07 AM po_utils.PageObjectLogging logInfo

INFO: waitForElementBeingPresentOnPage timeout exception: unable to locate the element By.xpath: //button[text()="Let's start"]
[MASTER] 03:15:07.051 [Thread-3] ERROR ExternalProcessHandler - INFO: waitForElementBeingPresentOnPage timeout exception: unable to locate the element By.xpath: //button[text()="Let's start"]


[MASTER] 03:15:07.051 [Thread-3] ERROR ExternalProcessHandler - 


[MASTER] 03:15:07.051 [Thread-3] ERROR ExternalProcessHandler - 

Mar 25, 2020 3:15:11 AM org.openqa.selenium.remote.ProtocolHandshake createSession
[MASTER] 03:15:11.382 [Thread-3] ERROR ExternalProcessHandler - Mar 25, 2020 3:15:11 AM org.openqa.selenium.remote.ProtocolHandshake createSession

INFO: Detected dialect: OSS
[MASTER] 03:15:11.382 [Thread-3] ERROR ExternalProcessHandler - INFO: Detected dialect: OSS

Mar 25, 2020 3:16:32 AM po_utils.PageObjectLogging logInfo
[MASTER] 03:16:32.271 [Thread-3] ERROR ExternalProcessHandler - Mar 25, 2020 3:16:32 AM po_utils.PageObjectLogging logInfo

INFO: waitForElementBeingPresentOnPage timeout exception: unable to locate the element By.xpath: //button[text()="Let's start"]
[MASTER] 03:16:32.271 [Thread-3] ERROR ExternalProcessHandler - INFO: waitForElementBeingPresentOnPage timeout exception: unable to locate the element By.xpath: //button[text()="Let's start"]


[MASTER] 03:16:32.271 [Thread-3] ERROR ExternalProcessHandler - 


[MASTER] 03:16:32.271 [Thread-3] ERROR ExternalProcessHandler - 

Mar 25, 2020 3:16:40 AM org.openqa.selenium.remote.ProtocolHandshake createSession
[MASTER] 03:16:40.636 [Thread-3] ERROR ExternalProcessHandler - Mar 25, 2020 3:16:40 AM org.openqa.selenium.remote.ProtocolHandshake createSession

INFO: Detected dialect: OSS
[MASTER] 03:16:40.636 [Thread-3] ERROR ExternalProcessHandler - INFO: Detected dialect: OSS

Mar 25, 2020 3:18:01 AM po_utils.PageObjectLogging logInfo
[MASTER] 03:18:01.676 [Thread-3] ERROR ExternalProcessHandler - Mar 25, 2020 3:18:01 AM po_utils.PageObjectLogging logInfo

INFO: waitForElementBeingPresentOnPage timeout exception: unable to locate the element By.xpath: //button[text()="Let's start"]
[MASTER] 03:18:01.676 [Thread-3] ERROR ExternalProcessHandler - INFO: waitForElementBeingPresentOnPage timeout exception: unable to locate the element By.xpath: //button[text()="Let's start"]


[MASTER] 03:18:01.676 [Thread-3] ERROR ExternalProcessHandler - 


[MASTER] 03:18:01.676 [Thread-3] ERROR ExternalProcessHandler - 

[MASTER] 03:18:13.974 [logback-2] ERROR TestCaseExecutor - TG: Exception caught: 
java.lang.IllegalStateException: Test generation failed: page object bug.
	at org.evosuite.testcase.execution.TestCaseExecutor.runTest(TestCaseExecutor.java:320) ~[evosuite-client-1.0.4-SNAPSHOT.jar:na]
	at org.evosuite.testcase.TestFitnessFunction.runTest(TestFitnessFunction.java:91) [evosuite-client-1.0.4-SNAPSHOT.jar:na]
	at org.evosuite.testcase.TestFitnessFunction.getFitness(TestFitnessFunction.java:60) [evosuite-client-1.0.4-SNAPSHOT.jar:na]
	at org.evosuite.testcase.TestFitnessFunction.getFitness(TestFitnessFunction.java:34) [evosuite-client-1.0.4-SNAPSHOT.jar:na]
	at org.evosuite.ga.metaheuristics.art.AdaptiveRandomSearch.calculateFitness(AdaptiveRandomSearch.java:312) [evosuite-client-1.0.4-SNAPSHOT.jar:na]
	at org.evosuite.ga.metaheuristics.art.AdaptiveRandomSearch.calculateFitness(AdaptiveRandomSearch.java:344) [evosuite-client-1.0.4-SNAPSHOT.jar:na]
	at org.evosuite.ga.metaheuristics.art.AdaptiveRandomSearch.createAndMinimizeFirstIndividual(AdaptiveRandomSearch.java:222) [evosuite-client-1.0.4-SNAPSHOT.jar:na]
	at org.evosuite.ga.metaheuristics.art.AdaptiveRandomSearch.initializePopulation(AdaptiveRandomSearch.java:206) [evosuite-client-1.0.4-SNAPSHOT.jar:na]
	at org.evosuite.ga.metaheuristics.art.AdaptiveRandomSearch.generateSolution(AdaptiveRandomSearch.java:262) [evosuite-client-1.0.4-SNAPSHOT.jar:na]
	at org.evosuite.strategy.AdaptiveRandomTestStrategy.generateTests(AdaptiveRandomTestStrategy.java:118) [evosuite-client-1.0.4-SNAPSHOT.jar:na]
	at org.evosuite.TestSuiteGenerator.generateTests(TestSuiteGenerator.java:654) [evosuite-client-1.0.4-SNAPSHOT.jar:na]
	at org.evosuite.TestSuiteGenerator.generateTestSuite(TestSuiteGenerator.java:213) [evosuite-client-1.0.4-SNAPSHOT.jar:na]
	at org.evosuite.rmi.service.ClientNodeImpl$1.run(ClientNodeImpl.java:145) [evosuite-client-1.0.4-SNAPSHOT.jar:na]
	at java.util.concurrent.Executors$RunnableAdapter.call(Executors.java:511) [na:1.8.0_242]
	at java.util.concurrent.FutureTask.run(FutureTask.java:266) [na:1.8.0_242]
	at java.util.concurrent.ThreadPoolExecutor.runWorker(ThreadPoolExecutor.java:1149) [na:1.8.0_242]
	at java.util.concurrent.ThreadPoolExecutor$Worker.run(ThreadPoolExecutor.java:624) [na:1.8.0_242]
	at java.lang.Thread.run(Thread.java:748) [na:1.8.0_242]
[MASTER] 03:18:13.979 [logback-2] ERROR ClientNodeImpl - Error when generating tests for: main.ClassUnderTestApogen with seed 1585105895287. Configuration id : null
java.lang.Error: java.lang.IllegalStateException: Test generation failed: page object bug.
	at org.evosuite.testcase.execution.TestCaseExecutor.runTest(TestCaseExecutor.java:336) ~[evosuite-client-1.0.4-SNAPSHOT.jar:na]
	at org.evosuite.testcase.TestFitnessFunction.runTest(TestFitnessFunction.java:91) ~[evosuite-client-1.0.4-SNAPSHOT.jar:na]
	at org.evosuite.testcase.TestFitnessFunction.getFitness(TestFitnessFunction.java:60) ~[evosuite-client-1.0.4-SNAPSHOT.jar:na]
	at org.evosuite.testcase.TestFitnessFunction.getFitness(TestFitnessFunction.java:34) ~[evosuite-client-1.0.4-SNAPSHOT.jar:na]
	at org.evosuite.ga.metaheuristics.art.AdaptiveRandomSearch.calculateFitness(AdaptiveRandomSearch.java:312) ~[evosuite-client-1.0.4-SNAPSHOT.jar:na]
	at org.evosuite.ga.metaheuristics.art.AdaptiveRandomSearch.calculateFitness(AdaptiveRandomSearch.java:344) ~[evosuite-client-1.0.4-SNAPSHOT.jar:na]
	at org.evosuite.ga.metaheuristics.art.AdaptiveRandomSearch.createAndMinimizeFirstIndividual(AdaptiveRandomSearch.java:222) ~[evosuite-client-1.0.4-SNAPSHOT.jar:na]
	at org.evosuite.ga.metaheuristics.art.AdaptiveRandomSearch.initializePopulation(AdaptiveRandomSearch.java:206) ~[evosuite-client-1.0.4-SNAPSHOT.jar:na]
	at org.evosuite.ga.metaheuristics.art.AdaptiveRandomSearch.generateSolution(AdaptiveRandomSearch.java:262) ~[evosuite-client-1.0.4-SNAPSHOT.jar:na]
	at org.evosuite.strategy.AdaptiveRandomTestStrategy.generateTests(AdaptiveRandomTestStrategy.java:118) ~[evosuite-client-1.0.4-SNAPSHOT.jar:na]
	at org.evosuite.TestSuiteGenerator.generateTests(TestSuiteGenerator.java:654) ~[evosuite-client-1.0.4-SNAPSHOT.jar:na]
	at org.evosuite.TestSuiteGenerator.generateTestSuite(TestSuiteGenerator.java:213) ~[evosuite-client-1.0.4-SNAPSHOT.jar:na]
	at org.evosuite.rmi.service.ClientNodeImpl$1.run(ClientNodeImpl.java:145) ~[evosuite-client-1.0.4-SNAPSHOT.jar:na]
	at java.util.concurrent.Executors$RunnableAdapter.call(Executors.java:511) [na:1.8.0_242]
	at java.util.concurrent.FutureTask.run(FutureTask.java:266) [na:1.8.0_242]
	at java.util.concurrent.ThreadPoolExecutor.runWorker(ThreadPoolExecutor.java:1149) [na:1.8.0_242]
	at java.util.concurrent.ThreadPoolExecutor$Worker.run(ThreadPoolExecutor.java:624) [na:1.8.0_242]
	at java.lang.Thread.run(Thread.java:748) [na:1.8.0_242]
Caused by: java.lang.IllegalStateException: Test generation failed: page object bug.
	at org.evosuite.testcase.execution.TestCaseExecutor.runTest(TestCaseExecutor.java:320) ~[evosuite-client-1.0.4-SNAPSHOT.jar:na]
	... 17 common frames omitted
[MASTER] 03:18:14.088 [main] ERROR SearchStatistics - No statistics has been saved because EvoSuite failed to generate any test case
[MASTER] 03:18:14.189 [main] ERROR TestGeneration - failed to write statistics data
