SLF4J: Class path contains multiple SLF4J bindings.
SLF4J: Found binding in [jar:file:/home/ubuntu/.m2/repository/ch/qos/logback/logback-classic/1.1.3/logback-classic-1.1.3.jar!/org/slf4j/impl/StaticLoggerBinder.class]
SLF4J: Found binding in [jar:file:/home/ubuntu/.m2/repository/org/evosuite/evosuite-master/1.0.4-SNAPSHOT/evosuite-master-1.0.4-SNAPSHOT.jar!/org/slf4j/impl/StaticLoggerBinder.class]
SLF4J: See http://www.slf4j.org/codes.html#multiple_bindings for an explanation.
SLF4J: Actual binding is of type [ch.qos.logback.classic.util.ContextSelectorStaticBinder]
SLF4J: Class path contains multiple SLF4J bindings.
[MASTER] 05:01:02.247 [Thread-3] ERROR ExternalProcessHandler - SLF4J: Class path contains multiple SLF4J bindings.

SLF4J: Found binding in [jar:file:/home/ubuntu/.m2/repository/ch/qos/logback/logback-classic/1.1.3/logback-classic-1.1.3.jar!/org/slf4j/impl/StaticLoggerBinder.class]
[MASTER] 05:01:02.248 [Thread-3] ERROR ExternalProcessHandler - SLF4J: Found binding in [jar:file:/home/ubuntu/.m2/repository/ch/qos/logback/logback-classic/1.1.3/logback-classic-1.1.3.jar!/org/slf4j/impl/StaticLoggerBinder.class]

SLF4J: Found binding in [jar:file:/home/ubuntu/.m2/repository/org/evosuite/evosuite-master/1.0.4-SNAPSHOT/evosuite-master-1.0.4-SNAPSHOT.jar!/org/slf4j/impl/StaticLoggerBinder.class]
[MASTER] 05:01:02.249 [Thread-3] ERROR ExternalProcessHandler - SLF4J: Found binding in [jar:file:/home/ubuntu/.m2/repository/org/evosuite/evosuite-master/1.0.4-SNAPSHOT/evosuite-master-1.0.4-SNAPSHOT.jar!/org/slf4j/impl/StaticLoggerBinder.class]

SLF4J: See http://www.slf4j.org/codes.html#multiple_bindings for an explanation.
[MASTER] 05:01:02.249 [Thread-3] ERROR ExternalProcessHandler - SLF4J: See http://www.slf4j.org/codes.html#multiple_bindings for an explanation.

SLF4J: Actual binding is of type [ch.qos.logback.classic.util.ContextSelectorStaticBinder]
[MASTER] 05:01:17.489 [Thread-3] ERROR ExternalProcessHandler - SLF4J: Actual binding is of type [ch.qos.logback.classic.util.ContextSelectorStaticBinder]

Feb 28, 2020 5:02:06 AM org.openqa.selenium.remote.ProtocolHandshake createSession
[MASTER] 05:02:06.791 [Thread-3] ERROR ExternalProcessHandler - Feb 28, 2020 5:02:06 AM org.openqa.selenium.remote.ProtocolHandshake createSession

INFO: Detected dialect: OSS
[MASTER] 05:02:06.792 [Thread-3] ERROR ExternalProcessHandler - INFO: Detected dialect: OSS

Feb 28, 2020 5:03:47 AM po_utils.PageObjectLogging logInfo
[MASTER] 05:03:47.844 [Thread-3] ERROR ExternalProcessHandler - Feb 28, 2020 5:03:47 AM po_utils.PageObjectLogging logInfo

INFO: waitForElementBeingPresentOnPage timeout exception: unable to locate the element By.xpath: //button[text()="Let's start"]
[MASTER] 05:03:47.844 [Thread-3] ERROR ExternalProcessHandler - INFO: waitForElementBeingPresentOnPage timeout exception: unable to locate the element By.xpath: //button[text()="Let's start"]


[MASTER] 05:03:47.844 [Thread-3] ERROR ExternalProcessHandler - 


[MASTER] 05:03:47.844 [Thread-3] ERROR ExternalProcessHandler - 

Feb 28, 2020 5:03:48 AM org.openqa.selenium.remote.ProtocolHandshake createSession
[MASTER] 05:03:48.024 [Thread-3] ERROR ExternalProcessHandler - Feb 28, 2020 5:03:48 AM org.openqa.selenium.remote.ProtocolHandshake createSession

INFO: Detected dialect: OSS
[MASTER] 05:03:48.024 [Thread-3] ERROR ExternalProcessHandler - INFO: Detected dialect: OSS

Feb 28, 2020 5:05:08 AM po_utils.PageObjectLogging logInfo
[MASTER] 05:05:08.674 [Thread-3] ERROR ExternalProcessHandler - Feb 28, 2020 5:05:08 AM po_utils.PageObjectLogging logInfo

INFO: waitForElementBeingPresentOnPage timeout exception: unable to locate the element By.xpath: //button[text()="Let's start"]
[MASTER] 05:05:08.675 [Thread-3] ERROR ExternalProcessHandler - INFO: waitForElementBeingPresentOnPage timeout exception: unable to locate the element By.xpath: //button[text()="Let's start"]


[MASTER] 05:05:08.675 [Thread-3] ERROR ExternalProcessHandler - 


[MASTER] 05:05:08.675 [Thread-3] ERROR ExternalProcessHandler - 

Feb 28, 2020 5:05:13 AM org.openqa.selenium.remote.ProtocolHandshake createSession
[MASTER] 05:05:13.092 [Thread-3] ERROR ExternalProcessHandler - Feb 28, 2020 5:05:13 AM org.openqa.selenium.remote.ProtocolHandshake createSession

INFO: Detected dialect: OSS
[MASTER] 05:05:13.092 [Thread-3] ERROR ExternalProcessHandler - INFO: Detected dialect: OSS

Feb 28, 2020 5:06:33 AM po_utils.PageObjectLogging logInfo
[MASTER] 05:06:33.816 [Thread-3] ERROR ExternalProcessHandler - Feb 28, 2020 5:06:33 AM po_utils.PageObjectLogging logInfo

INFO: waitForElementBeingPresentOnPage timeout exception: unable to locate the element By.xpath: //button[text()="Let's start"]
[MASTER] 05:06:33.817 [Thread-3] ERROR ExternalProcessHandler - INFO: waitForElementBeingPresentOnPage timeout exception: unable to locate the element By.xpath: //button[text()="Let's start"]


[MASTER] 05:06:33.817 [Thread-3] ERROR ExternalProcessHandler - 


[MASTER] 05:06:33.817 [Thread-3] ERROR ExternalProcessHandler - 

Feb 28, 2020 5:06:42 AM org.openqa.selenium.remote.ProtocolHandshake createSession
[MASTER] 05:06:42.493 [Thread-3] ERROR ExternalProcessHandler - Feb 28, 2020 5:06:42 AM org.openqa.selenium.remote.ProtocolHandshake createSession

INFO: Detected dialect: OSS
[MASTER] 05:06:42.493 [Thread-3] ERROR ExternalProcessHandler - INFO: Detected dialect: OSS

Feb 28, 2020 5:08:04 AM po_utils.PageObjectLogging logInfo
[MASTER] 05:08:04.133 [Thread-3] ERROR ExternalProcessHandler - Feb 28, 2020 5:08:04 AM po_utils.PageObjectLogging logInfo

INFO: waitForElementBeingPresentOnPage timeout exception: unable to locate the element By.xpath: //button[text()="Let's start"]
[MASTER] 05:08:04.133 [Thread-3] ERROR ExternalProcessHandler - INFO: waitForElementBeingPresentOnPage timeout exception: unable to locate the element By.xpath: //button[text()="Let's start"]


[MASTER] 05:08:04.133 [Thread-3] ERROR ExternalProcessHandler - 


[MASTER] 05:08:04.133 [Thread-3] ERROR ExternalProcessHandler - 

[MASTER] 05:08:16.923 [logback-2] ERROR TestCaseExecutor - TG: Exception caught: 
java.lang.IllegalStateException: Test generation failed: page object bug.
	at org.evosuite.testcase.execution.TestCaseExecutor.runTest(TestCaseExecutor.java:320) ~[evosuite-client-1.0.4-SNAPSHOT.jar:na]
	at org.evosuite.testcase.TestFitnessFunction.runTest(TestFitnessFunction.java:91) [evosuite-client-1.0.4-SNAPSHOT.jar:na]
	at org.evosuite.testcase.TestFitnessFunction.getFitness(TestFitnessFunction.java:60) [evosuite-client-1.0.4-SNAPSHOT.jar:na]
	at org.evosuite.testcase.TestFitnessFunction.getFitness(TestFitnessFunction.java:34) [evosuite-client-1.0.4-SNAPSHOT.jar:na]
	at org.evosuite.ga.metaheuristics.art.AdaptiveRandomSearch.calculateFitness(AdaptiveRandomSearch.java:312) [evosuite-client-1.0.4-SNAPSHOT.jar:na]
	at org.evosuite.ga.metaheuristics.art.AdaptiveRandomSearch.calculateFitness(AdaptiveRandomSearch.java:344) [evosuite-client-1.0.4-SNAPSHOT.jar:na]
	at org.evosuite.ga.metaheuristics.art.AdaptiveRandomSearch.createAndMinimizeFirstIndividual(AdaptiveRandomSearch.java:222) [evosuite-client-1.0.4-SNAPSHOT.jar:na]
	at org.evosuite.ga.metaheuristics.art.AdaptiveRandomSearch.initializePopulation(AdaptiveRandomSearch.java:206) [evosuite-client-1.0.4-SNAPSHOT.jar:na]
	at org.evosuite.ga.metaheuristics.art.AdaptiveRandomSearch.generateSolution(AdaptiveRandomSearch.java:262) [evosuite-client-1.0.4-SNAPSHOT.jar:na]
	at org.evosuite.strategy.AdaptiveRandomTestStrategy.generateTests(AdaptiveRandomTestStrategy.java:118) [evosuite-client-1.0.4-SNAPSHOT.jar:na]
	at org.evosuite.TestSuiteGenerator.generateTests(TestSuiteGenerator.java:654) [evosuite-client-1.0.4-SNAPSHOT.jar:na]
	at org.evosuite.TestSuiteGenerator.generateTestSuite(TestSuiteGenerator.java:213) [evosuite-client-1.0.4-SNAPSHOT.jar:na]
	at org.evosuite.rmi.service.ClientNodeImpl$1.run(ClientNodeImpl.java:145) [evosuite-client-1.0.4-SNAPSHOT.jar:na]
	at java.util.concurrent.Executors$RunnableAdapter.call(Executors.java:511) [na:1.8.0_212]
	at java.util.concurrent.FutureTask.run(FutureTask.java:266) [na:1.8.0_212]
	at java.util.concurrent.ThreadPoolExecutor.runWorker(ThreadPoolExecutor.java:1149) [na:1.8.0_212]
	at java.util.concurrent.ThreadPoolExecutor$Worker.run(ThreadPoolExecutor.java:624) [na:1.8.0_212]
	at java.lang.Thread.run(Thread.java:748) [na:1.8.0_212]
[MASTER] 05:08:16.924 [logback-2] ERROR ClientNodeImpl - Error when generating tests for: main.ClassUnderTest with seed 1582866097641. Configuration id : null
java.lang.Error: java.lang.IllegalStateException: Test generation failed: page object bug.
	at org.evosuite.testcase.execution.TestCaseExecutor.runTest(TestCaseExecutor.java:336) ~[evosuite-client-1.0.4-SNAPSHOT.jar:na]
	at org.evosuite.testcase.TestFitnessFunction.runTest(TestFitnessFunction.java:91) ~[evosuite-client-1.0.4-SNAPSHOT.jar:na]
	at org.evosuite.testcase.TestFitnessFunction.getFitness(TestFitnessFunction.java:60) ~[evosuite-client-1.0.4-SNAPSHOT.jar:na]
	at org.evosuite.testcase.TestFitnessFunction.getFitness(TestFitnessFunction.java:34) ~[evosuite-client-1.0.4-SNAPSHOT.jar:na]
	at org.evosuite.ga.metaheuristics.art.AdaptiveRandomSearch.calculateFitness(AdaptiveRandomSearch.java:312) ~[evosuite-client-1.0.4-SNAPSHOT.jar:na]
	at org.evosuite.ga.metaheuristics.art.AdaptiveRandomSearch.calculateFitness(AdaptiveRandomSearch.java:344) ~[evosuite-client-1.0.4-SNAPSHOT.jar:na]
	at org.evosuite.ga.metaheuristics.art.AdaptiveRandomSearch.createAndMinimizeFirstIndividual(AdaptiveRandomSearch.java:222) ~[evosuite-client-1.0.4-SNAPSHOT.jar:na]
	at org.evosuite.ga.metaheuristics.art.AdaptiveRandomSearch.initializePopulation(AdaptiveRandomSearch.java:206) ~[evosuite-client-1.0.4-SNAPSHOT.jar:na]
	at org.evosuite.ga.metaheuristics.art.AdaptiveRandomSearch.generateSolution(AdaptiveRandomSearch.java:262) ~[evosuite-client-1.0.4-SNAPSHOT.jar:na]
	at org.evosuite.strategy.AdaptiveRandomTestStrategy.generateTests(AdaptiveRandomTestStrategy.java:118) ~[evosuite-client-1.0.4-SNAPSHOT.jar:na]
	at org.evosuite.TestSuiteGenerator.generateTests(TestSuiteGenerator.java:654) ~[evosuite-client-1.0.4-SNAPSHOT.jar:na]
	at org.evosuite.TestSuiteGenerator.generateTestSuite(TestSuiteGenerator.java:213) ~[evosuite-client-1.0.4-SNAPSHOT.jar:na]
	at org.evosuite.rmi.service.ClientNodeImpl$1.run(ClientNodeImpl.java:145) ~[evosuite-client-1.0.4-SNAPSHOT.jar:na]
	at java.util.concurrent.Executors$RunnableAdapter.call(Executors.java:511) [na:1.8.0_212]
	at java.util.concurrent.FutureTask.run(FutureTask.java:266) [na:1.8.0_212]
	at java.util.concurrent.ThreadPoolExecutor.runWorker(ThreadPoolExecutor.java:1149) [na:1.8.0_212]
	at java.util.concurrent.ThreadPoolExecutor$Worker.run(ThreadPoolExecutor.java:624) [na:1.8.0_212]
	at java.lang.Thread.run(Thread.java:748) [na:1.8.0_212]
Caused by: java.lang.IllegalStateException: Test generation failed: page object bug.
	at org.evosuite.testcase.execution.TestCaseExecutor.runTest(TestCaseExecutor.java:320) ~[evosuite-client-1.0.4-SNAPSHOT.jar:na]
	... 17 common frames omitted
[MASTER] 05:08:17.063 [main] ERROR SearchStatistics - No statistics has been saved because EvoSuite failed to generate any test case
[MASTER] 05:08:17.166 [main] ERROR TestGeneration - failed to write statistics data
