SLF4J: Class path contains multiple SLF4J bindings.
SLF4J: Found binding in [jar:file:/home/ubuntu/.m2/repository/ch/qos/logback/logback-classic/1.1.3/logback-classic-1.1.3.jar!/org/slf4j/impl/StaticLoggerBinder.class]
SLF4J: Found binding in [jar:file:/home/ubuntu/.m2/repository/org/evosuite/evosuite-master/1.0.4-SNAPSHOT/evosuite-master-1.0.4-SNAPSHOT.jar!/org/slf4j/impl/StaticLoggerBinder.class]
SLF4J: See http://www.slf4j.org/codes.html#multiple_bindings for an explanation.
SLF4J: Actual binding is of type [ch.qos.logback.classic.util.ContextSelectorStaticBinder]
SLF4J: Class path contains multiple SLF4J bindings.
[MASTER] 09:00:36.276 [Thread-3] ERROR ExternalProcessHandler - SLF4J: Class path contains multiple SLF4J bindings.

SLF4J: Found binding in [jar:file:/home/ubuntu/.m2/repository/ch/qos/logback/logback-classic/1.1.3/logback-classic-1.1.3.jar!/org/slf4j/impl/StaticLoggerBinder.class]
[MASTER] 09:00:36.280 [Thread-3] ERROR ExternalProcessHandler - SLF4J: Found binding in [jar:file:/home/ubuntu/.m2/repository/ch/qos/logback/logback-classic/1.1.3/logback-classic-1.1.3.jar!/org/slf4j/impl/StaticLoggerBinder.class]

SLF4J: Found binding in [jar:file:/home/ubuntu/.m2/repository/org/evosuite/evosuite-master/1.0.4-SNAPSHOT/evosuite-master-1.0.4-SNAPSHOT.jar!/org/slf4j/impl/StaticLoggerBinder.class]
[MASTER] 09:00:36.284 [Thread-3] ERROR ExternalProcessHandler - SLF4J: Found binding in [jar:file:/home/ubuntu/.m2/repository/org/evosuite/evosuite-master/1.0.4-SNAPSHOT/evosuite-master-1.0.4-SNAPSHOT.jar!/org/slf4j/impl/StaticLoggerBinder.class]

SLF4J: See http://www.slf4j.org/codes.html#multiple_bindings for an explanation.
[MASTER] 09:00:36.288 [Thread-3] ERROR ExternalProcessHandler - SLF4J: See http://www.slf4j.org/codes.html#multiple_bindings for an explanation.

SLF4J: Actual binding is of type [ch.qos.logback.classic.util.ContextSelectorStaticBinder]
[MASTER] 09:00:51.554 [Thread-3] ERROR ExternalProcessHandler - SLF4J: Actual binding is of type [ch.qos.logback.classic.util.ContextSelectorStaticBinder]

Feb 26, 2020 9:01:40 AM org.openqa.selenium.remote.ProtocolHandshake createSession
[MASTER] 09:01:40.373 [Thread-3] ERROR ExternalProcessHandler - Feb 26, 2020 9:01:40 AM org.openqa.selenium.remote.ProtocolHandshake createSession

INFO: Detected dialect: OSS
[MASTER] 09:01:40.374 [Thread-3] ERROR ExternalProcessHandler - INFO: Detected dialect: OSS

Feb 26, 2020 9:01:47 AM org.openqa.selenium.remote.ProtocolHandshake createSession
[MASTER] 09:01:47.435 [Thread-3] ERROR ExternalProcessHandler - Feb 26, 2020 9:01:47 AM org.openqa.selenium.remote.ProtocolHandshake createSession

INFO: Detected dialect: OSS
[MASTER] 09:01:47.435 [Thread-3] ERROR ExternalProcessHandler - INFO: Detected dialect: OSS

Exception in thread "Thread-3" java.lang.ClassCastException: org.evosuite.testcase.TestChromosome cannot be cast to org.evosuite.testsuite.TestSuiteChromosome
[MASTER] 09:01:47.888 [Thread-3] ERROR ExternalProcessHandler - Exception in thread "Thread-3" java.lang.ClassCastException: org.evosuite.testcase.TestChromosome cannot be cast to org.evosuite.testsuite.TestSuiteChromosome

	at org.evosuite.statistics.SearchStatistics.currentIndividual(SearchStatistics.java:181)
[MASTER] 09:01:47.888 [Thread-3] ERROR ExternalProcessHandler - 	at org.evosuite.statistics.SearchStatistics.currentIndividual(SearchStatistics.java:181)

	at org.evosuite.rmi.service.MasterNodeImpl.evosuite_collectStatistics(MasterNodeImpl.java:166)
[MASTER] 09:01:47.889 [Thread-3] ERROR ExternalProcessHandler - 	at org.evosuite.rmi.service.MasterNodeImpl.evosuite_collectStatistics(MasterNodeImpl.java:166)

	at sun.reflect.NativeMethodAccessorImpl.invoke0(Native Method)
[MASTER] 09:01:47.889 [Thread-3] ERROR ExternalProcessHandler - 	at sun.reflect.NativeMethodAccessorImpl.invoke0(Native Method)

	at sun.reflect.NativeMethodAccessorImpl.invoke(NativeMethodAccessorImpl.java:62)
[MASTER] 09:01:47.890 [Thread-3] ERROR ExternalProcessHandler - 	at sun.reflect.NativeMethodAccessorImpl.invoke(NativeMethodAccessorImpl.java:62)

	at sun.reflect.DelegatingMethodAccessorImpl.invoke(DelegatingMethodAccessorImpl.java:43)
[MASTER] 09:01:47.890 [Thread-3] ERROR ExternalProcessHandler - 	at sun.reflect.DelegatingMethodAccessorImpl.invoke(DelegatingMethodAccessorImpl.java:43)

	at java.lang.reflect.Method.invoke(Method.java:498)
[MASTER] 09:01:47.890 [Thread-3] ERROR ExternalProcessHandler - 	at java.lang.reflect.Method.invoke(Method.java:498)

	at sun.rmi.server.UnicastServerRef.dispatch(UnicastServerRef.java:357)
[MASTER] 09:01:47.890 [Thread-3] ERROR ExternalProcessHandler - 	at sun.rmi.server.UnicastServerRef.dispatch(UnicastServerRef.java:357)

	at sun.rmi.transport.Transport$1.run(Transport.java:200)
[MASTER] 09:01:47.891 [Thread-3] ERROR ExternalProcessHandler - 	at sun.rmi.transport.Transport$1.run(Transport.java:200)

	at sun.rmi.transport.Transport$1.run(Transport.java:197)
[MASTER] 09:01:47.891 [Thread-3] ERROR ExternalProcessHandler - 	at sun.rmi.transport.Transport$1.run(Transport.java:197)

	at java.security.AccessController.doPrivileged(Native Method)
[MASTER] 09:01:47.891 [Thread-3] ERROR ExternalProcessHandler - 	at java.security.AccessController.doPrivileged(Native Method)

	at sun.rmi.transport.Transport.serviceCall(Transport.java:196)
[MASTER] 09:01:47.901 [Thread-3] ERROR ExternalProcessHandler - 	at sun.rmi.transport.Transport.serviceCall(Transport.java:196)

	at sun.rmi.transport.tcp.TCPTransport.handleMessages(TCPTransport.java:573)
[MASTER] 09:01:47.901 [Thread-3] ERROR ExternalProcessHandler - 	at sun.rmi.transport.tcp.TCPTransport.handleMessages(TCPTransport.java:573)

	at sun.rmi.transport.tcp.TCPTransport$ConnectionHandler.run0(TCPTransport.java:834)
[MASTER] 09:01:47.902 [Thread-3] ERROR ExternalProcessHandler - 	at sun.rmi.transport.tcp.TCPTransport$ConnectionHandler.run0(TCPTransport.java:834)

	at sun.rmi.transport.tcp.TCPTransport$ConnectionHandler.lambda$run$0(TCPTransport.java:688)
[MASTER] 09:01:47.902 [Thread-3] ERROR ExternalProcessHandler - 	at sun.rmi.transport.tcp.TCPTransport$ConnectionHandler.lambda$run$0(TCPTransport.java:688)

	at java.security.AccessController.doPrivileged(Native Method)
[MASTER] 09:01:47.902 [Thread-3] ERROR ExternalProcessHandler - 	at java.security.AccessController.doPrivileged(Native Method)

	at sun.rmi.transport.tcp.TCPTransport$ConnectionHandler.run(TCPTransport.java:687)
[MASTER] 09:01:47.902 [Thread-3] ERROR ExternalProcessHandler - 	at sun.rmi.transport.tcp.TCPTransport$ConnectionHandler.run(TCPTransport.java:687)

	at java.util.concurrent.ThreadPoolExecutor.runWorker(ThreadPoolExecutor.java:1149)
[MASTER] 09:01:47.903 [Thread-3] ERROR ExternalProcessHandler - 	at java.util.concurrent.ThreadPoolExecutor.runWorker(ThreadPoolExecutor.java:1149)

	at java.util.concurrent.ThreadPoolExecutor$Worker.run(ThreadPoolExecutor.java:624)
[MASTER] 09:01:47.903 [Thread-3] ERROR ExternalProcessHandler - 	at java.util.concurrent.ThreadPoolExecutor$Worker.run(ThreadPoolExecutor.java:624)

	at java.lang.Thread.run(Thread.java:748)
[MASTER] 09:01:47.903 [Thread-3] ERROR ExternalProcessHandler - 	at java.lang.Thread.run(Thread.java:748)

	at sun.rmi.transport.StreamRemoteCall.exceptionReceivedFromServer(StreamRemoteCall.java:303)
[MASTER] 09:01:47.903 [Thread-3] ERROR ExternalProcessHandler - 	at sun.rmi.transport.StreamRemoteCall.exceptionReceivedFromServer(StreamRemoteCall.java:303)

	at sun.rmi.transport.StreamRemoteCall.executeCall(StreamRemoteCall.java:279)
[MASTER] 09:01:47.904 [Thread-3] ERROR ExternalProcessHandler - 	at sun.rmi.transport.StreamRemoteCall.executeCall(StreamRemoteCall.java:279)

	at sun.rmi.server.UnicastRef.invoke(UnicastRef.java:164)
[MASTER] 09:01:47.904 [Thread-3] ERROR ExternalProcessHandler - 	at sun.rmi.server.UnicastRef.invoke(UnicastRef.java:164)

	at java.rmi.server.RemoteObjectInvocationHandler.invokeRemoteMethod(RemoteObjectInvocationHandler.java:235)
[MASTER] 09:01:47.904 [Thread-3] ERROR ExternalProcessHandler - 	at java.rmi.server.RemoteObjectInvocationHandler.invokeRemoteMethod(RemoteObjectInvocationHandler.java:235)

	at java.rmi.server.RemoteObjectInvocationHandler.invoke(RemoteObjectInvocationHandler.java:180)
[MASTER] 09:01:47.904 [Thread-3] ERROR ExternalProcessHandler - 	at java.rmi.server.RemoteObjectInvocationHandler.invoke(RemoteObjectInvocationHandler.java:180)

	at com.sun.proxy.$Proxy7.evosuite_collectStatistics(Unknown Source)
[MASTER] 09:01:47.905 [Thread-3] ERROR ExternalProcessHandler - 	at com.sun.proxy.$Proxy7.evosuite_collectStatistics(Unknown Source)

	at org.evosuite.rmi.service.ClientNodeImpl.updateStatistics(ClientNodeImpl.java:237)
[MASTER] 09:01:47.905 [Thread-3] ERROR ExternalProcessHandler - 	at org.evosuite.rmi.service.ClientNodeImpl.updateStatistics(ClientNodeImpl.java:237)

	at org.evosuite.statistics.StatisticsSender.sendIndividualToMaster(StatisticsSender.java:75)
[MASTER] 09:01:47.905 [Thread-3] ERROR ExternalProcessHandler - 	at org.evosuite.statistics.StatisticsSender.sendIndividualToMaster(StatisticsSender.java:75)

	at org.evosuite.statistics.StatisticsListener$1.run(StatisticsListener.java:71)
[MASTER] 09:01:47.905 [Thread-3] ERROR ExternalProcessHandler - 	at org.evosuite.statistics.StatisticsListener$1.run(StatisticsListener.java:71)

Feb 26, 2020 9:02:14 AM po_utils.PageObjectLogging logInfo
[MASTER] 09:02:14.421 [Thread-3] ERROR ExternalProcessHandler - Feb 26, 2020 9:02:14 AM po_utils.PageObjectLogging logInfo

INFO: waitForElementBeingPresentOnPage timeout exception: unable to locate the element By.xpath: //input[@placeholder="Example: Trip to Barcelona"]
[MASTER] 09:02:14.422 [Thread-3] ERROR ExternalProcessHandler - INFO: waitForElementBeingPresentOnPage timeout exception: unable to locate the element By.xpath: //input[@placeholder="Example: Trip to Barcelona"]


[MASTER] 09:02:14.422 [Thread-3] ERROR ExternalProcessHandler - 


[MASTER] 09:02:14.422 [Thread-3] ERROR ExternalProcessHandler - 

Feb 26, 2020 9:02:14 AM org.openqa.selenium.remote.ProtocolHandshake createSession
[MASTER] 09:02:14.626 [Thread-3] ERROR ExternalProcessHandler - Feb 26, 2020 9:02:14 AM org.openqa.selenium.remote.ProtocolHandshake createSession

INFO: Detected dialect: OSS
[MASTER] 09:02:14.626 [Thread-3] ERROR ExternalProcessHandler - INFO: Detected dialect: OSS

Feb 26, 2020 9:02:19 AM org.openqa.selenium.remote.ProtocolHandshake createSession
[MASTER] 09:02:19.447 [Thread-3] ERROR ExternalProcessHandler - Feb 26, 2020 9:02:19 AM org.openqa.selenium.remote.ProtocolHandshake createSession

INFO: Detected dialect: OSS
[MASTER] 09:02:19.447 [Thread-3] ERROR ExternalProcessHandler - INFO: Detected dialect: OSS

Feb 26, 2020 9:02:24 AM po_utils.PageObjectLogging logInfo
[MASTER] 09:02:24.214 [Thread-3] ERROR ExternalProcessHandler - Feb 26, 2020 9:02:24 AM po_utils.PageObjectLogging logInfo

INFO: waitForElementBeingPresentOnPage timeout exception: unable to locate the element By.xpath: //div[contains(@class,"liquid-child")]
[MASTER] 09:02:24.215 [Thread-3] ERROR ExternalProcessHandler - INFO: waitForElementBeingPresentOnPage timeout exception: unable to locate the element By.xpath: //div[contains(@class,"liquid-child")]


[MASTER] 09:02:24.215 [Thread-3] ERROR ExternalProcessHandler - 


[MASTER] 09:02:24.215 [Thread-3] ERROR ExternalProcessHandler - 

Feb 26, 2020 9:02:25 AM org.openqa.selenium.remote.ProtocolHandshake createSession
[MASTER] 09:02:25.391 [Thread-3] ERROR ExternalProcessHandler - Feb 26, 2020 9:02:25 AM org.openqa.selenium.remote.ProtocolHandshake createSession

INFO: Detected dialect: OSS
[MASTER] 09:02:25.391 [Thread-3] ERROR ExternalProcessHandler - INFO: Detected dialect: OSS

Feb 26, 2020 9:02:30 AM org.openqa.selenium.remote.ProtocolHandshake createSession
[MASTER] 09:02:30.301 [Thread-3] ERROR ExternalProcessHandler - Feb 26, 2020 9:02:30 AM org.openqa.selenium.remote.ProtocolHandshake createSession

INFO: Detected dialect: OSS
[MASTER] 09:02:30.301 [Thread-3] ERROR ExternalProcessHandler - INFO: Detected dialect: OSS

Feb 26, 2020 9:02:40 AM org.openqa.selenium.remote.ProtocolHandshake createSession
[MASTER] 09:02:40.891 [Thread-3] ERROR ExternalProcessHandler - Feb 26, 2020 9:02:40 AM org.openqa.selenium.remote.ProtocolHandshake createSession

INFO: Detected dialect: OSS
[MASTER] 09:02:40.892 [Thread-3] ERROR ExternalProcessHandler - INFO: Detected dialect: OSS

Feb 26, 2020 9:02:47 AM org.openqa.selenium.remote.ProtocolHandshake createSession
[MASTER] 09:02:47.430 [Thread-3] ERROR ExternalProcessHandler - Feb 26, 2020 9:02:47 AM org.openqa.selenium.remote.ProtocolHandshake createSession

INFO: Detected dialect: OSS
[MASTER] 09:02:47.430 [Thread-3] ERROR ExternalProcessHandler - INFO: Detected dialect: OSS

Feb 26, 2020 9:02:50 AM org.openqa.selenium.remote.ProtocolHandshake createSession
[MASTER] 09:02:50.861 [Thread-3] ERROR ExternalProcessHandler - Feb 26, 2020 9:02:50 AM org.openqa.selenium.remote.ProtocolHandshake createSession

INFO: Detected dialect: OSS
[MASTER] 09:02:50.861 [Thread-3] ERROR ExternalProcessHandler - INFO: Detected dialect: OSS

Feb 26, 2020 9:02:55 AM org.openqa.selenium.remote.ProtocolHandshake createSession
[MASTER] 09:02:55.229 [Thread-3] ERROR ExternalProcessHandler - Feb 26, 2020 9:02:55 AM org.openqa.selenium.remote.ProtocolHandshake createSession

INFO: Detected dialect: OSS
[MASTER] 09:02:55.229 [Thread-3] ERROR ExternalProcessHandler - INFO: Detected dialect: OSS

Feb 26, 2020 9:02:57 AM org.openqa.selenium.remote.ProtocolHandshake createSession
[MASTER] 09:02:57.450 [Thread-3] ERROR ExternalProcessHandler - Feb 26, 2020 9:02:57 AM org.openqa.selenium.remote.ProtocolHandshake createSession

INFO: Detected dialect: OSS
[MASTER] 09:02:57.450 [Thread-3] ERROR ExternalProcessHandler - INFO: Detected dialect: OSS

Feb 26, 2020 9:03:00 AM org.openqa.selenium.remote.ProtocolHandshake createSession
[MASTER] 09:03:00.413 [Thread-3] ERROR ExternalProcessHandler - Feb 26, 2020 9:03:00 AM org.openqa.selenium.remote.ProtocolHandshake createSession

INFO: Detected dialect: OSS
[MASTER] 09:03:00.413 [Thread-3] ERROR ExternalProcessHandler - INFO: Detected dialect: OSS

Feb 26, 2020 9:03:05 AM org.openqa.selenium.remote.ProtocolHandshake createSession
[MASTER] 09:03:05.643 [Thread-3] ERROR ExternalProcessHandler - Feb 26, 2020 9:03:05 AM org.openqa.selenium.remote.ProtocolHandshake createSession

INFO: Detected dialect: OSS
[MASTER] 09:03:05.643 [Thread-3] ERROR ExternalProcessHandler - INFO: Detected dialect: OSS

Feb 26, 2020 9:03:08 AM org.openqa.selenium.remote.ProtocolHandshake createSession
[MASTER] 09:03:08.802 [Thread-3] ERROR ExternalProcessHandler - Feb 26, 2020 9:03:08 AM org.openqa.selenium.remote.ProtocolHandshake createSession

INFO: Detected dialect: OSS
[MASTER] 09:03:08.803 [Thread-3] ERROR ExternalProcessHandler - INFO: Detected dialect: OSS

Feb 26, 2020 9:03:11 AM org.openqa.selenium.remote.ProtocolHandshake createSession
[MASTER] 09:03:11.731 [Thread-3] ERROR ExternalProcessHandler - Feb 26, 2020 9:03:11 AM org.openqa.selenium.remote.ProtocolHandshake createSession

INFO: Detected dialect: OSS
[MASTER] 09:03:11.732 [Thread-3] ERROR ExternalProcessHandler - INFO: Detected dialect: OSS

Feb 26, 2020 9:03:14 AM org.openqa.selenium.remote.ProtocolHandshake createSession
[MASTER] 09:03:14.691 [Thread-3] ERROR ExternalProcessHandler - Feb 26, 2020 9:03:14 AM org.openqa.selenium.remote.ProtocolHandshake createSession

INFO: Detected dialect: OSS
[MASTER] 09:03:14.691 [Thread-3] ERROR ExternalProcessHandler - INFO: Detected dialect: OSS

Feb 26, 2020 9:03:18 AM org.openqa.selenium.remote.ProtocolHandshake createSession
[MASTER] 09:03:18.760 [Thread-3] ERROR ExternalProcessHandler - Feb 26, 2020 9:03:18 AM org.openqa.selenium.remote.ProtocolHandshake createSession

INFO: Detected dialect: OSS
[MASTER] 09:03:18.760 [Thread-3] ERROR ExternalProcessHandler - INFO: Detected dialect: OSS

Feb 26, 2020 9:03:23 AM po_utils.PageObjectLogging logInfo
[MASTER] 09:03:23.847 [Thread-3] ERROR ExternalProcessHandler - Feb 26, 2020 9:03:23 AM po_utils.PageObjectLogging logInfo

INFO: waitForElementBeingPresentOnPage timeout exception: unable to locate the element By.xpath: //div[contains(@class,"liquid-child")]
[MASTER] 09:03:23.847 [Thread-3] ERROR ExternalProcessHandler - INFO: waitForElementBeingPresentOnPage timeout exception: unable to locate the element By.xpath: //div[contains(@class,"liquid-child")]


[MASTER] 09:03:23.847 [Thread-3] ERROR ExternalProcessHandler - 


[MASTER] 09:03:23.847 [Thread-3] ERROR ExternalProcessHandler - 

Feb 26, 2020 9:03:25 AM org.openqa.selenium.remote.ProtocolHandshake createSession
[MASTER] 09:03:25.387 [Thread-3] ERROR ExternalProcessHandler - Feb 26, 2020 9:03:25 AM org.openqa.selenium.remote.ProtocolHandshake createSession

INFO: Detected dialect: OSS
[MASTER] 09:03:25.387 [Thread-3] ERROR ExternalProcessHandler - INFO: Detected dialect: OSS

Feb 26, 2020 9:03:27 AM org.openqa.selenium.remote.ProtocolHandshake createSession
[MASTER] 09:03:27.896 [Thread-3] ERROR ExternalProcessHandler - Feb 26, 2020 9:03:27 AM org.openqa.selenium.remote.ProtocolHandshake createSession

INFO: Detected dialect: OSS
[MASTER] 09:03:27.896 [Thread-3] ERROR ExternalProcessHandler - INFO: Detected dialect: OSS

Feb 26, 2020 9:03:30 AM org.openqa.selenium.remote.ProtocolHandshake createSession
[MASTER] 09:03:30.769 [Thread-3] ERROR ExternalProcessHandler - Feb 26, 2020 9:03:30 AM org.openqa.selenium.remote.ProtocolHandshake createSession

INFO: Detected dialect: OSS
[MASTER] 09:03:30.769 [Thread-3] ERROR ExternalProcessHandler - INFO: Detected dialect: OSS

Feb 26, 2020 9:03:35 AM org.openqa.selenium.remote.ProtocolHandshake createSession
[MASTER] 09:03:35.276 [Thread-3] ERROR ExternalProcessHandler - Feb 26, 2020 9:03:35 AM org.openqa.selenium.remote.ProtocolHandshake createSession

INFO: Detected dialect: OSS
[MASTER] 09:03:35.276 [Thread-3] ERROR ExternalProcessHandler - INFO: Detected dialect: OSS

Feb 26, 2020 9:03:38 AM org.openqa.selenium.remote.ProtocolHandshake createSession
[MASTER] 09:03:38.049 [Thread-3] ERROR ExternalProcessHandler - Feb 26, 2020 9:03:38 AM org.openqa.selenium.remote.ProtocolHandshake createSession

INFO: Detected dialect: OSS
[MASTER] 09:03:38.049 [Thread-3] ERROR ExternalProcessHandler - INFO: Detected dialect: OSS

Feb 26, 2020 9:03:42 AM po_utils.PageObjectLogging logInfo
[MASTER] 09:03:42.776 [Thread-3] ERROR ExternalProcessHandler - Feb 26, 2020 9:03:42 AM po_utils.PageObjectLogging logInfo

INFO: waitForElementBeingPresentOnPage timeout exception: unable to locate the element By.xpath: //div[contains(@class,"liquid-child")]
[MASTER] 09:03:42.776 [Thread-3] ERROR ExternalProcessHandler - INFO: waitForElementBeingPresentOnPage timeout exception: unable to locate the element By.xpath: //div[contains(@class,"liquid-child")]


[MASTER] 09:03:42.776 [Thread-3] ERROR ExternalProcessHandler - 


[MASTER] 09:03:42.776 [Thread-3] ERROR ExternalProcessHandler - 

Feb 26, 2020 9:03:46 AM org.openqa.selenium.remote.ProtocolHandshake createSession
[MASTER] 09:03:46.373 [Thread-3] ERROR ExternalProcessHandler - Feb 26, 2020 9:03:46 AM org.openqa.selenium.remote.ProtocolHandshake createSession

INFO: Detected dialect: OSS
[MASTER] 09:03:46.373 [Thread-3] ERROR ExternalProcessHandler - INFO: Detected dialect: OSS

Feb 26, 2020 9:03:47 AM org.openqa.selenium.remote.ProtocolHandshake createSession
[MASTER] 09:03:47.926 [Thread-3] ERROR ExternalProcessHandler - Feb 26, 2020 9:03:47 AM org.openqa.selenium.remote.ProtocolHandshake createSession

INFO: Detected dialect: OSS
[MASTER] 09:03:47.926 [Thread-3] ERROR ExternalProcessHandler - INFO: Detected dialect: OSS

Feb 26, 2020 9:03:51 AM org.openqa.selenium.remote.ProtocolHandshake createSession
[MASTER] 09:03:51.397 [Thread-3] ERROR ExternalProcessHandler - Feb 26, 2020 9:03:51 AM org.openqa.selenium.remote.ProtocolHandshake createSession

INFO: Detected dialect: OSS
[MASTER] 09:03:51.397 [Thread-3] ERROR ExternalProcessHandler - INFO: Detected dialect: OSS

Feb 26, 2020 9:03:54 AM org.openqa.selenium.remote.ProtocolHandshake createSession
[MASTER] 09:03:54.742 [Thread-3] ERROR ExternalProcessHandler - Feb 26, 2020 9:03:54 AM org.openqa.selenium.remote.ProtocolHandshake createSession

INFO: Detected dialect: OSS
[MASTER] 09:03:54.742 [Thread-3] ERROR ExternalProcessHandler - INFO: Detected dialect: OSS

Feb 26, 2020 9:03:57 AM org.openqa.selenium.remote.ProtocolHandshake createSession
[MASTER] 09:03:57.724 [Thread-3] ERROR ExternalProcessHandler - Feb 26, 2020 9:03:57 AM org.openqa.selenium.remote.ProtocolHandshake createSession

INFO: Detected dialect: OSS
[MASTER] 09:03:57.724 [Thread-3] ERROR ExternalProcessHandler - INFO: Detected dialect: OSS

Feb 26, 2020 9:04:01 AM org.openqa.selenium.remote.ProtocolHandshake createSession
[MASTER] 09:04:01.043 [Thread-3] ERROR ExternalProcessHandler - Feb 26, 2020 9:04:01 AM org.openqa.selenium.remote.ProtocolHandshake createSession

INFO: Detected dialect: OSS
[MASTER] 09:04:01.043 [Thread-3] ERROR ExternalProcessHandler - INFO: Detected dialect: OSS

Feb 26, 2020 9:04:05 AM po_utils.PageObjectLogging logInfo
[MASTER] 09:04:05.345 [Thread-3] ERROR ExternalProcessHandler - Feb 26, 2020 9:04:05 AM po_utils.PageObjectLogging logInfo

INFO: waitForElementBeingPresentOnPage timeout exception: unable to locate the element By.xpath: //div[contains(@class,"liquid-child")]
[MASTER] 09:04:05.345 [Thread-3] ERROR ExternalProcessHandler - INFO: waitForElementBeingPresentOnPage timeout exception: unable to locate the element By.xpath: //div[contains(@class,"liquid-child")]


[MASTER] 09:04:05.345 [Thread-3] ERROR ExternalProcessHandler - 


[MASTER] 09:04:05.345 [Thread-3] ERROR ExternalProcessHandler - 

Feb 26, 2020 9:04:09 AM org.openqa.selenium.remote.ProtocolHandshake createSession
[MASTER] 09:04:09.263 [Thread-3] ERROR ExternalProcessHandler - Feb 26, 2020 9:04:09 AM org.openqa.selenium.remote.ProtocolHandshake createSession

INFO: Detected dialect: OSS
[MASTER] 09:04:09.263 [Thread-3] ERROR ExternalProcessHandler - INFO: Detected dialect: OSS

Feb 26, 2020 9:04:12 AM org.openqa.selenium.remote.ProtocolHandshake createSession
[MASTER] 09:04:12.360 [Thread-3] ERROR ExternalProcessHandler - Feb 26, 2020 9:04:12 AM org.openqa.selenium.remote.ProtocolHandshake createSession

INFO: Detected dialect: OSS
[MASTER] 09:04:12.360 [Thread-3] ERROR ExternalProcessHandler - INFO: Detected dialect: OSS

Feb 26, 2020 9:04:15 AM org.openqa.selenium.remote.ProtocolHandshake createSession
[MASTER] 09:04:15.709 [Thread-3] ERROR ExternalProcessHandler - Feb 26, 2020 9:04:15 AM org.openqa.selenium.remote.ProtocolHandshake createSession

INFO: Detected dialect: OSS
[MASTER] 09:04:15.709 [Thread-3] ERROR ExternalProcessHandler - INFO: Detected dialect: OSS

Feb 26, 2020 9:04:18 AM org.openqa.selenium.remote.ProtocolHandshake createSession
[MASTER] 09:04:18.997 [Thread-3] ERROR ExternalProcessHandler - Feb 26, 2020 9:04:18 AM org.openqa.selenium.remote.ProtocolHandshake createSession

INFO: Detected dialect: OSS
[MASTER] 09:04:18.997 [Thread-3] ERROR ExternalProcessHandler - INFO: Detected dialect: OSS

Feb 26, 2020 9:04:25 AM po_utils.PageObjectLogging logInfo
[MASTER] 09:04:25.743 [Thread-3] ERROR ExternalProcessHandler - Feb 26, 2020 9:04:25 AM po_utils.PageObjectLogging logInfo

INFO: waitForElementBeingPresentOnPage timeout exception: unable to locate the element By.xpath: //input[@placeholder="Example: Trip to Barcelona"]
[MASTER] 09:04:25.744 [Thread-3] ERROR ExternalProcessHandler - INFO: waitForElementBeingPresentOnPage timeout exception: unable to locate the element By.xpath: //input[@placeholder="Example: Trip to Barcelona"]


[MASTER] 09:04:25.744 [Thread-3] ERROR ExternalProcessHandler - 


[MASTER] 09:04:25.744 [Thread-3] ERROR ExternalProcessHandler - 

Feb 26, 2020 9:04:41 AM org.openqa.selenium.remote.ProtocolHandshake createSession
[MASTER] 09:04:41.203 [Thread-3] ERROR ExternalProcessHandler - Feb 26, 2020 9:04:41 AM org.openqa.selenium.remote.ProtocolHandshake createSession

INFO: Detected dialect: OSS
[MASTER] 09:04:41.203 [Thread-3] ERROR ExternalProcessHandler - INFO: Detected dialect: OSS

Feb 26, 2020 9:04:47 AM po_utils.PageObjectLogging logInfo
[MASTER] 09:04:47.064 [Thread-3] ERROR ExternalProcessHandler - Feb 26, 2020 9:04:47 AM po_utils.PageObjectLogging logInfo

INFO: waitForElementBeingPresentOnPage timeout exception: unable to locate the element By.xpath: //div[contains(@class,"liquid-child")]
[MASTER] 09:04:47.064 [Thread-3] ERROR ExternalProcessHandler - INFO: waitForElementBeingPresentOnPage timeout exception: unable to locate the element By.xpath: //div[contains(@class,"liquid-child")]


[MASTER] 09:04:47.064 [Thread-3] ERROR ExternalProcessHandler - 


[MASTER] 09:04:47.064 [Thread-3] ERROR ExternalProcessHandler - 

Feb 26, 2020 9:04:55 AM org.openqa.selenium.remote.ProtocolHandshake createSession
[MASTER] 09:04:55.957 [Thread-3] ERROR ExternalProcessHandler - Feb 26, 2020 9:04:55 AM org.openqa.selenium.remote.ProtocolHandshake createSession

INFO: Detected dialect: OSS
[MASTER] 09:04:55.957 [Thread-3] ERROR ExternalProcessHandler - INFO: Detected dialect: OSS

Feb 26, 2020 9:05:00 AM org.openqa.selenium.remote.ProtocolHandshake createSession
[MASTER] 09:05:00.070 [Thread-3] ERROR ExternalProcessHandler - Feb 26, 2020 9:05:00 AM org.openqa.selenium.remote.ProtocolHandshake createSession

INFO: Detected dialect: OSS
[MASTER] 09:05:00.070 [Thread-3] ERROR ExternalProcessHandler - INFO: Detected dialect: OSS

Feb 26, 2020 9:05:02 AM org.openqa.selenium.remote.ProtocolHandshake createSession
[MASTER] 09:05:02.796 [Thread-3] ERROR ExternalProcessHandler - Feb 26, 2020 9:05:02 AM org.openqa.selenium.remote.ProtocolHandshake createSession

INFO: Detected dialect: OSS
[MASTER] 09:05:02.796 [Thread-3] ERROR ExternalProcessHandler - INFO: Detected dialect: OSS

Feb 26, 2020 9:05:06 AM po_utils.PageObjectLogging logInfo
[MASTER] 09:05:06.278 [Thread-3] ERROR ExternalProcessHandler - Feb 26, 2020 9:05:06 AM po_utils.PageObjectLogging logInfo

INFO: waitForElementBeingPresentOnPage timeout exception: unable to locate the element By.xpath: //div[contains(@class,"liquid-child")]
[MASTER] 09:05:06.278 [Thread-3] ERROR ExternalProcessHandler - INFO: waitForElementBeingPresentOnPage timeout exception: unable to locate the element By.xpath: //div[contains(@class,"liquid-child")]


[MASTER] 09:05:06.278 [Thread-3] ERROR ExternalProcessHandler - 


[MASTER] 09:05:06.278 [Thread-3] ERROR ExternalProcessHandler - 

Feb 26, 2020 9:05:06 AM org.openqa.selenium.remote.ProtocolHandshake createSession
[MASTER] 09:05:06.815 [Thread-3] ERROR ExternalProcessHandler - Feb 26, 2020 9:05:06 AM org.openqa.selenium.remote.ProtocolHandshake createSession

INFO: Detected dialect: OSS
[MASTER] 09:05:06.815 [Thread-3] ERROR ExternalProcessHandler - INFO: Detected dialect: OSS

Feb 26, 2020 9:05:09 AM org.openqa.selenium.remote.ProtocolHandshake createSession
[MASTER] 09:05:09.680 [Thread-3] ERROR ExternalProcessHandler - Feb 26, 2020 9:05:09 AM org.openqa.selenium.remote.ProtocolHandshake createSession

INFO: Detected dialect: OSS
[MASTER] 09:05:09.681 [Thread-3] ERROR ExternalProcessHandler - INFO: Detected dialect: OSS

Feb 26, 2020 9:05:12 AM org.openqa.selenium.remote.ProtocolHandshake createSession
[MASTER] 09:05:12.042 [Thread-3] ERROR ExternalProcessHandler - Feb 26, 2020 9:05:12 AM org.openqa.selenium.remote.ProtocolHandshake createSession

INFO: Detected dialect: OSS
[MASTER] 09:05:12.042 [Thread-3] ERROR ExternalProcessHandler - INFO: Detected dialect: OSS

Feb 26, 2020 9:05:18 AM po_utils.PageObjectLogging logInfo
[MASTER] 09:05:18.508 [Thread-3] ERROR ExternalProcessHandler - Feb 26, 2020 9:05:18 AM po_utils.PageObjectLogging logInfo

INFO: waitForElementBeingPresentOnPage timeout exception: unable to locate the element By.xpath: //input[@placeholder="Example: Trip to Barcelona"]
[MASTER] 09:05:18.508 [Thread-3] ERROR ExternalProcessHandler - INFO: waitForElementBeingPresentOnPage timeout exception: unable to locate the element By.xpath: //input[@placeholder="Example: Trip to Barcelona"]


[MASTER] 09:05:18.508 [Thread-3] ERROR ExternalProcessHandler - 


[MASTER] 09:05:18.508 [Thread-3] ERROR ExternalProcessHandler - 

Feb 26, 2020 9:05:18 AM org.openqa.selenium.remote.ProtocolHandshake createSession
[MASTER] 09:05:18.725 [Thread-3] ERROR ExternalProcessHandler - Feb 26, 2020 9:05:18 AM org.openqa.selenium.remote.ProtocolHandshake createSession

INFO: Detected dialect: OSS
[MASTER] 09:05:18.725 [Thread-3] ERROR ExternalProcessHandler - INFO: Detected dialect: OSS

Feb 26, 2020 9:05:27 AM org.openqa.selenium.remote.ProtocolHandshake createSession
[MASTER] 09:05:27.390 [Thread-3] ERROR ExternalProcessHandler - Feb 26, 2020 9:05:27 AM org.openqa.selenium.remote.ProtocolHandshake createSession

INFO: Detected dialect: OSS
[MASTER] 09:05:27.390 [Thread-3] ERROR ExternalProcessHandler - INFO: Detected dialect: OSS

Feb 26, 2020 9:05:30 AM org.openqa.selenium.remote.ProtocolHandshake createSession
[MASTER] 09:05:30.132 [Thread-3] ERROR ExternalProcessHandler - Feb 26, 2020 9:05:30 AM org.openqa.selenium.remote.ProtocolHandshake createSession

INFO: Detected dialect: OSS
[MASTER] 09:05:30.133 [Thread-3] ERROR ExternalProcessHandler - INFO: Detected dialect: OSS

Feb 26, 2020 9:05:33 AM org.openqa.selenium.remote.ProtocolHandshake createSession
[MASTER] 09:05:33.349 [Thread-3] ERROR ExternalProcessHandler - Feb 26, 2020 9:05:33 AM org.openqa.selenium.remote.ProtocolHandshake createSession

INFO: Detected dialect: OSS
[MASTER] 09:05:33.349 [Thread-3] ERROR ExternalProcessHandler - INFO: Detected dialect: OSS

Feb 26, 2020 9:05:37 AM org.openqa.selenium.remote.ProtocolHandshake createSession
[MASTER] 09:05:37.757 [Thread-3] ERROR ExternalProcessHandler - Feb 26, 2020 9:05:37 AM org.openqa.selenium.remote.ProtocolHandshake createSession

INFO: Detected dialect: OSS
[MASTER] 09:05:37.758 [Thread-3] ERROR ExternalProcessHandler - INFO: Detected dialect: OSS

Feb 26, 2020 9:05:40 AM org.openqa.selenium.remote.ProtocolHandshake createSession
[MASTER] 09:05:40.850 [Thread-3] ERROR ExternalProcessHandler - Feb 26, 2020 9:05:40 AM org.openqa.selenium.remote.ProtocolHandshake createSession

INFO: Detected dialect: OSS
[MASTER] 09:05:40.850 [Thread-3] ERROR ExternalProcessHandler - INFO: Detected dialect: OSS

Feb 26, 2020 9:05:45 AM po_utils.PageObjectLogging logInfo
[MASTER] 09:05:45.210 [Thread-3] ERROR ExternalProcessHandler - Feb 26, 2020 9:05:45 AM po_utils.PageObjectLogging logInfo

INFO: waitForElementBeingPresentOnPage timeout exception: unable to locate the element By.xpath: //div[contains(@class,"liquid-child")]
[MASTER] 09:05:45.210 [Thread-3] ERROR ExternalProcessHandler - INFO: waitForElementBeingPresentOnPage timeout exception: unable to locate the element By.xpath: //div[contains(@class,"liquid-child")]


[MASTER] 09:05:45.210 [Thread-3] ERROR ExternalProcessHandler - 


[MASTER] 09:05:45.210 [Thread-3] ERROR ExternalProcessHandler - 

Feb 26, 2020 9:05:46 AM org.openqa.selenium.remote.ProtocolHandshake createSession
[MASTER] 09:05:46.151 [Thread-3] ERROR ExternalProcessHandler - Feb 26, 2020 9:05:46 AM org.openqa.selenium.remote.ProtocolHandshake createSession

INFO: Detected dialect: OSS
[MASTER] 09:05:46.151 [Thread-3] ERROR ExternalProcessHandler - INFO: Detected dialect: OSS

Feb 26, 2020 9:05:49 AM org.openqa.selenium.remote.ProtocolHandshake createSession
[MASTER] 09:05:49.974 [Thread-3] ERROR ExternalProcessHandler - Feb 26, 2020 9:05:49 AM org.openqa.selenium.remote.ProtocolHandshake createSession

INFO: Detected dialect: OSS
[MASTER] 09:05:49.974 [Thread-3] ERROR ExternalProcessHandler - INFO: Detected dialect: OSS

Feb 26, 2020 9:05:56 AM po_utils.PageObjectLogging logInfo
[MASTER] 09:05:56.067 [Thread-3] ERROR ExternalProcessHandler - Feb 26, 2020 9:05:56 AM po_utils.PageObjectLogging logInfo

INFO: waitForElementBeingPresentOnPage timeout exception: unable to locate the element By.xpath: //div[contains(@class,"liquid-child")]
[MASTER] 09:05:56.067 [Thread-3] ERROR ExternalProcessHandler - INFO: waitForElementBeingPresentOnPage timeout exception: unable to locate the element By.xpath: //div[contains(@class,"liquid-child")]


[MASTER] 09:05:56.067 [Thread-3] ERROR ExternalProcessHandler - 


[MASTER] 09:05:56.067 [Thread-3] ERROR ExternalProcessHandler - 

Feb 26, 2020 9:05:57 AM org.openqa.selenium.remote.ProtocolHandshake createSession
[MASTER] 09:05:57.858 [Thread-3] ERROR ExternalProcessHandler - Feb 26, 2020 9:05:57 AM org.openqa.selenium.remote.ProtocolHandshake createSession

INFO: Detected dialect: OSS
[MASTER] 09:05:57.858 [Thread-3] ERROR ExternalProcessHandler - INFO: Detected dialect: OSS

Feb 26, 2020 9:06:02 AM po_utils.PageObjectLogging logInfo
[MASTER] 09:06:02.739 [Thread-3] ERROR ExternalProcessHandler - Feb 26, 2020 9:06:02 AM po_utils.PageObjectLogging logInfo

INFO: waitForElementBeingPresentOnPage timeout exception: unable to locate the element By.xpath: //div[contains(@class,"liquid-child")]
[MASTER] 09:06:02.739 [Thread-3] ERROR ExternalProcessHandler - INFO: waitForElementBeingPresentOnPage timeout exception: unable to locate the element By.xpath: //div[contains(@class,"liquid-child")]


[MASTER] 09:06:02.739 [Thread-3] ERROR ExternalProcessHandler - 


[MASTER] 09:06:02.739 [Thread-3] ERROR ExternalProcessHandler - 

Feb 26, 2020 9:06:03 AM org.openqa.selenium.remote.ProtocolHandshake createSession
[MASTER] 09:06:03.295 [Thread-3] ERROR ExternalProcessHandler - Feb 26, 2020 9:06:03 AM org.openqa.selenium.remote.ProtocolHandshake createSession

INFO: Detected dialect: OSS
[MASTER] 09:06:03.295 [Thread-3] ERROR ExternalProcessHandler - INFO: Detected dialect: OSS

Feb 26, 2020 9:06:05 AM org.openqa.selenium.remote.ProtocolHandshake createSession
[MASTER] 09:06:05.064 [Thread-3] ERROR ExternalProcessHandler - Feb 26, 2020 9:06:05 AM org.openqa.selenium.remote.ProtocolHandshake createSession

INFO: Detected dialect: OSS
[MASTER] 09:06:05.064 [Thread-3] ERROR ExternalProcessHandler - INFO: Detected dialect: OSS

Feb 26, 2020 9:06:10 AM org.openqa.selenium.remote.ProtocolHandshake createSession
[MASTER] 09:06:10.998 [Thread-3] ERROR ExternalProcessHandler - Feb 26, 2020 9:06:10 AM org.openqa.selenium.remote.ProtocolHandshake createSession

INFO: Detected dialect: OSS
[MASTER] 09:06:10.998 [Thread-3] ERROR ExternalProcessHandler - INFO: Detected dialect: OSS

Feb 26, 2020 9:06:17 AM org.openqa.selenium.remote.ProtocolHandshake createSession
[MASTER] 09:06:17.820 [Thread-3] ERROR ExternalProcessHandler - Feb 26, 2020 9:06:17 AM org.openqa.selenium.remote.ProtocolHandshake createSession

INFO: Detected dialect: OSS
[MASTER] 09:06:17.820 [Thread-3] ERROR ExternalProcessHandler - INFO: Detected dialect: OSS

Feb 26, 2020 9:06:23 AM po_utils.PageObjectLogging logInfo
[MASTER] 09:06:23.797 [Thread-3] ERROR ExternalProcessHandler - Feb 26, 2020 9:06:23 AM po_utils.PageObjectLogging logInfo

INFO: waitForElementBeingPresentOnPage timeout exception: unable to locate the element By.xpath: //div[contains(@class,"liquid-child")]
[MASTER] 09:06:23.797 [Thread-3] ERROR ExternalProcessHandler - INFO: waitForElementBeingPresentOnPage timeout exception: unable to locate the element By.xpath: //div[contains(@class,"liquid-child")]


[MASTER] 09:06:23.797 [Thread-3] ERROR ExternalProcessHandler - 


[MASTER] 09:06:23.797 [Thread-3] ERROR ExternalProcessHandler - 

Feb 26, 2020 9:06:25 AM org.openqa.selenium.remote.ProtocolHandshake createSession
[MASTER] 09:06:25.610 [Thread-3] ERROR ExternalProcessHandler - Feb 26, 2020 9:06:25 AM org.openqa.selenium.remote.ProtocolHandshake createSession

INFO: Detected dialect: OSS
[MASTER] 09:06:25.610 [Thread-3] ERROR ExternalProcessHandler - INFO: Detected dialect: OSS

Feb 26, 2020 9:06:27 AM org.openqa.selenium.remote.ProtocolHandshake createSession
[MASTER] 09:06:27.900 [Thread-3] ERROR ExternalProcessHandler - Feb 26, 2020 9:06:27 AM org.openqa.selenium.remote.ProtocolHandshake createSession

INFO: Detected dialect: OSS
[MASTER] 09:06:27.900 [Thread-3] ERROR ExternalProcessHandler - INFO: Detected dialect: OSS

Feb 26, 2020 9:06:31 AM org.openqa.selenium.remote.ProtocolHandshake createSession
[MASTER] 09:06:31.836 [Thread-3] ERROR ExternalProcessHandler - Feb 26, 2020 9:06:31 AM org.openqa.selenium.remote.ProtocolHandshake createSession

INFO: Detected dialect: OSS
[MASTER] 09:06:31.836 [Thread-3] ERROR ExternalProcessHandler - INFO: Detected dialect: OSS

Feb 26, 2020 9:06:34 AM org.openqa.selenium.remote.ProtocolHandshake createSession
[MASTER] 09:06:34.939 [Thread-3] ERROR ExternalProcessHandler - Feb 26, 2020 9:06:34 AM org.openqa.selenium.remote.ProtocolHandshake createSession

INFO: Detected dialect: OSS
[MASTER] 09:06:34.940 [Thread-3] ERROR ExternalProcessHandler - INFO: Detected dialect: OSS

Feb 26, 2020 9:06:38 AM org.openqa.selenium.remote.ProtocolHandshake createSession
[MASTER] 09:06:38.049 [Thread-3] ERROR ExternalProcessHandler - Feb 26, 2020 9:06:38 AM org.openqa.selenium.remote.ProtocolHandshake createSession

INFO: Detected dialect: OSS
[MASTER] 09:06:38.049 [Thread-3] ERROR ExternalProcessHandler - INFO: Detected dialect: OSS

Feb 26, 2020 9:06:42 AM org.openqa.selenium.remote.ProtocolHandshake createSession
[MASTER] 09:06:42.636 [Thread-3] ERROR ExternalProcessHandler - Feb 26, 2020 9:06:42 AM org.openqa.selenium.remote.ProtocolHandshake createSession

INFO: Detected dialect: OSS
[MASTER] 09:06:42.636 [Thread-3] ERROR ExternalProcessHandler - INFO: Detected dialect: OSS

Feb 26, 2020 9:06:47 AM org.openqa.selenium.remote.ProtocolHandshake createSession
[MASTER] 09:06:47.218 [Thread-3] ERROR ExternalProcessHandler - Feb 26, 2020 9:06:47 AM org.openqa.selenium.remote.ProtocolHandshake createSession

INFO: Detected dialect: OSS
[MASTER] 09:06:47.218 [Thread-3] ERROR ExternalProcessHandler - INFO: Detected dialect: OSS

Feb 26, 2020 9:06:51 AM po_utils.PageObjectLogging logInfo
[MASTER] 09:06:51.227 [Thread-3] ERROR ExternalProcessHandler - Feb 26, 2020 9:06:51 AM po_utils.PageObjectLogging logInfo

INFO: waitForElementBeingPresentOnPage timeout exception: unable to locate the element By.xpath: //div[contains(@class,"liquid-child")]
[MASTER] 09:06:51.227 [Thread-3] ERROR ExternalProcessHandler - INFO: waitForElementBeingPresentOnPage timeout exception: unable to locate the element By.xpath: //div[contains(@class,"liquid-child")]


[MASTER] 09:06:51.227 [Thread-3] ERROR ExternalProcessHandler - 


[MASTER] 09:06:51.227 [Thread-3] ERROR ExternalProcessHandler - 

Feb 26, 2020 9:06:56 AM po_utils.PageObjectLogging logInfo
[MASTER] 09:06:56.766 [Thread-3] ERROR ExternalProcessHandler - Feb 26, 2020 9:06:56 AM po_utils.PageObjectLogging logInfo

INFO: waitForElementBeingPresentOnPage timeout exception: unable to locate the element By.xpath: //div[contains(@class,"liquid-child")]
[MASTER] 09:06:56.767 [Thread-3] ERROR ExternalProcessHandler - INFO: waitForElementBeingPresentOnPage timeout exception: unable to locate the element By.xpath: //div[contains(@class,"liquid-child")]


[MASTER] 09:06:56.767 [Thread-3] ERROR ExternalProcessHandler - 


[MASTER] 09:06:56.767 [Thread-3] ERROR ExternalProcessHandler - 

Feb 26, 2020 9:07:01 AM org.openqa.selenium.remote.ProtocolHandshake createSession
[MASTER] 09:07:01.998 [Thread-3] ERROR ExternalProcessHandler - Feb 26, 2020 9:07:01 AM org.openqa.selenium.remote.ProtocolHandshake createSession

INFO: Detected dialect: OSS
[MASTER] 09:07:01.999 [Thread-3] ERROR ExternalProcessHandler - INFO: Detected dialect: OSS

Feb 26, 2020 9:07:11 AM po_utils.PageObjectLogging logInfo
[MASTER] 09:07:11.748 [Thread-3] ERROR ExternalProcessHandler - Feb 26, 2020 9:07:11 AM po_utils.PageObjectLogging logInfo

INFO: waitForElementBeingPresentOnPage timeout exception: unable to locate the element By.xpath: //div[contains(@class,"liquid-child")]
[MASTER] 09:07:11.748 [Thread-3] ERROR ExternalProcessHandler - INFO: waitForElementBeingPresentOnPage timeout exception: unable to locate the element By.xpath: //div[contains(@class,"liquid-child")]


[MASTER] 09:07:11.748 [Thread-3] ERROR ExternalProcessHandler - 


[MASTER] 09:07:11.748 [Thread-3] ERROR ExternalProcessHandler - 

Feb 26, 2020 9:07:17 AM po_utils.PageObjectLogging logInfo
[MASTER] 09:07:17.791 [Thread-3] ERROR ExternalProcessHandler - Feb 26, 2020 9:07:17 AM po_utils.PageObjectLogging logInfo

INFO: waitForElementBeingPresentOnPage timeout exception: unable to locate the element By.xpath: //div[contains(@class,"liquid-child")]
[MASTER] 09:07:17.791 [Thread-3] ERROR ExternalProcessHandler - INFO: waitForElementBeingPresentOnPage timeout exception: unable to locate the element By.xpath: //div[contains(@class,"liquid-child")]


[MASTER] 09:07:17.791 [Thread-3] ERROR ExternalProcessHandler - 


[MASTER] 09:07:17.791 [Thread-3] ERROR ExternalProcessHandler - 

Feb 26, 2020 9:07:24 AM org.openqa.selenium.remote.ProtocolHandshake createSession
[MASTER] 09:07:24.523 [Thread-3] ERROR ExternalProcessHandler - Feb 26, 2020 9:07:24 AM org.openqa.selenium.remote.ProtocolHandshake createSession

INFO: Detected dialect: OSS
[MASTER] 09:07:24.523 [Thread-3] ERROR ExternalProcessHandler - INFO: Detected dialect: OSS

Feb 26, 2020 9:07:37 AM po_utils.PageObjectLogging logInfo
[MASTER] 09:07:37.704 [Thread-3] ERROR ExternalProcessHandler - Feb 26, 2020 9:07:37 AM po_utils.PageObjectLogging logInfo

INFO: waitForElementBeingPresentOnPage timeout exception: unable to locate the element By.xpath: //div[contains(@class,"liquid-child")]
[MASTER] 09:07:37.705 [Thread-3] ERROR ExternalProcessHandler - INFO: waitForElementBeingPresentOnPage timeout exception: unable to locate the element By.xpath: //div[contains(@class,"liquid-child")]


[MASTER] 09:07:37.705 [Thread-3] ERROR ExternalProcessHandler - 


[MASTER] 09:07:37.705 [Thread-3] ERROR ExternalProcessHandler - 

Feb 26, 2020 9:07:44 AM po_utils.PageObjectLogging logInfo
[MASTER] 09:07:44.234 [Thread-3] ERROR ExternalProcessHandler - Feb 26, 2020 9:07:44 AM po_utils.PageObjectLogging logInfo

INFO: waitForElementBeingPresentOnPage timeout exception: unable to locate the element By.xpath: //div[contains(@class,"liquid-child")]
[MASTER] 09:07:44.234 [Thread-3] ERROR ExternalProcessHandler - INFO: waitForElementBeingPresentOnPage timeout exception: unable to locate the element By.xpath: //div[contains(@class,"liquid-child")]


[MASTER] 09:07:44.234 [Thread-3] ERROR ExternalProcessHandler - 


[MASTER] 09:07:44.234 [Thread-3] ERROR ExternalProcessHandler - 

Feb 26, 2020 9:07:52 AM org.openqa.selenium.remote.ProtocolHandshake createSession
[MASTER] 09:07:52.481 [Thread-3] ERROR ExternalProcessHandler - Feb 26, 2020 9:07:52 AM org.openqa.selenium.remote.ProtocolHandshake createSession

INFO: Detected dialect: OSS
[MASTER] 09:07:52.481 [Thread-3] ERROR ExternalProcessHandler - INFO: Detected dialect: OSS

Feb 26, 2020 9:08:14 AM po_utils.PageObjectLogging logInfo
[MASTER] 09:08:14.708 [Thread-3] ERROR ExternalProcessHandler - Feb 26, 2020 9:08:14 AM po_utils.PageObjectLogging logInfo

INFO: waitForElementBeingPresentOnPage timeout exception: unable to locate the element By.xpath: //div[contains(@class,"liquid-child")]
[MASTER] 09:08:14.709 [Thread-3] ERROR ExternalProcessHandler - INFO: waitForElementBeingPresentOnPage timeout exception: unable to locate the element By.xpath: //div[contains(@class,"liquid-child")]


[MASTER] 09:08:14.709 [Thread-3] ERROR ExternalProcessHandler - 


[MASTER] 09:08:14.709 [Thread-3] ERROR ExternalProcessHandler - 

Feb 26, 2020 9:08:21 AM po_utils.PageObjectLogging logInfo
[MASTER] 09:08:21.594 [Thread-3] ERROR ExternalProcessHandler - Feb 26, 2020 9:08:21 AM po_utils.PageObjectLogging logInfo

INFO: waitForElementBeingPresentOnPage timeout exception: unable to locate the element By.xpath: //div[contains(@class,"liquid-child")]
[MASTER] 09:08:21.594 [Thread-3] ERROR ExternalProcessHandler - INFO: waitForElementBeingPresentOnPage timeout exception: unable to locate the element By.xpath: //div[contains(@class,"liquid-child")]


[MASTER] 09:08:21.594 [Thread-3] ERROR ExternalProcessHandler - 


[MASTER] 09:08:21.594 [Thread-3] ERROR ExternalProcessHandler - 

[MASTER] 09:08:31.285 [logback-2] ERROR TestCaseExecutor - TG: Exception caught: 
java.lang.IllegalStateException: Test generation failed: page object bug.
	at org.evosuite.testcase.execution.TestCaseExecutor.runTest(TestCaseExecutor.java:320) ~[evosuite-client-1.0.4-SNAPSHOT.jar:na]
	at org.evosuite.testcase.TestFitnessFunction.runTest(TestFitnessFunction.java:91) [evosuite-client-1.0.4-SNAPSHOT.jar:na]
	at org.evosuite.testcase.TestFitnessFunction.getFitness(TestFitnessFunction.java:60) [evosuite-client-1.0.4-SNAPSHOT.jar:na]
	at org.evosuite.testcase.TestFitnessFunction.getFitness(TestFitnessFunction.java:34) [evosuite-client-1.0.4-SNAPSHOT.jar:na]
	at org.evosuite.ga.metaheuristics.art.AdaptiveRandomSearch.calculateFitness(AdaptiveRandomSearch.java:312) [evosuite-client-1.0.4-SNAPSHOT.jar:na]
	at org.evosuite.ga.metaheuristics.art.AdaptiveRandomSearch.evolve(AdaptiveRandomSearch.java:139) [evosuite-client-1.0.4-SNAPSHOT.jar:na]
	at org.evosuite.ga.metaheuristics.art.AdaptiveRandomSearch.generateSolution(AdaptiveRandomSearch.java:270) [evosuite-client-1.0.4-SNAPSHOT.jar:na]
	at org.evosuite.strategy.AdaptiveRandomTestStrategy.generateTests(AdaptiveRandomTestStrategy.java:118) [evosuite-client-1.0.4-SNAPSHOT.jar:na]
	at org.evosuite.TestSuiteGenerator.generateTests(TestSuiteGenerator.java:654) [evosuite-client-1.0.4-SNAPSHOT.jar:na]
	at org.evosuite.TestSuiteGenerator.generateTestSuite(TestSuiteGenerator.java:213) [evosuite-client-1.0.4-SNAPSHOT.jar:na]
	at org.evosuite.rmi.service.ClientNodeImpl$1.run(ClientNodeImpl.java:145) [evosuite-client-1.0.4-SNAPSHOT.jar:na]
	at java.util.concurrent.Executors$RunnableAdapter.call(Executors.java:511) [na:1.8.0_242]
	at java.util.concurrent.FutureTask.run(FutureTask.java:266) [na:1.8.0_242]
	at java.util.concurrent.ThreadPoolExecutor.runWorker(ThreadPoolExecutor.java:1149) [na:1.8.0_242]
	at java.util.concurrent.ThreadPoolExecutor$Worker.run(ThreadPoolExecutor.java:624) [na:1.8.0_242]
	at java.lang.Thread.run(Thread.java:748) [na:1.8.0_242]
[MASTER] 09:08:31.290 [logback-2] ERROR ClientNodeImpl - Error when generating tests for: main.ClassUnderTest with seed 1582707671693. Configuration id : null
java.lang.Error: java.lang.IllegalStateException: Test generation failed: page object bug.
	at org.evosuite.testcase.execution.TestCaseExecutor.runTest(TestCaseExecutor.java:336) ~[evosuite-client-1.0.4-SNAPSHOT.jar:na]
	at org.evosuite.testcase.TestFitnessFunction.runTest(TestFitnessFunction.java:91) ~[evosuite-client-1.0.4-SNAPSHOT.jar:na]
	at org.evosuite.testcase.TestFitnessFunction.getFitness(TestFitnessFunction.java:60) ~[evosuite-client-1.0.4-SNAPSHOT.jar:na]
	at org.evosuite.testcase.TestFitnessFunction.getFitness(TestFitnessFunction.java:34) ~[evosuite-client-1.0.4-SNAPSHOT.jar:na]
	at org.evosuite.ga.metaheuristics.art.AdaptiveRandomSearch.calculateFitness(AdaptiveRandomSearch.java:312) ~[evosuite-client-1.0.4-SNAPSHOT.jar:na]
	at org.evosuite.ga.metaheuristics.art.AdaptiveRandomSearch.evolve(AdaptiveRandomSearch.java:139) ~[evosuite-client-1.0.4-SNAPSHOT.jar:na]
	at org.evosuite.ga.metaheuristics.art.AdaptiveRandomSearch.generateSolution(AdaptiveRandomSearch.java:270) ~[evosuite-client-1.0.4-SNAPSHOT.jar:na]
	at org.evosuite.strategy.AdaptiveRandomTestStrategy.generateTests(AdaptiveRandomTestStrategy.java:118) ~[evosuite-client-1.0.4-SNAPSHOT.jar:na]
	at org.evosuite.TestSuiteGenerator.generateTests(TestSuiteGenerator.java:654) ~[evosuite-client-1.0.4-SNAPSHOT.jar:na]
	at org.evosuite.TestSuiteGenerator.generateTestSuite(TestSuiteGenerator.java:213) ~[evosuite-client-1.0.4-SNAPSHOT.jar:na]
	at org.evosuite.rmi.service.ClientNodeImpl$1.run(ClientNodeImpl.java:145) ~[evosuite-client-1.0.4-SNAPSHOT.jar:na]
	at java.util.concurrent.Executors$RunnableAdapter.call(Executors.java:511) [na:1.8.0_242]
	at java.util.concurrent.FutureTask.run(FutureTask.java:266) [na:1.8.0_242]
	at java.util.concurrent.ThreadPoolExecutor.runWorker(ThreadPoolExecutor.java:1149) [na:1.8.0_242]
	at java.util.concurrent.ThreadPoolExecutor$Worker.run(ThreadPoolExecutor.java:624) [na:1.8.0_242]
	at java.lang.Thread.run(Thread.java:748) [na:1.8.0_242]
Caused by: java.lang.IllegalStateException: Test generation failed: page object bug.
	at org.evosuite.testcase.execution.TestCaseExecutor.runTest(TestCaseExecutor.java:320) ~[evosuite-client-1.0.4-SNAPSHOT.jar:na]
	... 15 common frames omitted
[MASTER] 09:08:31.399 [main] ERROR SearchStatistics - No statistics has been saved because EvoSuite failed to generate any test case
[MASTER] 09:08:31.502 [main] ERROR TestGeneration - failed to write statistics data
