SLF4J: Class path contains multiple SLF4J bindings.
SLF4J: Found binding in [jar:file:/home/ubuntu/.m2/repository/ch/qos/logback/logback-classic/1.1.3/logback-classic-1.1.3.jar!/org/slf4j/impl/StaticLoggerBinder.class]
SLF4J: Found binding in [jar:file:/home/ubuntu/.m2/repository/org/evosuite/evosuite-master/1.0.4-SNAPSHOT/evosuite-master-1.0.4-SNAPSHOT.jar!/org/slf4j/impl/StaticLoggerBinder.class]
SLF4J: See http://www.slf4j.org/codes.html#multiple_bindings for an explanation.
SLF4J: Actual binding is of type [ch.qos.logback.classic.util.ContextSelectorStaticBinder]
SLF4J: Class path contains multiple SLF4J bindings.
[MASTER] 08:45:25.433 [Thread-3] ERROR ExternalProcessHandler - SLF4J: Class path contains multiple SLF4J bindings.

SLF4J: Found binding in [jar:file:/home/ubuntu/.m2/repository/ch/qos/logback/logback-classic/1.1.3/logback-classic-1.1.3.jar!/org/slf4j/impl/StaticLoggerBinder.class]
[MASTER] 08:45:25.434 [Thread-3] ERROR ExternalProcessHandler - SLF4J: Found binding in [jar:file:/home/ubuntu/.m2/repository/ch/qos/logback/logback-classic/1.1.3/logback-classic-1.1.3.jar!/org/slf4j/impl/StaticLoggerBinder.class]

SLF4J: Found binding in [jar:file:/home/ubuntu/.m2/repository/org/evosuite/evosuite-master/1.0.4-SNAPSHOT/evosuite-master-1.0.4-SNAPSHOT.jar!/org/slf4j/impl/StaticLoggerBinder.class]
[MASTER] 08:45:25.436 [Thread-3] ERROR ExternalProcessHandler - SLF4J: Found binding in [jar:file:/home/ubuntu/.m2/repository/org/evosuite/evosuite-master/1.0.4-SNAPSHOT/evosuite-master-1.0.4-SNAPSHOT.jar!/org/slf4j/impl/StaticLoggerBinder.class]

SLF4J: See http://www.slf4j.org/codes.html#multiple_bindings for an explanation.
[MASTER] 08:45:25.437 [Thread-3] ERROR ExternalProcessHandler - SLF4J: See http://www.slf4j.org/codes.html#multiple_bindings for an explanation.

SLF4J: Actual binding is of type [ch.qos.logback.classic.util.ContextSelectorStaticBinder]
[MASTER] 08:45:40.666 [Thread-3] ERROR ExternalProcessHandler - SLF4J: Actual binding is of type [ch.qos.logback.classic.util.ContextSelectorStaticBinder]

Feb 26, 2020 8:46:31 AM org.openqa.selenium.remote.ProtocolHandshake createSession
[MASTER] 08:46:31.325 [Thread-3] ERROR ExternalProcessHandler - Feb 26, 2020 8:46:31 AM org.openqa.selenium.remote.ProtocolHandshake createSession

INFO: Detected dialect: OSS
[MASTER] 08:46:31.325 [Thread-3] ERROR ExternalProcessHandler - INFO: Detected dialect: OSS

Feb 26, 2020 8:46:58 AM po_utils.PageObjectLogging logInfo
[MASTER] 08:46:58.293 [Thread-3] ERROR ExternalProcessHandler - Feb 26, 2020 8:46:58 AM po_utils.PageObjectLogging logInfo

INFO: waitForElementBeingPresentOnPage timeout exception: unable to locate the element By.xpath: //input[@placeholder="Example: Trip to Barcelona"]
[MASTER] 08:46:58.293 [Thread-3] ERROR ExternalProcessHandler - INFO: waitForElementBeingPresentOnPage timeout exception: unable to locate the element By.xpath: //input[@placeholder="Example: Trip to Barcelona"]


[MASTER] 08:46:58.293 [Thread-3] ERROR ExternalProcessHandler - 


[MASTER] 08:46:58.293 [Thread-3] ERROR ExternalProcessHandler - 

Feb 26, 2020 8:47:08 AM org.openqa.selenium.remote.ProtocolHandshake createSession
[MASTER] 08:47:08.622 [Thread-3] ERROR ExternalProcessHandler - Feb 26, 2020 8:47:08 AM org.openqa.selenium.remote.ProtocolHandshake createSession

INFO: Detected dialect: OSS
[MASTER] 08:47:08.622 [Thread-3] ERROR ExternalProcessHandler - INFO: Detected dialect: OSS

Exception in thread "Thread-3" java.lang.ClassCastException: org.evosuite.testcase.TestChromosome cannot be cast to org.evosuite.testsuite.TestSuiteChromosome
[MASTER] 08:47:17.220 [Thread-3] ERROR ExternalProcessHandler - Exception in thread "Thread-3" java.lang.ClassCastException: org.evosuite.testcase.TestChromosome cannot be cast to org.evosuite.testsuite.TestSuiteChromosome

	at org.evosuite.statistics.SearchStatistics.currentIndividual(SearchStatistics.java:181)
[MASTER] 08:47:17.221 [Thread-3] ERROR ExternalProcessHandler - 	at org.evosuite.statistics.SearchStatistics.currentIndividual(SearchStatistics.java:181)

	at org.evosuite.rmi.service.MasterNodeImpl.evosuite_collectStatistics(MasterNodeImpl.java:166)
[MASTER] 08:47:17.221 [Thread-3] ERROR ExternalProcessHandler - 	at org.evosuite.rmi.service.MasterNodeImpl.evosuite_collectStatistics(MasterNodeImpl.java:166)

	at sun.reflect.NativeMethodAccessorImpl.invoke0(Native Method)
[MASTER] 08:47:17.221 [Thread-3] ERROR ExternalProcessHandler - 	at sun.reflect.NativeMethodAccessorImpl.invoke0(Native Method)

	at sun.reflect.NativeMethodAccessorImpl.invoke(NativeMethodAccessorImpl.java:62)
[MASTER] 08:47:17.221 [Thread-3] ERROR ExternalProcessHandler - 	at sun.reflect.NativeMethodAccessorImpl.invoke(NativeMethodAccessorImpl.java:62)

	at sun.reflect.DelegatingMethodAccessorImpl.invoke(DelegatingMethodAccessorImpl.java:43)
[MASTER] 08:47:17.221 [Thread-3] ERROR ExternalProcessHandler - 	at sun.reflect.DelegatingMethodAccessorImpl.invoke(DelegatingMethodAccessorImpl.java:43)

	at java.lang.reflect.Method.invoke(Method.java:498)
[MASTER] 08:47:17.221 [Thread-3] ERROR ExternalProcessHandler - 	at java.lang.reflect.Method.invoke(Method.java:498)

	at sun.rmi.server.UnicastServerRef.dispatch(UnicastServerRef.java:357)
[MASTER] 08:47:17.222 [Thread-3] ERROR ExternalProcessHandler - 	at sun.rmi.server.UnicastServerRef.dispatch(UnicastServerRef.java:357)

	at sun.rmi.transport.Transport$1.run(Transport.java:200)
[MASTER] 08:47:17.222 [Thread-3] ERROR ExternalProcessHandler - 	at sun.rmi.transport.Transport$1.run(Transport.java:200)

	at sun.rmi.transport.Transport$1.run(Transport.java:197)
[MASTER] 08:47:17.222 [Thread-3] ERROR ExternalProcessHandler - 	at sun.rmi.transport.Transport$1.run(Transport.java:197)

	at java.security.AccessController.doPrivileged(Native Method)
[MASTER] 08:47:17.222 [Thread-3] ERROR ExternalProcessHandler - 	at java.security.AccessController.doPrivileged(Native Method)

	at sun.rmi.transport.Transport.serviceCall(Transport.java:196)
[MASTER] 08:47:17.222 [Thread-3] ERROR ExternalProcessHandler - 	at sun.rmi.transport.Transport.serviceCall(Transport.java:196)

	at sun.rmi.transport.tcp.TCPTransport.handleMessages(TCPTransport.java:573)
[MASTER] 08:47:17.222 [Thread-3] ERROR ExternalProcessHandler - 	at sun.rmi.transport.tcp.TCPTransport.handleMessages(TCPTransport.java:573)

	at sun.rmi.transport.tcp.TCPTransport$ConnectionHandler.run0(TCPTransport.java:834)
[MASTER] 08:47:17.222 [Thread-3] ERROR ExternalProcessHandler - 	at sun.rmi.transport.tcp.TCPTransport$ConnectionHandler.run0(TCPTransport.java:834)

	at sun.rmi.transport.tcp.TCPTransport$ConnectionHandler.lambda$run$0(TCPTransport.java:688)
[MASTER] 08:47:17.223 [Thread-3] ERROR ExternalProcessHandler - 	at sun.rmi.transport.tcp.TCPTransport$ConnectionHandler.lambda$run$0(TCPTransport.java:688)

	at java.security.AccessController.doPrivileged(Native Method)
[MASTER] 08:47:17.223 [Thread-3] ERROR ExternalProcessHandler - 	at java.security.AccessController.doPrivileged(Native Method)

	at sun.rmi.transport.tcp.TCPTransport$ConnectionHandler.run(TCPTransport.java:687)
[MASTER] 08:47:17.223 [Thread-3] ERROR ExternalProcessHandler - 	at sun.rmi.transport.tcp.TCPTransport$ConnectionHandler.run(TCPTransport.java:687)

	at java.util.concurrent.ThreadPoolExecutor.runWorker(ThreadPoolExecutor.java:1149)
[MASTER] 08:47:17.223 [Thread-3] ERROR ExternalProcessHandler - 	at java.util.concurrent.ThreadPoolExecutor.runWorker(ThreadPoolExecutor.java:1149)

	at java.util.concurrent.ThreadPoolExecutor$Worker.run(ThreadPoolExecutor.java:624)
[MASTER] 08:47:17.223 [Thread-3] ERROR ExternalProcessHandler - 	at java.util.concurrent.ThreadPoolExecutor$Worker.run(ThreadPoolExecutor.java:624)

	at java.lang.Thread.run(Thread.java:748)
[MASTER] 08:47:17.223 [Thread-3] ERROR ExternalProcessHandler - 	at java.lang.Thread.run(Thread.java:748)

	at sun.rmi.transport.StreamRemoteCall.exceptionReceivedFromServer(StreamRemoteCall.java:303)
[MASTER] 08:47:17.224 [Thread-3] ERROR ExternalProcessHandler - 	at sun.rmi.transport.StreamRemoteCall.exceptionReceivedFromServer(StreamRemoteCall.java:303)

	at sun.rmi.transport.StreamRemoteCall.executeCall(StreamRemoteCall.java:279)
[MASTER] 08:47:17.224 [Thread-3] ERROR ExternalProcessHandler - 	at sun.rmi.transport.StreamRemoteCall.executeCall(StreamRemoteCall.java:279)

	at sun.rmi.server.UnicastRef.invoke(UnicastRef.java:164)
[MASTER] 08:47:17.224 [Thread-3] ERROR ExternalProcessHandler - 	at sun.rmi.server.UnicastRef.invoke(UnicastRef.java:164)

	at java.rmi.server.RemoteObjectInvocationHandler.invokeRemoteMethod(RemoteObjectInvocationHandler.java:235)
[MASTER] 08:47:17.225 [Thread-3] ERROR ExternalProcessHandler - 	at java.rmi.server.RemoteObjectInvocationHandler.invokeRemoteMethod(RemoteObjectInvocationHandler.java:235)

	at java.rmi.server.RemoteObjectInvocationHandler.invoke(RemoteObjectInvocationHandler.java:180)
[MASTER] 08:47:17.226 [Thread-3] ERROR ExternalProcessHandler - 	at java.rmi.server.RemoteObjectInvocationHandler.invoke(RemoteObjectInvocationHandler.java:180)

	at com.sun.proxy.$Proxy7.evosuite_collectStatistics(Unknown Source)
[MASTER] 08:47:17.226 [Thread-3] ERROR ExternalProcessHandler - 	at com.sun.proxy.$Proxy7.evosuite_collectStatistics(Unknown Source)

	at org.evosuite.rmi.service.ClientNodeImpl.updateStatistics(ClientNodeImpl.java:237)
[MASTER] 08:47:17.226 [Thread-3] ERROR ExternalProcessHandler - 	at org.evosuite.rmi.service.ClientNodeImpl.updateStatistics(ClientNodeImpl.java:237)

	at org.evosuite.statistics.StatisticsSender.sendIndividualToMaster(StatisticsSender.java:75)
[MASTER] 08:47:17.227 [Thread-3] ERROR ExternalProcessHandler - 	at org.evosuite.statistics.StatisticsSender.sendIndividualToMaster(StatisticsSender.java:75)

	at org.evosuite.statistics.StatisticsListener$1.run(StatisticsListener.java:71)
[MASTER] 08:47:17.227 [Thread-3] ERROR ExternalProcessHandler - 	at org.evosuite.statistics.StatisticsListener$1.run(StatisticsListener.java:71)

Feb 26, 2020 8:47:17 AM org.openqa.selenium.remote.ProtocolHandshake createSession
[MASTER] 08:47:17.234 [Thread-3] ERROR ExternalProcessHandler - Feb 26, 2020 8:47:17 AM org.openqa.selenium.remote.ProtocolHandshake createSession

INFO: Detected dialect: OSS
[MASTER] 08:47:17.234 [Thread-3] ERROR ExternalProcessHandler - INFO: Detected dialect: OSS

Feb 26, 2020 8:47:18 AM org.openqa.selenium.remote.ProtocolHandshake createSession
[MASTER] 08:47:18.956 [Thread-3] ERROR ExternalProcessHandler - Feb 26, 2020 8:47:18 AM org.openqa.selenium.remote.ProtocolHandshake createSession

INFO: Detected dialect: OSS
[MASTER] 08:47:18.956 [Thread-3] ERROR ExternalProcessHandler - INFO: Detected dialect: OSS

Feb 26, 2020 8:47:23 AM org.openqa.selenium.remote.ProtocolHandshake createSession
[MASTER] 08:47:23.356 [Thread-3] ERROR ExternalProcessHandler - Feb 26, 2020 8:47:23 AM org.openqa.selenium.remote.ProtocolHandshake createSession

INFO: Detected dialect: OSS
[MASTER] 08:47:23.357 [Thread-3] ERROR ExternalProcessHandler - INFO: Detected dialect: OSS

Feb 26, 2020 8:47:29 AM org.openqa.selenium.remote.ProtocolHandshake createSession
[MASTER] 08:47:29.240 [Thread-3] ERROR ExternalProcessHandler - Feb 26, 2020 8:47:29 AM org.openqa.selenium.remote.ProtocolHandshake createSession

INFO: Detected dialect: OSS
[MASTER] 08:47:29.240 [Thread-3] ERROR ExternalProcessHandler - INFO: Detected dialect: OSS

Feb 26, 2020 8:47:33 AM po_utils.PageObjectLogging logInfo
[MASTER] 08:47:33.876 [Thread-3] ERROR ExternalProcessHandler - Feb 26, 2020 8:47:33 AM po_utils.PageObjectLogging logInfo

INFO: waitForElementBeingPresentOnPage timeout exception: unable to locate the element By.xpath: //div[contains(@class,"liquid-child")]
[MASTER] 08:47:33.876 [Thread-3] ERROR ExternalProcessHandler - INFO: waitForElementBeingPresentOnPage timeout exception: unable to locate the element By.xpath: //div[contains(@class,"liquid-child")]


[MASTER] 08:47:33.876 [Thread-3] ERROR ExternalProcessHandler - 


[MASTER] 08:47:33.876 [Thread-3] ERROR ExternalProcessHandler - 

Feb 26, 2020 8:47:37 AM org.openqa.selenium.remote.ProtocolHandshake createSession
[MASTER] 08:47:37.348 [Thread-3] ERROR ExternalProcessHandler - Feb 26, 2020 8:47:37 AM org.openqa.selenium.remote.ProtocolHandshake createSession

INFO: Detected dialect: OSS
[MASTER] 08:47:37.348 [Thread-3] ERROR ExternalProcessHandler - INFO: Detected dialect: OSS

Feb 26, 2020 8:47:44 AM po_utils.PageObjectLogging logInfo
[MASTER] 08:47:44.268 [Thread-3] ERROR ExternalProcessHandler - Feb 26, 2020 8:47:44 AM po_utils.PageObjectLogging logInfo

INFO: waitForElementBeingPresentOnPage timeout exception: unable to locate the element By.xpath: //input[@placeholder="Example: Trip to Barcelona"]
[MASTER] 08:47:44.269 [Thread-3] ERROR ExternalProcessHandler - INFO: waitForElementBeingPresentOnPage timeout exception: unable to locate the element By.xpath: //input[@placeholder="Example: Trip to Barcelona"]


[MASTER] 08:47:44.269 [Thread-3] ERROR ExternalProcessHandler - 


[MASTER] 08:47:44.269 [Thread-3] ERROR ExternalProcessHandler - 

Feb 26, 2020 8:47:44 AM org.openqa.selenium.remote.ProtocolHandshake createSession
[MASTER] 08:47:44.562 [Thread-3] ERROR ExternalProcessHandler - Feb 26, 2020 8:47:44 AM org.openqa.selenium.remote.ProtocolHandshake createSession

INFO: Detected dialect: OSS
[MASTER] 08:47:44.562 [Thread-3] ERROR ExternalProcessHandler - INFO: Detected dialect: OSS

Feb 26, 2020 8:47:53 AM org.openqa.selenium.remote.ProtocolHandshake createSession
[MASTER] 08:47:53.959 [Thread-3] ERROR ExternalProcessHandler - Feb 26, 2020 8:47:53 AM org.openqa.selenium.remote.ProtocolHandshake createSession

INFO: Detected dialect: OSS
[MASTER] 08:47:53.959 [Thread-3] ERROR ExternalProcessHandler - INFO: Detected dialect: OSS

Feb 26, 2020 8:48:00 AM po_utils.PageObjectLogging logInfo
[MASTER] 08:48:00.248 [Thread-3] ERROR ExternalProcessHandler - Feb 26, 2020 8:48:00 AM po_utils.PageObjectLogging logInfo

INFO: waitForElementBeingPresentOnPage timeout exception: unable to locate the element By.xpath: //div[contains(@class,"liquid-child")]
[MASTER] 08:48:00.249 [Thread-3] ERROR ExternalProcessHandler - INFO: waitForElementBeingPresentOnPage timeout exception: unable to locate the element By.xpath: //div[contains(@class,"liquid-child")]


[MASTER] 08:48:00.249 [Thread-3] ERROR ExternalProcessHandler - 


[MASTER] 08:48:00.249 [Thread-3] ERROR ExternalProcessHandler - 

Feb 26, 2020 8:48:03 AM org.openqa.selenium.remote.ProtocolHandshake createSession
[MASTER] 08:48:03.359 [Thread-3] ERROR ExternalProcessHandler - Feb 26, 2020 8:48:03 AM org.openqa.selenium.remote.ProtocolHandshake createSession

INFO: Detected dialect: OSS
[MASTER] 08:48:03.359 [Thread-3] ERROR ExternalProcessHandler - INFO: Detected dialect: OSS

Feb 26, 2020 8:48:06 AM org.openqa.selenium.remote.ProtocolHandshake createSession
[MASTER] 08:48:06.341 [Thread-3] ERROR ExternalProcessHandler - Feb 26, 2020 8:48:06 AM org.openqa.selenium.remote.ProtocolHandshake createSession

INFO: Detected dialect: OSS
[MASTER] 08:48:06.341 [Thread-3] ERROR ExternalProcessHandler - INFO: Detected dialect: OSS

Feb 26, 2020 8:48:09 AM org.openqa.selenium.remote.ProtocolHandshake createSession
[MASTER] 08:48:09.323 [Thread-3] ERROR ExternalProcessHandler - Feb 26, 2020 8:48:09 AM org.openqa.selenium.remote.ProtocolHandshake createSession

INFO: Detected dialect: OSS
[MASTER] 08:48:09.323 [Thread-3] ERROR ExternalProcessHandler - INFO: Detected dialect: OSS

Feb 26, 2020 8:48:12 AM org.openqa.selenium.remote.ProtocolHandshake createSession
[MASTER] 08:48:12.296 [Thread-3] ERROR ExternalProcessHandler - Feb 26, 2020 8:48:12 AM org.openqa.selenium.remote.ProtocolHandshake createSession

INFO: Detected dialect: OSS
[MASTER] 08:48:12.296 [Thread-3] ERROR ExternalProcessHandler - INFO: Detected dialect: OSS

Feb 26, 2020 8:48:18 AM org.openqa.selenium.remote.ProtocolHandshake createSession
[MASTER] 08:48:18.622 [Thread-3] ERROR ExternalProcessHandler - Feb 26, 2020 8:48:18 AM org.openqa.selenium.remote.ProtocolHandshake createSession

INFO: Detected dialect: OSS
[MASTER] 08:48:18.622 [Thread-3] ERROR ExternalProcessHandler - INFO: Detected dialect: OSS

Feb 26, 2020 8:48:21 AM org.openqa.selenium.remote.ProtocolHandshake createSession
[MASTER] 08:48:21.513 [Thread-3] ERROR ExternalProcessHandler - Feb 26, 2020 8:48:21 AM org.openqa.selenium.remote.ProtocolHandshake createSession

INFO: Detected dialect: OSS
[MASTER] 08:48:21.513 [Thread-3] ERROR ExternalProcessHandler - INFO: Detected dialect: OSS

Feb 26, 2020 8:48:25 AM po_utils.PageObjectLogging logInfo
[MASTER] 08:48:25.257 [Thread-3] ERROR ExternalProcessHandler - Feb 26, 2020 8:48:25 AM po_utils.PageObjectLogging logInfo

INFO: waitForElementBeingPresentOnPage timeout exception: unable to locate the element By.xpath: //div[contains(@class,"liquid-child")]
[MASTER] 08:48:25.258 [Thread-3] ERROR ExternalProcessHandler - INFO: waitForElementBeingPresentOnPage timeout exception: unable to locate the element By.xpath: //div[contains(@class,"liquid-child")]


[MASTER] 08:48:25.258 [Thread-3] ERROR ExternalProcessHandler - 


[MASTER] 08:48:25.258 [Thread-3] ERROR ExternalProcessHandler - 

Feb 26, 2020 8:48:31 AM org.openqa.selenium.remote.ProtocolHandshake createSession
[MASTER] 08:48:31.366 [Thread-3] ERROR ExternalProcessHandler - Feb 26, 2020 8:48:31 AM org.openqa.selenium.remote.ProtocolHandshake createSession

INFO: Detected dialect: OSS
[MASTER] 08:48:31.366 [Thread-3] ERROR ExternalProcessHandler - INFO: Detected dialect: OSS

Feb 26, 2020 8:48:35 AM org.openqa.selenium.remote.ProtocolHandshake createSession
[MASTER] 08:48:35.617 [Thread-3] ERROR ExternalProcessHandler - Feb 26, 2020 8:48:35 AM org.openqa.selenium.remote.ProtocolHandshake createSession

INFO: Detected dialect: OSS
[MASTER] 08:48:35.617 [Thread-3] ERROR ExternalProcessHandler - INFO: Detected dialect: OSS

Feb 26, 2020 8:48:37 AM org.openqa.selenium.remote.ProtocolHandshake createSession
[MASTER] 08:48:37.179 [Thread-3] ERROR ExternalProcessHandler - Feb 26, 2020 8:48:37 AM org.openqa.selenium.remote.ProtocolHandshake createSession

INFO: Detected dialect: OSS
[MASTER] 08:48:37.179 [Thread-3] ERROR ExternalProcessHandler - INFO: Detected dialect: OSS

Feb 26, 2020 8:48:40 AM org.openqa.selenium.remote.ProtocolHandshake createSession
[MASTER] 08:48:40.430 [Thread-3] ERROR ExternalProcessHandler - Feb 26, 2020 8:48:40 AM org.openqa.selenium.remote.ProtocolHandshake createSession

INFO: Detected dialect: OSS
[MASTER] 08:48:40.431 [Thread-3] ERROR ExternalProcessHandler - INFO: Detected dialect: OSS

Feb 26, 2020 8:48:43 AM org.openqa.selenium.remote.ProtocolHandshake createSession
[MASTER] 08:48:43.114 [Thread-3] ERROR ExternalProcessHandler - Feb 26, 2020 8:48:43 AM org.openqa.selenium.remote.ProtocolHandshake createSession

INFO: Detected dialect: OSS
[MASTER] 08:48:43.114 [Thread-3] ERROR ExternalProcessHandler - INFO: Detected dialect: OSS

Feb 26, 2020 8:48:46 AM org.openqa.selenium.remote.ProtocolHandshake createSession
[MASTER] 08:48:46.476 [Thread-3] ERROR ExternalProcessHandler - Feb 26, 2020 8:48:46 AM org.openqa.selenium.remote.ProtocolHandshake createSession

INFO: Detected dialect: OSS
[MASTER] 08:48:46.476 [Thread-3] ERROR ExternalProcessHandler - INFO: Detected dialect: OSS

Feb 26, 2020 8:48:49 AM org.openqa.selenium.remote.ProtocolHandshake createSession
[MASTER] 08:48:49.042 [Thread-3] ERROR ExternalProcessHandler - Feb 26, 2020 8:48:49 AM org.openqa.selenium.remote.ProtocolHandshake createSession

INFO: Detected dialect: OSS
[MASTER] 08:48:49.042 [Thread-3] ERROR ExternalProcessHandler - INFO: Detected dialect: OSS

Feb 26, 2020 8:48:51 AM org.openqa.selenium.remote.ProtocolHandshake createSession
[MASTER] 08:48:51.658 [Thread-3] ERROR ExternalProcessHandler - Feb 26, 2020 8:48:51 AM org.openqa.selenium.remote.ProtocolHandshake createSession

INFO: Detected dialect: OSS
[MASTER] 08:48:51.658 [Thread-3] ERROR ExternalProcessHandler - INFO: Detected dialect: OSS

Feb 26, 2020 8:48:53 AM org.openqa.selenium.remote.ProtocolHandshake createSession
[MASTER] 08:48:53.161 [Thread-3] ERROR ExternalProcessHandler - Feb 26, 2020 8:48:53 AM org.openqa.selenium.remote.ProtocolHandshake createSession

INFO: Detected dialect: OSS
[MASTER] 08:48:53.161 [Thread-3] ERROR ExternalProcessHandler - INFO: Detected dialect: OSS

Feb 26, 2020 8:48:56 AM po_utils.PageObjectLogging logInfo
[MASTER] 08:48:56.203 [Thread-3] ERROR ExternalProcessHandler - Feb 26, 2020 8:48:56 AM po_utils.PageObjectLogging logInfo

INFO: waitForElementBeingPresentOnPage timeout exception: unable to locate the element By.xpath: //div[contains(@class,"liquid-child")]
[MASTER] 08:48:56.203 [Thread-3] ERROR ExternalProcessHandler - INFO: waitForElementBeingPresentOnPage timeout exception: unable to locate the element By.xpath: //div[contains(@class,"liquid-child")]


[MASTER] 08:48:56.203 [Thread-3] ERROR ExternalProcessHandler - 


[MASTER] 08:48:56.203 [Thread-3] ERROR ExternalProcessHandler - 

Feb 26, 2020 8:49:00 AM org.openqa.selenium.remote.ProtocolHandshake createSession
[MASTER] 08:49:00.457 [Thread-3] ERROR ExternalProcessHandler - Feb 26, 2020 8:49:00 AM org.openqa.selenium.remote.ProtocolHandshake createSession

INFO: Detected dialect: OSS
[MASTER] 08:49:00.457 [Thread-3] ERROR ExternalProcessHandler - INFO: Detected dialect: OSS

Feb 26, 2020 8:49:03 AM org.openqa.selenium.remote.ProtocolHandshake createSession
[MASTER] 08:49:03.491 [Thread-3] ERROR ExternalProcessHandler - Feb 26, 2020 8:49:03 AM org.openqa.selenium.remote.ProtocolHandshake createSession

INFO: Detected dialect: OSS
[MASTER] 08:49:03.491 [Thread-3] ERROR ExternalProcessHandler - INFO: Detected dialect: OSS

Feb 26, 2020 8:49:06 AM org.openqa.selenium.remote.ProtocolHandshake createSession
[MASTER] 08:49:06.740 [Thread-3] ERROR ExternalProcessHandler - Feb 26, 2020 8:49:06 AM org.openqa.selenium.remote.ProtocolHandshake createSession

INFO: Detected dialect: OSS
[MASTER] 08:49:06.740 [Thread-3] ERROR ExternalProcessHandler - INFO: Detected dialect: OSS

Feb 26, 2020 8:49:11 AM org.openqa.selenium.remote.ProtocolHandshake createSession
[MASTER] 08:49:11.350 [Thread-3] ERROR ExternalProcessHandler - Feb 26, 2020 8:49:11 AM org.openqa.selenium.remote.ProtocolHandshake createSession

INFO: Detected dialect: OSS
[MASTER] 08:49:11.350 [Thread-3] ERROR ExternalProcessHandler - INFO: Detected dialect: OSS

Feb 26, 2020 8:49:15 AM org.openqa.selenium.remote.ProtocolHandshake createSession
[MASTER] 08:49:15.023 [Thread-3] ERROR ExternalProcessHandler - Feb 26, 2020 8:49:15 AM org.openqa.selenium.remote.ProtocolHandshake createSession

INFO: Detected dialect: OSS
[MASTER] 08:49:15.023 [Thread-3] ERROR ExternalProcessHandler - INFO: Detected dialect: OSS

Feb 26, 2020 8:49:18 AM po_utils.PageObjectLogging logInfo
[MASTER] 08:49:18.845 [Thread-3] ERROR ExternalProcessHandler - Feb 26, 2020 8:49:18 AM po_utils.PageObjectLogging logInfo

INFO: waitForElementBeingPresentOnPage timeout exception: unable to locate the element By.xpath: //div[contains(@class,"liquid-child")]
[MASTER] 08:49:18.846 [Thread-3] ERROR ExternalProcessHandler - INFO: waitForElementBeingPresentOnPage timeout exception: unable to locate the element By.xpath: //div[contains(@class,"liquid-child")]


[MASTER] 08:49:18.846 [Thread-3] ERROR ExternalProcessHandler - 


[MASTER] 08:49:18.846 [Thread-3] ERROR ExternalProcessHandler - 

Feb 26, 2020 8:49:21 AM org.openqa.selenium.remote.ProtocolHandshake createSession
[MASTER] 08:49:21.920 [Thread-3] ERROR ExternalProcessHandler - Feb 26, 2020 8:49:21 AM org.openqa.selenium.remote.ProtocolHandshake createSession

INFO: Detected dialect: OSS
[MASTER] 08:49:21.920 [Thread-3] ERROR ExternalProcessHandler - INFO: Detected dialect: OSS

Feb 26, 2020 8:49:24 AM org.openqa.selenium.remote.ProtocolHandshake createSession
[MASTER] 08:49:24.791 [Thread-3] ERROR ExternalProcessHandler - Feb 26, 2020 8:49:24 AM org.openqa.selenium.remote.ProtocolHandshake createSession

INFO: Detected dialect: OSS
[MASTER] 08:49:24.791 [Thread-3] ERROR ExternalProcessHandler - INFO: Detected dialect: OSS

Feb 26, 2020 8:49:27 AM org.openqa.selenium.remote.ProtocolHandshake createSession
[MASTER] 08:49:27.462 [Thread-3] ERROR ExternalProcessHandler - Feb 26, 2020 8:49:27 AM org.openqa.selenium.remote.ProtocolHandshake createSession

INFO: Detected dialect: OSS
[MASTER] 08:49:27.462 [Thread-3] ERROR ExternalProcessHandler - INFO: Detected dialect: OSS

Feb 26, 2020 8:49:32 AM org.openqa.selenium.remote.ProtocolHandshake createSession
[MASTER] 08:49:32.501 [Thread-3] ERROR ExternalProcessHandler - Feb 26, 2020 8:49:32 AM org.openqa.selenium.remote.ProtocolHandshake createSession

INFO: Detected dialect: OSS
[MASTER] 08:49:32.501 [Thread-3] ERROR ExternalProcessHandler - INFO: Detected dialect: OSS

Feb 26, 2020 8:49:35 AM org.openqa.selenium.remote.ProtocolHandshake createSession
[MASTER] 08:49:35.295 [Thread-3] ERROR ExternalProcessHandler - Feb 26, 2020 8:49:35 AM org.openqa.selenium.remote.ProtocolHandshake createSession

INFO: Detected dialect: OSS
[MASTER] 08:49:35.295 [Thread-3] ERROR ExternalProcessHandler - INFO: Detected dialect: OSS

Feb 26, 2020 8:49:38 AM org.openqa.selenium.remote.ProtocolHandshake createSession
[MASTER] 08:49:38.862 [Thread-3] ERROR ExternalProcessHandler - Feb 26, 2020 8:49:38 AM org.openqa.selenium.remote.ProtocolHandshake createSession

INFO: Detected dialect: OSS
[MASTER] 08:49:38.862 [Thread-3] ERROR ExternalProcessHandler - INFO: Detected dialect: OSS

Feb 26, 2020 8:49:42 AM org.openqa.selenium.remote.ProtocolHandshake createSession
[MASTER] 08:49:42.505 [Thread-3] ERROR ExternalProcessHandler - Feb 26, 2020 8:49:42 AM org.openqa.selenium.remote.ProtocolHandshake createSession

INFO: Detected dialect: OSS
[MASTER] 08:49:42.505 [Thread-3] ERROR ExternalProcessHandler - INFO: Detected dialect: OSS

Feb 26, 2020 8:49:43 AM org.openqa.selenium.remote.ProtocolHandshake createSession
[MASTER] 08:49:43.936 [Thread-3] ERROR ExternalProcessHandler - Feb 26, 2020 8:49:43 AM org.openqa.selenium.remote.ProtocolHandshake createSession

INFO: Detected dialect: OSS
[MASTER] 08:49:43.937 [Thread-3] ERROR ExternalProcessHandler - INFO: Detected dialect: OSS

Feb 26, 2020 8:49:45 AM org.openqa.selenium.remote.ProtocolHandshake createSession
[MASTER] 08:49:45.218 [Thread-3] ERROR ExternalProcessHandler - Feb 26, 2020 8:49:45 AM org.openqa.selenium.remote.ProtocolHandshake createSession

INFO: Detected dialect: OSS
[MASTER] 08:49:45.218 [Thread-3] ERROR ExternalProcessHandler - INFO: Detected dialect: OSS

Feb 26, 2020 8:49:48 AM org.openqa.selenium.remote.ProtocolHandshake createSession
[MASTER] 08:49:48.412 [Thread-3] ERROR ExternalProcessHandler - Feb 26, 2020 8:49:48 AM org.openqa.selenium.remote.ProtocolHandshake createSession

INFO: Detected dialect: OSS
[MASTER] 08:49:48.412 [Thread-3] ERROR ExternalProcessHandler - INFO: Detected dialect: OSS

Feb 26, 2020 8:49:51 AM org.openqa.selenium.remote.ProtocolHandshake createSession
[MASTER] 08:49:51.862 [Thread-3] ERROR ExternalProcessHandler - Feb 26, 2020 8:49:51 AM org.openqa.selenium.remote.ProtocolHandshake createSession

INFO: Detected dialect: OSS
[MASTER] 08:49:51.862 [Thread-3] ERROR ExternalProcessHandler - INFO: Detected dialect: OSS

Feb 26, 2020 8:49:54 AM org.openqa.selenium.remote.ProtocolHandshake createSession
[MASTER] 08:49:54.608 [Thread-3] ERROR ExternalProcessHandler - Feb 26, 2020 8:49:54 AM org.openqa.selenium.remote.ProtocolHandshake createSession

INFO: Detected dialect: OSS
[MASTER] 08:49:54.608 [Thread-3] ERROR ExternalProcessHandler - INFO: Detected dialect: OSS

Feb 26, 2020 8:49:58 AM org.openqa.selenium.remote.ProtocolHandshake createSession
[MASTER] 08:49:58.144 [Thread-3] ERROR ExternalProcessHandler - Feb 26, 2020 8:49:58 AM org.openqa.selenium.remote.ProtocolHandshake createSession

INFO: Detected dialect: OSS
[MASTER] 08:49:58.144 [Thread-3] ERROR ExternalProcessHandler - INFO: Detected dialect: OSS

Feb 26, 2020 8:50:01 AM org.openqa.selenium.remote.ProtocolHandshake createSession
[MASTER] 08:50:01.030 [Thread-3] ERROR ExternalProcessHandler - Feb 26, 2020 8:50:01 AM org.openqa.selenium.remote.ProtocolHandshake createSession

INFO: Detected dialect: OSS
[MASTER] 08:50:01.030 [Thread-3] ERROR ExternalProcessHandler - INFO: Detected dialect: OSS

Feb 26, 2020 8:50:06 AM org.openqa.selenium.remote.ProtocolHandshake createSession
[MASTER] 08:50:06.163 [Thread-3] ERROR ExternalProcessHandler - Feb 26, 2020 8:50:06 AM org.openqa.selenium.remote.ProtocolHandshake createSession

INFO: Detected dialect: OSS
[MASTER] 08:50:06.164 [Thread-3] ERROR ExternalProcessHandler - INFO: Detected dialect: OSS

Feb 26, 2020 8:50:09 AM po_utils.PageObjectLogging logInfo
[MASTER] 08:50:09.706 [Thread-3] ERROR ExternalProcessHandler - Feb 26, 2020 8:50:09 AM po_utils.PageObjectLogging logInfo

INFO: waitForElementBeingPresentOnPage timeout exception: unable to locate the element By.xpath: //div[contains(@class,"liquid-child")]
[MASTER] 08:50:09.707 [Thread-3] ERROR ExternalProcessHandler - INFO: waitForElementBeingPresentOnPage timeout exception: unable to locate the element By.xpath: //div[contains(@class,"liquid-child")]


[MASTER] 08:50:09.707 [Thread-3] ERROR ExternalProcessHandler - 


[MASTER] 08:50:09.707 [Thread-3] ERROR ExternalProcessHandler - 

Feb 26, 2020 8:50:12 AM org.openqa.selenium.remote.ProtocolHandshake createSession
[MASTER] 08:50:12.431 [Thread-3] ERROR ExternalProcessHandler - Feb 26, 2020 8:50:12 AM org.openqa.selenium.remote.ProtocolHandshake createSession

INFO: Detected dialect: OSS
[MASTER] 08:50:12.431 [Thread-3] ERROR ExternalProcessHandler - INFO: Detected dialect: OSS

Feb 26, 2020 8:50:13 AM org.openqa.selenium.remote.ProtocolHandshake createSession
[MASTER] 08:50:13.787 [Thread-3] ERROR ExternalProcessHandler - Feb 26, 2020 8:50:13 AM org.openqa.selenium.remote.ProtocolHandshake createSession

INFO: Detected dialect: OSS
[MASTER] 08:50:13.787 [Thread-3] ERROR ExternalProcessHandler - INFO: Detected dialect: OSS

Feb 26, 2020 8:50:17 AM org.openqa.selenium.remote.ProtocolHandshake createSession
[MASTER] 08:50:17.754 [Thread-3] ERROR ExternalProcessHandler - Feb 26, 2020 8:50:17 AM org.openqa.selenium.remote.ProtocolHandshake createSession

INFO: Detected dialect: OSS
[MASTER] 08:50:17.754 [Thread-3] ERROR ExternalProcessHandler - INFO: Detected dialect: OSS

Feb 26, 2020 8:50:20 AM po_utils.PageObjectLogging logInfo
[MASTER] 08:50:20.782 [Thread-3] ERROR ExternalProcessHandler - Feb 26, 2020 8:50:20 AM po_utils.PageObjectLogging logInfo

INFO: waitForElementBeingPresentOnPage timeout exception: unable to locate the element By.xpath: //div[contains(@class,"liquid-child")]
[MASTER] 08:50:20.782 [Thread-3] ERROR ExternalProcessHandler - INFO: waitForElementBeingPresentOnPage timeout exception: unable to locate the element By.xpath: //div[contains(@class,"liquid-child")]


[MASTER] 08:50:20.782 [Thread-3] ERROR ExternalProcessHandler - 


[MASTER] 08:50:20.782 [Thread-3] ERROR ExternalProcessHandler - 

Feb 26, 2020 8:50:21 AM org.openqa.selenium.remote.ProtocolHandshake createSession
[MASTER] 08:50:21.968 [Thread-3] ERROR ExternalProcessHandler - Feb 26, 2020 8:50:21 AM org.openqa.selenium.remote.ProtocolHandshake createSession

INFO: Detected dialect: OSS
[MASTER] 08:50:21.968 [Thread-3] ERROR ExternalProcessHandler - INFO: Detected dialect: OSS

Feb 26, 2020 8:50:25 AM po_utils.PageObjectLogging logInfo
[MASTER] 08:50:25.555 [Thread-3] ERROR ExternalProcessHandler - Feb 26, 2020 8:50:25 AM po_utils.PageObjectLogging logInfo

INFO: waitForElementBeingPresentOnPage timeout exception: unable to locate the element By.xpath: //div[contains(@class,"liquid-child")]
[MASTER] 08:50:25.556 [Thread-3] ERROR ExternalProcessHandler - INFO: waitForElementBeingPresentOnPage timeout exception: unable to locate the element By.xpath: //div[contains(@class,"liquid-child")]


[MASTER] 08:50:25.556 [Thread-3] ERROR ExternalProcessHandler - 


[MASTER] 08:50:25.556 [Thread-3] ERROR ExternalProcessHandler - 

Feb 26, 2020 8:50:26 AM org.openqa.selenium.remote.ProtocolHandshake createSession
[MASTER] 08:50:26.353 [Thread-3] ERROR ExternalProcessHandler - Feb 26, 2020 8:50:26 AM org.openqa.selenium.remote.ProtocolHandshake createSession

INFO: Detected dialect: OSS
[MASTER] 08:50:26.353 [Thread-3] ERROR ExternalProcessHandler - INFO: Detected dialect: OSS

Feb 26, 2020 8:50:29 AM org.openqa.selenium.remote.ProtocolHandshake createSession
[MASTER] 08:50:29.683 [Thread-3] ERROR ExternalProcessHandler - Feb 26, 2020 8:50:29 AM org.openqa.selenium.remote.ProtocolHandshake createSession

INFO: Detected dialect: OSS
[MASTER] 08:50:29.684 [Thread-3] ERROR ExternalProcessHandler - INFO: Detected dialect: OSS

Feb 26, 2020 8:50:33 AM po_utils.PageObjectLogging logInfo
[MASTER] 08:50:33.154 [Thread-3] ERROR ExternalProcessHandler - Feb 26, 2020 8:50:33 AM po_utils.PageObjectLogging logInfo

INFO: waitForElementBeingPresentOnPage timeout exception: unable to locate the element By.xpath: //div[contains(@class,"liquid-child")]
[MASTER] 08:50:33.155 [Thread-3] ERROR ExternalProcessHandler - INFO: waitForElementBeingPresentOnPage timeout exception: unable to locate the element By.xpath: //div[contains(@class,"liquid-child")]


[MASTER] 08:50:33.155 [Thread-3] ERROR ExternalProcessHandler - 


[MASTER] 08:50:33.155 [Thread-3] ERROR ExternalProcessHandler - 

Feb 26, 2020 8:50:34 AM org.openqa.selenium.remote.ProtocolHandshake createSession
[MASTER] 08:50:34.265 [Thread-3] ERROR ExternalProcessHandler - Feb 26, 2020 8:50:34 AM org.openqa.selenium.remote.ProtocolHandshake createSession

INFO: Detected dialect: OSS
[MASTER] 08:50:34.266 [Thread-3] ERROR ExternalProcessHandler - INFO: Detected dialect: OSS

Feb 26, 2020 8:50:38 AM po_utils.PageObjectLogging logInfo
[MASTER] 08:50:38.956 [Thread-3] ERROR ExternalProcessHandler - Feb 26, 2020 8:50:38 AM po_utils.PageObjectLogging logInfo

INFO: waitForElementBeingPresentOnPage timeout exception: unable to locate the element By.xpath: //div[contains(@class,"liquid-child")]
[MASTER] 08:50:38.957 [Thread-3] ERROR ExternalProcessHandler - INFO: waitForElementBeingPresentOnPage timeout exception: unable to locate the element By.xpath: //div[contains(@class,"liquid-child")]


[MASTER] 08:50:38.957 [Thread-3] ERROR ExternalProcessHandler - 


[MASTER] 08:50:38.957 [Thread-3] ERROR ExternalProcessHandler - 

Feb 26, 2020 8:50:39 AM org.openqa.selenium.remote.ProtocolHandshake createSession
[MASTER] 08:50:39.763 [Thread-3] ERROR ExternalProcessHandler - Feb 26, 2020 8:50:39 AM org.openqa.selenium.remote.ProtocolHandshake createSession

INFO: Detected dialect: OSS
[MASTER] 08:50:39.763 [Thread-3] ERROR ExternalProcessHandler - INFO: Detected dialect: OSS

Feb 26, 2020 8:50:44 AM org.openqa.selenium.remote.ProtocolHandshake createSession
[MASTER] 08:50:44.317 [Thread-3] ERROR ExternalProcessHandler - Feb 26, 2020 8:50:44 AM org.openqa.selenium.remote.ProtocolHandshake createSession

INFO: Detected dialect: OSS
[MASTER] 08:50:44.318 [Thread-3] ERROR ExternalProcessHandler - INFO: Detected dialect: OSS

Feb 26, 2020 8:50:48 AM org.openqa.selenium.remote.ProtocolHandshake createSession
[MASTER] 08:50:48.061 [Thread-3] ERROR ExternalProcessHandler - Feb 26, 2020 8:50:48 AM org.openqa.selenium.remote.ProtocolHandshake createSession

INFO: Detected dialect: OSS
[MASTER] 08:50:48.061 [Thread-3] ERROR ExternalProcessHandler - INFO: Detected dialect: OSS

Feb 26, 2020 8:50:51 AM po_utils.PageObjectLogging logInfo
[MASTER] 08:50:51.436 [Thread-3] ERROR ExternalProcessHandler - Feb 26, 2020 8:50:51 AM po_utils.PageObjectLogging logInfo

INFO: waitForElementBeingPresentOnPage timeout exception: unable to locate the element By.xpath: //div[contains(@class,"liquid-child")]
[MASTER] 08:50:51.436 [Thread-3] ERROR ExternalProcessHandler - INFO: waitForElementBeingPresentOnPage timeout exception: unable to locate the element By.xpath: //div[contains(@class,"liquid-child")]


[MASTER] 08:50:51.436 [Thread-3] ERROR ExternalProcessHandler - 


[MASTER] 08:50:51.436 [Thread-3] ERROR ExternalProcessHandler - 

Feb 26, 2020 8:50:52 AM org.openqa.selenium.remote.ProtocolHandshake createSession
[MASTER] 08:50:52.879 [Thread-3] ERROR ExternalProcessHandler - Feb 26, 2020 8:50:52 AM org.openqa.selenium.remote.ProtocolHandshake createSession

INFO: Detected dialect: OSS
[MASTER] 08:50:52.880 [Thread-3] ERROR ExternalProcessHandler - INFO: Detected dialect: OSS

Feb 26, 2020 8:50:56 AM org.openqa.selenium.remote.ProtocolHandshake createSession
[MASTER] 08:50:56.281 [Thread-3] ERROR ExternalProcessHandler - Feb 26, 2020 8:50:56 AM org.openqa.selenium.remote.ProtocolHandshake createSession

INFO: Detected dialect: OSS
[MASTER] 08:50:56.281 [Thread-3] ERROR ExternalProcessHandler - INFO: Detected dialect: OSS

Feb 26, 2020 8:50:59 AM po_utils.PageObjectLogging logInfo
[MASTER] 08:50:59.960 [Thread-3] ERROR ExternalProcessHandler - Feb 26, 2020 8:50:59 AM po_utils.PageObjectLogging logInfo

INFO: waitForElementBeingPresentOnPage timeout exception: unable to locate the element By.xpath: //div[contains(@class,"liquid-child")]
[MASTER] 08:50:59.960 [Thread-3] ERROR ExternalProcessHandler - INFO: waitForElementBeingPresentOnPage timeout exception: unable to locate the element By.xpath: //div[contains(@class,"liquid-child")]


[MASTER] 08:50:59.960 [Thread-3] ERROR ExternalProcessHandler - 


[MASTER] 08:50:59.960 [Thread-3] ERROR ExternalProcessHandler - 

Feb 26, 2020 8:51:03 AM org.openqa.selenium.remote.ProtocolHandshake createSession
[MASTER] 08:51:03.139 [Thread-3] ERROR ExternalProcessHandler - Feb 26, 2020 8:51:03 AM org.openqa.selenium.remote.ProtocolHandshake createSession

INFO: Detected dialect: OSS
[MASTER] 08:51:03.139 [Thread-3] ERROR ExternalProcessHandler - INFO: Detected dialect: OSS

Feb 26, 2020 8:51:06 AM org.openqa.selenium.remote.ProtocolHandshake createSession
[MASTER] 08:51:06.208 [Thread-3] ERROR ExternalProcessHandler - Feb 26, 2020 8:51:06 AM org.openqa.selenium.remote.ProtocolHandshake createSession

INFO: Detected dialect: OSS
[MASTER] 08:51:06.208 [Thread-3] ERROR ExternalProcessHandler - INFO: Detected dialect: OSS

Feb 26, 2020 8:51:09 AM org.openqa.selenium.remote.ProtocolHandshake createSession
[MASTER] 08:51:09.552 [Thread-3] ERROR ExternalProcessHandler - Feb 26, 2020 8:51:09 AM org.openqa.selenium.remote.ProtocolHandshake createSession

INFO: Detected dialect: OSS
[MASTER] 08:51:09.552 [Thread-3] ERROR ExternalProcessHandler - INFO: Detected dialect: OSS

Feb 26, 2020 8:51:13 AM org.openqa.selenium.remote.ProtocolHandshake createSession
[MASTER] 08:51:13.667 [Thread-3] ERROR ExternalProcessHandler - Feb 26, 2020 8:51:13 AM org.openqa.selenium.remote.ProtocolHandshake createSession

INFO: Detected dialect: OSS
[MASTER] 08:51:13.667 [Thread-3] ERROR ExternalProcessHandler - INFO: Detected dialect: OSS

Feb 26, 2020 8:51:19 AM org.openqa.selenium.remote.ProtocolHandshake createSession
[MASTER] 08:51:19.311 [Thread-3] ERROR ExternalProcessHandler - Feb 26, 2020 8:51:19 AM org.openqa.selenium.remote.ProtocolHandshake createSession

INFO: Detected dialect: OSS
[MASTER] 08:51:19.311 [Thread-3] ERROR ExternalProcessHandler - INFO: Detected dialect: OSS

Feb 26, 2020 8:51:24 AM org.openqa.selenium.remote.ProtocolHandshake createSession
[MASTER] 08:51:24.574 [Thread-3] ERROR ExternalProcessHandler - Feb 26, 2020 8:51:24 AM org.openqa.selenium.remote.ProtocolHandshake createSession

INFO: Detected dialect: OSS
[MASTER] 08:51:24.574 [Thread-3] ERROR ExternalProcessHandler - INFO: Detected dialect: OSS

Feb 26, 2020 8:51:28 AM po_utils.PageObjectLogging logInfo
[MASTER] 08:51:28.872 [Thread-3] ERROR ExternalProcessHandler - Feb 26, 2020 8:51:28 AM po_utils.PageObjectLogging logInfo

INFO: waitForElementBeingPresentOnPage timeout exception: unable to locate the element By.xpath: //div[contains(@class,"liquid-child")]
[MASTER] 08:51:28.872 [Thread-3] ERROR ExternalProcessHandler - INFO: waitForElementBeingPresentOnPage timeout exception: unable to locate the element By.xpath: //div[contains(@class,"liquid-child")]


[MASTER] 08:51:28.872 [Thread-3] ERROR ExternalProcessHandler - 


[MASTER] 08:51:28.872 [Thread-3] ERROR ExternalProcessHandler - 

Feb 26, 2020 8:51:34 AM po_utils.PageObjectLogging logInfo
[MASTER] 08:51:34.389 [Thread-3] ERROR ExternalProcessHandler - Feb 26, 2020 8:51:34 AM po_utils.PageObjectLogging logInfo

INFO: waitForElementBeingPresentOnPage timeout exception: unable to locate the element By.xpath: //div[contains(@class,"liquid-child")]
[MASTER] 08:51:34.390 [Thread-3] ERROR ExternalProcessHandler - INFO: waitForElementBeingPresentOnPage timeout exception: unable to locate the element By.xpath: //div[contains(@class,"liquid-child")]


[MASTER] 08:51:34.390 [Thread-3] ERROR ExternalProcessHandler - 


[MASTER] 08:51:34.390 [Thread-3] ERROR ExternalProcessHandler - 

Feb 26, 2020 8:51:34 AM org.openqa.selenium.remote.ProtocolHandshake createSession
[MASTER] 08:51:34.571 [Thread-3] ERROR ExternalProcessHandler - Feb 26, 2020 8:51:34 AM org.openqa.selenium.remote.ProtocolHandshake createSession

INFO: Detected dialect: OSS
[MASTER] 08:51:34.571 [Thread-3] ERROR ExternalProcessHandler - INFO: Detected dialect: OSS

Feb 26, 2020 8:51:44 AM po_utils.PageObjectLogging logInfo
[MASTER] 08:51:44.216 [Thread-3] ERROR ExternalProcessHandler - Feb 26, 2020 8:51:44 AM po_utils.PageObjectLogging logInfo

INFO: waitForElementBeingPresentOnPage timeout exception: unable to locate the element By.xpath: //div[contains(@class,"liquid-child")]
[MASTER] 08:51:44.217 [Thread-3] ERROR ExternalProcessHandler - INFO: waitForElementBeingPresentOnPage timeout exception: unable to locate the element By.xpath: //div[contains(@class,"liquid-child")]


[MASTER] 08:51:44.217 [Thread-3] ERROR ExternalProcessHandler - 


[MASTER] 08:51:44.217 [Thread-3] ERROR ExternalProcessHandler - 

Feb 26, 2020 8:51:50 AM po_utils.PageObjectLogging logInfo
[MASTER] 08:51:50.209 [Thread-3] ERROR ExternalProcessHandler - Feb 26, 2020 8:51:50 AM po_utils.PageObjectLogging logInfo

INFO: waitForElementBeingPresentOnPage timeout exception: unable to locate the element By.xpath: //div[contains(@class,"liquid-child")]
[MASTER] 08:51:50.210 [Thread-3] ERROR ExternalProcessHandler - INFO: waitForElementBeingPresentOnPage timeout exception: unable to locate the element By.xpath: //div[contains(@class,"liquid-child")]


[MASTER] 08:51:50.210 [Thread-3] ERROR ExternalProcessHandler - 


[MASTER] 08:51:50.210 [Thread-3] ERROR ExternalProcessHandler - 

Feb 26, 2020 8:51:50 AM org.openqa.selenium.remote.ProtocolHandshake createSession
[MASTER] 08:51:50.704 [Thread-3] ERROR ExternalProcessHandler - Feb 26, 2020 8:51:50 AM org.openqa.selenium.remote.ProtocolHandshake createSession

INFO: Detected dialect: OSS
[MASTER] 08:51:50.704 [Thread-3] ERROR ExternalProcessHandler - INFO: Detected dialect: OSS

Feb 26, 2020 8:52:06 AM po_utils.PageObjectLogging logInfo
[MASTER] 08:52:06.710 [Thread-3] ERROR ExternalProcessHandler - Feb 26, 2020 8:52:06 AM po_utils.PageObjectLogging logInfo

INFO: waitForElementBeingPresentOnPage timeout exception: unable to locate the element By.xpath: //div[contains(@class,"liquid-child")]
[MASTER] 08:52:06.710 [Thread-3] ERROR ExternalProcessHandler - INFO: waitForElementBeingPresentOnPage timeout exception: unable to locate the element By.xpath: //div[contains(@class,"liquid-child")]


[MASTER] 08:52:06.710 [Thread-3] ERROR ExternalProcessHandler - 


[MASTER] 08:52:06.710 [Thread-3] ERROR ExternalProcessHandler - 

Feb 26, 2020 8:52:13 AM po_utils.PageObjectLogging logInfo
[MASTER] 08:52:13.142 [Thread-3] ERROR ExternalProcessHandler - Feb 26, 2020 8:52:13 AM po_utils.PageObjectLogging logInfo

INFO: waitForElementBeingPresentOnPage timeout exception: unable to locate the element By.xpath: //div[contains(@class,"liquid-child")]
[MASTER] 08:52:13.143 [Thread-3] ERROR ExternalProcessHandler - INFO: waitForElementBeingPresentOnPage timeout exception: unable to locate the element By.xpath: //div[contains(@class,"liquid-child")]


[MASTER] 08:52:13.143 [Thread-3] ERROR ExternalProcessHandler - 


[MASTER] 08:52:13.143 [Thread-3] ERROR ExternalProcessHandler - 

Feb 26, 2020 8:52:13 AM org.openqa.selenium.remote.ProtocolHandshake createSession
[MASTER] 08:52:13.930 [Thread-3] ERROR ExternalProcessHandler - Feb 26, 2020 8:52:13 AM org.openqa.selenium.remote.ProtocolHandshake createSession

INFO: Detected dialect: OSS
[MASTER] 08:52:13.930 [Thread-3] ERROR ExternalProcessHandler - INFO: Detected dialect: OSS

Feb 26, 2020 8:52:36 AM po_utils.PageObjectLogging logInfo
[MASTER] 08:52:36.887 [Thread-3] ERROR ExternalProcessHandler - Feb 26, 2020 8:52:36 AM po_utils.PageObjectLogging logInfo

INFO: waitForElementBeingPresentOnPage timeout exception: unable to locate the element By.xpath: //div[contains(@class,"liquid-child")]
[MASTER] 08:52:36.888 [Thread-3] ERROR ExternalProcessHandler - INFO: waitForElementBeingPresentOnPage timeout exception: unable to locate the element By.xpath: //div[contains(@class,"liquid-child")]


[MASTER] 08:52:36.888 [Thread-3] ERROR ExternalProcessHandler - 


[MASTER] 08:52:36.888 [Thread-3] ERROR ExternalProcessHandler - 

Feb 26, 2020 8:52:43 AM po_utils.PageObjectLogging logInfo
[MASTER] 08:52:43.829 [Thread-3] ERROR ExternalProcessHandler - Feb 26, 2020 8:52:43 AM po_utils.PageObjectLogging logInfo

INFO: waitForElementBeingPresentOnPage timeout exception: unable to locate the element By.xpath: //div[contains(@class,"liquid-child")]
[MASTER] 08:52:43.829 [Thread-3] ERROR ExternalProcessHandler - INFO: waitForElementBeingPresentOnPage timeout exception: unable to locate the element By.xpath: //div[contains(@class,"liquid-child")]


[MASTER] 08:52:43.829 [Thread-3] ERROR ExternalProcessHandler - 


[MASTER] 08:52:43.829 [Thread-3] ERROR ExternalProcessHandler - 

[MASTER] 08:52:44.867 [logback-2] ERROR TestCaseExecutor - TG: Exception caught: 
java.lang.IllegalStateException: Test generation failed: page object bug.
	at org.evosuite.testcase.execution.TestCaseExecutor.runTest(TestCaseExecutor.java:320) ~[evosuite-client-1.0.4-SNAPSHOT.jar:na]
	at org.evosuite.testcase.TestFitnessFunction.runTest(TestFitnessFunction.java:91) [evosuite-client-1.0.4-SNAPSHOT.jar:na]
	at org.evosuite.testcase.TestFitnessFunction.getFitness(TestFitnessFunction.java:60) [evosuite-client-1.0.4-SNAPSHOT.jar:na]
	at org.evosuite.testcase.TestFitnessFunction.getFitness(TestFitnessFunction.java:34) [evosuite-client-1.0.4-SNAPSHOT.jar:na]
	at org.evosuite.ga.metaheuristics.art.AdaptiveRandomSearch.calculateFitness(AdaptiveRandomSearch.java:312) [evosuite-client-1.0.4-SNAPSHOT.jar:na]
	at org.evosuite.ga.metaheuristics.art.AdaptiveRandomSearch.evolve(AdaptiveRandomSearch.java:139) [evosuite-client-1.0.4-SNAPSHOT.jar:na]
	at org.evosuite.ga.metaheuristics.art.AdaptiveRandomSearch.generateSolution(AdaptiveRandomSearch.java:270) [evosuite-client-1.0.4-SNAPSHOT.jar:na]
	at org.evosuite.strategy.AdaptiveRandomTestStrategy.generateTests(AdaptiveRandomTestStrategy.java:118) [evosuite-client-1.0.4-SNAPSHOT.jar:na]
	at org.evosuite.TestSuiteGenerator.generateTests(TestSuiteGenerator.java:654) [evosuite-client-1.0.4-SNAPSHOT.jar:na]
	at org.evosuite.TestSuiteGenerator.generateTestSuite(TestSuiteGenerator.java:213) [evosuite-client-1.0.4-SNAPSHOT.jar:na]
	at org.evosuite.rmi.service.ClientNodeImpl$1.run(ClientNodeImpl.java:145) [evosuite-client-1.0.4-SNAPSHOT.jar:na]
	at java.util.concurrent.Executors$RunnableAdapter.call(Executors.java:511) [na:1.8.0_242]
	at java.util.concurrent.FutureTask.run(FutureTask.java:266) [na:1.8.0_242]
	at java.util.concurrent.ThreadPoolExecutor.runWorker(ThreadPoolExecutor.java:1149) [na:1.8.0_242]
	at java.util.concurrent.ThreadPoolExecutor$Worker.run(ThreadPoolExecutor.java:624) [na:1.8.0_242]
	at java.lang.Thread.run(Thread.java:748) [na:1.8.0_242]
[MASTER] 08:52:44.867 [logback-2] ERROR ClientNodeImpl - Error when generating tests for: main.ClassUnderTest with seed 1582706760782. Configuration id : null
java.lang.Error: java.lang.IllegalStateException: Test generation failed: page object bug.
	at org.evosuite.testcase.execution.TestCaseExecutor.runTest(TestCaseExecutor.java:336) ~[evosuite-client-1.0.4-SNAPSHOT.jar:na]
	at org.evosuite.testcase.TestFitnessFunction.runTest(TestFitnessFunction.java:91) ~[evosuite-client-1.0.4-SNAPSHOT.jar:na]
	at org.evosuite.testcase.TestFitnessFunction.getFitness(TestFitnessFunction.java:60) ~[evosuite-client-1.0.4-SNAPSHOT.jar:na]
	at org.evosuite.testcase.TestFitnessFunction.getFitness(TestFitnessFunction.java:34) ~[evosuite-client-1.0.4-SNAPSHOT.jar:na]
	at org.evosuite.ga.metaheuristics.art.AdaptiveRandomSearch.calculateFitness(AdaptiveRandomSearch.java:312) ~[evosuite-client-1.0.4-SNAPSHOT.jar:na]
	at org.evosuite.ga.metaheuristics.art.AdaptiveRandomSearch.evolve(AdaptiveRandomSearch.java:139) ~[evosuite-client-1.0.4-SNAPSHOT.jar:na]
	at org.evosuite.ga.metaheuristics.art.AdaptiveRandomSearch.generateSolution(AdaptiveRandomSearch.java:270) ~[evosuite-client-1.0.4-SNAPSHOT.jar:na]
	at org.evosuite.strategy.AdaptiveRandomTestStrategy.generateTests(AdaptiveRandomTestStrategy.java:118) ~[evosuite-client-1.0.4-SNAPSHOT.jar:na]
	at org.evosuite.TestSuiteGenerator.generateTests(TestSuiteGenerator.java:654) ~[evosuite-client-1.0.4-SNAPSHOT.jar:na]
	at org.evosuite.TestSuiteGenerator.generateTestSuite(TestSuiteGenerator.java:213) ~[evosuite-client-1.0.4-SNAPSHOT.jar:na]
	at org.evosuite.rmi.service.ClientNodeImpl$1.run(ClientNodeImpl.java:145) ~[evosuite-client-1.0.4-SNAPSHOT.jar:na]
	at java.util.concurrent.Executors$RunnableAdapter.call(Executors.java:511) [na:1.8.0_242]
	at java.util.concurrent.FutureTask.run(FutureTask.java:266) [na:1.8.0_242]
	at java.util.concurrent.ThreadPoolExecutor.runWorker(ThreadPoolExecutor.java:1149) [na:1.8.0_242]
	at java.util.concurrent.ThreadPoolExecutor$Worker.run(ThreadPoolExecutor.java:624) [na:1.8.0_242]
	at java.lang.Thread.run(Thread.java:748) [na:1.8.0_242]
Caused by: java.lang.IllegalStateException: Test generation failed: page object bug.
	at org.evosuite.testcase.execution.TestCaseExecutor.runTest(TestCaseExecutor.java:320) ~[evosuite-client-1.0.4-SNAPSHOT.jar:na]
	... 15 common frames omitted
[MASTER] 08:52:44.978 [main] ERROR SearchStatistics - No statistics has been saved because EvoSuite failed to generate any test case
[MASTER] 08:52:45.080 [main] ERROR TestGeneration - failed to write statistics data
