SLF4J: Class path contains multiple SLF4J bindings.
SLF4J: Found binding in [jar:file:/home/ubuntu/.m2/repository/ch/qos/logback/logback-classic/1.1.3/logback-classic-1.1.3.jar!/org/slf4j/impl/StaticLoggerBinder.class]
SLF4J: Found binding in [jar:file:/home/ubuntu/.m2/repository/org/evosuite/evosuite-master/1.0.4-SNAPSHOT/evosuite-master-1.0.4-SNAPSHOT.jar!/org/slf4j/impl/StaticLoggerBinder.class]
SLF4J: See http://www.slf4j.org/codes.html#multiple_bindings for an explanation.
SLF4J: Actual binding is of type [ch.qos.logback.classic.util.ContextSelectorStaticBinder]
SLF4J: Class path contains multiple SLF4J bindings.
[MASTER] 09:51:12.614 [Thread-3] ERROR ExternalProcessHandler - SLF4J: Class path contains multiple SLF4J bindings.

SLF4J: Found binding in [jar:file:/home/ubuntu/.m2/repository/ch/qos/logback/logback-classic/1.1.3/logback-classic-1.1.3.jar!/org/slf4j/impl/StaticLoggerBinder.class]
[MASTER] 09:51:12.616 [Thread-3] ERROR ExternalProcessHandler - SLF4J: Found binding in [jar:file:/home/ubuntu/.m2/repository/ch/qos/logback/logback-classic/1.1.3/logback-classic-1.1.3.jar!/org/slf4j/impl/StaticLoggerBinder.class]

SLF4J: Found binding in [jar:file:/home/ubuntu/.m2/repository/org/evosuite/evosuite-master/1.0.4-SNAPSHOT/evosuite-master-1.0.4-SNAPSHOT.jar!/org/slf4j/impl/StaticLoggerBinder.class]
[MASTER] 09:51:12.617 [Thread-3] ERROR ExternalProcessHandler - SLF4J: Found binding in [jar:file:/home/ubuntu/.m2/repository/org/evosuite/evosuite-master/1.0.4-SNAPSHOT/evosuite-master-1.0.4-SNAPSHOT.jar!/org/slf4j/impl/StaticLoggerBinder.class]

SLF4J: See http://www.slf4j.org/codes.html#multiple_bindings for an explanation.
[MASTER] 09:51:12.617 [Thread-3] ERROR ExternalProcessHandler - SLF4J: See http://www.slf4j.org/codes.html#multiple_bindings for an explanation.

SLF4J: Actual binding is of type [ch.qos.logback.classic.util.ContextSelectorStaticBinder]
[MASTER] 09:51:27.876 [Thread-3] ERROR ExternalProcessHandler - SLF4J: Actual binding is of type [ch.qos.logback.classic.util.ContextSelectorStaticBinder]

Feb 26, 2020 9:52:16 AM org.openqa.selenium.remote.ProtocolHandshake createSession
[MASTER] 09:52:16.951 [Thread-3] ERROR ExternalProcessHandler - Feb 26, 2020 9:52:16 AM org.openqa.selenium.remote.ProtocolHandshake createSession

INFO: Detected dialect: OSS
[MASTER] 09:52:16.952 [Thread-3] ERROR ExternalProcessHandler - INFO: Detected dialect: OSS

Feb 26, 2020 9:52:19 AM org.openqa.selenium.remote.ProtocolHandshake createSession
[MASTER] 09:52:19.075 [Thread-3] ERROR ExternalProcessHandler - Feb 26, 2020 9:52:19 AM org.openqa.selenium.remote.ProtocolHandshake createSession

INFO: Detected dialect: OSS
[MASTER] 09:52:19.076 [Thread-3] ERROR ExternalProcessHandler - INFO: Detected dialect: OSS

Exception in thread "Thread-3" java.lang.ClassCastException: org.evosuite.testcase.TestChromosome cannot be cast to org.evosuite.testsuite.TestSuiteChromosome
[MASTER] 09:52:19.233 [Thread-3] ERROR ExternalProcessHandler - Exception in thread "Thread-3" java.lang.ClassCastException: org.evosuite.testcase.TestChromosome cannot be cast to org.evosuite.testsuite.TestSuiteChromosome

	at org.evosuite.statistics.SearchStatistics.currentIndividual(SearchStatistics.java:181)
[MASTER] 09:52:19.234 [Thread-3] ERROR ExternalProcessHandler - 	at org.evosuite.statistics.SearchStatistics.currentIndividual(SearchStatistics.java:181)

	at org.evosuite.rmi.service.MasterNodeImpl.evosuite_collectStatistics(MasterNodeImpl.java:166)
[MASTER] 09:52:19.234 [Thread-3] ERROR ExternalProcessHandler - 	at org.evosuite.rmi.service.MasterNodeImpl.evosuite_collectStatistics(MasterNodeImpl.java:166)

	at sun.reflect.NativeMethodAccessorImpl.invoke0(Native Method)
[MASTER] 09:52:19.234 [Thread-3] ERROR ExternalProcessHandler - 	at sun.reflect.NativeMethodAccessorImpl.invoke0(Native Method)

	at sun.reflect.NativeMethodAccessorImpl.invoke(NativeMethodAccessorImpl.java:62)
[MASTER] 09:52:19.235 [Thread-3] ERROR ExternalProcessHandler - 	at sun.reflect.NativeMethodAccessorImpl.invoke(NativeMethodAccessorImpl.java:62)

	at sun.reflect.DelegatingMethodAccessorImpl.invoke(DelegatingMethodAccessorImpl.java:43)
[MASTER] 09:52:19.235 [Thread-3] ERROR ExternalProcessHandler - 	at sun.reflect.DelegatingMethodAccessorImpl.invoke(DelegatingMethodAccessorImpl.java:43)

	at java.lang.reflect.Method.invoke(Method.java:498)
[MASTER] 09:52:19.235 [Thread-3] ERROR ExternalProcessHandler - 	at java.lang.reflect.Method.invoke(Method.java:498)

	at sun.rmi.server.UnicastServerRef.dispatch(UnicastServerRef.java:357)
[MASTER] 09:52:19.236 [Thread-3] ERROR ExternalProcessHandler - 	at sun.rmi.server.UnicastServerRef.dispatch(UnicastServerRef.java:357)

	at sun.rmi.transport.Transport$1.run(Transport.java:200)
[MASTER] 09:52:19.236 [Thread-3] ERROR ExternalProcessHandler - 	at sun.rmi.transport.Transport$1.run(Transport.java:200)

	at sun.rmi.transport.Transport$1.run(Transport.java:197)
[MASTER] 09:52:19.236 [Thread-3] ERROR ExternalProcessHandler - 	at sun.rmi.transport.Transport$1.run(Transport.java:197)

	at java.security.AccessController.doPrivileged(Native Method)
[MASTER] 09:52:19.236 [Thread-3] ERROR ExternalProcessHandler - 	at java.security.AccessController.doPrivileged(Native Method)

	at sun.rmi.transport.Transport.serviceCall(Transport.java:196)
[MASTER] 09:52:19.236 [Thread-3] ERROR ExternalProcessHandler - 	at sun.rmi.transport.Transport.serviceCall(Transport.java:196)

	at sun.rmi.transport.tcp.TCPTransport.handleMessages(TCPTransport.java:573)
[MASTER] 09:52:19.236 [Thread-3] ERROR ExternalProcessHandler - 	at sun.rmi.transport.tcp.TCPTransport.handleMessages(TCPTransport.java:573)

	at sun.rmi.transport.tcp.TCPTransport$ConnectionHandler.run0(TCPTransport.java:834)
[MASTER] 09:52:19.237 [Thread-3] ERROR ExternalProcessHandler - 	at sun.rmi.transport.tcp.TCPTransport$ConnectionHandler.run0(TCPTransport.java:834)

	at sun.rmi.transport.tcp.TCPTransport$ConnectionHandler.lambda$run$0(TCPTransport.java:688)
[MASTER] 09:52:19.237 [Thread-3] ERROR ExternalProcessHandler - 	at sun.rmi.transport.tcp.TCPTransport$ConnectionHandler.lambda$run$0(TCPTransport.java:688)

	at java.security.AccessController.doPrivileged(Native Method)
[MASTER] 09:52:19.237 [Thread-3] ERROR ExternalProcessHandler - 	at java.security.AccessController.doPrivileged(Native Method)

	at sun.rmi.transport.tcp.TCPTransport$ConnectionHandler.run(TCPTransport.java:687)
[MASTER] 09:52:19.237 [Thread-3] ERROR ExternalProcessHandler - 	at sun.rmi.transport.tcp.TCPTransport$ConnectionHandler.run(TCPTransport.java:687)

	at java.util.concurrent.ThreadPoolExecutor.runWorker(ThreadPoolExecutor.java:1149)
[MASTER] 09:52:19.237 [Thread-3] ERROR ExternalProcessHandler - 	at java.util.concurrent.ThreadPoolExecutor.runWorker(ThreadPoolExecutor.java:1149)

	at java.util.concurrent.ThreadPoolExecutor$Worker.run(ThreadPoolExecutor.java:624)
[MASTER] 09:52:19.238 [Thread-3] ERROR ExternalProcessHandler - 	at java.util.concurrent.ThreadPoolExecutor$Worker.run(ThreadPoolExecutor.java:624)

	at java.lang.Thread.run(Thread.java:748)
[MASTER] 09:52:19.238 [Thread-3] ERROR ExternalProcessHandler - 	at java.lang.Thread.run(Thread.java:748)

	at sun.rmi.transport.StreamRemoteCall.exceptionReceivedFromServer(StreamRemoteCall.java:303)
[MASTER] 09:52:19.238 [Thread-3] ERROR ExternalProcessHandler - 	at sun.rmi.transport.StreamRemoteCall.exceptionReceivedFromServer(StreamRemoteCall.java:303)

	at sun.rmi.transport.StreamRemoteCall.executeCall(StreamRemoteCall.java:279)
[MASTER] 09:52:19.238 [Thread-3] ERROR ExternalProcessHandler - 	at sun.rmi.transport.StreamRemoteCall.executeCall(StreamRemoteCall.java:279)

	at sun.rmi.server.UnicastRef.invoke(UnicastRef.java:164)
[MASTER] 09:52:19.238 [Thread-3] ERROR ExternalProcessHandler - 	at sun.rmi.server.UnicastRef.invoke(UnicastRef.java:164)

	at java.rmi.server.RemoteObjectInvocationHandler.invokeRemoteMethod(RemoteObjectInvocationHandler.java:235)
[MASTER] 09:52:19.239 [Thread-3] ERROR ExternalProcessHandler - 	at java.rmi.server.RemoteObjectInvocationHandler.invokeRemoteMethod(RemoteObjectInvocationHandler.java:235)

	at java.rmi.server.RemoteObjectInvocationHandler.invoke(RemoteObjectInvocationHandler.java:180)
[MASTER] 09:52:19.239 [Thread-3] ERROR ExternalProcessHandler - 	at java.rmi.server.RemoteObjectInvocationHandler.invoke(RemoteObjectInvocationHandler.java:180)

	at com.sun.proxy.$Proxy7.evosuite_collectStatistics(Unknown Source)
[MASTER] 09:52:19.239 [Thread-3] ERROR ExternalProcessHandler - 	at com.sun.proxy.$Proxy7.evosuite_collectStatistics(Unknown Source)

	at org.evosuite.rmi.service.ClientNodeImpl.updateStatistics(ClientNodeImpl.java:237)
[MASTER] 09:52:19.239 [Thread-3] ERROR ExternalProcessHandler - 	at org.evosuite.rmi.service.ClientNodeImpl.updateStatistics(ClientNodeImpl.java:237)

	at org.evosuite.statistics.StatisticsSender.sendIndividualToMaster(StatisticsSender.java:75)
[MASTER] 09:52:19.239 [Thread-3] ERROR ExternalProcessHandler - 	at org.evosuite.statistics.StatisticsSender.sendIndividualToMaster(StatisticsSender.java:75)

	at org.evosuite.statistics.StatisticsListener$1.run(StatisticsListener.java:71)
[MASTER] 09:52:19.240 [Thread-3] ERROR ExternalProcessHandler - 	at org.evosuite.statistics.StatisticsListener$1.run(StatisticsListener.java:71)

Feb 26, 2020 9:52:45 AM po_utils.PageObjectLogging logInfo
[MASTER] 09:52:45.386 [Thread-3] ERROR ExternalProcessHandler - Feb 26, 2020 9:52:45 AM po_utils.PageObjectLogging logInfo

INFO: waitForElementBeingPresentOnPage timeout exception: unable to locate the element By.xpath: //input[@placeholder="Example: Trip to Barcelona"]
[MASTER] 09:52:45.387 [Thread-3] ERROR ExternalProcessHandler - INFO: waitForElementBeingPresentOnPage timeout exception: unable to locate the element By.xpath: //input[@placeholder="Example: Trip to Barcelona"]


[MASTER] 09:52:45.387 [Thread-3] ERROR ExternalProcessHandler - 


[MASTER] 09:52:45.387 [Thread-3] ERROR ExternalProcessHandler - 

Feb 26, 2020 9:52:50 AM org.openqa.selenium.remote.ProtocolHandshake createSession
[MASTER] 09:52:50.713 [Thread-3] ERROR ExternalProcessHandler - Feb 26, 2020 9:52:50 AM org.openqa.selenium.remote.ProtocolHandshake createSession

INFO: Detected dialect: OSS
[MASTER] 09:52:50.713 [Thread-3] ERROR ExternalProcessHandler - INFO: Detected dialect: OSS

Feb 26, 2020 9:53:04 AM org.openqa.selenium.remote.ProtocolHandshake createSession
[MASTER] 09:53:04.833 [Thread-3] ERROR ExternalProcessHandler - Feb 26, 2020 9:53:04 AM org.openqa.selenium.remote.ProtocolHandshake createSession

INFO: Detected dialect: OSS
[MASTER] 09:53:04.833 [Thread-3] ERROR ExternalProcessHandler - INFO: Detected dialect: OSS

Feb 26, 2020 9:53:08 AM org.openqa.selenium.remote.ProtocolHandshake createSession
[MASTER] 09:53:08.627 [Thread-3] ERROR ExternalProcessHandler - Feb 26, 2020 9:53:08 AM org.openqa.selenium.remote.ProtocolHandshake createSession

INFO: Detected dialect: OSS
[MASTER] 09:53:08.627 [Thread-3] ERROR ExternalProcessHandler - INFO: Detected dialect: OSS

Feb 26, 2020 9:53:11 AM org.openqa.selenium.remote.ProtocolHandshake createSession
[MASTER] 09:53:11.703 [Thread-3] ERROR ExternalProcessHandler - Feb 26, 2020 9:53:11 AM org.openqa.selenium.remote.ProtocolHandshake createSession

INFO: Detected dialect: OSS
[MASTER] 09:53:11.703 [Thread-3] ERROR ExternalProcessHandler - INFO: Detected dialect: OSS

Feb 26, 2020 9:53:14 AM org.openqa.selenium.remote.ProtocolHandshake createSession
[MASTER] 09:53:14.663 [Thread-3] ERROR ExternalProcessHandler - Feb 26, 2020 9:53:14 AM org.openqa.selenium.remote.ProtocolHandshake createSession

INFO: Detected dialect: OSS
[MASTER] 09:53:14.663 [Thread-3] ERROR ExternalProcessHandler - INFO: Detected dialect: OSS

Feb 26, 2020 9:53:18 AM po_utils.PageObjectLogging logInfo
[MASTER] 09:53:18.346 [Thread-3] ERROR ExternalProcessHandler - Feb 26, 2020 9:53:18 AM po_utils.PageObjectLogging logInfo

INFO: waitForElementBeingPresentOnPage timeout exception: unable to locate the element By.xpath: //div[contains(@class,"liquid-child")]
[MASTER] 09:53:18.346 [Thread-3] ERROR ExternalProcessHandler - INFO: waitForElementBeingPresentOnPage timeout exception: unable to locate the element By.xpath: //div[contains(@class,"liquid-child")]


[MASTER] 09:53:18.346 [Thread-3] ERROR ExternalProcessHandler - 


[MASTER] 09:53:18.346 [Thread-3] ERROR ExternalProcessHandler - 

Feb 26, 2020 9:53:25 AM po_utils.PageObjectLogging logInfo
[MASTER] 09:53:25.079 [Thread-3] ERROR ExternalProcessHandler - Feb 26, 2020 9:53:25 AM po_utils.PageObjectLogging logInfo

INFO: waitForElementBeingPresentOnPage timeout exception: unable to locate the element By.xpath: //div[contains(@class,"liquid-child")]
[MASTER] 09:53:25.079 [Thread-3] ERROR ExternalProcessHandler - INFO: waitForElementBeingPresentOnPage timeout exception: unable to locate the element By.xpath: //div[contains(@class,"liquid-child")]


[MASTER] 09:53:25.079 [Thread-3] ERROR ExternalProcessHandler - 


[MASTER] 09:53:25.079 [Thread-3] ERROR ExternalProcessHandler - 

Feb 26, 2020 9:53:25 AM org.openqa.selenium.remote.ProtocolHandshake createSession
[MASTER] 09:53:25.287 [Thread-3] ERROR ExternalProcessHandler - Feb 26, 2020 9:53:25 AM org.openqa.selenium.remote.ProtocolHandshake createSession

INFO: Detected dialect: OSS
[MASTER] 09:53:25.287 [Thread-3] ERROR ExternalProcessHandler - INFO: Detected dialect: OSS

Feb 26, 2020 9:53:31 AM po_utils.PageObjectLogging logInfo
[MASTER] 09:53:31.926 [Thread-3] ERROR ExternalProcessHandler - Feb 26, 2020 9:53:31 AM po_utils.PageObjectLogging logInfo

INFO: waitForElementBeingPresentOnPage timeout exception: unable to locate the element By.xpath: //div[contains(@class,"liquid-child")]
[MASTER] 09:53:31.926 [Thread-3] ERROR ExternalProcessHandler - INFO: waitForElementBeingPresentOnPage timeout exception: unable to locate the element By.xpath: //div[contains(@class,"liquid-child")]


[MASTER] 09:53:31.926 [Thread-3] ERROR ExternalProcessHandler - 


[MASTER] 09:53:31.926 [Thread-3] ERROR ExternalProcessHandler - 

Feb 26, 2020 9:53:39 AM po_utils.PageObjectLogging logInfo
[MASTER] 09:53:39.787 [Thread-3] ERROR ExternalProcessHandler - Feb 26, 2020 9:53:39 AM po_utils.PageObjectLogging logInfo

INFO: waitForElementBeingPresentOnPage timeout exception: unable to locate the element By.xpath: //div[contains(@class,"liquid-child")]
[MASTER] 09:53:39.787 [Thread-3] ERROR ExternalProcessHandler - INFO: waitForElementBeingPresentOnPage timeout exception: unable to locate the element By.xpath: //div[contains(@class,"liquid-child")]


[MASTER] 09:53:39.788 [Thread-3] ERROR ExternalProcessHandler - 


[MASTER] 09:53:39.788 [Thread-3] ERROR ExternalProcessHandler - 

Feb 26, 2020 9:53:41 AM org.openqa.selenium.remote.ProtocolHandshake createSession
[MASTER] 09:53:41.818 [Thread-3] ERROR ExternalProcessHandler - Feb 26, 2020 9:53:41 AM org.openqa.selenium.remote.ProtocolHandshake createSession

INFO: Detected dialect: OSS
[MASTER] 09:53:41.818 [Thread-3] ERROR ExternalProcessHandler - INFO: Detected dialect: OSS

Feb 26, 2020 9:53:51 AM po_utils.PageObjectLogging logInfo
[MASTER] 09:53:51.138 [Thread-3] ERROR ExternalProcessHandler - Feb 26, 2020 9:53:51 AM po_utils.PageObjectLogging logInfo

INFO: waitForElementBeingPresentOnPage timeout exception: unable to locate the element By.xpath: //div[contains(@class,"liquid-child")]
[MASTER] 09:53:51.139 [Thread-3] ERROR ExternalProcessHandler - INFO: waitForElementBeingPresentOnPage timeout exception: unable to locate the element By.xpath: //div[contains(@class,"liquid-child")]


[MASTER] 09:53:51.139 [Thread-3] ERROR ExternalProcessHandler - 


[MASTER] 09:53:51.139 [Thread-3] ERROR ExternalProcessHandler - 

Feb 26, 2020 9:54:00 AM po_utils.PageObjectLogging logInfo
[MASTER] 09:54:00.156 [Thread-3] ERROR ExternalProcessHandler - Feb 26, 2020 9:54:00 AM po_utils.PageObjectLogging logInfo

INFO: waitForElementBeingPresentOnPage timeout exception: unable to locate the element By.xpath: //div[contains(@class,"liquid-child")]
[MASTER] 09:54:00.157 [Thread-3] ERROR ExternalProcessHandler - INFO: waitForElementBeingPresentOnPage timeout exception: unable to locate the element By.xpath: //div[contains(@class,"liquid-child")]


[MASTER] 09:54:00.157 [Thread-3] ERROR ExternalProcessHandler - 


[MASTER] 09:54:00.157 [Thread-3] ERROR ExternalProcessHandler - 

Feb 26, 2020 9:54:03 AM org.openqa.selenium.remote.ProtocolHandshake createSession
[MASTER] 09:54:03.998 [Thread-3] ERROR ExternalProcessHandler - Feb 26, 2020 9:54:03 AM org.openqa.selenium.remote.ProtocolHandshake createSession

INFO: Detected dialect: OSS
[MASTER] 09:54:03.998 [Thread-3] ERROR ExternalProcessHandler - INFO: Detected dialect: OSS

Feb 26, 2020 9:54:15 AM po_utils.PageObjectLogging logInfo
[MASTER] 09:54:15.035 [Thread-3] ERROR ExternalProcessHandler - Feb 26, 2020 9:54:15 AM po_utils.PageObjectLogging logInfo

INFO: waitForElementBeingPresentOnPage timeout exception: unable to locate the element By.xpath: //div[contains(@class,"liquid-child")]
[MASTER] 09:54:15.036 [Thread-3] ERROR ExternalProcessHandler - INFO: waitForElementBeingPresentOnPage timeout exception: unable to locate the element By.xpath: //div[contains(@class,"liquid-child")]


[MASTER] 09:54:15.036 [Thread-3] ERROR ExternalProcessHandler - 


[MASTER] 09:54:15.036 [Thread-3] ERROR ExternalProcessHandler - 

Feb 26, 2020 9:54:25 AM po_utils.PageObjectLogging logInfo
[MASTER] 09:54:25.206 [Thread-3] ERROR ExternalProcessHandler - Feb 26, 2020 9:54:25 AM po_utils.PageObjectLogging logInfo

INFO: waitForElementBeingPresentOnPage timeout exception: unable to locate the element By.xpath: //div[contains(@class,"liquid-child")]
[MASTER] 09:54:25.206 [Thread-3] ERROR ExternalProcessHandler - INFO: waitForElementBeingPresentOnPage timeout exception: unable to locate the element By.xpath: //div[contains(@class,"liquid-child")]


[MASTER] 09:54:25.206 [Thread-3] ERROR ExternalProcessHandler - 


[MASTER] 09:54:25.206 [Thread-3] ERROR ExternalProcessHandler - 

[MASTER] 09:54:30.805 [logback-2] ERROR TestCaseExecutor - TG: Exception caught: 
java.lang.IllegalStateException: Test generation failed: page object bug.
	at org.evosuite.testcase.execution.TestCaseExecutor.runTest(TestCaseExecutor.java:320) ~[evosuite-client-1.0.4-SNAPSHOT.jar:na]
	at org.evosuite.testcase.TestFitnessFunction.runTest(TestFitnessFunction.java:91) [evosuite-client-1.0.4-SNAPSHOT.jar:na]
	at org.evosuite.testcase.TestFitnessFunction.getFitness(TestFitnessFunction.java:60) [evosuite-client-1.0.4-SNAPSHOT.jar:na]
	at org.evosuite.testcase.TestFitnessFunction.getFitness(TestFitnessFunction.java:34) [evosuite-client-1.0.4-SNAPSHOT.jar:na]
	at org.evosuite.ga.metaheuristics.art.AdaptiveRandomSearch.calculateFitness(AdaptiveRandomSearch.java:312) [evosuite-client-1.0.4-SNAPSHOT.jar:na]
	at org.evosuite.ga.metaheuristics.art.AdaptiveRandomSearch.evolve(AdaptiveRandomSearch.java:139) [evosuite-client-1.0.4-SNAPSHOT.jar:na]
	at org.evosuite.ga.metaheuristics.art.AdaptiveRandomSearch.generateSolution(AdaptiveRandomSearch.java:270) [evosuite-client-1.0.4-SNAPSHOT.jar:na]
	at org.evosuite.strategy.AdaptiveRandomTestStrategy.generateTests(AdaptiveRandomTestStrategy.java:118) [evosuite-client-1.0.4-SNAPSHOT.jar:na]
	at org.evosuite.TestSuiteGenerator.generateTests(TestSuiteGenerator.java:654) [evosuite-client-1.0.4-SNAPSHOT.jar:na]
	at org.evosuite.TestSuiteGenerator.generateTestSuite(TestSuiteGenerator.java:213) [evosuite-client-1.0.4-SNAPSHOT.jar:na]
	at org.evosuite.rmi.service.ClientNodeImpl$1.run(ClientNodeImpl.java:145) [evosuite-client-1.0.4-SNAPSHOT.jar:na]
	at java.util.concurrent.Executors$RunnableAdapter.call(Executors.java:511) [na:1.8.0_242]
	at java.util.concurrent.FutureTask.run(FutureTask.java:266) [na:1.8.0_242]
	at java.util.concurrent.ThreadPoolExecutor.runWorker(ThreadPoolExecutor.java:1149) [na:1.8.0_242]
	at java.util.concurrent.ThreadPoolExecutor$Worker.run(ThreadPoolExecutor.java:624) [na:1.8.0_242]
	at java.lang.Thread.run(Thread.java:748) [na:1.8.0_242]
[MASTER] 09:54:30.811 [logback-2] ERROR ClientNodeImpl - Error when generating tests for: main.ClassUnderTest with seed 1582710708018. Configuration id : null
java.lang.Error: java.lang.IllegalStateException: Test generation failed: page object bug.
	at org.evosuite.testcase.execution.TestCaseExecutor.runTest(TestCaseExecutor.java:336) ~[evosuite-client-1.0.4-SNAPSHOT.jar:na]
	at org.evosuite.testcase.TestFitnessFunction.runTest(TestFitnessFunction.java:91) ~[evosuite-client-1.0.4-SNAPSHOT.jar:na]
	at org.evosuite.testcase.TestFitnessFunction.getFitness(TestFitnessFunction.java:60) ~[evosuite-client-1.0.4-SNAPSHOT.jar:na]
	at org.evosuite.testcase.TestFitnessFunction.getFitness(TestFitnessFunction.java:34) ~[evosuite-client-1.0.4-SNAPSHOT.jar:na]
	at org.evosuite.ga.metaheuristics.art.AdaptiveRandomSearch.calculateFitness(AdaptiveRandomSearch.java:312) ~[evosuite-client-1.0.4-SNAPSHOT.jar:na]
	at org.evosuite.ga.metaheuristics.art.AdaptiveRandomSearch.evolve(AdaptiveRandomSearch.java:139) ~[evosuite-client-1.0.4-SNAPSHOT.jar:na]
	at org.evosuite.ga.metaheuristics.art.AdaptiveRandomSearch.generateSolution(AdaptiveRandomSearch.java:270) ~[evosuite-client-1.0.4-SNAPSHOT.jar:na]
	at org.evosuite.strategy.AdaptiveRandomTestStrategy.generateTests(AdaptiveRandomTestStrategy.java:118) ~[evosuite-client-1.0.4-SNAPSHOT.jar:na]
	at org.evosuite.TestSuiteGenerator.generateTests(TestSuiteGenerator.java:654) ~[evosuite-client-1.0.4-SNAPSHOT.jar:na]
	at org.evosuite.TestSuiteGenerator.generateTestSuite(TestSuiteGenerator.java:213) ~[evosuite-client-1.0.4-SNAPSHOT.jar:na]
	at org.evosuite.rmi.service.ClientNodeImpl$1.run(ClientNodeImpl.java:145) ~[evosuite-client-1.0.4-SNAPSHOT.jar:na]
	at java.util.concurrent.Executors$RunnableAdapter.call(Executors.java:511) [na:1.8.0_242]
	at java.util.concurrent.FutureTask.run(FutureTask.java:266) [na:1.8.0_242]
	at java.util.concurrent.ThreadPoolExecutor.runWorker(ThreadPoolExecutor.java:1149) [na:1.8.0_242]
	at java.util.concurrent.ThreadPoolExecutor$Worker.run(ThreadPoolExecutor.java:624) [na:1.8.0_242]
	at java.lang.Thread.run(Thread.java:748) [na:1.8.0_242]
Caused by: java.lang.IllegalStateException: Test generation failed: page object bug.
	at org.evosuite.testcase.execution.TestCaseExecutor.runTest(TestCaseExecutor.java:320) ~[evosuite-client-1.0.4-SNAPSHOT.jar:na]
	... 15 common frames omitted
[MASTER] 09:54:30.920 [main] ERROR SearchStatistics - No statistics has been saved because EvoSuite failed to generate any test case
[MASTER] 09:54:31.021 [main] ERROR TestGeneration - failed to write statistics data
