SLF4J: Class path contains multiple SLF4J bindings.
SLF4J: Found binding in [jar:file:/home/ubuntu/.m2/repository/ch/qos/logback/logback-classic/1.1.3/logback-classic-1.1.3.jar!/org/slf4j/impl/StaticLoggerBinder.class]
SLF4J: Found binding in [jar:file:/home/ubuntu/.m2/repository/org/evosuite/evosuite-master/1.0.4-SNAPSHOT/evosuite-master-1.0.4-SNAPSHOT.jar!/org/slf4j/impl/StaticLoggerBinder.class]
SLF4J: See http://www.slf4j.org/codes.html#multiple_bindings for an explanation.
SLF4J: Actual binding is of type [ch.qos.logback.classic.util.ContextSelectorStaticBinder]
SLF4J: Class path contains multiple SLF4J bindings.
[MASTER] 19:33:18.262 [Thread-3] ERROR ExternalProcessHandler - SLF4J: Class path contains multiple SLF4J bindings.

SLF4J: Found binding in [jar:file:/home/ubuntu/.m2/repository/ch/qos/logback/logback-classic/1.1.3/logback-classic-1.1.3.jar!/org/slf4j/impl/StaticLoggerBinder.class]
[MASTER] 19:33:18.266 [Thread-3] ERROR ExternalProcessHandler - SLF4J: Found binding in [jar:file:/home/ubuntu/.m2/repository/ch/qos/logback/logback-classic/1.1.3/logback-classic-1.1.3.jar!/org/slf4j/impl/StaticLoggerBinder.class]

SLF4J: Found binding in [jar:file:/home/ubuntu/.m2/repository/org/evosuite/evosuite-master/1.0.4-SNAPSHOT/evosuite-master-1.0.4-SNAPSHOT.jar!/org/slf4j/impl/StaticLoggerBinder.class]
[MASTER] 19:33:18.269 [Thread-3] ERROR ExternalProcessHandler - SLF4J: Found binding in [jar:file:/home/ubuntu/.m2/repository/org/evosuite/evosuite-master/1.0.4-SNAPSHOT/evosuite-master-1.0.4-SNAPSHOT.jar!/org/slf4j/impl/StaticLoggerBinder.class]

SLF4J: See http://www.slf4j.org/codes.html#multiple_bindings for an explanation.
[MASTER] 19:33:18.271 [Thread-3] ERROR ExternalProcessHandler - SLF4J: See http://www.slf4j.org/codes.html#multiple_bindings for an explanation.

SLF4J: Actual binding is of type [ch.qos.logback.classic.util.ContextSelectorStaticBinder]
[MASTER] 19:33:33.576 [Thread-3] ERROR ExternalProcessHandler - SLF4J: Actual binding is of type [ch.qos.logback.classic.util.ContextSelectorStaticBinder]

May 05, 2020 7:34:25 PM org.openqa.selenium.remote.ProtocolHandshake createSession
[MASTER] 19:34:25.263 [Thread-3] ERROR ExternalProcessHandler - May 05, 2020 7:34:25 PM org.openqa.selenium.remote.ProtocolHandshake createSession

INFO: Detected dialect: OSS
[MASTER] 19:34:25.263 [Thread-3] ERROR ExternalProcessHandler - INFO: Detected dialect: OSS

May 05, 2020 7:34:52 PM po_utils.PageObjectLogging logInfo
[MASTER] 19:34:52.004 [Thread-3] ERROR ExternalProcessHandler - May 05, 2020 7:34:52 PM po_utils.PageObjectLogging logInfo

INFO: waitForElementBeingPresentOnPage timeout exception: unable to locate the element By.xpath: //input[@placeholder="Example: Trip to Barcelona"]
[MASTER] 19:34:52.004 [Thread-3] ERROR ExternalProcessHandler - INFO: waitForElementBeingPresentOnPage timeout exception: unable to locate the element By.xpath: //input[@placeholder="Example: Trip to Barcelona"]


[MASTER] 19:34:52.004 [Thread-3] ERROR ExternalProcessHandler - 


[MASTER] 19:34:52.004 [Thread-3] ERROR ExternalProcessHandler - 

May 05, 2020 7:34:52 PM org.openqa.selenium.remote.ProtocolHandshake createSession
[MASTER] 19:34:52.496 [Thread-3] ERROR ExternalProcessHandler - May 05, 2020 7:34:52 PM org.openqa.selenium.remote.ProtocolHandshake createSession

INFO: Detected dialect: OSS
[MASTER] 19:34:52.496 [Thread-3] ERROR ExternalProcessHandler - INFO: Detected dialect: OSS

May 05, 2020 7:34:57 PM org.openqa.selenium.remote.ProtocolHandshake createSession
[MASTER] 19:34:57.392 [Thread-3] ERROR ExternalProcessHandler - May 05, 2020 7:34:57 PM org.openqa.selenium.remote.ProtocolHandshake createSession

INFO: Detected dialect: OSS
[MASTER] 19:34:57.392 [Thread-3] ERROR ExternalProcessHandler - INFO: Detected dialect: OSS

Exception in thread "Thread-3" java.lang.ClassCastException: org.evosuite.testcase.TestChromosome cannot be cast to org.evosuite.testsuite.TestSuiteChromosome
[MASTER] 19:34:57.714 [Thread-3] ERROR ExternalProcessHandler - Exception in thread "Thread-3" java.lang.ClassCastException: org.evosuite.testcase.TestChromosome cannot be cast to org.evosuite.testsuite.TestSuiteChromosome

	at org.evosuite.statistics.SearchStatistics.currentIndividual(SearchStatistics.java:181)
[MASTER] 19:34:57.716 [Thread-3] ERROR ExternalProcessHandler - 	at org.evosuite.statistics.SearchStatistics.currentIndividual(SearchStatistics.java:181)

	at org.evosuite.rmi.service.MasterNodeImpl.evosuite_collectStatistics(MasterNodeImpl.java:166)
[MASTER] 19:34:57.717 [Thread-3] ERROR ExternalProcessHandler - 	at org.evosuite.rmi.service.MasterNodeImpl.evosuite_collectStatistics(MasterNodeImpl.java:166)

	at sun.reflect.NativeMethodAccessorImpl.invoke0(Native Method)
[MASTER] 19:34:57.717 [Thread-3] ERROR ExternalProcessHandler - 	at sun.reflect.NativeMethodAccessorImpl.invoke0(Native Method)

	at sun.reflect.NativeMethodAccessorImpl.invoke(NativeMethodAccessorImpl.java:62)
[MASTER] 19:34:57.718 [Thread-3] ERROR ExternalProcessHandler - 	at sun.reflect.NativeMethodAccessorImpl.invoke(NativeMethodAccessorImpl.java:62)

	at sun.reflect.DelegatingMethodAccessorImpl.invoke(DelegatingMethodAccessorImpl.java:43)
[MASTER] 19:34:57.718 [Thread-3] ERROR ExternalProcessHandler - 	at sun.reflect.DelegatingMethodAccessorImpl.invoke(DelegatingMethodAccessorImpl.java:43)

	at java.lang.reflect.Method.invoke(Method.java:498)
[MASTER] 19:34:57.718 [Thread-3] ERROR ExternalProcessHandler - 	at java.lang.reflect.Method.invoke(Method.java:498)

	at sun.rmi.server.UnicastServerRef.dispatch(UnicastServerRef.java:357)
[MASTER] 19:34:57.718 [Thread-3] ERROR ExternalProcessHandler - 	at sun.rmi.server.UnicastServerRef.dispatch(UnicastServerRef.java:357)

	at sun.rmi.transport.Transport$1.run(Transport.java:200)
[MASTER] 19:34:57.719 [Thread-3] ERROR ExternalProcessHandler - 	at sun.rmi.transport.Transport$1.run(Transport.java:200)

	at sun.rmi.transport.Transport$1.run(Transport.java:197)
[MASTER] 19:34:57.719 [Thread-3] ERROR ExternalProcessHandler - 	at sun.rmi.transport.Transport$1.run(Transport.java:197)

	at java.security.AccessController.doPrivileged(Native Method)
[MASTER] 19:34:57.719 [Thread-3] ERROR ExternalProcessHandler - 	at java.security.AccessController.doPrivileged(Native Method)

	at sun.rmi.transport.Transport.serviceCall(Transport.java:196)
[MASTER] 19:34:57.720 [Thread-3] ERROR ExternalProcessHandler - 	at sun.rmi.transport.Transport.serviceCall(Transport.java:196)

	at sun.rmi.transport.tcp.TCPTransport.handleMessages(TCPTransport.java:573)
[MASTER] 19:34:57.720 [Thread-3] ERROR ExternalProcessHandler - 	at sun.rmi.transport.tcp.TCPTransport.handleMessages(TCPTransport.java:573)

	at sun.rmi.transport.tcp.TCPTransport$ConnectionHandler.run0(TCPTransport.java:834)
[MASTER] 19:34:57.720 [Thread-3] ERROR ExternalProcessHandler - 	at sun.rmi.transport.tcp.TCPTransport$ConnectionHandler.run0(TCPTransport.java:834)

	at sun.rmi.transport.tcp.TCPTransport$ConnectionHandler.lambda$run$0(TCPTransport.java:688)
[MASTER] 19:34:57.721 [Thread-3] ERROR ExternalProcessHandler - 	at sun.rmi.transport.tcp.TCPTransport$ConnectionHandler.lambda$run$0(TCPTransport.java:688)

	at java.security.AccessController.doPrivileged(Native Method)
[MASTER] 19:34:57.721 [Thread-3] ERROR ExternalProcessHandler - 	at java.security.AccessController.doPrivileged(Native Method)

	at sun.rmi.transport.tcp.TCPTransport$ConnectionHandler.run(TCPTransport.java:687)
[MASTER] 19:34:57.721 [Thread-3] ERROR ExternalProcessHandler - 	at sun.rmi.transport.tcp.TCPTransport$ConnectionHandler.run(TCPTransport.java:687)

	at java.util.concurrent.ThreadPoolExecutor.runWorker(ThreadPoolExecutor.java:1149)
[MASTER] 19:34:57.722 [Thread-3] ERROR ExternalProcessHandler - 	at java.util.concurrent.ThreadPoolExecutor.runWorker(ThreadPoolExecutor.java:1149)

	at java.util.concurrent.ThreadPoolExecutor$Worker.run(ThreadPoolExecutor.java:624)
[MASTER] 19:34:57.722 [Thread-3] ERROR ExternalProcessHandler - 	at java.util.concurrent.ThreadPoolExecutor$Worker.run(ThreadPoolExecutor.java:624)

	at java.lang.Thread.run(Thread.java:748)
[MASTER] 19:34:57.722 [Thread-3] ERROR ExternalProcessHandler - 	at java.lang.Thread.run(Thread.java:748)

	at sun.rmi.transport.StreamRemoteCall.exceptionReceivedFromServer(StreamRemoteCall.java:283)
[MASTER] 19:34:57.722 [Thread-3] ERROR ExternalProcessHandler - 	at sun.rmi.transport.StreamRemoteCall.exceptionReceivedFromServer(StreamRemoteCall.java:283)

	at sun.rmi.transport.StreamRemoteCall.executeCall(StreamRemoteCall.java:260)
[MASTER] 19:34:57.723 [Thread-3] ERROR ExternalProcessHandler - 	at sun.rmi.transport.StreamRemoteCall.executeCall(StreamRemoteCall.java:260)

	at sun.rmi.server.UnicastRef.invoke(UnicastRef.java:161)
[MASTER] 19:34:57.723 [Thread-3] ERROR ExternalProcessHandler - 	at sun.rmi.server.UnicastRef.invoke(UnicastRef.java:161)

	at java.rmi.server.RemoteObjectInvocationHandler.invokeRemoteMethod(RemoteObjectInvocationHandler.java:227)
[MASTER] 19:34:57.723 [Thread-3] ERROR ExternalProcessHandler - 	at java.rmi.server.RemoteObjectInvocationHandler.invokeRemoteMethod(RemoteObjectInvocationHandler.java:227)

	at java.rmi.server.RemoteObjectInvocationHandler.invoke(RemoteObjectInvocationHandler.java:179)
[MASTER] 19:34:57.724 [Thread-3] ERROR ExternalProcessHandler - 	at java.rmi.server.RemoteObjectInvocationHandler.invoke(RemoteObjectInvocationHandler.java:179)

	at com.sun.proxy.$Proxy7.evosuite_collectStatistics(Unknown Source)
[MASTER] 19:34:57.724 [Thread-3] ERROR ExternalProcessHandler - 	at com.sun.proxy.$Proxy7.evosuite_collectStatistics(Unknown Source)

	at org.evosuite.rmi.service.ClientNodeImpl.updateStatistics(ClientNodeImpl.java:237)
[MASTER] 19:34:57.724 [Thread-3] ERROR ExternalProcessHandler - 	at org.evosuite.rmi.service.ClientNodeImpl.updateStatistics(ClientNodeImpl.java:237)

	at org.evosuite.statistics.StatisticsSender.sendIndividualToMaster(StatisticsSender.java:75)
[MASTER] 19:34:57.725 [Thread-3] ERROR ExternalProcessHandler - 	at org.evosuite.statistics.StatisticsSender.sendIndividualToMaster(StatisticsSender.java:75)

	at org.evosuite.statistics.StatisticsListener$1.run(StatisticsListener.java:71)
[MASTER] 19:34:57.725 [Thread-3] ERROR ExternalProcessHandler - 	at org.evosuite.statistics.StatisticsListener$1.run(StatisticsListener.java:71)

May 05, 2020 7:35:00 PM org.openqa.selenium.remote.ProtocolHandshake createSession
[MASTER] 19:35:00.001 [Thread-3] ERROR ExternalProcessHandler - May 05, 2020 7:35:00 PM org.openqa.selenium.remote.ProtocolHandshake createSession

INFO: Detected dialect: OSS
[MASTER] 19:35:00.001 [Thread-3] ERROR ExternalProcessHandler - INFO: Detected dialect: OSS

May 05, 2020 7:35:02 PM org.openqa.selenium.remote.ProtocolHandshake createSession
[MASTER] 19:35:02.700 [Thread-3] ERROR ExternalProcessHandler - May 05, 2020 7:35:02 PM org.openqa.selenium.remote.ProtocolHandshake createSession

INFO: Detected dialect: OSS
[MASTER] 19:35:02.700 [Thread-3] ERROR ExternalProcessHandler - INFO: Detected dialect: OSS

May 05, 2020 7:35:05 PM po_utils.PageObjectLogging logInfo
[MASTER] 19:35:05.961 [Thread-3] ERROR ExternalProcessHandler - May 05, 2020 7:35:05 PM po_utils.PageObjectLogging logInfo

INFO: waitForElementBeingPresentOnPage timeout exception: unable to locate the element By.xpath: //div[contains(@class,"liquid-child")]
[MASTER] 19:35:05.962 [Thread-3] ERROR ExternalProcessHandler - INFO: waitForElementBeingPresentOnPage timeout exception: unable to locate the element By.xpath: //div[contains(@class,"liquid-child")]


[MASTER] 19:35:05.962 [Thread-3] ERROR ExternalProcessHandler - 


[MASTER] 19:35:05.962 [Thread-3] ERROR ExternalProcessHandler - 

May 05, 2020 7:35:13 PM po_utils.PageObjectLogging logInfo
[MASTER] 19:35:13.906 [Thread-3] ERROR ExternalProcessHandler - May 05, 2020 7:35:13 PM po_utils.PageObjectLogging logInfo

INFO: waitForElementBeingPresentOnPage timeout exception: unable to locate the element By.xpath: //div[contains(@class,"liquid-child")]
[MASTER] 19:35:13.907 [Thread-3] ERROR ExternalProcessHandler - INFO: waitForElementBeingPresentOnPage timeout exception: unable to locate the element By.xpath: //div[contains(@class,"liquid-child")]


[MASTER] 19:35:13.907 [Thread-3] ERROR ExternalProcessHandler - 


[MASTER] 19:35:13.907 [Thread-3] ERROR ExternalProcessHandler - 

May 05, 2020 7:35:14 PM org.openqa.selenium.remote.ProtocolHandshake createSession
[MASTER] 19:35:14.182 [Thread-3] ERROR ExternalProcessHandler - May 05, 2020 7:35:14 PM org.openqa.selenium.remote.ProtocolHandshake createSession

INFO: Detected dialect: OSS
[MASTER] 19:35:14.182 [Thread-3] ERROR ExternalProcessHandler - INFO: Detected dialect: OSS

May 05, 2020 7:35:18 PM po_utils.PageObjectLogging logInfo
[MASTER] 19:35:18.121 [Thread-3] ERROR ExternalProcessHandler - May 05, 2020 7:35:18 PM po_utils.PageObjectLogging logInfo

INFO: waitForElementBeingPresentOnPage timeout exception: unable to locate the element By.xpath: //div[contains(@class,"liquid-child")]
[MASTER] 19:35:18.122 [Thread-3] ERROR ExternalProcessHandler - INFO: waitForElementBeingPresentOnPage timeout exception: unable to locate the element By.xpath: //div[contains(@class,"liquid-child")]


[MASTER] 19:35:18.122 [Thread-3] ERROR ExternalProcessHandler - 


[MASTER] 19:35:18.122 [Thread-3] ERROR ExternalProcessHandler - 

May 05, 2020 7:35:27 PM po_utils.PageObjectLogging logInfo
[MASTER] 19:35:27.476 [Thread-3] ERROR ExternalProcessHandler - May 05, 2020 7:35:27 PM po_utils.PageObjectLogging logInfo

INFO: waitForElementBeingPresentOnPage timeout exception: unable to locate the element By.xpath: //div[contains(@class,"liquid-child")]
[MASTER] 19:35:27.477 [Thread-3] ERROR ExternalProcessHandler - INFO: waitForElementBeingPresentOnPage timeout exception: unable to locate the element By.xpath: //div[contains(@class,"liquid-child")]


[MASTER] 19:35:27.477 [Thread-3] ERROR ExternalProcessHandler - 


[MASTER] 19:35:27.477 [Thread-3] ERROR ExternalProcessHandler - 

May 05, 2020 7:35:28 PM org.openqa.selenium.remote.ProtocolHandshake createSession
[MASTER] 19:35:28.131 [Thread-3] ERROR ExternalProcessHandler - May 05, 2020 7:35:28 PM org.openqa.selenium.remote.ProtocolHandshake createSession

INFO: Detected dialect: OSS
[MASTER] 19:35:28.131 [Thread-3] ERROR ExternalProcessHandler - INFO: Detected dialect: OSS

May 05, 2020 7:35:33 PM po_utils.PageObjectLogging logInfo
[MASTER] 19:35:33.351 [Thread-3] ERROR ExternalProcessHandler - May 05, 2020 7:35:33 PM po_utils.PageObjectLogging logInfo

INFO: waitForElementBeingPresentOnPage timeout exception: unable to locate the element By.xpath: //div[contains(@class,"liquid-child")]
[MASTER] 19:35:33.352 [Thread-3] ERROR ExternalProcessHandler - INFO: waitForElementBeingPresentOnPage timeout exception: unable to locate the element By.xpath: //div[contains(@class,"liquid-child")]


[MASTER] 19:35:33.352 [Thread-3] ERROR ExternalProcessHandler - 


[MASTER] 19:35:33.352 [Thread-3] ERROR ExternalProcessHandler - 

May 05, 2020 7:35:44 PM po_utils.PageObjectLogging logInfo
[MASTER] 19:35:44.435 [Thread-3] ERROR ExternalProcessHandler - May 05, 2020 7:35:44 PM po_utils.PageObjectLogging logInfo

INFO: waitForElementBeingPresentOnPage timeout exception: unable to locate the element By.xpath: //div[contains(@class,"liquid-child")]
[MASTER] 19:35:44.436 [Thread-3] ERROR ExternalProcessHandler - INFO: waitForElementBeingPresentOnPage timeout exception: unable to locate the element By.xpath: //div[contains(@class,"liquid-child")]


[MASTER] 19:35:44.436 [Thread-3] ERROR ExternalProcessHandler - 


[MASTER] 19:35:44.436 [Thread-3] ERROR ExternalProcessHandler - 

May 05, 2020 7:35:45 PM org.openqa.selenium.remote.ProtocolHandshake createSession
[MASTER] 19:35:45.548 [Thread-3] ERROR ExternalProcessHandler - May 05, 2020 7:35:45 PM org.openqa.selenium.remote.ProtocolHandshake createSession

INFO: Detected dialect: OSS
[MASTER] 19:35:45.548 [Thread-3] ERROR ExternalProcessHandler - INFO: Detected dialect: OSS

May 05, 2020 7:35:51 PM po_utils.PageObjectLogging logInfo
[MASTER] 19:35:51.997 [Thread-3] ERROR ExternalProcessHandler - May 05, 2020 7:35:51 PM po_utils.PageObjectLogging logInfo

INFO: waitForElementBeingPresentOnPage timeout exception: unable to locate the element By.xpath: //div[contains(@class,"liquid-child")]
[MASTER] 19:35:51.998 [Thread-3] ERROR ExternalProcessHandler - INFO: waitForElementBeingPresentOnPage timeout exception: unable to locate the element By.xpath: //div[contains(@class,"liquid-child")]


[MASTER] 19:35:51.998 [Thread-3] ERROR ExternalProcessHandler - 


[MASTER] 19:35:51.998 [Thread-3] ERROR ExternalProcessHandler - 

May 05, 2020 7:36:04 PM po_utils.PageObjectLogging logInfo
[MASTER] 19:36:04.425 [Thread-3] ERROR ExternalProcessHandler - May 05, 2020 7:36:04 PM po_utils.PageObjectLogging logInfo

INFO: waitForElementBeingPresentOnPage timeout exception: unable to locate the element By.xpath: //div[contains(@class,"liquid-child")]
[MASTER] 19:36:04.426 [Thread-3] ERROR ExternalProcessHandler - INFO: waitForElementBeingPresentOnPage timeout exception: unable to locate the element By.xpath: //div[contains(@class,"liquid-child")]


[MASTER] 19:36:04.426 [Thread-3] ERROR ExternalProcessHandler - 


[MASTER] 19:36:04.426 [Thread-3] ERROR ExternalProcessHandler - 

[MASTER] 19:36:05.882 [logback-2] ERROR TestCaseExecutor - TG: Exception caught: 
java.lang.IllegalStateException: Test generation failed: page object bug.
	at org.evosuite.testcase.execution.TestCaseExecutor.runTest(TestCaseExecutor.java:320) ~[evosuite-client-1.0.4-SNAPSHOT.jar:na]
	at org.evosuite.testcase.TestFitnessFunction.runTest(TestFitnessFunction.java:91) [evosuite-client-1.0.4-SNAPSHOT.jar:na]
	at org.evosuite.testcase.TestFitnessFunction.getFitness(TestFitnessFunction.java:60) [evosuite-client-1.0.4-SNAPSHOT.jar:na]
	at org.evosuite.testcase.TestFitnessFunction.getFitness(TestFitnessFunction.java:34) [evosuite-client-1.0.4-SNAPSHOT.jar:na]
	at org.evosuite.ga.metaheuristics.mosa.MOSA.calculateFitness(MOSA.java:155) [evosuite-client-1.0.4-SNAPSHOT.jar:na]
	at org.evosuite.ga.metaheuristics.mosa.AbstractMOSA.calculateFitness(AbstractMOSA.java:327) [evosuite-client-1.0.4-SNAPSHOT.jar:na]
	at org.evosuite.ga.metaheuristics.mosa.AbstractMOSA.initializePopulation(AbstractMOSA.java:437) [evosuite-client-1.0.4-SNAPSHOT.jar:na]
	at org.evosuite.ga.metaheuristics.mosa.MOSA.generateSolution(MOSA.java:194) [evosuite-client-1.0.4-SNAPSHOT.jar:na]
	at org.evosuite.strategy.MOSuiteStrategy.generateTests(MOSuiteStrategy.java:127) [evosuite-client-1.0.4-SNAPSHOT.jar:na]
	at org.evosuite.TestSuiteGenerator.generateTests(TestSuiteGenerator.java:654) [evosuite-client-1.0.4-SNAPSHOT.jar:na]
	at org.evosuite.TestSuiteGenerator.generateTestSuite(TestSuiteGenerator.java:213) [evosuite-client-1.0.4-SNAPSHOT.jar:na]
	at org.evosuite.rmi.service.ClientNodeImpl$1.run(ClientNodeImpl.java:145) [evosuite-client-1.0.4-SNAPSHOT.jar:na]
	at java.util.concurrent.Executors$RunnableAdapter.call(Executors.java:511) [na:1.8.0_212]
	at java.util.concurrent.FutureTask.run(FutureTask.java:266) [na:1.8.0_212]
	at java.util.concurrent.ThreadPoolExecutor.runWorker(ThreadPoolExecutor.java:1149) [na:1.8.0_212]
	at java.util.concurrent.ThreadPoolExecutor$Worker.run(ThreadPoolExecutor.java:624) [na:1.8.0_212]
	at java.lang.Thread.run(Thread.java:748) [na:1.8.0_212]
[MASTER] 19:36:05.889 [logback-2] ERROR ClientNodeImpl - Error when generating tests for: main.ClassUnderTestApogen with seed 1588707233743. Configuration id : null
java.lang.Error: java.lang.IllegalStateException: Test generation failed: page object bug.
	at org.evosuite.testcase.execution.TestCaseExecutor.runTest(TestCaseExecutor.java:336) ~[evosuite-client-1.0.4-SNAPSHOT.jar:na]
	at org.evosuite.testcase.TestFitnessFunction.runTest(TestFitnessFunction.java:91) ~[evosuite-client-1.0.4-SNAPSHOT.jar:na]
	at org.evosuite.testcase.TestFitnessFunction.getFitness(TestFitnessFunction.java:60) ~[evosuite-client-1.0.4-SNAPSHOT.jar:na]
	at org.evosuite.testcase.TestFitnessFunction.getFitness(TestFitnessFunction.java:34) ~[evosuite-client-1.0.4-SNAPSHOT.jar:na]
	at org.evosuite.ga.metaheuristics.mosa.MOSA.calculateFitness(MOSA.java:155) ~[evosuite-client-1.0.4-SNAPSHOT.jar:na]
	at org.evosuite.ga.metaheuristics.mosa.AbstractMOSA.calculateFitness(AbstractMOSA.java:327) ~[evosuite-client-1.0.4-SNAPSHOT.jar:na]
	at org.evosuite.ga.metaheuristics.mosa.AbstractMOSA.initializePopulation(AbstractMOSA.java:437) ~[evosuite-client-1.0.4-SNAPSHOT.jar:na]
	at org.evosuite.ga.metaheuristics.mosa.MOSA.generateSolution(MOSA.java:194) ~[evosuite-client-1.0.4-SNAPSHOT.jar:na]
	at org.evosuite.strategy.MOSuiteStrategy.generateTests(MOSuiteStrategy.java:127) ~[evosuite-client-1.0.4-SNAPSHOT.jar:na]
	at org.evosuite.TestSuiteGenerator.generateTests(TestSuiteGenerator.java:654) ~[evosuite-client-1.0.4-SNAPSHOT.jar:na]
	at org.evosuite.TestSuiteGenerator.generateTestSuite(TestSuiteGenerator.java:213) ~[evosuite-client-1.0.4-SNAPSHOT.jar:na]
	at org.evosuite.rmi.service.ClientNodeImpl$1.run(ClientNodeImpl.java:145) ~[evosuite-client-1.0.4-SNAPSHOT.jar:na]
	at java.util.concurrent.Executors$RunnableAdapter.call(Executors.java:511) [na:1.8.0_212]
	at java.util.concurrent.FutureTask.run(FutureTask.java:266) [na:1.8.0_212]
	at java.util.concurrent.ThreadPoolExecutor.runWorker(ThreadPoolExecutor.java:1149) [na:1.8.0_212]
	at java.util.concurrent.ThreadPoolExecutor$Worker.run(ThreadPoolExecutor.java:624) [na:1.8.0_212]
	at java.lang.Thread.run(Thread.java:748) [na:1.8.0_212]
Caused by: java.lang.IllegalStateException: Test generation failed: page object bug.
	at org.evosuite.testcase.execution.TestCaseExecutor.runTest(TestCaseExecutor.java:320) ~[evosuite-client-1.0.4-SNAPSHOT.jar:na]
	... 16 common frames omitted
[MASTER] 19:36:06.001 [main] ERROR SearchStatistics - No statistics has been saved because EvoSuite failed to generate any test case
[MASTER] 19:36:06.102 [main] ERROR TestGeneration - failed to write statistics data
