SLF4J: Class path contains multiple SLF4J bindings.
SLF4J: Found binding in [jar:file:/home/ubuntu/.m2/repository/ch/qos/logback/logback-classic/1.1.3/logback-classic-1.1.3.jar!/org/slf4j/impl/StaticLoggerBinder.class]
SLF4J: Found binding in [jar:file:/home/ubuntu/.m2/repository/org/evosuite/evosuite-master/1.0.4-SNAPSHOT/evosuite-master-1.0.4-SNAPSHOT.jar!/org/slf4j/impl/StaticLoggerBinder.class]
SLF4J: See http://www.slf4j.org/codes.html#multiple_bindings for an explanation.
SLF4J: Actual binding is of type [ch.qos.logback.classic.util.ContextSelectorStaticBinder]
SLF4J: Class path contains multiple SLF4J bindings.
[MASTER] 19:51:42.496 [Thread-3] ERROR ExternalProcessHandler - SLF4J: Class path contains multiple SLF4J bindings.

SLF4J: Found binding in [jar:file:/home/ubuntu/.m2/repository/ch/qos/logback/logback-classic/1.1.3/logback-classic-1.1.3.jar!/org/slf4j/impl/StaticLoggerBinder.class]
[MASTER] 19:51:42.498 [Thread-3] ERROR ExternalProcessHandler - SLF4J: Found binding in [jar:file:/home/ubuntu/.m2/repository/ch/qos/logback/logback-classic/1.1.3/logback-classic-1.1.3.jar!/org/slf4j/impl/StaticLoggerBinder.class]

SLF4J: Found binding in [jar:file:/home/ubuntu/.m2/repository/org/evosuite/evosuite-master/1.0.4-SNAPSHOT/evosuite-master-1.0.4-SNAPSHOT.jar!/org/slf4j/impl/StaticLoggerBinder.class]
[MASTER] 19:51:42.499 [Thread-3] ERROR ExternalProcessHandler - SLF4J: Found binding in [jar:file:/home/ubuntu/.m2/repository/org/evosuite/evosuite-master/1.0.4-SNAPSHOT/evosuite-master-1.0.4-SNAPSHOT.jar!/org/slf4j/impl/StaticLoggerBinder.class]

SLF4J: See http://www.slf4j.org/codes.html#multiple_bindings for an explanation.
[MASTER] 19:51:42.499 [Thread-3] ERROR ExternalProcessHandler - SLF4J: See http://www.slf4j.org/codes.html#multiple_bindings for an explanation.

SLF4J: Actual binding is of type [ch.qos.logback.classic.util.ContextSelectorStaticBinder]
[MASTER] 19:51:57.720 [Thread-3] ERROR ExternalProcessHandler - SLF4J: Actual binding is of type [ch.qos.logback.classic.util.ContextSelectorStaticBinder]

Feb 27, 2020 7:52:46 PM org.openqa.selenium.remote.ProtocolHandshake createSession
[MASTER] 19:52:46.184 [Thread-3] ERROR ExternalProcessHandler - Feb 27, 2020 7:52:46 PM org.openqa.selenium.remote.ProtocolHandshake createSession

INFO: Detected dialect: OSS
[MASTER] 19:52:46.184 [Thread-3] ERROR ExternalProcessHandler - INFO: Detected dialect: OSS

Feb 27, 2020 7:55:21 PM po_utils.PageObjectLogging logInfo
[MASTER] 19:55:21.328 [Thread-3] ERROR ExternalProcessHandler - Feb 27, 2020 7:55:21 PM po_utils.PageObjectLogging logInfo

INFO: waitForElementBeingPresentOnPage timeout exception: unable to locate the element By.xpath: //button[text()="Let's start"]
[MASTER] 19:55:21.329 [Thread-3] ERROR ExternalProcessHandler - INFO: waitForElementBeingPresentOnPage timeout exception: unable to locate the element By.xpath: //button[text()="Let's start"]


[MASTER] 19:55:21.329 [Thread-3] ERROR ExternalProcessHandler - 


[MASTER] 19:55:21.329 [Thread-3] ERROR ExternalProcessHandler - 

Feb 27, 2020 7:55:21 PM org.openqa.selenium.remote.ProtocolHandshake createSession
[MASTER] 19:55:21.486 [Thread-3] ERROR ExternalProcessHandler - Feb 27, 2020 7:55:21 PM org.openqa.selenium.remote.ProtocolHandshake createSession

INFO: Detected dialect: OSS
[MASTER] 19:55:21.486 [Thread-3] ERROR ExternalProcessHandler - INFO: Detected dialect: OSS

Feb 27, 2020 7:57:36 PM po_utils.PageObjectLogging logInfo
[MASTER] 19:57:36.907 [Thread-3] ERROR ExternalProcessHandler - Feb 27, 2020 7:57:36 PM po_utils.PageObjectLogging logInfo

INFO: waitForElementBeingPresentOnPage timeout exception: unable to locate the element By.xpath: //button[text()="Let's start"]
[MASTER] 19:57:36.907 [Thread-3] ERROR ExternalProcessHandler - INFO: waitForElementBeingPresentOnPage timeout exception: unable to locate the element By.xpath: //button[text()="Let's start"]


[MASTER] 19:57:36.908 [Thread-3] ERROR ExternalProcessHandler - 


[MASTER] 19:57:36.908 [Thread-3] ERROR ExternalProcessHandler - 

Feb 27, 2020 7:57:43 PM org.openqa.selenium.remote.ProtocolHandshake createSession
[MASTER] 19:57:43.144 [Thread-3] ERROR ExternalProcessHandler - Feb 27, 2020 7:57:43 PM org.openqa.selenium.remote.ProtocolHandshake createSession

INFO: Detected dialect: OSS
[MASTER] 19:57:43.144 [Thread-3] ERROR ExternalProcessHandler - INFO: Detected dialect: OSS

Feb 27, 2020 7:59:58 PM po_utils.PageObjectLogging logInfo
[MASTER] 19:59:58.228 [Thread-3] ERROR ExternalProcessHandler - Feb 27, 2020 7:59:58 PM po_utils.PageObjectLogging logInfo

INFO: waitForElementBeingPresentOnPage timeout exception: unable to locate the element By.xpath: //button[text()="Let's start"]
[MASTER] 19:59:58.228 [Thread-3] ERROR ExternalProcessHandler - INFO: waitForElementBeingPresentOnPage timeout exception: unable to locate the element By.xpath: //button[text()="Let's start"]


[MASTER] 19:59:58.228 [Thread-3] ERROR ExternalProcessHandler - 


[MASTER] 19:59:58.228 [Thread-3] ERROR ExternalProcessHandler - 

Feb 27, 2020 8:00:10 PM org.openqa.selenium.remote.ProtocolHandshake createSession
[MASTER] 20:00:10.453 [Thread-3] ERROR ExternalProcessHandler - Feb 27, 2020 8:00:10 PM org.openqa.selenium.remote.ProtocolHandshake createSession

INFO: Detected dialect: OSS
[MASTER] 20:00:10.453 [Thread-3] ERROR ExternalProcessHandler - INFO: Detected dialect: OSS

Feb 27, 2020 8:02:25 PM po_utils.PageObjectLogging logInfo
[MASTER] 20:02:25.714 [Thread-3] ERROR ExternalProcessHandler - Feb 27, 2020 8:02:25 PM po_utils.PageObjectLogging logInfo

INFO: waitForElementBeingPresentOnPage timeout exception: unable to locate the element By.xpath: //button[text()="Let's start"]
[MASTER] 20:02:25.714 [Thread-3] ERROR ExternalProcessHandler - INFO: waitForElementBeingPresentOnPage timeout exception: unable to locate the element By.xpath: //button[text()="Let's start"]


[MASTER] 20:02:25.714 [Thread-3] ERROR ExternalProcessHandler - 


[MASTER] 20:02:25.714 [Thread-3] ERROR ExternalProcessHandler - 

[MASTER] 20:02:44.028 [logback-2] ERROR TestCaseExecutor - TG: Exception caught: 
java.lang.IllegalStateException: Test generation failed: page object bug.
	at org.evosuite.testcase.execution.TestCaseExecutor.runTest(TestCaseExecutor.java:320) ~[evosuite-client-1.0.4-SNAPSHOT.jar:na]
	at org.evosuite.testcase.TestFitnessFunction.runTest(TestFitnessFunction.java:91) [evosuite-client-1.0.4-SNAPSHOT.jar:na]
	at org.evosuite.testcase.TestFitnessFunction.getFitness(TestFitnessFunction.java:60) [evosuite-client-1.0.4-SNAPSHOT.jar:na]
	at org.evosuite.testcase.TestFitnessFunction.getFitness(TestFitnessFunction.java:34) [evosuite-client-1.0.4-SNAPSHOT.jar:na]
	at org.evosuite.ga.metaheuristics.art.AdaptiveRandomSearch.calculateFitness(AdaptiveRandomSearch.java:312) [evosuite-client-1.0.4-SNAPSHOT.jar:na]
	at org.evosuite.ga.metaheuristics.art.AdaptiveRandomSearch.calculateFitness(AdaptiveRandomSearch.java:344) [evosuite-client-1.0.4-SNAPSHOT.jar:na]
	at org.evosuite.ga.metaheuristics.art.AdaptiveRandomSearch.createAndMinimizeFirstIndividual(AdaptiveRandomSearch.java:222) [evosuite-client-1.0.4-SNAPSHOT.jar:na]
	at org.evosuite.ga.metaheuristics.art.AdaptiveRandomSearch.initializePopulation(AdaptiveRandomSearch.java:206) [evosuite-client-1.0.4-SNAPSHOT.jar:na]
	at org.evosuite.ga.metaheuristics.art.AdaptiveRandomSearch.generateSolution(AdaptiveRandomSearch.java:262) [evosuite-client-1.0.4-SNAPSHOT.jar:na]
	at org.evosuite.strategy.AdaptiveRandomTestStrategy.generateTests(AdaptiveRandomTestStrategy.java:118) [evosuite-client-1.0.4-SNAPSHOT.jar:na]
	at org.evosuite.TestSuiteGenerator.generateTests(TestSuiteGenerator.java:654) [evosuite-client-1.0.4-SNAPSHOT.jar:na]
	at org.evosuite.TestSuiteGenerator.generateTestSuite(TestSuiteGenerator.java:213) [evosuite-client-1.0.4-SNAPSHOT.jar:na]
	at org.evosuite.rmi.service.ClientNodeImpl$1.run(ClientNodeImpl.java:145) [evosuite-client-1.0.4-SNAPSHOT.jar:na]
	at java.util.concurrent.Executors$RunnableAdapter.call(Executors.java:511) [na:1.8.0_212]
	at java.util.concurrent.FutureTask.run(FutureTask.java:266) [na:1.8.0_212]
	at java.util.concurrent.ThreadPoolExecutor.runWorker(ThreadPoolExecutor.java:1149) [na:1.8.0_212]
	at java.util.concurrent.ThreadPoolExecutor$Worker.run(ThreadPoolExecutor.java:624) [na:1.8.0_212]
	at java.lang.Thread.run(Thread.java:748) [na:1.8.0_212]
[MASTER] 20:02:44.029 [logback-2] ERROR ClientNodeImpl - Error when generating tests for: main.ClassUnderTestApogen with seed 1582833137830. Configuration id : null
java.lang.Error: java.lang.IllegalStateException: Test generation failed: page object bug.
	at org.evosuite.testcase.execution.TestCaseExecutor.runTest(TestCaseExecutor.java:336) ~[evosuite-client-1.0.4-SNAPSHOT.jar:na]
	at org.evosuite.testcase.TestFitnessFunction.runTest(TestFitnessFunction.java:91) ~[evosuite-client-1.0.4-SNAPSHOT.jar:na]
	at org.evosuite.testcase.TestFitnessFunction.getFitness(TestFitnessFunction.java:60) ~[evosuite-client-1.0.4-SNAPSHOT.jar:na]
	at org.evosuite.testcase.TestFitnessFunction.getFitness(TestFitnessFunction.java:34) ~[evosuite-client-1.0.4-SNAPSHOT.jar:na]
	at org.evosuite.ga.metaheuristics.art.AdaptiveRandomSearch.calculateFitness(AdaptiveRandomSearch.java:312) ~[evosuite-client-1.0.4-SNAPSHOT.jar:na]
	at org.evosuite.ga.metaheuristics.art.AdaptiveRandomSearch.calculateFitness(AdaptiveRandomSearch.java:344) ~[evosuite-client-1.0.4-SNAPSHOT.jar:na]
	at org.evosuite.ga.metaheuristics.art.AdaptiveRandomSearch.createAndMinimizeFirstIndividual(AdaptiveRandomSearch.java:222) ~[evosuite-client-1.0.4-SNAPSHOT.jar:na]
	at org.evosuite.ga.metaheuristics.art.AdaptiveRandomSearch.initializePopulation(AdaptiveRandomSearch.java:206) ~[evosuite-client-1.0.4-SNAPSHOT.jar:na]
	at org.evosuite.ga.metaheuristics.art.AdaptiveRandomSearch.generateSolution(AdaptiveRandomSearch.java:262) ~[evosuite-client-1.0.4-SNAPSHOT.jar:na]
	at org.evosuite.strategy.AdaptiveRandomTestStrategy.generateTests(AdaptiveRandomTestStrategy.java:118) ~[evosuite-client-1.0.4-SNAPSHOT.jar:na]
	at org.evosuite.TestSuiteGenerator.generateTests(TestSuiteGenerator.java:654) ~[evosuite-client-1.0.4-SNAPSHOT.jar:na]
	at org.evosuite.TestSuiteGenerator.generateTestSuite(TestSuiteGenerator.java:213) ~[evosuite-client-1.0.4-SNAPSHOT.jar:na]
	at org.evosuite.rmi.service.ClientNodeImpl$1.run(ClientNodeImpl.java:145) ~[evosuite-client-1.0.4-SNAPSHOT.jar:na]
	at java.util.concurrent.Executors$RunnableAdapter.call(Executors.java:511) [na:1.8.0_212]
	at java.util.concurrent.FutureTask.run(FutureTask.java:266) [na:1.8.0_212]
	at java.util.concurrent.ThreadPoolExecutor.runWorker(ThreadPoolExecutor.java:1149) [na:1.8.0_212]
	at java.util.concurrent.ThreadPoolExecutor$Worker.run(ThreadPoolExecutor.java:624) [na:1.8.0_212]
	at java.lang.Thread.run(Thread.java:748) [na:1.8.0_212]
Caused by: java.lang.IllegalStateException: Test generation failed: page object bug.
	at org.evosuite.testcase.execution.TestCaseExecutor.runTest(TestCaseExecutor.java:320) ~[evosuite-client-1.0.4-SNAPSHOT.jar:na]
	... 17 common frames omitted
[MASTER] 20:02:44.136 [main] ERROR SearchStatistics - No statistics has been saved because EvoSuite failed to generate any test case
[MASTER] 20:02:44.238 [main] ERROR TestGeneration - failed to write statistics data
