SLF4J: Class path contains multiple SLF4J bindings.
SLF4J: Found binding in [jar:file:/home/ubuntu/.m2/repository/ch/qos/logback/logback-classic/1.1.3/logback-classic-1.1.3.jar!/org/slf4j/impl/StaticLoggerBinder.class]
SLF4J: Found binding in [jar:file:/home/ubuntu/.m2/repository/org/evosuite/evosuite-master/1.0.4-SNAPSHOT/evosuite-master-1.0.4-SNAPSHOT.jar!/org/slf4j/impl/StaticLoggerBinder.class]
SLF4J: See http://www.slf4j.org/codes.html#multiple_bindings for an explanation.
SLF4J: Actual binding is of type [ch.qos.logback.classic.util.ContextSelectorStaticBinder]
SLF4J: Class path contains multiple SLF4J bindings.
[MASTER] 22:24:31.274 [Thread-3] ERROR ExternalProcessHandler - SLF4J: Class path contains multiple SLF4J bindings.

SLF4J: Found binding in [jar:file:/home/ubuntu/.m2/repository/ch/qos/logback/logback-classic/1.1.3/logback-classic-1.1.3.jar!/org/slf4j/impl/StaticLoggerBinder.class]
[MASTER] 22:24:31.275 [Thread-3] ERROR ExternalProcessHandler - SLF4J: Found binding in [jar:file:/home/ubuntu/.m2/repository/ch/qos/logback/logback-classic/1.1.3/logback-classic-1.1.3.jar!/org/slf4j/impl/StaticLoggerBinder.class]

SLF4J: Found binding in [jar:file:/home/ubuntu/.m2/repository/org/evosuite/evosuite-master/1.0.4-SNAPSHOT/evosuite-master-1.0.4-SNAPSHOT.jar!/org/slf4j/impl/StaticLoggerBinder.class]
[MASTER] 22:24:31.280 [Thread-3] ERROR ExternalProcessHandler - SLF4J: Found binding in [jar:file:/home/ubuntu/.m2/repository/org/evosuite/evosuite-master/1.0.4-SNAPSHOT/evosuite-master-1.0.4-SNAPSHOT.jar!/org/slf4j/impl/StaticLoggerBinder.class]

SLF4J: See http://www.slf4j.org/codes.html#multiple_bindings for an explanation.
[MASTER] 22:24:31.280 [Thread-3] ERROR ExternalProcessHandler - SLF4J: See http://www.slf4j.org/codes.html#multiple_bindings for an explanation.

SLF4J: Actual binding is of type [ch.qos.logback.classic.util.ContextSelectorStaticBinder]
[MASTER] 22:24:46.506 [Thread-3] ERROR ExternalProcessHandler - SLF4J: Actual binding is of type [ch.qos.logback.classic.util.ContextSelectorStaticBinder]

Mar 25, 2020 10:25:35 PM org.openqa.selenium.remote.ProtocolHandshake createSession
[MASTER] 22:25:35.188 [Thread-3] ERROR ExternalProcessHandler - Mar 25, 2020 10:25:35 PM org.openqa.selenium.remote.ProtocolHandshake createSession

INFO: Detected dialect: OSS
[MASTER] 22:25:35.188 [Thread-3] ERROR ExternalProcessHandler - INFO: Detected dialect: OSS

Mar 25, 2020 10:28:09 PM po_utils.PageObjectLogging logInfo
[MASTER] 22:28:09.882 [Thread-3] ERROR ExternalProcessHandler - Mar 25, 2020 10:28:09 PM po_utils.PageObjectLogging logInfo

INFO: waitForElementBeingPresentOnPage timeout exception: unable to locate the element By.xpath: //section[@id="features"]
[MASTER] 22:28:09.882 [Thread-3] ERROR ExternalProcessHandler - INFO: waitForElementBeingPresentOnPage timeout exception: unable to locate the element By.xpath: //section[@id="features"]


[MASTER] 22:28:09.882 [Thread-3] ERROR ExternalProcessHandler - 


[MASTER] 22:28:09.882 [Thread-3] ERROR ExternalProcessHandler - 

Mar 25, 2020 10:28:10 PM org.openqa.selenium.remote.ProtocolHandshake createSession
[MASTER] 22:28:10.029 [Thread-3] ERROR ExternalProcessHandler - Mar 25, 2020 10:28:10 PM org.openqa.selenium.remote.ProtocolHandshake createSession

INFO: Detected dialect: OSS
[MASTER] 22:28:10.029 [Thread-3] ERROR ExternalProcessHandler - INFO: Detected dialect: OSS

Mar 25, 2020 10:30:25 PM po_utils.PageObjectLogging logInfo
[MASTER] 22:30:25.473 [Thread-3] ERROR ExternalProcessHandler - Mar 25, 2020 10:30:25 PM po_utils.PageObjectLogging logInfo

INFO: waitForElementBeingPresentOnPage timeout exception: unable to locate the element By.xpath: //section[@id="features"]
[MASTER] 22:30:25.473 [Thread-3] ERROR ExternalProcessHandler - INFO: waitForElementBeingPresentOnPage timeout exception: unable to locate the element By.xpath: //section[@id="features"]


[MASTER] 22:30:25.473 [Thread-3] ERROR ExternalProcessHandler - 


[MASTER] 22:30:25.473 [Thread-3] ERROR ExternalProcessHandler - 

Mar 25, 2020 10:30:27 PM org.openqa.selenium.remote.ProtocolHandshake createSession
[MASTER] 22:30:27.930 [Thread-3] ERROR ExternalProcessHandler - Mar 25, 2020 10:30:27 PM org.openqa.selenium.remote.ProtocolHandshake createSession

INFO: Detected dialect: OSS
[MASTER] 22:30:27.930 [Thread-3] ERROR ExternalProcessHandler - INFO: Detected dialect: OSS

Mar 25, 2020 10:32:42 PM po_utils.PageObjectLogging logInfo
[MASTER] 22:32:42.709 [Thread-3] ERROR ExternalProcessHandler - Mar 25, 2020 10:32:42 PM po_utils.PageObjectLogging logInfo

INFO: waitForElementBeingPresentOnPage timeout exception: unable to locate the element By.xpath: //section[@id="features"]
[MASTER] 22:32:42.709 [Thread-3] ERROR ExternalProcessHandler - INFO: waitForElementBeingPresentOnPage timeout exception: unable to locate the element By.xpath: //section[@id="features"]


[MASTER] 22:32:42.709 [Thread-3] ERROR ExternalProcessHandler - 


[MASTER] 22:32:42.709 [Thread-3] ERROR ExternalProcessHandler - 

Mar 25, 2020 10:32:47 PM org.openqa.selenium.remote.ProtocolHandshake createSession
[MASTER] 22:32:47.400 [Thread-3] ERROR ExternalProcessHandler - Mar 25, 2020 10:32:47 PM org.openqa.selenium.remote.ProtocolHandshake createSession

INFO: Detected dialect: OSS
[MASTER] 22:32:47.400 [Thread-3] ERROR ExternalProcessHandler - INFO: Detected dialect: OSS

Mar 25, 2020 10:35:02 PM po_utils.PageObjectLogging logInfo
[MASTER] 22:35:02.161 [Thread-3] ERROR ExternalProcessHandler - Mar 25, 2020 10:35:02 PM po_utils.PageObjectLogging logInfo

INFO: waitForElementBeingPresentOnPage timeout exception: unable to locate the element By.xpath: //section[@id="features"]
[MASTER] 22:35:02.193 [Thread-3] ERROR ExternalProcessHandler - INFO: waitForElementBeingPresentOnPage timeout exception: unable to locate the element By.xpath: //section[@id="features"]


[MASTER] 22:35:02.193 [Thread-3] ERROR ExternalProcessHandler - 


[MASTER] 22:35:02.194 [Thread-3] ERROR ExternalProcessHandler - 

[MASTER] 22:35:09.086 [logback-2] ERROR TestCaseExecutor - TG: Exception caught: 
java.lang.IllegalStateException: Test generation failed: page object bug.
	at org.evosuite.testcase.execution.TestCaseExecutor.runTest(TestCaseExecutor.java:320) ~[evosuite-client-1.0.4-SNAPSHOT.jar:na]
	at org.evosuite.testcase.TestFitnessFunction.runTest(TestFitnessFunction.java:91) [evosuite-client-1.0.4-SNAPSHOT.jar:na]
	at org.evosuite.testcase.TestFitnessFunction.getFitness(TestFitnessFunction.java:60) [evosuite-client-1.0.4-SNAPSHOT.jar:na]
	at org.evosuite.testcase.TestFitnessFunction.getFitness(TestFitnessFunction.java:34) [evosuite-client-1.0.4-SNAPSHOT.jar:na]
	at org.evosuite.ga.metaheuristics.art.AdaptiveRandomSearch.calculateFitness(AdaptiveRandomSearch.java:312) [evosuite-client-1.0.4-SNAPSHOT.jar:na]
	at org.evosuite.ga.metaheuristics.art.AdaptiveRandomSearch.calculateFitness(AdaptiveRandomSearch.java:344) [evosuite-client-1.0.4-SNAPSHOT.jar:na]
	at org.evosuite.ga.metaheuristics.art.AdaptiveRandomSearch.createAndMinimizeFirstIndividual(AdaptiveRandomSearch.java:222) [evosuite-client-1.0.4-SNAPSHOT.jar:na]
	at org.evosuite.ga.metaheuristics.art.AdaptiveRandomSearch.initializePopulation(AdaptiveRandomSearch.java:206) [evosuite-client-1.0.4-SNAPSHOT.jar:na]
	at org.evosuite.ga.metaheuristics.art.AdaptiveRandomSearch.generateSolution(AdaptiveRandomSearch.java:262) [evosuite-client-1.0.4-SNAPSHOT.jar:na]
	at org.evosuite.strategy.AdaptiveRandomTestStrategy.generateTests(AdaptiveRandomTestStrategy.java:118) [evosuite-client-1.0.4-SNAPSHOT.jar:na]
	at org.evosuite.TestSuiteGenerator.generateTests(TestSuiteGenerator.java:654) [evosuite-client-1.0.4-SNAPSHOT.jar:na]
	at org.evosuite.TestSuiteGenerator.generateTestSuite(TestSuiteGenerator.java:213) [evosuite-client-1.0.4-SNAPSHOT.jar:na]
	at org.evosuite.rmi.service.ClientNodeImpl$1.run(ClientNodeImpl.java:145) [evosuite-client-1.0.4-SNAPSHOT.jar:na]
	at java.util.concurrent.Executors$RunnableAdapter.call(Executors.java:511) [na:1.8.0_242]
	at java.util.concurrent.FutureTask.run(FutureTask.java:266) [na:1.8.0_242]
	at java.util.concurrent.ThreadPoolExecutor.runWorker(ThreadPoolExecutor.java:1149) [na:1.8.0_242]
	at java.util.concurrent.ThreadPoolExecutor$Worker.run(ThreadPoolExecutor.java:624) [na:1.8.0_242]
	at java.lang.Thread.run(Thread.java:748) [na:1.8.0_242]
[MASTER] 22:35:09.087 [logback-2] ERROR ClientNodeImpl - Error when generating tests for: main.ClassUnderTest with seed 1585175106602. Configuration id : null
java.lang.Error: java.lang.IllegalStateException: Test generation failed: page object bug.
	at org.evosuite.testcase.execution.TestCaseExecutor.runTest(TestCaseExecutor.java:336) ~[evosuite-client-1.0.4-SNAPSHOT.jar:na]
	at org.evosuite.testcase.TestFitnessFunction.runTest(TestFitnessFunction.java:91) ~[evosuite-client-1.0.4-SNAPSHOT.jar:na]
	at org.evosuite.testcase.TestFitnessFunction.getFitness(TestFitnessFunction.java:60) ~[evosuite-client-1.0.4-SNAPSHOT.jar:na]
	at org.evosuite.testcase.TestFitnessFunction.getFitness(TestFitnessFunction.java:34) ~[evosuite-client-1.0.4-SNAPSHOT.jar:na]
	at org.evosuite.ga.metaheuristics.art.AdaptiveRandomSearch.calculateFitness(AdaptiveRandomSearch.java:312) ~[evosuite-client-1.0.4-SNAPSHOT.jar:na]
	at org.evosuite.ga.metaheuristics.art.AdaptiveRandomSearch.calculateFitness(AdaptiveRandomSearch.java:344) ~[evosuite-client-1.0.4-SNAPSHOT.jar:na]
	at org.evosuite.ga.metaheuristics.art.AdaptiveRandomSearch.createAndMinimizeFirstIndividual(AdaptiveRandomSearch.java:222) ~[evosuite-client-1.0.4-SNAPSHOT.jar:na]
	at org.evosuite.ga.metaheuristics.art.AdaptiveRandomSearch.initializePopulation(AdaptiveRandomSearch.java:206) ~[evosuite-client-1.0.4-SNAPSHOT.jar:na]
	at org.evosuite.ga.metaheuristics.art.AdaptiveRandomSearch.generateSolution(AdaptiveRandomSearch.java:262) ~[evosuite-client-1.0.4-SNAPSHOT.jar:na]
	at org.evosuite.strategy.AdaptiveRandomTestStrategy.generateTests(AdaptiveRandomTestStrategy.java:118) ~[evosuite-client-1.0.4-SNAPSHOT.jar:na]
	at org.evosuite.TestSuiteGenerator.generateTests(TestSuiteGenerator.java:654) ~[evosuite-client-1.0.4-SNAPSHOT.jar:na]
	at org.evosuite.TestSuiteGenerator.generateTestSuite(TestSuiteGenerator.java:213) ~[evosuite-client-1.0.4-SNAPSHOT.jar:na]
	at org.evosuite.rmi.service.ClientNodeImpl$1.run(ClientNodeImpl.java:145) ~[evosuite-client-1.0.4-SNAPSHOT.jar:na]
	at java.util.concurrent.Executors$RunnableAdapter.call(Executors.java:511) [na:1.8.0_242]
	at java.util.concurrent.FutureTask.run(FutureTask.java:266) [na:1.8.0_242]
	at java.util.concurrent.ThreadPoolExecutor.runWorker(ThreadPoolExecutor.java:1149) [na:1.8.0_242]
	at java.util.concurrent.ThreadPoolExecutor$Worker.run(ThreadPoolExecutor.java:624) [na:1.8.0_242]
	at java.lang.Thread.run(Thread.java:748) [na:1.8.0_242]
Caused by: java.lang.IllegalStateException: Test generation failed: page object bug.
	at org.evosuite.testcase.execution.TestCaseExecutor.runTest(TestCaseExecutor.java:320) ~[evosuite-client-1.0.4-SNAPSHOT.jar:na]
	... 17 common frames omitted
[MASTER] 22:35:09.199 [main] ERROR SearchStatistics - No statistics has been saved because EvoSuite failed to generate any test case
[MASTER] 22:35:09.307 [main] ERROR TestGeneration - failed to write statistics data
