SLF4J: Class path contains multiple SLF4J bindings.
SLF4J: Found binding in [jar:file:/home/ubuntu/.m2/repository/ch/qos/logback/logback-classic/1.1.3/logback-classic-1.1.3.jar!/org/slf4j/impl/StaticLoggerBinder.class]
SLF4J: Found binding in [jar:file:/home/ubuntu/.m2/repository/org/evosuite/evosuite-master/1.0.4-SNAPSHOT/evosuite-master-1.0.4-SNAPSHOT.jar!/org/slf4j/impl/StaticLoggerBinder.class]
SLF4J: See http://www.slf4j.org/codes.html#multiple_bindings for an explanation.
SLF4J: Actual binding is of type [ch.qos.logback.classic.util.ContextSelectorStaticBinder]
SLF4J: Class path contains multiple SLF4J bindings.
[MASTER] 20:13:13.831 [Thread-3] ERROR ExternalProcessHandler - SLF4J: Class path contains multiple SLF4J bindings.

SLF4J: Found binding in [jar:file:/home/ubuntu/.m2/repository/ch/qos/logback/logback-classic/1.1.3/logback-classic-1.1.3.jar!/org/slf4j/impl/StaticLoggerBinder.class]
[MASTER] 20:13:13.833 [Thread-3] ERROR ExternalProcessHandler - SLF4J: Found binding in [jar:file:/home/ubuntu/.m2/repository/ch/qos/logback/logback-classic/1.1.3/logback-classic-1.1.3.jar!/org/slf4j/impl/StaticLoggerBinder.class]

SLF4J: Found binding in [jar:file:/home/ubuntu/.m2/repository/org/evosuite/evosuite-master/1.0.4-SNAPSHOT/evosuite-master-1.0.4-SNAPSHOT.jar!/org/slf4j/impl/StaticLoggerBinder.class]
[MASTER] 20:13:13.834 [Thread-3] ERROR ExternalProcessHandler - SLF4J: Found binding in [jar:file:/home/ubuntu/.m2/repository/org/evosuite/evosuite-master/1.0.4-SNAPSHOT/evosuite-master-1.0.4-SNAPSHOT.jar!/org/slf4j/impl/StaticLoggerBinder.class]

SLF4J: See http://www.slf4j.org/codes.html#multiple_bindings for an explanation.
[MASTER] 20:13:13.835 [Thread-3] ERROR ExternalProcessHandler - SLF4J: See http://www.slf4j.org/codes.html#multiple_bindings for an explanation.

SLF4J: Actual binding is of type [ch.qos.logback.classic.util.ContextSelectorStaticBinder]
[MASTER] 20:13:29.167 [Thread-3] ERROR ExternalProcessHandler - SLF4J: Actual binding is of type [ch.qos.logback.classic.util.ContextSelectorStaticBinder]

May 05, 2020 8:14:19 PM org.openqa.selenium.remote.ProtocolHandshake createSession
[MASTER] 20:14:19.214 [Thread-3] ERROR ExternalProcessHandler - May 05, 2020 8:14:19 PM org.openqa.selenium.remote.ProtocolHandshake createSession

INFO: Detected dialect: OSS
[MASTER] 20:14:19.214 [Thread-3] ERROR ExternalProcessHandler - INFO: Detected dialect: OSS

May 05, 2020 8:14:20 PM org.openqa.selenium.remote.ProtocolHandshake createSession
[MASTER] 20:14:20.790 [Thread-3] ERROR ExternalProcessHandler - May 05, 2020 8:14:20 PM org.openqa.selenium.remote.ProtocolHandshake createSession

INFO: Detected dialect: OSS
[MASTER] 20:14:20.790 [Thread-3] ERROR ExternalProcessHandler - INFO: Detected dialect: OSS

Exception in thread "Thread-3" java.lang.ClassCastException: org.evosuite.testcase.TestChromosome cannot be cast to org.evosuite.testsuite.TestSuiteChromosome
[MASTER] 20:14:21.348 [Thread-3] ERROR ExternalProcessHandler - Exception in thread "Thread-3" java.lang.ClassCastException: org.evosuite.testcase.TestChromosome cannot be cast to org.evosuite.testsuite.TestSuiteChromosome

	at org.evosuite.statistics.SearchStatistics.currentIndividual(SearchStatistics.java:181)
[MASTER] 20:14:21.348 [Thread-3] ERROR ExternalProcessHandler - 	at org.evosuite.statistics.SearchStatistics.currentIndividual(SearchStatistics.java:181)

	at org.evosuite.rmi.service.MasterNodeImpl.evosuite_collectStatistics(MasterNodeImpl.java:166)
[MASTER] 20:14:21.349 [Thread-3] ERROR ExternalProcessHandler - 	at org.evosuite.rmi.service.MasterNodeImpl.evosuite_collectStatistics(MasterNodeImpl.java:166)

	at sun.reflect.NativeMethodAccessorImpl.invoke0(Native Method)
[MASTER] 20:14:21.349 [Thread-3] ERROR ExternalProcessHandler - 	at sun.reflect.NativeMethodAccessorImpl.invoke0(Native Method)

	at sun.reflect.NativeMethodAccessorImpl.invoke(NativeMethodAccessorImpl.java:62)
[MASTER] 20:14:21.349 [Thread-3] ERROR ExternalProcessHandler - 	at sun.reflect.NativeMethodAccessorImpl.invoke(NativeMethodAccessorImpl.java:62)

	at sun.reflect.DelegatingMethodAccessorImpl.invoke(DelegatingMethodAccessorImpl.java:43)
[MASTER] 20:14:21.350 [Thread-3] ERROR ExternalProcessHandler - 	at sun.reflect.DelegatingMethodAccessorImpl.invoke(DelegatingMethodAccessorImpl.java:43)

	at java.lang.reflect.Method.invoke(Method.java:498)
[MASTER] 20:14:21.350 [Thread-3] ERROR ExternalProcessHandler - 	at java.lang.reflect.Method.invoke(Method.java:498)

	at sun.rmi.server.UnicastServerRef.dispatch(UnicastServerRef.java:357)
[MASTER] 20:14:21.350 [Thread-3] ERROR ExternalProcessHandler - 	at sun.rmi.server.UnicastServerRef.dispatch(UnicastServerRef.java:357)

	at sun.rmi.transport.Transport$1.run(Transport.java:200)
[MASTER] 20:14:21.350 [Thread-3] ERROR ExternalProcessHandler - 	at sun.rmi.transport.Transport$1.run(Transport.java:200)

	at sun.rmi.transport.Transport$1.run(Transport.java:197)
[MASTER] 20:14:21.350 [Thread-3] ERROR ExternalProcessHandler - 	at sun.rmi.transport.Transport$1.run(Transport.java:197)

	at java.security.AccessController.doPrivileged(Native Method)
[MASTER] 20:14:21.351 [Thread-3] ERROR ExternalProcessHandler - 	at java.security.AccessController.doPrivileged(Native Method)

	at sun.rmi.transport.Transport.serviceCall(Transport.java:196)
[MASTER] 20:14:21.351 [Thread-3] ERROR ExternalProcessHandler - 	at sun.rmi.transport.Transport.serviceCall(Transport.java:196)

	at sun.rmi.transport.tcp.TCPTransport.handleMessages(TCPTransport.java:573)
[MASTER] 20:14:21.351 [Thread-3] ERROR ExternalProcessHandler - 	at sun.rmi.transport.tcp.TCPTransport.handleMessages(TCPTransport.java:573)

	at sun.rmi.transport.tcp.TCPTransport$ConnectionHandler.run0(TCPTransport.java:834)
[MASTER] 20:14:21.351 [Thread-3] ERROR ExternalProcessHandler - 	at sun.rmi.transport.tcp.TCPTransport$ConnectionHandler.run0(TCPTransport.java:834)

	at sun.rmi.transport.tcp.TCPTransport$ConnectionHandler.lambda$run$0(TCPTransport.java:688)
[MASTER] 20:14:21.351 [Thread-3] ERROR ExternalProcessHandler - 	at sun.rmi.transport.tcp.TCPTransport$ConnectionHandler.lambda$run$0(TCPTransport.java:688)

	at java.security.AccessController.doPrivileged(Native Method)
[MASTER] 20:14:21.352 [Thread-3] ERROR ExternalProcessHandler - 	at java.security.AccessController.doPrivileged(Native Method)

	at sun.rmi.transport.tcp.TCPTransport$ConnectionHandler.run(TCPTransport.java:687)
[MASTER] 20:14:21.352 [Thread-3] ERROR ExternalProcessHandler - 	at sun.rmi.transport.tcp.TCPTransport$ConnectionHandler.run(TCPTransport.java:687)

	at java.util.concurrent.ThreadPoolExecutor.runWorker(ThreadPoolExecutor.java:1149)
[MASTER] 20:14:21.352 [Thread-3] ERROR ExternalProcessHandler - 	at java.util.concurrent.ThreadPoolExecutor.runWorker(ThreadPoolExecutor.java:1149)

	at java.util.concurrent.ThreadPoolExecutor$Worker.run(ThreadPoolExecutor.java:624)
[MASTER] 20:14:21.352 [Thread-3] ERROR ExternalProcessHandler - 	at java.util.concurrent.ThreadPoolExecutor$Worker.run(ThreadPoolExecutor.java:624)

	at java.lang.Thread.run(Thread.java:748)
[MASTER] 20:14:21.352 [Thread-3] ERROR ExternalProcessHandler - 	at java.lang.Thread.run(Thread.java:748)

	at sun.rmi.transport.StreamRemoteCall.exceptionReceivedFromServer(StreamRemoteCall.java:283)
[MASTER] 20:14:21.352 [Thread-3] ERROR ExternalProcessHandler - 	at sun.rmi.transport.StreamRemoteCall.exceptionReceivedFromServer(StreamRemoteCall.java:283)

	at sun.rmi.transport.StreamRemoteCall.executeCall(StreamRemoteCall.java:260)
[MASTER] 20:14:21.353 [Thread-3] ERROR ExternalProcessHandler - 	at sun.rmi.transport.StreamRemoteCall.executeCall(StreamRemoteCall.java:260)

	at sun.rmi.server.UnicastRef.invoke(UnicastRef.java:161)
[MASTER] 20:14:21.353 [Thread-3] ERROR ExternalProcessHandler - 	at sun.rmi.server.UnicastRef.invoke(UnicastRef.java:161)

	at java.rmi.server.RemoteObjectInvocationHandler.invokeRemoteMethod(RemoteObjectInvocationHandler.java:227)
[MASTER] 20:14:21.353 [Thread-3] ERROR ExternalProcessHandler - 	at java.rmi.server.RemoteObjectInvocationHandler.invokeRemoteMethod(RemoteObjectInvocationHandler.java:227)

	at java.rmi.server.RemoteObjectInvocationHandler.invoke(RemoteObjectInvocationHandler.java:179)
[MASTER] 20:14:21.353 [Thread-3] ERROR ExternalProcessHandler - 	at java.rmi.server.RemoteObjectInvocationHandler.invoke(RemoteObjectInvocationHandler.java:179)

	at com.sun.proxy.$Proxy7.evosuite_collectStatistics(Unknown Source)
[MASTER] 20:14:21.354 [Thread-3] ERROR ExternalProcessHandler - 	at com.sun.proxy.$Proxy7.evosuite_collectStatistics(Unknown Source)

	at org.evosuite.rmi.service.ClientNodeImpl.updateStatistics(ClientNodeImpl.java:237)
[MASTER] 20:14:21.354 [Thread-3] ERROR ExternalProcessHandler - 	at org.evosuite.rmi.service.ClientNodeImpl.updateStatistics(ClientNodeImpl.java:237)

	at org.evosuite.statistics.StatisticsSender.sendIndividualToMaster(StatisticsSender.java:75)
[MASTER] 20:14:21.354 [Thread-3] ERROR ExternalProcessHandler - 	at org.evosuite.statistics.StatisticsSender.sendIndividualToMaster(StatisticsSender.java:75)

	at org.evosuite.statistics.StatisticsListener$1.run(StatisticsListener.java:71)
[MASTER] 20:14:21.354 [Thread-3] ERROR ExternalProcessHandler - 	at org.evosuite.statistics.StatisticsListener$1.run(StatisticsListener.java:71)

May 05, 2020 8:14:47 PM po_utils.PageObjectLogging logInfo
[MASTER] 20:14:47.207 [Thread-3] ERROR ExternalProcessHandler - May 05, 2020 8:14:47 PM po_utils.PageObjectLogging logInfo

INFO: waitForElementBeingPresentOnPage timeout exception: unable to locate the element By.xpath: //input[@placeholder="Example: Trip to Barcelona"]
[MASTER] 20:14:47.207 [Thread-3] ERROR ExternalProcessHandler - INFO: waitForElementBeingPresentOnPage timeout exception: unable to locate the element By.xpath: //input[@placeholder="Example: Trip to Barcelona"]


[MASTER] 20:14:47.207 [Thread-3] ERROR ExternalProcessHandler - 


[MASTER] 20:14:47.207 [Thread-3] ERROR ExternalProcessHandler - 

May 05, 2020 8:15:02 PM org.openqa.selenium.remote.ProtocolHandshake createSession
[MASTER] 20:15:02.668 [Thread-3] ERROR ExternalProcessHandler - May 05, 2020 8:15:02 PM org.openqa.selenium.remote.ProtocolHandshake createSession

INFO: Detected dialect: OSS
[MASTER] 20:15:02.669 [Thread-3] ERROR ExternalProcessHandler - INFO: Detected dialect: OSS

May 05, 2020 8:15:11 PM org.openqa.selenium.remote.ProtocolHandshake createSession
[MASTER] 20:15:11.103 [Thread-3] ERROR ExternalProcessHandler - May 05, 2020 8:15:11 PM org.openqa.selenium.remote.ProtocolHandshake createSession

INFO: Detected dialect: OSS
[MASTER] 20:15:11.103 [Thread-3] ERROR ExternalProcessHandler - INFO: Detected dialect: OSS

May 05, 2020 8:15:12 PM org.openqa.selenium.remote.ProtocolHandshake createSession
[MASTER] 20:15:12.958 [Thread-3] ERROR ExternalProcessHandler - May 05, 2020 8:15:12 PM org.openqa.selenium.remote.ProtocolHandshake createSession

INFO: Detected dialect: OSS
[MASTER] 20:15:12.959 [Thread-3] ERROR ExternalProcessHandler - INFO: Detected dialect: OSS

May 05, 2020 8:15:14 PM org.openqa.selenium.remote.ProtocolHandshake createSession
[MASTER] 20:15:14.658 [Thread-3] ERROR ExternalProcessHandler - May 05, 2020 8:15:14 PM org.openqa.selenium.remote.ProtocolHandshake createSession

INFO: Detected dialect: OSS
[MASTER] 20:15:14.658 [Thread-3] ERROR ExternalProcessHandler - INFO: Detected dialect: OSS

May 05, 2020 8:15:15 PM org.openqa.selenium.remote.ProtocolHandshake createSession
[MASTER] 20:15:15.941 [Thread-3] ERROR ExternalProcessHandler - May 05, 2020 8:15:15 PM org.openqa.selenium.remote.ProtocolHandshake createSession

INFO: Detected dialect: OSS
[MASTER] 20:15:15.941 [Thread-3] ERROR ExternalProcessHandler - INFO: Detected dialect: OSS

May 05, 2020 8:15:18 PM po_utils.PageObjectLogging logInfo
[MASTER] 20:15:18.340 [Thread-3] ERROR ExternalProcessHandler - May 05, 2020 8:15:18 PM po_utils.PageObjectLogging logInfo

INFO: waitForElementBeingPresentOnPage timeout exception: unable to locate the element By.xpath: //div[contains(@class,"liquid-child")]
[MASTER] 20:15:18.340 [Thread-3] ERROR ExternalProcessHandler - INFO: waitForElementBeingPresentOnPage timeout exception: unable to locate the element By.xpath: //div[contains(@class,"liquid-child")]


[MASTER] 20:15:18.340 [Thread-3] ERROR ExternalProcessHandler - 


[MASTER] 20:15:18.340 [Thread-3] ERROR ExternalProcessHandler - 

May 05, 2020 8:15:19 PM org.openqa.selenium.remote.ProtocolHandshake createSession
[MASTER] 20:15:19.083 [Thread-3] ERROR ExternalProcessHandler - May 05, 2020 8:15:19 PM org.openqa.selenium.remote.ProtocolHandshake createSession

INFO: Detected dialect: OSS
[MASTER] 20:15:19.083 [Thread-3] ERROR ExternalProcessHandler - INFO: Detected dialect: OSS

May 05, 2020 8:15:20 PM org.openqa.selenium.remote.ProtocolHandshake createSession
[MASTER] 20:15:20.724 [Thread-3] ERROR ExternalProcessHandler - May 05, 2020 8:15:20 PM org.openqa.selenium.remote.ProtocolHandshake createSession

INFO: Detected dialect: OSS
[MASTER] 20:15:20.724 [Thread-3] ERROR ExternalProcessHandler - INFO: Detected dialect: OSS

May 05, 2020 8:15:22 PM org.openqa.selenium.remote.ProtocolHandshake createSession
[MASTER] 20:15:22.421 [Thread-3] ERROR ExternalProcessHandler - May 05, 2020 8:15:22 PM org.openqa.selenium.remote.ProtocolHandshake createSession

INFO: Detected dialect: OSS
[MASTER] 20:15:22.422 [Thread-3] ERROR ExternalProcessHandler - INFO: Detected dialect: OSS

May 05, 2020 8:15:24 PM org.openqa.selenium.remote.ProtocolHandshake createSession
[MASTER] 20:15:24.278 [Thread-3] ERROR ExternalProcessHandler - May 05, 2020 8:15:24 PM org.openqa.selenium.remote.ProtocolHandshake createSession

INFO: Detected dialect: OSS
[MASTER] 20:15:24.278 [Thread-3] ERROR ExternalProcessHandler - INFO: Detected dialect: OSS

May 05, 2020 8:15:25 PM org.openqa.selenium.remote.ProtocolHandshake createSession
[MASTER] 20:15:25.593 [Thread-3] ERROR ExternalProcessHandler - May 05, 2020 8:15:25 PM org.openqa.selenium.remote.ProtocolHandshake createSession

INFO: Detected dialect: OSS
[MASTER] 20:15:25.593 [Thread-3] ERROR ExternalProcessHandler - INFO: Detected dialect: OSS

May 05, 2020 8:15:27 PM org.openqa.selenium.remote.ProtocolHandshake createSession
[MASTER] 20:15:27.207 [Thread-3] ERROR ExternalProcessHandler - May 05, 2020 8:15:27 PM org.openqa.selenium.remote.ProtocolHandshake createSession

INFO: Detected dialect: OSS
[MASTER] 20:15:27.208 [Thread-3] ERROR ExternalProcessHandler - INFO: Detected dialect: OSS

May 05, 2020 8:15:29 PM org.openqa.selenium.remote.ProtocolHandshake createSession
[MASTER] 20:15:29.035 [Thread-3] ERROR ExternalProcessHandler - May 05, 2020 8:15:29 PM org.openqa.selenium.remote.ProtocolHandshake createSession

INFO: Detected dialect: OSS
[MASTER] 20:15:29.035 [Thread-3] ERROR ExternalProcessHandler - INFO: Detected dialect: OSS

May 05, 2020 8:15:31 PM po_utils.PageObjectLogging logInfo
[MASTER] 20:15:31.567 [Thread-3] ERROR ExternalProcessHandler - May 05, 2020 8:15:31 PM po_utils.PageObjectLogging logInfo

INFO: waitForElementBeingPresentOnPage timeout exception: unable to locate the element By.xpath: //div[contains(@class,"liquid-child")]
[MASTER] 20:15:31.568 [Thread-3] ERROR ExternalProcessHandler - INFO: waitForElementBeingPresentOnPage timeout exception: unable to locate the element By.xpath: //div[contains(@class,"liquid-child")]


[MASTER] 20:15:31.568 [Thread-3] ERROR ExternalProcessHandler - 


[MASTER] 20:15:31.568 [Thread-3] ERROR ExternalProcessHandler - 

May 05, 2020 8:15:37 PM po_utils.PageObjectLogging logInfo
[MASTER] 20:15:37.773 [Thread-3] ERROR ExternalProcessHandler - May 05, 2020 8:15:37 PM po_utils.PageObjectLogging logInfo

INFO: waitForElementBeingPresentOnPage timeout exception: unable to locate the element By.xpath: //div[contains(@class,"liquid-child")]
[MASTER] 20:15:37.773 [Thread-3] ERROR ExternalProcessHandler - INFO: waitForElementBeingPresentOnPage timeout exception: unable to locate the element By.xpath: //div[contains(@class,"liquid-child")]


[MASTER] 20:15:37.773 [Thread-3] ERROR ExternalProcessHandler - 


[MASTER] 20:15:37.773 [Thread-3] ERROR ExternalProcessHandler - 

May 05, 2020 8:15:48 PM org.openqa.selenium.remote.ProtocolHandshake createSession
[MASTER] 20:15:48.119 [Thread-3] ERROR ExternalProcessHandler - May 05, 2020 8:15:48 PM org.openqa.selenium.remote.ProtocolHandshake createSession

INFO: Detected dialect: OSS
[MASTER] 20:15:48.119 [Thread-3] ERROR ExternalProcessHandler - INFO: Detected dialect: OSS

May 05, 2020 8:15:54 PM po_utils.PageObjectLogging logInfo
[MASTER] 20:15:54.477 [Thread-3] ERROR ExternalProcessHandler - May 05, 2020 8:15:54 PM po_utils.PageObjectLogging logInfo

INFO: waitForElementBeingPresentOnPage timeout exception: unable to locate the element By.xpath: //div[contains(@class,"liquid-child")]
[MASTER] 20:15:54.477 [Thread-3] ERROR ExternalProcessHandler - INFO: waitForElementBeingPresentOnPage timeout exception: unable to locate the element By.xpath: //div[contains(@class,"liquid-child")]


[MASTER] 20:15:54.477 [Thread-3] ERROR ExternalProcessHandler - 


[MASTER] 20:15:54.477 [Thread-3] ERROR ExternalProcessHandler - 

May 05, 2020 8:16:01 PM po_utils.PageObjectLogging logInfo
[MASTER] 20:16:01.376 [Thread-3] ERROR ExternalProcessHandler - May 05, 2020 8:16:01 PM po_utils.PageObjectLogging logInfo

INFO: waitForElementBeingPresentOnPage timeout exception: unable to locate the element By.xpath: //div[contains(@class,"liquid-child")]
[MASTER] 20:16:01.377 [Thread-3] ERROR ExternalProcessHandler - INFO: waitForElementBeingPresentOnPage timeout exception: unable to locate the element By.xpath: //div[contains(@class,"liquid-child")]


[MASTER] 20:16:01.377 [Thread-3] ERROR ExternalProcessHandler - 


[MASTER] 20:16:01.377 [Thread-3] ERROR ExternalProcessHandler - 

May 05, 2020 8:16:13 PM org.openqa.selenium.remote.ProtocolHandshake createSession
[MASTER] 20:16:13.872 [Thread-3] ERROR ExternalProcessHandler - May 05, 2020 8:16:13 PM org.openqa.selenium.remote.ProtocolHandshake createSession

INFO: Detected dialect: OSS
[MASTER] 20:16:13.873 [Thread-3] ERROR ExternalProcessHandler - INFO: Detected dialect: OSS

May 05, 2020 8:16:24 PM po_utils.PageObjectLogging logInfo
[MASTER] 20:16:24.057 [Thread-3] ERROR ExternalProcessHandler - May 05, 2020 8:16:24 PM po_utils.PageObjectLogging logInfo

INFO: waitForElementBeingPresentOnPage timeout exception: unable to locate the element By.xpath: //div[contains(@class,"liquid-child")]
[MASTER] 20:16:24.057 [Thread-3] ERROR ExternalProcessHandler - INFO: waitForElementBeingPresentOnPage timeout exception: unable to locate the element By.xpath: //div[contains(@class,"liquid-child")]


[MASTER] 20:16:24.057 [Thread-3] ERROR ExternalProcessHandler - 


[MASTER] 20:16:24.057 [Thread-3] ERROR ExternalProcessHandler - 

May 05, 2020 8:16:31 PM po_utils.PageObjectLogging logInfo
[MASTER] 20:16:31.736 [Thread-3] ERROR ExternalProcessHandler - May 05, 2020 8:16:31 PM po_utils.PageObjectLogging logInfo

INFO: waitForElementBeingPresentOnPage timeout exception: unable to locate the element By.xpath: //div[contains(@class,"liquid-child")]
[MASTER] 20:16:31.736 [Thread-3] ERROR ExternalProcessHandler - INFO: waitForElementBeingPresentOnPage timeout exception: unable to locate the element By.xpath: //div[contains(@class,"liquid-child")]


[MASTER] 20:16:31.736 [Thread-3] ERROR ExternalProcessHandler - 


[MASTER] 20:16:31.736 [Thread-3] ERROR ExternalProcessHandler - 

May 05, 2020 8:16:46 PM org.openqa.selenium.remote.ProtocolHandshake createSession
[MASTER] 20:16:46.274 [Thread-3] ERROR ExternalProcessHandler - May 05, 2020 8:16:46 PM org.openqa.selenium.remote.ProtocolHandshake createSession

INFO: Detected dialect: OSS
[MASTER] 20:16:46.274 [Thread-3] ERROR ExternalProcessHandler - INFO: Detected dialect: OSS

May 05, 2020 8:17:00 PM po_utils.PageObjectLogging logInfo
[MASTER] 20:17:00.184 [Thread-3] ERROR ExternalProcessHandler - May 05, 2020 8:17:00 PM po_utils.PageObjectLogging logInfo

INFO: waitForElementBeingPresentOnPage timeout exception: unable to locate the element By.xpath: //div[contains(@class,"liquid-child")]
[MASTER] 20:17:00.184 [Thread-3] ERROR ExternalProcessHandler - INFO: waitForElementBeingPresentOnPage timeout exception: unable to locate the element By.xpath: //div[contains(@class,"liquid-child")]


[MASTER] 20:17:00.184 [Thread-3] ERROR ExternalProcessHandler - 


[MASTER] 20:17:00.184 [Thread-3] ERROR ExternalProcessHandler - 

May 05, 2020 8:17:08 PM po_utils.PageObjectLogging logInfo
[MASTER] 20:17:08.561 [Thread-3] ERROR ExternalProcessHandler - May 05, 2020 8:17:08 PM po_utils.PageObjectLogging logInfo

INFO: waitForElementBeingPresentOnPage timeout exception: unable to locate the element By.xpath: //div[contains(@class,"liquid-child")]
[MASTER] 20:17:08.561 [Thread-3] ERROR ExternalProcessHandler - INFO: waitForElementBeingPresentOnPage timeout exception: unable to locate the element By.xpath: //div[contains(@class,"liquid-child")]


[MASTER] 20:17:08.561 [Thread-3] ERROR ExternalProcessHandler - 


[MASTER] 20:17:08.561 [Thread-3] ERROR ExternalProcessHandler - 

[MASTER] 20:17:25.299 [logback-2] ERROR TestCaseExecutor - TG: Exception caught: 
java.lang.IllegalStateException: Test generation failed: page object bug.
	at org.evosuite.testcase.execution.TestCaseExecutor.runTest(TestCaseExecutor.java:320) ~[evosuite-client-1.0.4-SNAPSHOT.jar:na]
	at org.evosuite.testcase.TestFitnessFunction.runTest(TestFitnessFunction.java:91) [evosuite-client-1.0.4-SNAPSHOT.jar:na]
	at org.evosuite.testcase.TestFitnessFunction.getFitness(TestFitnessFunction.java:60) [evosuite-client-1.0.4-SNAPSHOT.jar:na]
	at org.evosuite.testcase.TestFitnessFunction.getFitness(TestFitnessFunction.java:34) [evosuite-client-1.0.4-SNAPSHOT.jar:na]
	at org.evosuite.ga.metaheuristics.mosa.MOSA.calculateFitness(MOSA.java:155) [evosuite-client-1.0.4-SNAPSHOT.jar:na]
	at org.evosuite.ga.metaheuristics.mosa.AbstractMOSA.calculateFitness(AbstractMOSA.java:327) [evosuite-client-1.0.4-SNAPSHOT.jar:na]
	at org.evosuite.ga.metaheuristics.mosa.AbstractMOSA.initializePopulation(AbstractMOSA.java:437) [evosuite-client-1.0.4-SNAPSHOT.jar:na]
	at org.evosuite.ga.metaheuristics.mosa.MOSA.generateSolution(MOSA.java:194) [evosuite-client-1.0.4-SNAPSHOT.jar:na]
	at org.evosuite.strategy.MOSuiteStrategy.generateTests(MOSuiteStrategy.java:127) [evosuite-client-1.0.4-SNAPSHOT.jar:na]
	at org.evosuite.TestSuiteGenerator.generateTests(TestSuiteGenerator.java:654) [evosuite-client-1.0.4-SNAPSHOT.jar:na]
	at org.evosuite.TestSuiteGenerator.generateTestSuite(TestSuiteGenerator.java:213) [evosuite-client-1.0.4-SNAPSHOT.jar:na]
	at org.evosuite.rmi.service.ClientNodeImpl$1.run(ClientNodeImpl.java:145) [evosuite-client-1.0.4-SNAPSHOT.jar:na]
	at java.util.concurrent.Executors$RunnableAdapter.call(Executors.java:511) [na:1.8.0_212]
	at java.util.concurrent.FutureTask.run(FutureTask.java:266) [na:1.8.0_212]
	at java.util.concurrent.ThreadPoolExecutor.runWorker(ThreadPoolExecutor.java:1149) [na:1.8.0_212]
	at java.util.concurrent.ThreadPoolExecutor$Worker.run(ThreadPoolExecutor.java:624) [na:1.8.0_212]
	at java.lang.Thread.run(Thread.java:748) [na:1.8.0_212]
[MASTER] 20:17:25.310 [logback-2] ERROR ClientNodeImpl - Error when generating tests for: main.ClassUnderTestApogen with seed 1588709629345. Configuration id : null
java.lang.Error: java.lang.IllegalStateException: Test generation failed: page object bug.
	at org.evosuite.testcase.execution.TestCaseExecutor.runTest(TestCaseExecutor.java:336) ~[evosuite-client-1.0.4-SNAPSHOT.jar:na]
	at org.evosuite.testcase.TestFitnessFunction.runTest(TestFitnessFunction.java:91) ~[evosuite-client-1.0.4-SNAPSHOT.jar:na]
	at org.evosuite.testcase.TestFitnessFunction.getFitness(TestFitnessFunction.java:60) ~[evosuite-client-1.0.4-SNAPSHOT.jar:na]
	at org.evosuite.testcase.TestFitnessFunction.getFitness(TestFitnessFunction.java:34) ~[evosuite-client-1.0.4-SNAPSHOT.jar:na]
	at org.evosuite.ga.metaheuristics.mosa.MOSA.calculateFitness(MOSA.java:155) ~[evosuite-client-1.0.4-SNAPSHOT.jar:na]
	at org.evosuite.ga.metaheuristics.mosa.AbstractMOSA.calculateFitness(AbstractMOSA.java:327) ~[evosuite-client-1.0.4-SNAPSHOT.jar:na]
	at org.evosuite.ga.metaheuristics.mosa.AbstractMOSA.initializePopulation(AbstractMOSA.java:437) ~[evosuite-client-1.0.4-SNAPSHOT.jar:na]
	at org.evosuite.ga.metaheuristics.mosa.MOSA.generateSolution(MOSA.java:194) ~[evosuite-client-1.0.4-SNAPSHOT.jar:na]
	at org.evosuite.strategy.MOSuiteStrategy.generateTests(MOSuiteStrategy.java:127) ~[evosuite-client-1.0.4-SNAPSHOT.jar:na]
	at org.evosuite.TestSuiteGenerator.generateTests(TestSuiteGenerator.java:654) ~[evosuite-client-1.0.4-SNAPSHOT.jar:na]
	at org.evosuite.TestSuiteGenerator.generateTestSuite(TestSuiteGenerator.java:213) ~[evosuite-client-1.0.4-SNAPSHOT.jar:na]
	at org.evosuite.rmi.service.ClientNodeImpl$1.run(ClientNodeImpl.java:145) ~[evosuite-client-1.0.4-SNAPSHOT.jar:na]
	at java.util.concurrent.Executors$RunnableAdapter.call(Executors.java:511) [na:1.8.0_212]
	at java.util.concurrent.FutureTask.run(FutureTask.java:266) [na:1.8.0_212]
	at java.util.concurrent.ThreadPoolExecutor.runWorker(ThreadPoolExecutor.java:1149) [na:1.8.0_212]
	at java.util.concurrent.ThreadPoolExecutor$Worker.run(ThreadPoolExecutor.java:624) [na:1.8.0_212]
	at java.lang.Thread.run(Thread.java:748) [na:1.8.0_212]
Caused by: java.lang.IllegalStateException: Test generation failed: page object bug.
	at org.evosuite.testcase.execution.TestCaseExecutor.runTest(TestCaseExecutor.java:320) ~[evosuite-client-1.0.4-SNAPSHOT.jar:na]
	... 16 common frames omitted
[MASTER] 20:17:25.425 [main] ERROR SearchStatistics - No statistics has been saved because EvoSuite failed to generate any test case
[MASTER] 20:17:25.527 [main] ERROR TestGeneration - failed to write statistics data
