SLF4J: Class path contains multiple SLF4J bindings.
SLF4J: Found binding in [jar:file:/home/ubuntu/.m2/repository/ch/qos/logback/logback-classic/1.1.3/logback-classic-1.1.3.jar!/org/slf4j/impl/StaticLoggerBinder.class]
SLF4J: Found binding in [jar:file:/home/ubuntu/.m2/repository/org/evosuite/evosuite-master/1.0.4-SNAPSHOT/evosuite-master-1.0.4-SNAPSHOT.jar!/org/slf4j/impl/StaticLoggerBinder.class]
SLF4J: See http://www.slf4j.org/codes.html#multiple_bindings for an explanation.
SLF4J: Actual binding is of type [ch.qos.logback.classic.util.ContextSelectorStaticBinder]
SLF4J: Class path contains multiple SLF4J bindings.
[MASTER] 08:15:41.737 [Thread-3] ERROR ExternalProcessHandler - SLF4J: Class path contains multiple SLF4J bindings.

SLF4J: Found binding in [jar:file:/home/ubuntu/.m2/repository/ch/qos/logback/logback-classic/1.1.3/logback-classic-1.1.3.jar!/org/slf4j/impl/StaticLoggerBinder.class]
[MASTER] 08:15:41.739 [Thread-3] ERROR ExternalProcessHandler - SLF4J: Found binding in [jar:file:/home/ubuntu/.m2/repository/ch/qos/logback/logback-classic/1.1.3/logback-classic-1.1.3.jar!/org/slf4j/impl/StaticLoggerBinder.class]

SLF4J: Found binding in [jar:file:/home/ubuntu/.m2/repository/org/evosuite/evosuite-master/1.0.4-SNAPSHOT/evosuite-master-1.0.4-SNAPSHOT.jar!/org/slf4j/impl/StaticLoggerBinder.class]
[MASTER] 08:15:41.746 [Thread-3] ERROR ExternalProcessHandler - SLF4J: Found binding in [jar:file:/home/ubuntu/.m2/repository/org/evosuite/evosuite-master/1.0.4-SNAPSHOT/evosuite-master-1.0.4-SNAPSHOT.jar!/org/slf4j/impl/StaticLoggerBinder.class]

SLF4J: See http://www.slf4j.org/codes.html#multiple_bindings for an explanation.
[MASTER] 08:15:41.747 [Thread-3] ERROR ExternalProcessHandler - SLF4J: See http://www.slf4j.org/codes.html#multiple_bindings for an explanation.

SLF4J: Actual binding is of type [ch.qos.logback.classic.util.ContextSelectorStaticBinder]
[MASTER] 08:15:57.035 [Thread-3] ERROR ExternalProcessHandler - SLF4J: Actual binding is of type [ch.qos.logback.classic.util.ContextSelectorStaticBinder]

Feb 26, 2020 8:16:46 AM org.openqa.selenium.remote.ProtocolHandshake createSession
[MASTER] 08:16:46.658 [Thread-3] ERROR ExternalProcessHandler - Feb 26, 2020 8:16:46 AM org.openqa.selenium.remote.ProtocolHandshake createSession

INFO: Detected dialect: OSS
[MASTER] 08:16:46.659 [Thread-3] ERROR ExternalProcessHandler - INFO: Detected dialect: OSS

Feb 26, 2020 8:17:13 AM po_utils.PageObjectLogging logInfo
[MASTER] 08:17:13.488 [Thread-3] ERROR ExternalProcessHandler - Feb 26, 2020 8:17:13 AM po_utils.PageObjectLogging logInfo

INFO: waitForElementBeingPresentOnPage timeout exception: unable to locate the element By.xpath: //input[@placeholder="Example: Trip to Barcelona"]
[MASTER] 08:17:13.490 [Thread-3] ERROR ExternalProcessHandler - INFO: waitForElementBeingPresentOnPage timeout exception: unable to locate the element By.xpath: //input[@placeholder="Example: Trip to Barcelona"]


[MASTER] 08:17:13.490 [Thread-3] ERROR ExternalProcessHandler - 


[MASTER] 08:17:13.490 [Thread-3] ERROR ExternalProcessHandler - 

Feb 26, 2020 8:17:13 AM org.openqa.selenium.remote.ProtocolHandshake createSession
[MASTER] 08:17:13.754 [Thread-3] ERROR ExternalProcessHandler - Feb 26, 2020 8:17:13 AM org.openqa.selenium.remote.ProtocolHandshake createSession

INFO: Detected dialect: OSS
[MASTER] 08:17:13.754 [Thread-3] ERROR ExternalProcessHandler - INFO: Detected dialect: OSS

Exception in thread "Thread-3" java.lang.ClassCastException: org.evosuite.testcase.TestChromosome cannot be cast to org.evosuite.testsuite.TestSuiteChromosome
[MASTER] 08:17:22.514 [Thread-3] ERROR ExternalProcessHandler - Exception in thread "Thread-3" java.lang.ClassCastException: org.evosuite.testcase.TestChromosome cannot be cast to org.evosuite.testsuite.TestSuiteChromosome

	at org.evosuite.statistics.SearchStatistics.currentIndividual(SearchStatistics.java:181)
[MASTER] 08:17:22.514 [Thread-3] ERROR ExternalProcessHandler - 	at org.evosuite.statistics.SearchStatistics.currentIndividual(SearchStatistics.java:181)

	at org.evosuite.rmi.service.MasterNodeImpl.evosuite_collectStatistics(MasterNodeImpl.java:166)
[MASTER] 08:17:22.515 [Thread-3] ERROR ExternalProcessHandler - 	at org.evosuite.rmi.service.MasterNodeImpl.evosuite_collectStatistics(MasterNodeImpl.java:166)

	at sun.reflect.NativeMethodAccessorImpl.invoke0(Native Method)
[MASTER] 08:17:22.515 [Thread-3] ERROR ExternalProcessHandler - 	at sun.reflect.NativeMethodAccessorImpl.invoke0(Native Method)

	at sun.reflect.NativeMethodAccessorImpl.invoke(NativeMethodAccessorImpl.java:62)
[MASTER] 08:17:22.515 [Thread-3] ERROR ExternalProcessHandler - 	at sun.reflect.NativeMethodAccessorImpl.invoke(NativeMethodAccessorImpl.java:62)

	at sun.reflect.DelegatingMethodAccessorImpl.invoke(DelegatingMethodAccessorImpl.java:43)
[MASTER] 08:17:22.516 [Thread-3] ERROR ExternalProcessHandler - 	at sun.reflect.DelegatingMethodAccessorImpl.invoke(DelegatingMethodAccessorImpl.java:43)

	at java.lang.reflect.Method.invoke(Method.java:498)
[MASTER] 08:17:22.516 [Thread-3] ERROR ExternalProcessHandler - 	at java.lang.reflect.Method.invoke(Method.java:498)

	at sun.rmi.server.UnicastServerRef.dispatch(UnicastServerRef.java:357)
[MASTER] 08:17:22.516 [Thread-3] ERROR ExternalProcessHandler - 	at sun.rmi.server.UnicastServerRef.dispatch(UnicastServerRef.java:357)

	at sun.rmi.transport.Transport$1.run(Transport.java:200)
[MASTER] 08:17:22.516 [Thread-3] ERROR ExternalProcessHandler - 	at sun.rmi.transport.Transport$1.run(Transport.java:200)

	at sun.rmi.transport.Transport$1.run(Transport.java:197)
[MASTER] 08:17:22.516 [Thread-3] ERROR ExternalProcessHandler - 	at sun.rmi.transport.Transport$1.run(Transport.java:197)

	at java.security.AccessController.doPrivileged(Native Method)
[MASTER] 08:17:22.516 [Thread-3] ERROR ExternalProcessHandler - 	at java.security.AccessController.doPrivileged(Native Method)

	at sun.rmi.transport.Transport.serviceCall(Transport.java:196)
[MASTER] 08:17:22.517 [Thread-3] ERROR ExternalProcessHandler - 	at sun.rmi.transport.Transport.serviceCall(Transport.java:196)

	at sun.rmi.transport.tcp.TCPTransport.handleMessages(TCPTransport.java:573)
[MASTER] 08:17:22.517 [Thread-3] ERROR ExternalProcessHandler - 	at sun.rmi.transport.tcp.TCPTransport.handleMessages(TCPTransport.java:573)

	at sun.rmi.transport.tcp.TCPTransport$ConnectionHandler.run0(TCPTransport.java:834)
[MASTER] 08:17:22.517 [Thread-3] ERROR ExternalProcessHandler - 	at sun.rmi.transport.tcp.TCPTransport$ConnectionHandler.run0(TCPTransport.java:834)

	at sun.rmi.transport.tcp.TCPTransport$ConnectionHandler.lambda$run$0(TCPTransport.java:688)
[MASTER] 08:17:22.517 [Thread-3] ERROR ExternalProcessHandler - 	at sun.rmi.transport.tcp.TCPTransport$ConnectionHandler.lambda$run$0(TCPTransport.java:688)

	at java.security.AccessController.doPrivileged(Native Method)
[MASTER] 08:17:22.517 [Thread-3] ERROR ExternalProcessHandler - 	at java.security.AccessController.doPrivileged(Native Method)

	at sun.rmi.transport.tcp.TCPTransport$ConnectionHandler.run(TCPTransport.java:687)
[MASTER] 08:17:22.518 [Thread-3] ERROR ExternalProcessHandler - 	at sun.rmi.transport.tcp.TCPTransport$ConnectionHandler.run(TCPTransport.java:687)

	at java.util.concurrent.ThreadPoolExecutor.runWorker(ThreadPoolExecutor.java:1149)
[MASTER] 08:17:22.518 [Thread-3] ERROR ExternalProcessHandler - 	at java.util.concurrent.ThreadPoolExecutor.runWorker(ThreadPoolExecutor.java:1149)

	at java.util.concurrent.ThreadPoolExecutor$Worker.run(ThreadPoolExecutor.java:624)
[MASTER] 08:17:22.518 [Thread-3] ERROR ExternalProcessHandler - 	at java.util.concurrent.ThreadPoolExecutor$Worker.run(ThreadPoolExecutor.java:624)

	at java.lang.Thread.run(Thread.java:748)
[MASTER] 08:17:22.518 [Thread-3] ERROR ExternalProcessHandler - 	at java.lang.Thread.run(Thread.java:748)

	at sun.rmi.transport.StreamRemoteCall.exceptionReceivedFromServer(StreamRemoteCall.java:303)
[MASTER] 08:17:22.519 [Thread-3] ERROR ExternalProcessHandler - 	at sun.rmi.transport.StreamRemoteCall.exceptionReceivedFromServer(StreamRemoteCall.java:303)

	at sun.rmi.transport.StreamRemoteCall.executeCall(StreamRemoteCall.java:279)
[MASTER] 08:17:22.519 [Thread-3] ERROR ExternalProcessHandler - 	at sun.rmi.transport.StreamRemoteCall.executeCall(StreamRemoteCall.java:279)

	at sun.rmi.server.UnicastRef.invoke(UnicastRef.java:164)
[MASTER] 08:17:22.519 [Thread-3] ERROR ExternalProcessHandler - 	at sun.rmi.server.UnicastRef.invoke(UnicastRef.java:164)

	at java.rmi.server.RemoteObjectInvocationHandler.invokeRemoteMethod(RemoteObjectInvocationHandler.java:235)
[MASTER] 08:17:22.519 [Thread-3] ERROR ExternalProcessHandler - 	at java.rmi.server.RemoteObjectInvocationHandler.invokeRemoteMethod(RemoteObjectInvocationHandler.java:235)

	at java.rmi.server.RemoteObjectInvocationHandler.invoke(RemoteObjectInvocationHandler.java:180)
[MASTER] 08:17:22.519 [Thread-3] ERROR ExternalProcessHandler - 	at java.rmi.server.RemoteObjectInvocationHandler.invoke(RemoteObjectInvocationHandler.java:180)

	at com.sun.proxy.$Proxy7.evosuite_collectStatistics(Unknown Source)
[MASTER] 08:17:22.520 [Thread-3] ERROR ExternalProcessHandler - 	at com.sun.proxy.$Proxy7.evosuite_collectStatistics(Unknown Source)

	at org.evosuite.rmi.service.ClientNodeImpl.updateStatistics(ClientNodeImpl.java:237)
[MASTER] 08:17:22.520 [Thread-3] ERROR ExternalProcessHandler - 	at org.evosuite.rmi.service.ClientNodeImpl.updateStatistics(ClientNodeImpl.java:237)

	at org.evosuite.statistics.StatisticsSender.sendIndividualToMaster(StatisticsSender.java:75)
[MASTER] 08:17:22.520 [Thread-3] ERROR ExternalProcessHandler - 	at org.evosuite.statistics.StatisticsSender.sendIndividualToMaster(StatisticsSender.java:75)

	at org.evosuite.statistics.StatisticsListener$1.run(StatisticsListener.java:71)
[MASTER] 08:17:22.520 [Thread-3] ERROR ExternalProcessHandler - 	at org.evosuite.statistics.StatisticsListener$1.run(StatisticsListener.java:71)

Feb 26, 2020 8:17:22 AM org.openqa.selenium.remote.ProtocolHandshake createSession
[MASTER] 08:17:22.553 [Thread-3] ERROR ExternalProcessHandler - Feb 26, 2020 8:17:22 AM org.openqa.selenium.remote.ProtocolHandshake createSession

INFO: Detected dialect: OSS
[MASTER] 08:17:22.553 [Thread-3] ERROR ExternalProcessHandler - INFO: Detected dialect: OSS

Feb 26, 2020 8:17:26 AM org.openqa.selenium.remote.ProtocolHandshake createSession
[MASTER] 08:17:26.636 [Thread-3] ERROR ExternalProcessHandler - Feb 26, 2020 8:17:26 AM org.openqa.selenium.remote.ProtocolHandshake createSession

INFO: Detected dialect: OSS
[MASTER] 08:17:26.636 [Thread-3] ERROR ExternalProcessHandler - INFO: Detected dialect: OSS

Feb 26, 2020 8:17:30 AM po_utils.PageObjectLogging logInfo
[MASTER] 08:17:30.089 [Thread-3] ERROR ExternalProcessHandler - Feb 26, 2020 8:17:30 AM po_utils.PageObjectLogging logInfo

INFO: waitForElementBeingPresentOnPage timeout exception: unable to locate the element By.xpath: //div[contains(@class,"liquid-child")]
[MASTER] 08:17:30.089 [Thread-3] ERROR ExternalProcessHandler - INFO: waitForElementBeingPresentOnPage timeout exception: unable to locate the element By.xpath: //div[contains(@class,"liquid-child")]


[MASTER] 08:17:30.089 [Thread-3] ERROR ExternalProcessHandler - 


[MASTER] 08:17:30.089 [Thread-3] ERROR ExternalProcessHandler - 

Feb 26, 2020 8:17:31 AM org.openqa.selenium.remote.ProtocolHandshake createSession
[MASTER] 08:17:31.542 [Thread-3] ERROR ExternalProcessHandler - Feb 26, 2020 8:17:31 AM org.openqa.selenium.remote.ProtocolHandshake createSession

INFO: Detected dialect: OSS
[MASTER] 08:17:31.542 [Thread-3] ERROR ExternalProcessHandler - INFO: Detected dialect: OSS

Feb 26, 2020 8:17:37 AM po_utils.PageObjectLogging logInfo
[MASTER] 08:17:37.330 [Thread-3] ERROR ExternalProcessHandler - Feb 26, 2020 8:17:37 AM po_utils.PageObjectLogging logInfo

INFO: waitForElementBeingPresentOnPage timeout exception: unable to locate the element By.xpath: //div[contains(@class,"liquid-child")]
[MASTER] 08:17:37.330 [Thread-3] ERROR ExternalProcessHandler - INFO: waitForElementBeingPresentOnPage timeout exception: unable to locate the element By.xpath: //div[contains(@class,"liquid-child")]


[MASTER] 08:17:37.330 [Thread-3] ERROR ExternalProcessHandler - 


[MASTER] 08:17:37.330 [Thread-3] ERROR ExternalProcessHandler - 

Feb 26, 2020 8:17:39 AM org.openqa.selenium.remote.ProtocolHandshake createSession
[MASTER] 08:17:39.175 [Thread-3] ERROR ExternalProcessHandler - Feb 26, 2020 8:17:39 AM org.openqa.selenium.remote.ProtocolHandshake createSession

INFO: Detected dialect: OSS
[MASTER] 08:17:39.175 [Thread-3] ERROR ExternalProcessHandler - INFO: Detected dialect: OSS

Feb 26, 2020 8:17:45 AM po_utils.PageObjectLogging logInfo
[MASTER] 08:17:45.495 [Thread-3] ERROR ExternalProcessHandler - Feb 26, 2020 8:17:45 AM po_utils.PageObjectLogging logInfo

INFO: waitForElementBeingPresentOnPage timeout exception: unable to locate the element By.xpath: //input[@placeholder="Example: Trip to Barcelona"]
[MASTER] 08:17:45.495 [Thread-3] ERROR ExternalProcessHandler - INFO: waitForElementBeingPresentOnPage timeout exception: unable to locate the element By.xpath: //input[@placeholder="Example: Trip to Barcelona"]


[MASTER] 08:17:45.495 [Thread-3] ERROR ExternalProcessHandler - 


[MASTER] 08:17:45.495 [Thread-3] ERROR ExternalProcessHandler - 

Feb 26, 2020 8:17:47 AM po_utils.PageObjectLogging logInfo
[MASTER] 08:17:47.191 [Thread-3] ERROR ExternalProcessHandler - Feb 26, 2020 8:17:47 AM po_utils.PageObjectLogging logInfo

INFO: waitForElementBeingPresentOnPage timeout exception: unable to locate the element By.xpath: //div[contains(@class,"liquid-child")]
[MASTER] 08:17:47.191 [Thread-3] ERROR ExternalProcessHandler - INFO: waitForElementBeingPresentOnPage timeout exception: unable to locate the element By.xpath: //div[contains(@class,"liquid-child")]


[MASTER] 08:17:47.191 [Thread-3] ERROR ExternalProcessHandler - 


[MASTER] 08:17:47.191 [Thread-3] ERROR ExternalProcessHandler - 

Feb 26, 2020 8:17:47 AM org.openqa.selenium.remote.ProtocolHandshake createSession
[MASTER] 08:17:47.751 [Thread-3] ERROR ExternalProcessHandler - Feb 26, 2020 8:17:47 AM org.openqa.selenium.remote.ProtocolHandshake createSession

INFO: Detected dialect: OSS
[MASTER] 08:17:47.752 [Thread-3] ERROR ExternalProcessHandler - INFO: Detected dialect: OSS

Feb 26, 2020 8:17:57 AM po_utils.PageObjectLogging logInfo
[MASTER] 08:17:57.892 [Thread-3] ERROR ExternalProcessHandler - Feb 26, 2020 8:17:57 AM po_utils.PageObjectLogging logInfo

INFO: waitForElementBeingPresentOnPage timeout exception: unable to locate the element By.xpath: //div[contains(@class,"liquid-child")]
[MASTER] 08:17:57.893 [Thread-3] ERROR ExternalProcessHandler - INFO: waitForElementBeingPresentOnPage timeout exception: unable to locate the element By.xpath: //div[contains(@class,"liquid-child")]


[MASTER] 08:17:57.893 [Thread-3] ERROR ExternalProcessHandler - 


[MASTER] 08:17:57.893 [Thread-3] ERROR ExternalProcessHandler - 

Feb 26, 2020 8:17:59 AM org.openqa.selenium.remote.ProtocolHandshake createSession
[MASTER] 08:17:59.665 [Thread-3] ERROR ExternalProcessHandler - Feb 26, 2020 8:17:59 AM org.openqa.selenium.remote.ProtocolHandshake createSession

INFO: Detected dialect: OSS
[MASTER] 08:17:59.665 [Thread-3] ERROR ExternalProcessHandler - INFO: Detected dialect: OSS

Feb 26, 2020 8:18:04 AM po_utils.PageObjectLogging logInfo
[MASTER] 08:18:04.087 [Thread-3] ERROR ExternalProcessHandler - Feb 26, 2020 8:18:04 AM po_utils.PageObjectLogging logInfo

INFO: waitForElementBeingPresentOnPage timeout exception: unable to locate the element By.xpath: //div[contains(@class,"liquid-child")]
[MASTER] 08:18:04.087 [Thread-3] ERROR ExternalProcessHandler - INFO: waitForElementBeingPresentOnPage timeout exception: unable to locate the element By.xpath: //div[contains(@class,"liquid-child")]


[MASTER] 08:18:04.087 [Thread-3] ERROR ExternalProcessHandler - 


[MASTER] 08:18:04.087 [Thread-3] ERROR ExternalProcessHandler - 

Feb 26, 2020 8:18:04 AM org.openqa.selenium.remote.ProtocolHandshake createSession
[MASTER] 08:18:04.752 [Thread-3] ERROR ExternalProcessHandler - Feb 26, 2020 8:18:04 AM org.openqa.selenium.remote.ProtocolHandshake createSession

INFO: Detected dialect: OSS
[MASTER] 08:18:04.752 [Thread-3] ERROR ExternalProcessHandler - INFO: Detected dialect: OSS

Feb 26, 2020 8:18:07 AM org.openqa.selenium.remote.ProtocolHandshake createSession
[MASTER] 08:18:07.707 [Thread-3] ERROR ExternalProcessHandler - Feb 26, 2020 8:18:07 AM org.openqa.selenium.remote.ProtocolHandshake createSession

INFO: Detected dialect: OSS
[MASTER] 08:18:07.707 [Thread-3] ERROR ExternalProcessHandler - INFO: Detected dialect: OSS

Feb 26, 2020 8:18:10 AM po_utils.PageObjectLogging logInfo
[MASTER] 08:18:10.951 [Thread-3] ERROR ExternalProcessHandler - Feb 26, 2020 8:18:10 AM po_utils.PageObjectLogging logInfo

INFO: waitForElementBeingPresentOnPage timeout exception: unable to locate the element By.xpath: //div[contains(@class,"liquid-child")]
[MASTER] 08:18:10.952 [Thread-3] ERROR ExternalProcessHandler - INFO: waitForElementBeingPresentOnPage timeout exception: unable to locate the element By.xpath: //div[contains(@class,"liquid-child")]


[MASTER] 08:18:10.952 [Thread-3] ERROR ExternalProcessHandler - 


[MASTER] 08:18:10.952 [Thread-3] ERROR ExternalProcessHandler - 

Feb 26, 2020 8:18:14 AM org.openqa.selenium.remote.ProtocolHandshake createSession
[MASTER] 08:18:14.367 [Thread-3] ERROR ExternalProcessHandler - Feb 26, 2020 8:18:14 AM org.openqa.selenium.remote.ProtocolHandshake createSession

INFO: Detected dialect: OSS
[MASTER] 08:18:14.368 [Thread-3] ERROR ExternalProcessHandler - INFO: Detected dialect: OSS

Feb 26, 2020 8:18:21 AM po_utils.PageObjectLogging logInfo
[MASTER] 08:18:21.343 [Thread-3] ERROR ExternalProcessHandler - Feb 26, 2020 8:18:21 AM po_utils.PageObjectLogging logInfo

INFO: waitForElementBeingPresentOnPage timeout exception: unable to locate the element By.xpath: //div[contains(@class,"liquid-child")]
[MASTER] 08:18:21.344 [Thread-3] ERROR ExternalProcessHandler - INFO: waitForElementBeingPresentOnPage timeout exception: unable to locate the element By.xpath: //div[contains(@class,"liquid-child")]


[MASTER] 08:18:21.344 [Thread-3] ERROR ExternalProcessHandler - 


[MASTER] 08:18:21.344 [Thread-3] ERROR ExternalProcessHandler - 

Feb 26, 2020 8:18:22 AM org.openqa.selenium.remote.ProtocolHandshake createSession
[MASTER] 08:18:22.244 [Thread-3] ERROR ExternalProcessHandler - Feb 26, 2020 8:18:22 AM org.openqa.selenium.remote.ProtocolHandshake createSession

INFO: Detected dialect: OSS
[MASTER] 08:18:22.244 [Thread-3] ERROR ExternalProcessHandler - INFO: Detected dialect: OSS

Feb 26, 2020 8:18:28 AM po_utils.PageObjectLogging logInfo
[MASTER] 08:18:28.545 [Thread-3] ERROR ExternalProcessHandler - Feb 26, 2020 8:18:28 AM po_utils.PageObjectLogging logInfo

INFO: waitForElementBeingPresentOnPage timeout exception: unable to locate the element By.xpath: //input[@placeholder="Example: Trip to Barcelona"]
[MASTER] 08:18:28.545 [Thread-3] ERROR ExternalProcessHandler - INFO: waitForElementBeingPresentOnPage timeout exception: unable to locate the element By.xpath: //input[@placeholder="Example: Trip to Barcelona"]


[MASTER] 08:18:28.545 [Thread-3] ERROR ExternalProcessHandler - 


[MASTER] 08:18:28.545 [Thread-3] ERROR ExternalProcessHandler - 

Feb 26, 2020 8:18:31 AM po_utils.PageObjectLogging logInfo
[MASTER] 08:18:31.715 [Thread-3] ERROR ExternalProcessHandler - Feb 26, 2020 8:18:31 AM po_utils.PageObjectLogging logInfo

INFO: waitForElementBeingPresentOnPage timeout exception: unable to locate the element By.xpath: //div[contains(@class,"liquid-child")]
[MASTER] 08:18:31.715 [Thread-3] ERROR ExternalProcessHandler - INFO: waitForElementBeingPresentOnPage timeout exception: unable to locate the element By.xpath: //div[contains(@class,"liquid-child")]


[MASTER] 08:18:31.715 [Thread-3] ERROR ExternalProcessHandler - 


[MASTER] 08:18:31.715 [Thread-3] ERROR ExternalProcessHandler - 

Feb 26, 2020 8:18:33 AM org.openqa.selenium.remote.ProtocolHandshake createSession
[MASTER] 08:18:33.020 [Thread-3] ERROR ExternalProcessHandler - Feb 26, 2020 8:18:33 AM org.openqa.selenium.remote.ProtocolHandshake createSession

INFO: Detected dialect: OSS
[MASTER] 08:18:33.020 [Thread-3] ERROR ExternalProcessHandler - INFO: Detected dialect: OSS

Feb 26, 2020 8:18:39 AM po_utils.PageObjectLogging logInfo
[MASTER] 08:18:39.388 [Thread-3] ERROR ExternalProcessHandler - Feb 26, 2020 8:18:39 AM po_utils.PageObjectLogging logInfo

INFO: waitForElementBeingPresentOnPage timeout exception: unable to locate the element By.xpath: //div[contains(@class,"liquid-child")]
[MASTER] 08:18:39.388 [Thread-3] ERROR ExternalProcessHandler - INFO: waitForElementBeingPresentOnPage timeout exception: unable to locate the element By.xpath: //div[contains(@class,"liquid-child")]


[MASTER] 08:18:39.388 [Thread-3] ERROR ExternalProcessHandler - 


[MASTER] 08:18:39.388 [Thread-3] ERROR ExternalProcessHandler - 

Feb 26, 2020 8:18:45 AM org.openqa.selenium.remote.ProtocolHandshake createSession
[MASTER] 08:18:45.670 [Thread-3] ERROR ExternalProcessHandler - Feb 26, 2020 8:18:45 AM org.openqa.selenium.remote.ProtocolHandshake createSession

INFO: Detected dialect: OSS
[MASTER] 08:18:45.670 [Thread-3] ERROR ExternalProcessHandler - INFO: Detected dialect: OSS

Feb 26, 2020 8:18:51 AM po_utils.PageObjectLogging logInfo
[MASTER] 08:18:51.601 [Thread-3] ERROR ExternalProcessHandler - Feb 26, 2020 8:18:51 AM po_utils.PageObjectLogging logInfo

INFO: waitForElementBeingPresentOnPage timeout exception: unable to locate the element By.xpath: //div[contains(@class,"liquid-child")]
[MASTER] 08:18:51.601 [Thread-3] ERROR ExternalProcessHandler - INFO: waitForElementBeingPresentOnPage timeout exception: unable to locate the element By.xpath: //div[contains(@class,"liquid-child")]


[MASTER] 08:18:51.601 [Thread-3] ERROR ExternalProcessHandler - 


[MASTER] 08:18:51.601 [Thread-3] ERROR ExternalProcessHandler - 

Feb 26, 2020 8:18:53 AM org.openqa.selenium.remote.ProtocolHandshake createSession
[MASTER] 08:18:53.263 [Thread-3] ERROR ExternalProcessHandler - Feb 26, 2020 8:18:53 AM org.openqa.selenium.remote.ProtocolHandshake createSession

INFO: Detected dialect: OSS
[MASTER] 08:18:53.263 [Thread-3] ERROR ExternalProcessHandler - INFO: Detected dialect: OSS

Feb 26, 2020 8:18:57 AM po_utils.PageObjectLogging logInfo
[MASTER] 08:18:57.011 [Thread-3] ERROR ExternalProcessHandler - Feb 26, 2020 8:18:57 AM po_utils.PageObjectLogging logInfo

INFO: waitForElementBeingPresentOnPage timeout exception: unable to locate the element By.xpath: //div[contains(@class,"liquid-child")]
[MASTER] 08:18:57.012 [Thread-3] ERROR ExternalProcessHandler - INFO: waitForElementBeingPresentOnPage timeout exception: unable to locate the element By.xpath: //div[contains(@class,"liquid-child")]


[MASTER] 08:18:57.012 [Thread-3] ERROR ExternalProcessHandler - 


[MASTER] 08:18:57.012 [Thread-3] ERROR ExternalProcessHandler - 

Feb 26, 2020 8:19:00 AM org.openqa.selenium.remote.ProtocolHandshake createSession
[MASTER] 08:19:00.103 [Thread-3] ERROR ExternalProcessHandler - Feb 26, 2020 8:19:00 AM org.openqa.selenium.remote.ProtocolHandshake createSession

INFO: Detected dialect: OSS
[MASTER] 08:19:00.103 [Thread-3] ERROR ExternalProcessHandler - INFO: Detected dialect: OSS

Feb 26, 2020 8:19:06 AM po_utils.PageObjectLogging logInfo
[MASTER] 08:19:06.624 [Thread-3] ERROR ExternalProcessHandler - Feb 26, 2020 8:19:06 AM po_utils.PageObjectLogging logInfo

INFO: waitForElementBeingPresentOnPage timeout exception: unable to locate the element By.xpath: //div[contains(@class,"liquid-child")]
[MASTER] 08:19:06.625 [Thread-3] ERROR ExternalProcessHandler - INFO: waitForElementBeingPresentOnPage timeout exception: unable to locate the element By.xpath: //div[contains(@class,"liquid-child")]


[MASTER] 08:19:06.625 [Thread-3] ERROR ExternalProcessHandler - 


[MASTER] 08:19:06.625 [Thread-3] ERROR ExternalProcessHandler - 

Feb 26, 2020 8:19:12 AM po_utils.PageObjectLogging logInfo
[MASTER] 08:19:12.999 [Thread-3] ERROR ExternalProcessHandler - Feb 26, 2020 8:19:12 AM po_utils.PageObjectLogging logInfo

INFO: waitForElementBeingPresentOnPage timeout exception: unable to locate the element By.xpath: //div[contains(@class,"liquid-child")]
[MASTER] 08:19:13.000 [Thread-3] ERROR ExternalProcessHandler - INFO: waitForElementBeingPresentOnPage timeout exception: unable to locate the element By.xpath: //div[contains(@class,"liquid-child")]


[MASTER] 08:19:13.000 [Thread-3] ERROR ExternalProcessHandler - 


[MASTER] 08:19:13.000 [Thread-3] ERROR ExternalProcessHandler - 

Feb 26, 2020 8:19:13 AM org.openqa.selenium.remote.ProtocolHandshake createSession
[MASTER] 08:19:13.186 [Thread-3] ERROR ExternalProcessHandler - Feb 26, 2020 8:19:13 AM org.openqa.selenium.remote.ProtocolHandshake createSession

INFO: Detected dialect: OSS
[MASTER] 08:19:13.187 [Thread-3] ERROR ExternalProcessHandler - INFO: Detected dialect: OSS

Feb 26, 2020 8:19:20 AM po_utils.PageObjectLogging logInfo
[MASTER] 08:19:20.245 [Thread-3] ERROR ExternalProcessHandler - Feb 26, 2020 8:19:20 AM po_utils.PageObjectLogging logInfo

INFO: waitForElementBeingPresentOnPage timeout exception: unable to locate the element By.xpath: //div[contains(@class,"liquid-child")]
[MASTER] 08:19:20.245 [Thread-3] ERROR ExternalProcessHandler - INFO: waitForElementBeingPresentOnPage timeout exception: unable to locate the element By.xpath: //div[contains(@class,"liquid-child")]


[MASTER] 08:19:20.245 [Thread-3] ERROR ExternalProcessHandler - 


[MASTER] 08:19:20.245 [Thread-3] ERROR ExternalProcessHandler - 

Feb 26, 2020 8:19:28 AM po_utils.PageObjectLogging logInfo
[MASTER] 08:19:28.746 [Thread-3] ERROR ExternalProcessHandler - Feb 26, 2020 8:19:28 AM po_utils.PageObjectLogging logInfo

INFO: waitForElementBeingPresentOnPage timeout exception: unable to locate the element By.xpath: //div[contains(@class,"liquid-child")]
[MASTER] 08:19:28.747 [Thread-3] ERROR ExternalProcessHandler - INFO: waitForElementBeingPresentOnPage timeout exception: unable to locate the element By.xpath: //div[contains(@class,"liquid-child")]


[MASTER] 08:19:28.747 [Thread-3] ERROR ExternalProcessHandler - 


[MASTER] 08:19:28.747 [Thread-3] ERROR ExternalProcessHandler - 

Feb 26, 2020 8:19:29 AM org.openqa.selenium.remote.ProtocolHandshake createSession
[MASTER] 08:19:29.547 [Thread-3] ERROR ExternalProcessHandler - Feb 26, 2020 8:19:29 AM org.openqa.selenium.remote.ProtocolHandshake createSession

INFO: Detected dialect: OSS
[MASTER] 08:19:29.547 [Thread-3] ERROR ExternalProcessHandler - INFO: Detected dialect: OSS

Feb 26, 2020 8:19:37 AM po_utils.PageObjectLogging logInfo
[MASTER] 08:19:37.370 [Thread-3] ERROR ExternalProcessHandler - Feb 26, 2020 8:19:37 AM po_utils.PageObjectLogging logInfo

INFO: waitForElementBeingPresentOnPage timeout exception: unable to locate the element By.xpath: //input[@placeholder="Example: Trip to Barcelona"]
[MASTER] 08:19:37.371 [Thread-3] ERROR ExternalProcessHandler - INFO: waitForElementBeingPresentOnPage timeout exception: unable to locate the element By.xpath: //input[@placeholder="Example: Trip to Barcelona"]


[MASTER] 08:19:37.371 [Thread-3] ERROR ExternalProcessHandler - 


[MASTER] 08:19:37.371 [Thread-3] ERROR ExternalProcessHandler - 

Feb 26, 2020 8:19:53 AM org.openqa.selenium.remote.ProtocolHandshake createSession
[MASTER] 08:19:53.186 [Thread-3] ERROR ExternalProcessHandler - Feb 26, 2020 8:19:53 AM org.openqa.selenium.remote.ProtocolHandshake createSession

INFO: Detected dialect: OSS
[MASTER] 08:19:53.186 [Thread-3] ERROR ExternalProcessHandler - INFO: Detected dialect: OSS

Feb 26, 2020 8:20:08 AM po_utils.PageObjectLogging logInfo
[MASTER] 08:20:08.685 [Thread-3] ERROR ExternalProcessHandler - Feb 26, 2020 8:20:08 AM po_utils.PageObjectLogging logInfo

INFO: waitForElementBeingPresentOnPage timeout exception: unable to locate the element By.xpath: //div[contains(@class,"liquid-child")]
[MASTER] 08:20:08.686 [Thread-3] ERROR ExternalProcessHandler - INFO: waitForElementBeingPresentOnPage timeout exception: unable to locate the element By.xpath: //div[contains(@class,"liquid-child")]


[MASTER] 08:20:08.686 [Thread-3] ERROR ExternalProcessHandler - 


[MASTER] 08:20:08.686 [Thread-3] ERROR ExternalProcessHandler - 

Feb 26, 2020 8:20:21 AM po_utils.PageObjectLogging logInfo
[MASTER] 08:20:21.397 [Thread-3] ERROR ExternalProcessHandler - Feb 26, 2020 8:20:21 AM po_utils.PageObjectLogging logInfo

INFO: waitForElementBeingPresentOnPage timeout exception: unable to locate the element By.xpath: //div[contains(@class,"liquid-child")]
[MASTER] 08:20:21.398 [Thread-3] ERROR ExternalProcessHandler - INFO: waitForElementBeingPresentOnPage timeout exception: unable to locate the element By.xpath: //div[contains(@class,"liquid-child")]


[MASTER] 08:20:21.398 [Thread-3] ERROR ExternalProcessHandler - 


[MASTER] 08:20:21.398 [Thread-3] ERROR ExternalProcessHandler - 

[MASTER] 08:20:23.346 [logback-2] ERROR TestCaseExecutor - TG: Exception caught: 
java.lang.IllegalStateException: Test generation failed: page object bug.
	at org.evosuite.testcase.execution.TestCaseExecutor.runTest(TestCaseExecutor.java:320) ~[evosuite-client-1.0.4-SNAPSHOT.jar:na]
	at org.evosuite.testcase.TestFitnessFunction.runTest(TestFitnessFunction.java:91) [evosuite-client-1.0.4-SNAPSHOT.jar:na]
	at org.evosuite.testcase.TestFitnessFunction.getFitness(TestFitnessFunction.java:60) [evosuite-client-1.0.4-SNAPSHOT.jar:na]
	at org.evosuite.testcase.TestFitnessFunction.getFitness(TestFitnessFunction.java:34) [evosuite-client-1.0.4-SNAPSHOT.jar:na]
	at org.evosuite.ga.metaheuristics.art.AdaptiveRandomSearch.calculateFitness(AdaptiveRandomSearch.java:312) [evosuite-client-1.0.4-SNAPSHOT.jar:na]
	at org.evosuite.ga.metaheuristics.art.AdaptiveRandomSearch.evolve(AdaptiveRandomSearch.java:139) [evosuite-client-1.0.4-SNAPSHOT.jar:na]
	at org.evosuite.ga.metaheuristics.art.AdaptiveRandomSearch.generateSolution(AdaptiveRandomSearch.java:270) [evosuite-client-1.0.4-SNAPSHOT.jar:na]
	at org.evosuite.strategy.AdaptiveRandomTestStrategy.generateTests(AdaptiveRandomTestStrategy.java:118) [evosuite-client-1.0.4-SNAPSHOT.jar:na]
	at org.evosuite.TestSuiteGenerator.generateTests(TestSuiteGenerator.java:654) [evosuite-client-1.0.4-SNAPSHOT.jar:na]
	at org.evosuite.TestSuiteGenerator.generateTestSuite(TestSuiteGenerator.java:213) [evosuite-client-1.0.4-SNAPSHOT.jar:na]
	at org.evosuite.rmi.service.ClientNodeImpl$1.run(ClientNodeImpl.java:145) [evosuite-client-1.0.4-SNAPSHOT.jar:na]
	at java.util.concurrent.Executors$RunnableAdapter.call(Executors.java:511) [na:1.8.0_242]
	at java.util.concurrent.FutureTask.run(FutureTask.java:266) [na:1.8.0_242]
	at java.util.concurrent.ThreadPoolExecutor.runWorker(ThreadPoolExecutor.java:1149) [na:1.8.0_242]
	at java.util.concurrent.ThreadPoolExecutor$Worker.run(ThreadPoolExecutor.java:624) [na:1.8.0_242]
	at java.lang.Thread.run(Thread.java:748) [na:1.8.0_242]
[MASTER] 08:20:23.351 [logback-2] ERROR ClientNodeImpl - Error when generating tests for: main.ClassUnderTestApogen with seed 1582704977187. Configuration id : null
java.lang.Error: java.lang.IllegalStateException: Test generation failed: page object bug.
	at org.evosuite.testcase.execution.TestCaseExecutor.runTest(TestCaseExecutor.java:336) ~[evosuite-client-1.0.4-SNAPSHOT.jar:na]
	at org.evosuite.testcase.TestFitnessFunction.runTest(TestFitnessFunction.java:91) ~[evosuite-client-1.0.4-SNAPSHOT.jar:na]
	at org.evosuite.testcase.TestFitnessFunction.getFitness(TestFitnessFunction.java:60) ~[evosuite-client-1.0.4-SNAPSHOT.jar:na]
	at org.evosuite.testcase.TestFitnessFunction.getFitness(TestFitnessFunction.java:34) ~[evosuite-client-1.0.4-SNAPSHOT.jar:na]
	at org.evosuite.ga.metaheuristics.art.AdaptiveRandomSearch.calculateFitness(AdaptiveRandomSearch.java:312) ~[evosuite-client-1.0.4-SNAPSHOT.jar:na]
	at org.evosuite.ga.metaheuristics.art.AdaptiveRandomSearch.evolve(AdaptiveRandomSearch.java:139) ~[evosuite-client-1.0.4-SNAPSHOT.jar:na]
	at org.evosuite.ga.metaheuristics.art.AdaptiveRandomSearch.generateSolution(AdaptiveRandomSearch.java:270) ~[evosuite-client-1.0.4-SNAPSHOT.jar:na]
	at org.evosuite.strategy.AdaptiveRandomTestStrategy.generateTests(AdaptiveRandomTestStrategy.java:118) ~[evosuite-client-1.0.4-SNAPSHOT.jar:na]
	at org.evosuite.TestSuiteGenerator.generateTests(TestSuiteGenerator.java:654) ~[evosuite-client-1.0.4-SNAPSHOT.jar:na]
	at org.evosuite.TestSuiteGenerator.generateTestSuite(TestSuiteGenerator.java:213) ~[evosuite-client-1.0.4-SNAPSHOT.jar:na]
	at org.evosuite.rmi.service.ClientNodeImpl$1.run(ClientNodeImpl.java:145) ~[evosuite-client-1.0.4-SNAPSHOT.jar:na]
	at java.util.concurrent.Executors$RunnableAdapter.call(Executors.java:511) [na:1.8.0_242]
	at java.util.concurrent.FutureTask.run(FutureTask.java:266) [na:1.8.0_242]
	at java.util.concurrent.ThreadPoolExecutor.runWorker(ThreadPoolExecutor.java:1149) [na:1.8.0_242]
	at java.util.concurrent.ThreadPoolExecutor$Worker.run(ThreadPoolExecutor.java:624) [na:1.8.0_242]
	at java.lang.Thread.run(Thread.java:748) [na:1.8.0_242]
Caused by: java.lang.IllegalStateException: Test generation failed: page object bug.
	at org.evosuite.testcase.execution.TestCaseExecutor.runTest(TestCaseExecutor.java:320) ~[evosuite-client-1.0.4-SNAPSHOT.jar:na]
	... 15 common frames omitted
[MASTER] 08:20:23.462 [main] ERROR SearchStatistics - No statistics has been saved because EvoSuite failed to generate any test case
[MASTER] 08:20:23.564 [main] ERROR TestGeneration - failed to write statistics data
