SLF4J: Class path contains multiple SLF4J bindings.
SLF4J: Found binding in [jar:file:/home/ubuntu/.m2/repository/ch/qos/logback/logback-classic/1.1.3/logback-classic-1.1.3.jar!/org/slf4j/impl/StaticLoggerBinder.class]
SLF4J: Found binding in [jar:file:/home/ubuntu/.m2/repository/org/evosuite/evosuite-master/1.0.4-SNAPSHOT/evosuite-master-1.0.4-SNAPSHOT.jar!/org/slf4j/impl/StaticLoggerBinder.class]
SLF4J: See http://www.slf4j.org/codes.html#multiple_bindings for an explanation.
SLF4J: Actual binding is of type [ch.qos.logback.classic.util.ContextSelectorStaticBinder]
SLF4J: Class path contains multiple SLF4J bindings.
[MASTER] 18:42:36.916 [Thread-3] ERROR ExternalProcessHandler - SLF4J: Class path contains multiple SLF4J bindings.

SLF4J: Found binding in [jar:file:/home/ubuntu/.m2/repository/ch/qos/logback/logback-classic/1.1.3/logback-classic-1.1.3.jar!/org/slf4j/impl/StaticLoggerBinder.class]
[MASTER] 18:42:36.917 [Thread-3] ERROR ExternalProcessHandler - SLF4J: Found binding in [jar:file:/home/ubuntu/.m2/repository/ch/qos/logback/logback-classic/1.1.3/logback-classic-1.1.3.jar!/org/slf4j/impl/StaticLoggerBinder.class]

SLF4J: Found binding in [jar:file:/home/ubuntu/.m2/repository/org/evosuite/evosuite-master/1.0.4-SNAPSHOT/evosuite-master-1.0.4-SNAPSHOT.jar!/org/slf4j/impl/StaticLoggerBinder.class]
[MASTER] 18:42:36.918 [Thread-3] ERROR ExternalProcessHandler - SLF4J: Found binding in [jar:file:/home/ubuntu/.m2/repository/org/evosuite/evosuite-master/1.0.4-SNAPSHOT/evosuite-master-1.0.4-SNAPSHOT.jar!/org/slf4j/impl/StaticLoggerBinder.class]

SLF4J: See http://www.slf4j.org/codes.html#multiple_bindings for an explanation.
[MASTER] 18:42:36.919 [Thread-3] ERROR ExternalProcessHandler - SLF4J: See http://www.slf4j.org/codes.html#multiple_bindings for an explanation.

SLF4J: Actual binding is of type [ch.qos.logback.classic.util.ContextSelectorStaticBinder]
[MASTER] 18:42:52.145 [Thread-3] ERROR ExternalProcessHandler - SLF4J: Actual binding is of type [ch.qos.logback.classic.util.ContextSelectorStaticBinder]

com.mysql.cj.jdbc.exceptions.CommunicationsException: Communications link failure
[MASTER] 18:45:49.859 [Thread-3] ERROR ExternalProcessHandler - com.mysql.cj.jdbc.exceptions.CommunicationsException: Communications link failure


[MASTER] 18:45:49.859 [Thread-3] ERROR ExternalProcessHandler - 

The last packet sent successfully to the server was 0 milliseconds ago. The driver has not received any packets from the server.
[MASTER] 18:45:49.860 [Thread-3] ERROR ExternalProcessHandler - The last packet sent successfully to the server was 0 milliseconds ago. The driver has not received any packets from the server.

	at com.mysql.cj.jdbc.exceptions.SQLError.createCommunicationsException(SQLError.java:590)
[MASTER] 18:45:49.860 [Thread-3] ERROR ExternalProcessHandler - 	at com.mysql.cj.jdbc.exceptions.SQLError.createCommunicationsException(SQLError.java:590)

	at com.mysql.cj.jdbc.exceptions.SQLExceptionsMapping.translateException(SQLExceptionsMapping.java:57)
[MASTER] 18:45:49.860 [Thread-3] ERROR ExternalProcessHandler - 	at com.mysql.cj.jdbc.exceptions.SQLExceptionsMapping.translateException(SQLExceptionsMapping.java:57)

	at com.mysql.cj.jdbc.ConnectionImpl.createNewIO(ConnectionImpl.java:1606)
[MASTER] 18:45:49.860 [Thread-3] ERROR ExternalProcessHandler - 	at com.mysql.cj.jdbc.ConnectionImpl.createNewIO(ConnectionImpl.java:1606)

	at com.mysql.cj.jdbc.ConnectionImpl.<init>(ConnectionImpl.java:633)
[MASTER] 18:45:49.861 [Thread-3] ERROR ExternalProcessHandler - 	at com.mysql.cj.jdbc.ConnectionImpl.<init>(ConnectionImpl.java:633)

	at com.mysql.cj.jdbc.ConnectionImpl.getInstance(ConnectionImpl.java:347)
[MASTER] 18:45:49.861 [Thread-3] ERROR ExternalProcessHandler - 	at com.mysql.cj.jdbc.ConnectionImpl.getInstance(ConnectionImpl.java:347)

	at com.mysql.cj.jdbc.NonRegisteringDriver.connect(NonRegisteringDriver.java:219)
[MASTER] 18:45:49.861 [Thread-3] ERROR ExternalProcessHandler - 	at com.mysql.cj.jdbc.NonRegisteringDriver.connect(NonRegisteringDriver.java:219)

	at java.sql.DriverManager.getConnection(DriverManager.java:664)
[MASTER] 18:45:49.862 [Thread-3] ERROR ExternalProcessHandler - 	at java.sql.DriverManager.getConnection(DriverManager.java:664)

	at java.sql.DriverManager.getConnection(DriverManager.java:247)
[MASTER] 18:45:49.862 [Thread-3] ERROR ExternalProcessHandler - 	at java.sql.DriverManager.getConnection(DriverManager.java:247)

	at po_utils.MySqlConnection.establishDBConnection(MySqlConnection.java:35)
[MASTER] 18:45:49.862 [Thread-3] ERROR ExternalProcessHandler - 	at po_utils.MySqlConnection.establishDBConnection(MySqlConnection.java:35)

	at po_utils.ResetAppState.resetDB(ResetAppState.java:21)
[MASTER] 18:45:49.862 [Thread-3] ERROR ExternalProcessHandler - 	at po_utils.ResetAppState.resetDB(ResetAppState.java:21)

	at po_utils.ResetAppState.reset(ResetAppState.java:15)
[MASTER] 18:45:49.862 [Thread-3] ERROR ExternalProcessHandler - 	at po_utils.ResetAppState.reset(ResetAppState.java:15)

	at sun.reflect.NativeMethodAccessorImpl.invoke0(Native Method)
[MASTER] 18:45:49.862 [Thread-3] ERROR ExternalProcessHandler - 	at sun.reflect.NativeMethodAccessorImpl.invoke0(Native Method)

	at sun.reflect.NativeMethodAccessorImpl.invoke(NativeMethodAccessorImpl.java:62)
[MASTER] 18:45:49.855 [logback-2] ERROR TestCaseExecutor - TG: Exception caught: 
java.lang.IllegalStateException: resetViaReflection: stop execution failed to reset state. Runtime exception: java.lang.IllegalStateException: po_utils.ResetAppState: connection to remote mysql server failed.
	at org.evosuite.selenium.state.ResetAppState.resetViaReflection(ResetAppState.java:21) ~[evosuite-client-1.0.4-SNAPSHOT.jar:na]
	at org.evosuite.testcase.execution.TestCaseExecutor.executeSelenium(TestCaseExecutor.java:459) ~[evosuite-client-1.0.4-SNAPSHOT.jar:na]
	at org.evosuite.testcase.execution.TestCaseExecutor.runTest(TestCaseExecutor.java:187) ~[evosuite-client-1.0.4-SNAPSHOT.jar:na]
	at org.evosuite.testcase.TestFitnessFunction.runTest(TestFitnessFunction.java:91) [evosuite-client-1.0.4-SNAPSHOT.jar:na]
	at org.evosuite.testcase.TestFitnessFunction.getFitness(TestFitnessFunction.java:60) [evosuite-client-1.0.4-SNAPSHOT.jar:na]
	at org.evosuite.testcase.TestFitnessFunction.getFitness(TestFitnessFunction.java:34) [evosuite-client-1.0.4-SNAPSHOT.jar:na]
	at org.evosuite.ga.metaheuristics.art.AdaptiveRandomSearch.calculateFitness(AdaptiveRandomSearch.java:312) [evosuite-client-1.0.4-SNAPSHOT.jar:na]
	at org.evosuite.ga.metaheuristics.art.AdaptiveRandomSearch.calculateFitness(AdaptiveRandomSearch.java:344) [evosuite-client-1.0.4-SNAPSHOT.jar:na]
	at org.evosuite.ga.metaheuristics.art.AdaptiveRandomSearch.createAndMinimizeFirstIndividual(AdaptiveRandomSearch.java:222) [evosuite-client-1.0.4-SNAPSHOT.jar:na]
	at org.evosuite.ga.metaheuristics.art.AdaptiveRandomSearch.initializePopulation(AdaptiveRandomSearch.java:206) [evosuite-client-1.0.4-SNAPSHOT.jar:na]
	at org.evosuite.ga.metaheuristics.art.AdaptiveRandomSearch.generateSolution(AdaptiveRandomSearch.java:262) [evosuite-client-1.0.4-SNAPSHOT.jar:na]
	at org.evosuite.strategy.AdaptiveRandomTestStrategy.generateTests(AdaptiveRandomTestStrategy.java:118) [evosuite-client-1.0.4-SNAPSHOT.jar:na]
	at org.evosuite.TestSuiteGenerator.generateTests(TestSuiteGenerator.java:654) [evosuite-client-1.0.4-SNAPSHOT.jar:na]
	at org.evosuite.TestSuiteGenerator.generateTestSuite(TestSuiteGenerator.java:213) [evosuite-client-1.0.4-SNAPSHOT.jar:na]
	at org.evosuite.rmi.service.ClientNodeImpl$1.run(ClientNodeImpl.java:145) [evosuite-client-1.0.4-SNAPSHOT.jar:na]
	at java.util.concurrent.Executors$RunnableAdapter.call(Executors.java:511) [na:1.8.0_242]
	at java.util.concurrent.FutureTask.run(FutureTask.java:266) [na:1.8.0_242]
	at java.util.concurrent.ThreadPoolExecutor.runWorker(ThreadPoolExecutor.java:1149) [na:1.8.0_242]
	at java.util.concurrent.ThreadPoolExecutor$Worker.run(ThreadPoolExecutor.java:624) [na:1.8.0_242]
	at java.lang.Thread.run(Thread.java:748) [na:1.8.0_242]
[MASTER] 18:45:49.864 [Thread-3] ERROR ExternalProcessHandler - 	at sun.reflect.NativeMethodAccessorImpl.invoke(NativeMethodAccessorImpl.java:62)

	at sun.reflect.DelegatingMethodAccessorImpl.[MASTER] 18:45:49.855 [logback-2] ERROR ClientNodeImpl - Error when generating tests for: main.ClassUnderTest with seed 1582915392226. Configuration id : null
java.lang.Error: java.lang.IllegalStateException: resetViaReflection: stop execution failed to reset state. Runtime exception: java.lang.IllegalStateException: po_utils.ResetAppState: connection to remote mysql server failed.
	at org.evosuite.testcase.execution.TestCaseExecutor.runTest(TestCaseExecutor.java:336) ~[evosuite-client-1.0.4-SNAPSHOT.jar:na]
	at org.evosuite.testcase.TestFitnessFunction.runTest(TestFitnessFunction.java:91) ~[evosuite-client-1.0.4-SNAPSHOT.jar:na]
	at org.evosuite.testcase.TestFitnessFunction.getFitness(TestFitnessFunction.java:60) ~[evosuite-client-1.0.4-SNAPSHOT.jar:na]
	at org.evosuite.testcase.TestFitnessFunction.getFitness(TestFitnessFunction.java:34) ~[evosuite-client-1.0.4-SNAPSHOT.jar:na]
	at org.evosuite.ga.metaheuristics.art.AdaptiveRandomSearch.calculateFitness(AdaptiveRandomSearch.java:312) ~[evosuite-client-1.0.4-SNAPSHOT.jar:na]
	at org.evosuite.ga.metaheuristics.art.AdaptiveRandomSearch.calculateFitness(AdaptiveRandomSearch.java:344) ~[evosuite-client-1.0.4-SNAPSHOT.jar:na]
	at org.evosuite.ga.metaheuristics.art.AdaptiveRandomSearch.createAndMinimizeFirstIndividual(AdaptiveRandomSearch.java:222) ~[evosuite-client-1.0.4-SNAPSHOT.jar:na]
	at org.evosuite.ga.metaheuristics.art.AdaptiveRandomSearch.initializePopulation(AdaptiveRandomSearch.java:206) ~[evosuite-client-1.0.4-SNAPSHOT.jar:na]
	at org.evosuite.ga.metaheuristics.art.AdaptiveRandomSearch.generateSolution(AdaptiveRandomSearch.java:262) ~[evosuite-client-1.0.4-SNAPSHOT.jar:na]
	at org.evosuite.strategy.AdaptiveRandomTestStrategy.generateTests(AdaptiveRandomTestStrategy.java:118) ~[evosuite-client-1.0.4-SNAPSHOT.jar:na]
	at org.evosuite.TestSuiteGenerator.generateTests(TestSuiteGenerator.java:654) ~[evosuite-client-1.0.4-SNAPSHOT.jar:na]
	at org.evosuite.TestSuiteGenerator.generateTestSuite(TestSuiteGenerator.java:213) ~[evosuite-client-1.0.4-SNAPSHOT.jar:na]
	at org.evosuite.rmi.service.ClientNodeImpl$1.run(ClientNodeImpl.java:145) ~[evosuite-client-1.0.4-SNAPSHOT.jar:na]
	at java.util.concurrent.Executors$RunnableAdapter.call(Executors.java:511) [na:1.8.0_242]
	at java.util.concurrent.FutureTask.run(FutureTask.java:266) [na:1.8.0_242]
	at java.util.concurrent.ThreadPoolExecutor.runWorker(ThreadPoolExecutor.java:1149) [na:1.8.0_242]
	at java.util.concurrent.ThreadPoolExecutor$Worker.run(ThreadPoolExecutor.java:624) [na:1.8.0_242]
	at java.lang.Thread.run(Thread.java:748) [na:1.8.0_242]
Caused by: java.lang.IllegalStateException: resetViaReflection: stop execution failed to reset state. Runtime exception: java.lang.IllegalStateException: po_utils.ResetAppState: connection to remote mysql server failed.
	at org.evosuite.selenium.state.ResetAppState.resetViaReflection(ResetAppState.java:21) ~[evosuite-client-1.0.4-SNAPSHOT.jar:na]
	at org.evosuite.testcase.execution.TestCaseExecutor.executeSelenium(TestCaseExecutor.java:459) ~[evosuite-client-1.0.4-SNAPSHOT.jar:na]
	at org.evosuite.testcase.execution.TestCaseExecutor.runTest(TestCaseExecutor.java:187) ~[evosuite-client-1.0.4-SNAPSHOT.jar:na]
	... 17 common frames omitted
invoke(DelegatingMethodAccessorImpl.java:43)
[MASTER] 18:45:49.869 [Thread-3] ERROR ExternalProcessHandler - 	at sun.reflect.DelegatingMethodAccessorImpl.invoke(DelegatingMethodAccessorImpl.java:43)

	at java.lang.reflect.Method.invoke(Method.java:498)
[MASTER] 18:45:49.869 [Thread-3] ERROR ExternalProcessHandler - 	at java.lang.reflect.Method.invoke(Method.java:498)

	at org.evosuite.selenium.state.ResetAppState.reset(ResetAppState.java:39)
[MASTER] 18:45:49.869 [Thread-3] ERROR ExternalProcessHandler - 	at org.evosuite.selenium.state.ResetAppState.reset(ResetAppState.java:39)

	at org.evosuite.selenium.state.ResetAppState.resetViaReflection(ResetAppState.java:20)
[MASTER] 18:45:49.869 [Thread-3] ERROR ExternalProcessHandler - 	at org.evosuite.selenium.state.ResetAppState.resetViaReflection(ResetAppState.java:20)

	at org.evosuite.testcase.execution.TestCaseExecutor.executeSelenium(TestCaseExecutor.java:459)
[MASTER] 18:45:49.870 [Thread-3] ERROR ExternalProcessHandler - 	at org.evosuite.testcase.execution.TestCaseExecutor.executeSelenium(TestCaseExecutor.java:459)

	at org.evosuite.testcase.execution.TestCaseExecutor.runTest(TestCaseExecutor.java:187)
[MASTER] 18:45:49.870 [Thread-3] ERROR ExternalProcessHandler - 	at org.evosuite.testcase.execution.TestCaseExecutor.runTest(TestCaseExecutor.java:187)

	at org.evosuite.testcase.TestFitnessFunction.runTest(TestFitnessFunction.java:91)
[MASTER] 18:45:49.870 [Thread-3] ERROR ExternalProcessHandler - 	at org.evosuite.testcase.TestFitnessFunction.runTest(TestFitnessFunction.java:91)

	at org.evosuite.testcase.TestFitnessFunction.getFitness(TestFitnessFunction.java:60)
[MASTER] 18:45:49.872 [Thread-3] ERROR ExternalProcessHandler - 	at org.evosuite.testcase.TestFitnessFunction.getFitness(TestFitnessFunction.java:60)

	at org.evosuite.testcase.TestFitnessFunction.getFitness(TestFitnessFunction.java:34)
[MASTER] 18:45:49.872 [Thread-3] ERROR ExternalProcessHandler - 	at org.evosuite.testcase.TestFitnessFunction.getFitness(TestFitnessFunction.java:34)

	at org.evosuite.ga.metaheuristics.art.AdaptiveRandomSearch.calculateFitness(AdaptiveRandomSearch.java:312)
[MASTER] 18:45:49.873 [Thread-3] ERROR ExternalProcessHandler - 	at org.evosuite.ga.metaheuristics.art.AdaptiveRandomSearch.calculateFitness(AdaptiveRandomSearch.java:312)

	at org.evosuite.ga.metaheuristics.art.AdaptiveRandomSearch.calculateFitness(AdaptiveRandomSearch.java:344)
[MASTER] 18:45:49.873 [Thread-3] ERROR ExternalProcessHandler - 	at org.evosuite.ga.metaheuristics.art.AdaptiveRandomSearch.calculateFitness(AdaptiveRandomSearch.java:344)

	at org.evosuite.ga.metaheuristics.art.AdaptiveRandomSearch.createAndMinimizeFirstIndividual(AdaptiveRandomSearch.java:222)
[MASTER] 18:45:49.873 [Thread-3] ERROR ExternalProcessHandler - 	at org.evosuite.ga.metaheuristics.art.AdaptiveRandomSearch.createAndMinimizeFirstIndividual(AdaptiveRandomSearch.java:222)

	at org.evosuite.ga.metaheuristics.art.AdaptiveRandomSearch.initializePopulation(AdaptiveRandomSearch.java:206)
[MASTER] 18:45:49.874 [Thread-3] ERROR ExternalProcessHandler - 	at org.evosuite.ga.metaheuristics.art.AdaptiveRandomSearch.initializePopulation(AdaptiveRandomSearch.java:206)

	at org.evosuite.ga.metaheuristics.art.AdaptiveRandomSearch.generateSolution(AdaptiveRandomSearch.java:262)
[MASTER] 18:45:49.874 [Thread-3] ERROR ExternalProcessHandler - 	at org.evosuite.ga.metaheuristics.art.AdaptiveRandomSearch.generateSolution(AdaptiveRandomSearch.java:262)

	at org.evosuite.strategy.AdaptiveRandomTestStrategy.generateTests(AdaptiveRandomTestStrategy.java:118)
[MASTER] 18:45:49.874 [Thread-3] ERROR ExternalProcessHandler - 	at org.evosuite.strategy.AdaptiveRandomTestStrategy.generateTests(AdaptiveRandomTestStrategy.java:118)

	at org.evosuite.TestSuiteGenerator.generateTests(TestSuiteGenerator.java:654)
[MASTER] 18:45:49.875 [Thread-3] ERROR ExternalProcessHandler - 	at org.evosuite.TestSuiteGenerator.generateTests(TestSuiteGenerator.java:654)

	at org.evosuite.TestSuiteGenerator.generateTestSuite(TestSuiteGenerator.java:213)
[MASTER] 18:45:49.875 [Thread-3] ERROR ExternalProcessHandler - 	at org.evosuite.TestSuiteGenerator.generateTestSuite(TestSuiteGenerator.java:213)

	at org.evosuite.rmi.service.ClientNodeImpl$1.run(ClientNodeImpl.java:145)
[MASTER] 18:45:49.875 [Thread-3] ERROR ExternalProcessHandler - 	at org.evosuite.rmi.service.ClientNodeImpl$1.run(ClientNodeImpl.java:145)

	at java.util.concurrent.Executors$RunnableAdapter.call(Executors.java:511)
[MASTER] 18:45:49.883 [Thread-3] ERROR ExternalProcessHandler - 	at java.util.concurrent.Executors$RunnableAdapter.call(Executors.java:511)

	at java.util.concurrent.FutureTask.run(FutureTask.java:266)
[MASTER] 18:45:49.883 [Thread-3] ERROR ExternalProcessHandler - 	at java.util.concurrent.FutureTask.run(FutureTask.java:266)

	at java.util.concurrent.ThreadPoolExecutor.runWorker(ThreadPoolExecutor.java:1149)
[MASTER] 18:45:49.883 [Thread-3] ERROR ExternalProcessHandler - 	at java.util.concurrent.ThreadPoolExecutor.runWorker(ThreadPoolExecutor.java:1149)

[MASTER] 18:45:49.984 [main] ERROR SearchStatistics - No statistics has been saved because EvoSuite failed to generate any test case
[MASTER] 18:45:50.085 [main] ERROR TestGeneration - failed to write statistics data
